[2024-09-22T03:23:56.349+0000] {processor.py:186} INFO - Started process (PID=368) to work on /home/airflow/.local/lib/python3.12/site-packages/airflow/example_dags/example_setup_teardown_taskflow.py
[2024-09-22T03:23:56.352+0000] {processor.py:914} INFO - Processing file /home/airflow/.local/lib/python3.12/site-packages/airflow/example_dags/example_setup_teardown_taskflow.py for tasks to queue
[2024-09-22T03:23:56.355+0000] {logging_mixin.py:190} INFO - [2024-09-22T03:23:56.355+0000] {dagbag.py:588} INFO - Filling up the DagBag from /home/airflow/.local/lib/python3.12/site-packages/airflow/example_dags/example_setup_teardown_taskflow.py
[2024-09-22T03:23:56.384+0000] {processor.py:925} INFO - DAG(s) 'example_setup_teardown_taskflow' retrieved from /home/airflow/.local/lib/python3.12/site-packages/airflow/example_dags/example_setup_teardown_taskflow.py
[2024-09-22T03:23:56.611+0000] {logging_mixin.py:190} INFO - [2024-09-22T03:23:56.609+0000] {override.py:1900} INFO - Created Permission View: can read on DAG:example_setup_teardown_taskflow
[2024-09-22T03:23:56.634+0000] {logging_mixin.py:190} INFO - [2024-09-22T03:23:56.634+0000] {override.py:1900} INFO - Created Permission View: can edit on DAG:example_setup_teardown_taskflow
[2024-09-22T03:23:56.649+0000] {logging_mixin.py:190} INFO - [2024-09-22T03:23:56.649+0000] {override.py:1900} INFO - Created Permission View: can delete on DAG:example_setup_teardown_taskflow
[2024-09-22T03:23:56.664+0000] {logging_mixin.py:190} INFO - [2024-09-22T03:23:56.664+0000] {override.py:1900} INFO - Created Permission View: can read on DAG Run:example_setup_teardown_taskflow
[2024-09-22T03:23:56.675+0000] {logging_mixin.py:190} INFO - [2024-09-22T03:23:56.675+0000] {override.py:1900} INFO - Created Permission View: menu access on DAG Run:example_setup_teardown_taskflow
[2024-09-22T03:23:56.692+0000] {logging_mixin.py:190} INFO - [2024-09-22T03:23:56.692+0000] {override.py:1900} INFO - Created Permission View: can delete on DAG Run:example_setup_teardown_taskflow
[2024-09-22T03:23:56.700+0000] {logging_mixin.py:190} INFO - [2024-09-22T03:23:56.700+0000] {override.py:1900} INFO - Created Permission View: can create on DAG Run:example_setup_teardown_taskflow
[2024-09-22T03:23:56.703+0000] {logging_mixin.py:190} INFO - [2024-09-22T03:23:56.703+0000] {dag.py:3239} INFO - Sync 1 DAGs
[2024-09-22T03:23:56.726+0000] {logging_mixin.py:190} INFO - [2024-09-22T03:23:56.722+0000] {dag.py:3262} INFO - Creating ORM DAG for example_setup_teardown_taskflow
[2024-09-22T03:23:56.726+0000] {logging_mixin.py:190} INFO - [2024-09-22T03:23:56.726+0000] {dag.py:4180} INFO - Setting next_dagrun for example_setup_teardown_taskflow to None, run_after=None
[2024-09-22T03:23:56.754+0000] {processor.py:208} INFO - Processing /home/airflow/.local/lib/python3.12/site-packages/airflow/example_dags/example_setup_teardown_taskflow.py took 0.419 seconds
[2024-09-22T03:24:27.495+0000] {processor.py:186} INFO - Started process (PID=656) to work on /home/airflow/.local/lib/python3.12/site-packages/airflow/example_dags/example_setup_teardown_taskflow.py
[2024-09-22T03:24:27.496+0000] {processor.py:914} INFO - Processing file /home/airflow/.local/lib/python3.12/site-packages/airflow/example_dags/example_setup_teardown_taskflow.py for tasks to queue
[2024-09-22T03:24:27.498+0000] {logging_mixin.py:190} INFO - [2024-09-22T03:24:27.498+0000] {dagbag.py:588} INFO - Filling up the DagBag from /home/airflow/.local/lib/python3.12/site-packages/airflow/example_dags/example_setup_teardown_taskflow.py
[2024-09-22T03:24:27.508+0000] {processor.py:925} INFO - DAG(s) 'example_setup_teardown_taskflow' retrieved from /home/airflow/.local/lib/python3.12/site-packages/airflow/example_dags/example_setup_teardown_taskflow.py
[2024-09-22T03:24:27.529+0000] {logging_mixin.py:190} INFO - [2024-09-22T03:24:27.529+0000] {dag.py:3239} INFO - Sync 1 DAGs
[2024-09-22T03:24:27.544+0000] {logging_mixin.py:190} INFO - [2024-09-22T03:24:27.543+0000] {dag.py:4180} INFO - Setting next_dagrun for example_setup_teardown_taskflow to None, run_after=None
[2024-09-22T03:24:27.562+0000] {processor.py:208} INFO - Processing /home/airflow/.local/lib/python3.12/site-packages/airflow/example_dags/example_setup_teardown_taskflow.py took 0.071 seconds
[2024-09-22T03:24:57.656+0000] {processor.py:186} INFO - Started process (PID=947) to work on /home/airflow/.local/lib/python3.12/site-packages/airflow/example_dags/example_setup_teardown_taskflow.py
[2024-09-22T03:24:57.659+0000] {processor.py:914} INFO - Processing file /home/airflow/.local/lib/python3.12/site-packages/airflow/example_dags/example_setup_teardown_taskflow.py for tasks to queue
[2024-09-22T03:24:57.661+0000] {logging_mixin.py:190} INFO - [2024-09-22T03:24:57.661+0000] {dagbag.py:588} INFO - Filling up the DagBag from /home/airflow/.local/lib/python3.12/site-packages/airflow/example_dags/example_setup_teardown_taskflow.py
[2024-09-22T03:24:57.672+0000] {processor.py:925} INFO - DAG(s) 'example_setup_teardown_taskflow' retrieved from /home/airflow/.local/lib/python3.12/site-packages/airflow/example_dags/example_setup_teardown_taskflow.py
[2024-09-22T03:24:57.698+0000] {logging_mixin.py:190} INFO - [2024-09-22T03:24:57.698+0000] {dag.py:3239} INFO - Sync 1 DAGs
[2024-09-22T03:24:57.714+0000] {logging_mixin.py:190} INFO - [2024-09-22T03:24:57.714+0000] {dag.py:4180} INFO - Setting next_dagrun for example_setup_teardown_taskflow to None, run_after=None
[2024-09-22T03:24:57.733+0000] {processor.py:208} INFO - Processing /home/airflow/.local/lib/python3.12/site-packages/airflow/example_dags/example_setup_teardown_taskflow.py took 0.085 seconds
[2024-09-22T03:25:27.982+0000] {processor.py:186} INFO - Started process (PID=1226) to work on /home/airflow/.local/lib/python3.12/site-packages/airflow/example_dags/example_setup_teardown_taskflow.py
[2024-09-22T03:25:27.983+0000] {processor.py:914} INFO - Processing file /home/airflow/.local/lib/python3.12/site-packages/airflow/example_dags/example_setup_teardown_taskflow.py for tasks to queue
[2024-09-22T03:25:27.985+0000] {logging_mixin.py:190} INFO - [2024-09-22T03:25:27.985+0000] {dagbag.py:588} INFO - Filling up the DagBag from /home/airflow/.local/lib/python3.12/site-packages/airflow/example_dags/example_setup_teardown_taskflow.py
[2024-09-22T03:25:27.991+0000] {processor.py:925} INFO - DAG(s) 'example_setup_teardown_taskflow' retrieved from /home/airflow/.local/lib/python3.12/site-packages/airflow/example_dags/example_setup_teardown_taskflow.py
[2024-09-22T03:25:28.007+0000] {logging_mixin.py:190} INFO - [2024-09-22T03:25:28.007+0000] {dag.py:3239} INFO - Sync 1 DAGs
[2024-09-22T03:25:28.016+0000] {logging_mixin.py:190} INFO - [2024-09-22T03:25:28.016+0000] {dag.py:4180} INFO - Setting next_dagrun for example_setup_teardown_taskflow to None, run_after=None
[2024-09-22T03:25:28.028+0000] {processor.py:208} INFO - Processing /home/airflow/.local/lib/python3.12/site-packages/airflow/example_dags/example_setup_teardown_taskflow.py took 0.051 seconds
[2024-09-22T03:25:58.432+0000] {processor.py:186} INFO - Started process (PID=1512) to work on /home/airflow/.local/lib/python3.12/site-packages/airflow/example_dags/example_setup_teardown_taskflow.py
[2024-09-22T03:25:58.433+0000] {processor.py:914} INFO - Processing file /home/airflow/.local/lib/python3.12/site-packages/airflow/example_dags/example_setup_teardown_taskflow.py for tasks to queue
[2024-09-22T03:25:58.434+0000] {logging_mixin.py:190} INFO - [2024-09-22T03:25:58.434+0000] {dagbag.py:588} INFO - Filling up the DagBag from /home/airflow/.local/lib/python3.12/site-packages/airflow/example_dags/example_setup_teardown_taskflow.py
[2024-09-22T03:25:58.442+0000] {processor.py:925} INFO - DAG(s) 'example_setup_teardown_taskflow' retrieved from /home/airflow/.local/lib/python3.12/site-packages/airflow/example_dags/example_setup_teardown_taskflow.py
[2024-09-22T03:25:58.456+0000] {logging_mixin.py:190} INFO - [2024-09-22T03:25:58.456+0000] {dag.py:3239} INFO - Sync 1 DAGs
[2024-09-22T03:25:58.464+0000] {logging_mixin.py:190} INFO - [2024-09-22T03:25:58.464+0000] {dag.py:4180} INFO - Setting next_dagrun for example_setup_teardown_taskflow to None, run_after=None
[2024-09-22T03:25:58.477+0000] {processor.py:208} INFO - Processing /home/airflow/.local/lib/python3.12/site-packages/airflow/example_dags/example_setup_teardown_taskflow.py took 0.048 seconds
[2024-09-22T03:26:29.243+0000] {processor.py:186} INFO - Started process (PID=1798) to work on /home/airflow/.local/lib/python3.12/site-packages/airflow/example_dags/example_setup_teardown_taskflow.py
[2024-09-22T03:26:29.244+0000] {processor.py:914} INFO - Processing file /home/airflow/.local/lib/python3.12/site-packages/airflow/example_dags/example_setup_teardown_taskflow.py for tasks to queue
[2024-09-22T03:26:29.245+0000] {logging_mixin.py:190} INFO - [2024-09-22T03:26:29.245+0000] {dagbag.py:588} INFO - Filling up the DagBag from /home/airflow/.local/lib/python3.12/site-packages/airflow/example_dags/example_setup_teardown_taskflow.py
[2024-09-22T03:26:29.251+0000] {processor.py:925} INFO - DAG(s) 'example_setup_teardown_taskflow' retrieved from /home/airflow/.local/lib/python3.12/site-packages/airflow/example_dags/example_setup_teardown_taskflow.py
[2024-09-22T03:26:29.271+0000] {logging_mixin.py:190} INFO - [2024-09-22T03:26:29.271+0000] {dag.py:3239} INFO - Sync 1 DAGs
[2024-09-22T03:26:29.280+0000] {logging_mixin.py:190} INFO - [2024-09-22T03:26:29.280+0000] {dag.py:4180} INFO - Setting next_dagrun for example_setup_teardown_taskflow to None, run_after=None
[2024-09-22T03:26:29.291+0000] {processor.py:208} INFO - Processing /home/airflow/.local/lib/python3.12/site-packages/airflow/example_dags/example_setup_teardown_taskflow.py took 0.054 seconds
[2024-09-22T03:26:59.906+0000] {processor.py:186} INFO - Started process (PID=2084) to work on /home/airflow/.local/lib/python3.12/site-packages/airflow/example_dags/example_setup_teardown_taskflow.py
[2024-09-22T03:26:59.907+0000] {processor.py:914} INFO - Processing file /home/airflow/.local/lib/python3.12/site-packages/airflow/example_dags/example_setup_teardown_taskflow.py for tasks to queue
[2024-09-22T03:26:59.909+0000] {logging_mixin.py:190} INFO - [2024-09-22T03:26:59.909+0000] {dagbag.py:588} INFO - Filling up the DagBag from /home/airflow/.local/lib/python3.12/site-packages/airflow/example_dags/example_setup_teardown_taskflow.py
[2024-09-22T03:26:59.916+0000] {processor.py:925} INFO - DAG(s) 'example_setup_teardown_taskflow' retrieved from /home/airflow/.local/lib/python3.12/site-packages/airflow/example_dags/example_setup_teardown_taskflow.py
[2024-09-22T03:26:59.935+0000] {logging_mixin.py:190} INFO - [2024-09-22T03:26:59.935+0000] {dag.py:3239} INFO - Sync 1 DAGs
[2024-09-22T03:26:59.945+0000] {logging_mixin.py:190} INFO - [2024-09-22T03:26:59.944+0000] {dag.py:4180} INFO - Setting next_dagrun for example_setup_teardown_taskflow to None, run_after=None
[2024-09-22T03:26:59.956+0000] {processor.py:208} INFO - Processing /home/airflow/.local/lib/python3.12/site-packages/airflow/example_dags/example_setup_teardown_taskflow.py took 0.053 seconds
[2024-09-22T03:27:30.287+0000] {processor.py:186} INFO - Started process (PID=2369) to work on /home/airflow/.local/lib/python3.12/site-packages/airflow/example_dags/example_setup_teardown_taskflow.py
[2024-09-22T03:27:30.289+0000] {processor.py:914} INFO - Processing file /home/airflow/.local/lib/python3.12/site-packages/airflow/example_dags/example_setup_teardown_taskflow.py for tasks to queue
[2024-09-22T03:27:30.290+0000] {logging_mixin.py:190} INFO - [2024-09-22T03:27:30.290+0000] {dagbag.py:588} INFO - Filling up the DagBag from /home/airflow/.local/lib/python3.12/site-packages/airflow/example_dags/example_setup_teardown_taskflow.py
[2024-09-22T03:27:30.297+0000] {processor.py:925} INFO - DAG(s) 'example_setup_teardown_taskflow' retrieved from /home/airflow/.local/lib/python3.12/site-packages/airflow/example_dags/example_setup_teardown_taskflow.py
[2024-09-22T03:27:30.312+0000] {logging_mixin.py:190} INFO - [2024-09-22T03:27:30.312+0000] {dag.py:3239} INFO - Sync 1 DAGs
[2024-09-22T03:27:30.322+0000] {logging_mixin.py:190} INFO - [2024-09-22T03:27:30.321+0000] {dag.py:4180} INFO - Setting next_dagrun for example_setup_teardown_taskflow to None, run_after=None
[2024-09-22T03:27:30.333+0000] {processor.py:208} INFO - Processing /home/airflow/.local/lib/python3.12/site-packages/airflow/example_dags/example_setup_teardown_taskflow.py took 0.050 seconds
[2024-09-22T03:28:00.693+0000] {processor.py:186} INFO - Started process (PID=2655) to work on /home/airflow/.local/lib/python3.12/site-packages/airflow/example_dags/example_setup_teardown_taskflow.py
[2024-09-22T03:28:00.694+0000] {processor.py:914} INFO - Processing file /home/airflow/.local/lib/python3.12/site-packages/airflow/example_dags/example_setup_teardown_taskflow.py for tasks to queue
[2024-09-22T03:28:00.695+0000] {logging_mixin.py:190} INFO - [2024-09-22T03:28:00.695+0000] {dagbag.py:588} INFO - Filling up the DagBag from /home/airflow/.local/lib/python3.12/site-packages/airflow/example_dags/example_setup_teardown_taskflow.py
[2024-09-22T03:28:00.703+0000] {processor.py:925} INFO - DAG(s) 'example_setup_teardown_taskflow' retrieved from /home/airflow/.local/lib/python3.12/site-packages/airflow/example_dags/example_setup_teardown_taskflow.py
[2024-09-22T03:28:00.716+0000] {logging_mixin.py:190} INFO - [2024-09-22T03:28:00.716+0000] {dag.py:3239} INFO - Sync 1 DAGs
[2024-09-22T03:28:00.725+0000] {logging_mixin.py:190} INFO - [2024-09-22T03:28:00.725+0000] {dag.py:4180} INFO - Setting next_dagrun for example_setup_teardown_taskflow to None, run_after=None
[2024-09-22T03:28:00.738+0000] {processor.py:208} INFO - Processing /home/airflow/.local/lib/python3.12/site-packages/airflow/example_dags/example_setup_teardown_taskflow.py took 0.049 seconds
[2024-09-22T03:28:31.058+0000] {processor.py:186} INFO - Started process (PID=2941) to work on /home/airflow/.local/lib/python3.12/site-packages/airflow/example_dags/example_setup_teardown_taskflow.py
[2024-09-22T03:28:31.058+0000] {processor.py:914} INFO - Processing file /home/airflow/.local/lib/python3.12/site-packages/airflow/example_dags/example_setup_teardown_taskflow.py for tasks to queue
[2024-09-22T03:28:31.059+0000] {logging_mixin.py:190} INFO - [2024-09-22T03:28:31.059+0000] {dagbag.py:588} INFO - Filling up the DagBag from /home/airflow/.local/lib/python3.12/site-packages/airflow/example_dags/example_setup_teardown_taskflow.py
[2024-09-22T03:28:31.067+0000] {processor.py:925} INFO - DAG(s) 'example_setup_teardown_taskflow' retrieved from /home/airflow/.local/lib/python3.12/site-packages/airflow/example_dags/example_setup_teardown_taskflow.py
[2024-09-22T03:28:31.081+0000] {logging_mixin.py:190} INFO - [2024-09-22T03:28:31.081+0000] {dag.py:3239} INFO - Sync 1 DAGs
[2024-09-22T03:28:31.089+0000] {logging_mixin.py:190} INFO - [2024-09-22T03:28:31.089+0000] {dag.py:4180} INFO - Setting next_dagrun for example_setup_teardown_taskflow to None, run_after=None
[2024-09-22T03:28:31.103+0000] {processor.py:208} INFO - Processing /home/airflow/.local/lib/python3.12/site-packages/airflow/example_dags/example_setup_teardown_taskflow.py took 0.049 seconds
