[2024-09-22T03:23:50.963+0000] {processor.py:186} INFO - Started process (PID=248) to work on /home/airflow/.local/lib/python3.12/site-packages/airflow/example_dags/example_kubernetes_executor.py
[2024-09-22T03:23:50.964+0000] {processor.py:914} INFO - Processing file /home/airflow/.local/lib/python3.12/site-packages/airflow/example_dags/example_kubernetes_executor.py for tasks to queue
[2024-09-22T03:23:50.967+0000] {logging_mixin.py:190} INFO - [2024-09-22T03:23:50.967+0000] {dagbag.py:588} INFO - Filling up the DagBag from /home/airflow/.local/lib/python3.12/site-packages/airflow/example_dags/example_kubernetes_executor.py
[2024-09-22T03:23:51.002+0000] {processor.py:925} INFO - DAG(s) 'example_kubernetes_executor' retrieved from /home/airflow/.local/lib/python3.12/site-packages/airflow/example_dags/example_kubernetes_executor.py
[2024-09-22T03:23:51.209+0000] {logging_mixin.py:190} INFO - [2024-09-22T03:23:51.208+0000] {override.py:1900} INFO - Created Permission View: can read on DAG:example_kubernetes_executor
[2024-09-22T03:23:51.224+0000] {logging_mixin.py:190} INFO - [2024-09-22T03:23:51.224+0000] {override.py:1900} INFO - Created Permission View: can edit on DAG:example_kubernetes_executor
[2024-09-22T03:23:51.233+0000] {logging_mixin.py:190} INFO - [2024-09-22T03:23:51.233+0000] {override.py:1900} INFO - Created Permission View: can delete on DAG:example_kubernetes_executor
[2024-09-22T03:23:51.240+0000] {logging_mixin.py:190} INFO - [2024-09-22T03:23:51.240+0000] {override.py:1900} INFO - Created Permission View: can read on DAG Run:example_kubernetes_executor
[2024-09-22T03:23:51.246+0000] {logging_mixin.py:190} INFO - [2024-09-22T03:23:51.246+0000] {override.py:1900} INFO - Created Permission View: menu access on DAG Run:example_kubernetes_executor
[2024-09-22T03:23:51.257+0000] {logging_mixin.py:190} INFO - [2024-09-22T03:23:51.257+0000] {override.py:1900} INFO - Created Permission View: can delete on DAG Run:example_kubernetes_executor
[2024-09-22T03:23:51.264+0000] {logging_mixin.py:190} INFO - [2024-09-22T03:23:51.264+0000] {override.py:1900} INFO - Created Permission View: can create on DAG Run:example_kubernetes_executor
[2024-09-22T03:23:51.265+0000] {logging_mixin.py:190} INFO - [2024-09-22T03:23:51.265+0000] {dag.py:3239} INFO - Sync 1 DAGs
[2024-09-22T03:23:51.281+0000] {logging_mixin.py:190} INFO - [2024-09-22T03:23:51.281+0000] {dag.py:3262} INFO - Creating ORM DAG for example_kubernetes_executor
[2024-09-22T03:23:51.283+0000] {logging_mixin.py:190} INFO - [2024-09-22T03:23:51.283+0000] {dag.py:4180} INFO - Setting next_dagrun for example_kubernetes_executor to None, run_after=None
[2024-09-22T03:23:51.306+0000] {processor.py:208} INFO - Processing /home/airflow/.local/lib/python3.12/site-packages/airflow/example_dags/example_kubernetes_executor.py took 0.352 seconds
[2024-09-22T03:24:21.648+0000] {processor.py:186} INFO - Started process (PID=534) to work on /home/airflow/.local/lib/python3.12/site-packages/airflow/example_dags/example_kubernetes_executor.py
[2024-09-22T03:24:21.648+0000] {processor.py:914} INFO - Processing file /home/airflow/.local/lib/python3.12/site-packages/airflow/example_dags/example_kubernetes_executor.py for tasks to queue
[2024-09-22T03:24:21.650+0000] {logging_mixin.py:190} INFO - [2024-09-22T03:24:21.650+0000] {dagbag.py:588} INFO - Filling up the DagBag from /home/airflow/.local/lib/python3.12/site-packages/airflow/example_dags/example_kubernetes_executor.py
[2024-09-22T03:24:21.669+0000] {processor.py:925} INFO - DAG(s) 'example_kubernetes_executor' retrieved from /home/airflow/.local/lib/python3.12/site-packages/airflow/example_dags/example_kubernetes_executor.py
[2024-09-22T03:24:21.722+0000] {logging_mixin.py:190} INFO - [2024-09-22T03:24:21.722+0000] {dag.py:3239} INFO - Sync 1 DAGs
[2024-09-22T03:24:21.738+0000] {logging_mixin.py:190} INFO - [2024-09-22T03:24:21.738+0000] {dag.py:4180} INFO - Setting next_dagrun for example_kubernetes_executor to None, run_after=None
[2024-09-22T03:24:21.760+0000] {processor.py:208} INFO - Processing /home/airflow/.local/lib/python3.12/site-packages/airflow/example_dags/example_kubernetes_executor.py took 0.119 seconds
[2024-09-22T03:24:52.522+0000] {processor.py:186} INFO - Started process (PID=822) to work on /home/airflow/.local/lib/python3.12/site-packages/airflow/example_dags/example_kubernetes_executor.py
[2024-09-22T03:24:52.524+0000] {processor.py:914} INFO - Processing file /home/airflow/.local/lib/python3.12/site-packages/airflow/example_dags/example_kubernetes_executor.py for tasks to queue
[2024-09-22T03:24:52.525+0000] {logging_mixin.py:190} INFO - [2024-09-22T03:24:52.525+0000] {dagbag.py:588} INFO - Filling up the DagBag from /home/airflow/.local/lib/python3.12/site-packages/airflow/example_dags/example_kubernetes_executor.py
[2024-09-22T03:24:52.533+0000] {processor.py:925} INFO - DAG(s) 'example_kubernetes_executor' retrieved from /home/airflow/.local/lib/python3.12/site-packages/airflow/example_dags/example_kubernetes_executor.py
[2024-09-22T03:24:52.557+0000] {logging_mixin.py:190} INFO - [2024-09-22T03:24:52.557+0000] {dag.py:3239} INFO - Sync 1 DAGs
[2024-09-22T03:24:52.565+0000] {logging_mixin.py:190} INFO - [2024-09-22T03:24:52.565+0000] {dag.py:4180} INFO - Setting next_dagrun for example_kubernetes_executor to None, run_after=None
[2024-09-22T03:24:52.575+0000] {processor.py:208} INFO - Processing /home/airflow/.local/lib/python3.12/site-packages/airflow/example_dags/example_kubernetes_executor.py took 0.056 seconds
[2024-09-22T03:25:23.076+0000] {processor.py:186} INFO - Started process (PID=1108) to work on /home/airflow/.local/lib/python3.12/site-packages/airflow/example_dags/example_kubernetes_executor.py
[2024-09-22T03:25:23.076+0000] {processor.py:914} INFO - Processing file /home/airflow/.local/lib/python3.12/site-packages/airflow/example_dags/example_kubernetes_executor.py for tasks to queue
[2024-09-22T03:25:23.078+0000] {logging_mixin.py:190} INFO - [2024-09-22T03:25:23.077+0000] {dagbag.py:588} INFO - Filling up the DagBag from /home/airflow/.local/lib/python3.12/site-packages/airflow/example_dags/example_kubernetes_executor.py
[2024-09-22T03:25:23.087+0000] {processor.py:925} INFO - DAG(s) 'example_kubernetes_executor' retrieved from /home/airflow/.local/lib/python3.12/site-packages/airflow/example_dags/example_kubernetes_executor.py
[2024-09-22T03:25:23.110+0000] {logging_mixin.py:190} INFO - [2024-09-22T03:25:23.110+0000] {dag.py:3239} INFO - Sync 1 DAGs
[2024-09-22T03:25:23.121+0000] {logging_mixin.py:190} INFO - [2024-09-22T03:25:23.121+0000] {dag.py:4180} INFO - Setting next_dagrun for example_kubernetes_executor to None, run_after=None
[2024-09-22T03:25:23.131+0000] {processor.py:208} INFO - Processing /home/airflow/.local/lib/python3.12/site-packages/airflow/example_dags/example_kubernetes_executor.py took 0.059 seconds
[2024-09-22T03:25:53.554+0000] {processor.py:186} INFO - Started process (PID=1392) to work on /home/airflow/.local/lib/python3.12/site-packages/airflow/example_dags/example_kubernetes_executor.py
[2024-09-22T03:25:53.555+0000] {processor.py:914} INFO - Processing file /home/airflow/.local/lib/python3.12/site-packages/airflow/example_dags/example_kubernetes_executor.py for tasks to queue
[2024-09-22T03:25:53.556+0000] {logging_mixin.py:190} INFO - [2024-09-22T03:25:53.556+0000] {dagbag.py:588} INFO - Filling up the DagBag from /home/airflow/.local/lib/python3.12/site-packages/airflow/example_dags/example_kubernetes_executor.py
[2024-09-22T03:25:53.565+0000] {processor.py:925} INFO - DAG(s) 'example_kubernetes_executor' retrieved from /home/airflow/.local/lib/python3.12/site-packages/airflow/example_dags/example_kubernetes_executor.py
[2024-09-22T03:25:53.589+0000] {logging_mixin.py:190} INFO - [2024-09-22T03:25:53.589+0000] {dag.py:3239} INFO - Sync 1 DAGs
[2024-09-22T03:25:53.597+0000] {logging_mixin.py:190} INFO - [2024-09-22T03:25:53.597+0000] {dag.py:4180} INFO - Setting next_dagrun for example_kubernetes_executor to None, run_after=None
[2024-09-22T03:25:53.607+0000] {processor.py:208} INFO - Processing /home/airflow/.local/lib/python3.12/site-packages/airflow/example_dags/example_kubernetes_executor.py took 0.056 seconds
[2024-09-22T03:26:24.348+0000] {processor.py:186} INFO - Started process (PID=1680) to work on /home/airflow/.local/lib/python3.12/site-packages/airflow/example_dags/example_kubernetes_executor.py
[2024-09-22T03:26:24.348+0000] {processor.py:914} INFO - Processing file /home/airflow/.local/lib/python3.12/site-packages/airflow/example_dags/example_kubernetes_executor.py for tasks to queue
[2024-09-22T03:26:24.350+0000] {logging_mixin.py:190} INFO - [2024-09-22T03:26:24.350+0000] {dagbag.py:588} INFO - Filling up the DagBag from /home/airflow/.local/lib/python3.12/site-packages/airflow/example_dags/example_kubernetes_executor.py
[2024-09-22T03:26:24.358+0000] {processor.py:925} INFO - DAG(s) 'example_kubernetes_executor' retrieved from /home/airflow/.local/lib/python3.12/site-packages/airflow/example_dags/example_kubernetes_executor.py
[2024-09-22T03:26:24.382+0000] {logging_mixin.py:190} INFO - [2024-09-22T03:26:24.382+0000] {dag.py:3239} INFO - Sync 1 DAGs
[2024-09-22T03:26:24.396+0000] {logging_mixin.py:190} INFO - [2024-09-22T03:26:24.395+0000] {dag.py:4180} INFO - Setting next_dagrun for example_kubernetes_executor to None, run_after=None
[2024-09-22T03:26:24.413+0000] {processor.py:208} INFO - Processing /home/airflow/.local/lib/python3.12/site-packages/airflow/example_dags/example_kubernetes_executor.py took 0.069 seconds
[2024-09-22T03:26:55.002+0000] {processor.py:186} INFO - Started process (PID=1966) to work on /home/airflow/.local/lib/python3.12/site-packages/airflow/example_dags/example_kubernetes_executor.py
[2024-09-22T03:26:55.003+0000] {processor.py:914} INFO - Processing file /home/airflow/.local/lib/python3.12/site-packages/airflow/example_dags/example_kubernetes_executor.py for tasks to queue
[2024-09-22T03:26:55.004+0000] {logging_mixin.py:190} INFO - [2024-09-22T03:26:55.004+0000] {dagbag.py:588} INFO - Filling up the DagBag from /home/airflow/.local/lib/python3.12/site-packages/airflow/example_dags/example_kubernetes_executor.py
[2024-09-22T03:26:55.014+0000] {processor.py:925} INFO - DAG(s) 'example_kubernetes_executor' retrieved from /home/airflow/.local/lib/python3.12/site-packages/airflow/example_dags/example_kubernetes_executor.py
[2024-09-22T03:26:55.039+0000] {logging_mixin.py:190} INFO - [2024-09-22T03:26:55.038+0000] {dag.py:3239} INFO - Sync 1 DAGs
[2024-09-22T03:26:55.053+0000] {logging_mixin.py:190} INFO - [2024-09-22T03:26:55.053+0000] {dag.py:4180} INFO - Setting next_dagrun for example_kubernetes_executor to None, run_after=None
[2024-09-22T03:26:55.063+0000] {processor.py:208} INFO - Processing /home/airflow/.local/lib/python3.12/site-packages/airflow/example_dags/example_kubernetes_executor.py took 0.065 seconds
[2024-09-22T03:27:25.428+0000] {processor.py:186} INFO - Started process (PID=2249) to work on /home/airflow/.local/lib/python3.12/site-packages/airflow/example_dags/example_kubernetes_executor.py
[2024-09-22T03:27:25.429+0000] {processor.py:914} INFO - Processing file /home/airflow/.local/lib/python3.12/site-packages/airflow/example_dags/example_kubernetes_executor.py for tasks to queue
[2024-09-22T03:27:25.432+0000] {logging_mixin.py:190} INFO - [2024-09-22T03:27:25.432+0000] {dagbag.py:588} INFO - Filling up the DagBag from /home/airflow/.local/lib/python3.12/site-packages/airflow/example_dags/example_kubernetes_executor.py
[2024-09-22T03:27:25.440+0000] {processor.py:925} INFO - DAG(s) 'example_kubernetes_executor' retrieved from /home/airflow/.local/lib/python3.12/site-packages/airflow/example_dags/example_kubernetes_executor.py
[2024-09-22T03:27:25.467+0000] {logging_mixin.py:190} INFO - [2024-09-22T03:27:25.467+0000] {dag.py:3239} INFO - Sync 1 DAGs
[2024-09-22T03:27:25.476+0000] {logging_mixin.py:190} INFO - [2024-09-22T03:27:25.476+0000] {dag.py:4180} INFO - Setting next_dagrun for example_kubernetes_executor to None, run_after=None
[2024-09-22T03:27:25.488+0000] {processor.py:208} INFO - Processing /home/airflow/.local/lib/python3.12/site-packages/airflow/example_dags/example_kubernetes_executor.py took 0.064 seconds
[2024-09-22T03:27:55.834+0000] {processor.py:186} INFO - Started process (PID=2537) to work on /home/airflow/.local/lib/python3.12/site-packages/airflow/example_dags/example_kubernetes_executor.py
[2024-09-22T03:27:55.835+0000] {processor.py:914} INFO - Processing file /home/airflow/.local/lib/python3.12/site-packages/airflow/example_dags/example_kubernetes_executor.py for tasks to queue
[2024-09-22T03:27:55.836+0000] {logging_mixin.py:190} INFO - [2024-09-22T03:27:55.836+0000] {dagbag.py:588} INFO - Filling up the DagBag from /home/airflow/.local/lib/python3.12/site-packages/airflow/example_dags/example_kubernetes_executor.py
[2024-09-22T03:27:55.848+0000] {processor.py:925} INFO - DAG(s) 'example_kubernetes_executor' retrieved from /home/airflow/.local/lib/python3.12/site-packages/airflow/example_dags/example_kubernetes_executor.py
[2024-09-22T03:27:55.872+0000] {logging_mixin.py:190} INFO - [2024-09-22T03:27:55.872+0000] {dag.py:3239} INFO - Sync 1 DAGs
[2024-09-22T03:27:55.880+0000] {logging_mixin.py:190} INFO - [2024-09-22T03:27:55.880+0000] {dag.py:4180} INFO - Setting next_dagrun for example_kubernetes_executor to None, run_after=None
[2024-09-22T03:27:55.890+0000] {processor.py:208} INFO - Processing /home/airflow/.local/lib/python3.12/site-packages/airflow/example_dags/example_kubernetes_executor.py took 0.061 seconds
[2024-09-22T03:28:26.226+0000] {processor.py:186} INFO - Started process (PID=2823) to work on /home/airflow/.local/lib/python3.12/site-packages/airflow/example_dags/example_kubernetes_executor.py
[2024-09-22T03:28:26.227+0000] {processor.py:914} INFO - Processing file /home/airflow/.local/lib/python3.12/site-packages/airflow/example_dags/example_kubernetes_executor.py for tasks to queue
[2024-09-22T03:28:26.230+0000] {logging_mixin.py:190} INFO - [2024-09-22T03:28:26.229+0000] {dagbag.py:588} INFO - Filling up the DagBag from /home/airflow/.local/lib/python3.12/site-packages/airflow/example_dags/example_kubernetes_executor.py
[2024-09-22T03:28:26.238+0000] {processor.py:925} INFO - DAG(s) 'example_kubernetes_executor' retrieved from /home/airflow/.local/lib/python3.12/site-packages/airflow/example_dags/example_kubernetes_executor.py
[2024-09-22T03:28:26.259+0000] {logging_mixin.py:190} INFO - [2024-09-22T03:28:26.259+0000] {dag.py:3239} INFO - Sync 1 DAGs
[2024-09-22T03:28:26.266+0000] {logging_mixin.py:190} INFO - [2024-09-22T03:28:26.266+0000] {dag.py:4180} INFO - Setting next_dagrun for example_kubernetes_executor to None, run_after=None
[2024-09-22T03:28:26.279+0000] {processor.py:208} INFO - Processing /home/airflow/.local/lib/python3.12/site-packages/airflow/example_dags/example_kubernetes_executor.py took 0.056 seconds
