[2024-09-22T03:23:57.896+0000] {processor.py:186} INFO - Started process (PID=393) to work on /home/airflow/.local/lib/python3.12/site-packages/airflow/example_dags/example_dataset_alias.py
[2024-09-22T03:23:57.896+0000] {processor.py:914} INFO - Processing file /home/airflow/.local/lib/python3.12/site-packages/airflow/example_dags/example_dataset_alias.py for tasks to queue
[2024-09-22T03:23:57.899+0000] {logging_mixin.py:190} INFO - [2024-09-22T03:23:57.899+0000] {dagbag.py:588} INFO - Filling up the DagBag from /home/airflow/.local/lib/python3.12/site-packages/airflow/example_dags/example_dataset_alias.py
[2024-09-22T03:23:58.059+0000] {processor.py:925} INFO - DAG(s) 'dataset_alias_example_alias_consumer', 'dataset_s3_bucket_producer', 'dataset_alias_example_alias_producer', 'dataset_s3_bucket_consumer' retrieved from /home/airflow/.local/lib/python3.12/site-packages/airflow/example_dags/example_dataset_alias.py
[2024-09-22T03:23:58.156+0000] {logging_mixin.py:190} INFO - [2024-09-22T03:23:58.156+0000] {override.py:1900} INFO - Created Permission View: can read on DAG:dataset_alias_example_alias_consumer
[2024-09-22T03:23:58.169+0000] {logging_mixin.py:190} INFO - [2024-09-22T03:23:58.169+0000] {override.py:1900} INFO - Created Permission View: can edit on DAG:dataset_alias_example_alias_consumer
[2024-09-22T03:23:58.177+0000] {logging_mixin.py:190} INFO - [2024-09-22T03:23:58.177+0000] {override.py:1900} INFO - Created Permission View: can delete on DAG:dataset_alias_example_alias_consumer
[2024-09-22T03:23:58.183+0000] {logging_mixin.py:190} INFO - [2024-09-22T03:23:58.183+0000] {override.py:1900} INFO - Created Permission View: can read on DAG Run:dataset_alias_example_alias_consumer
[2024-09-22T03:23:58.191+0000] {logging_mixin.py:190} INFO - [2024-09-22T03:23:58.191+0000] {override.py:1900} INFO - Created Permission View: menu access on DAG Run:dataset_alias_example_alias_consumer
[2024-09-22T03:23:58.200+0000] {logging_mixin.py:190} INFO - [2024-09-22T03:23:58.200+0000] {override.py:1900} INFO - Created Permission View: can delete on DAG Run:dataset_alias_example_alias_consumer
[2024-09-22T03:23:58.208+0000] {logging_mixin.py:190} INFO - [2024-09-22T03:23:58.207+0000] {override.py:1900} INFO - Created Permission View: can create on DAG Run:dataset_alias_example_alias_consumer
[2024-09-22T03:23:58.223+0000] {logging_mixin.py:190} INFO - [2024-09-22T03:23:58.222+0000] {override.py:1900} INFO - Created Permission View: can read on DAG:dataset_s3_bucket_producer
[2024-09-22T03:23:58.229+0000] {logging_mixin.py:190} INFO - [2024-09-22T03:23:58.229+0000] {override.py:1900} INFO - Created Permission View: can edit on DAG:dataset_s3_bucket_producer
[2024-09-22T03:23:58.236+0000] {logging_mixin.py:190} INFO - [2024-09-22T03:23:58.236+0000] {override.py:1900} INFO - Created Permission View: can delete on DAG:dataset_s3_bucket_producer
[2024-09-22T03:23:58.242+0000] {logging_mixin.py:190} INFO - [2024-09-22T03:23:58.242+0000] {override.py:1900} INFO - Created Permission View: can read on DAG Run:dataset_s3_bucket_producer
[2024-09-22T03:23:58.250+0000] {logging_mixin.py:190} INFO - [2024-09-22T03:23:58.250+0000] {override.py:1900} INFO - Created Permission View: menu access on DAG Run:dataset_s3_bucket_producer
[2024-09-22T03:23:58.257+0000] {logging_mixin.py:190} INFO - [2024-09-22T03:23:58.257+0000] {override.py:1900} INFO - Created Permission View: can delete on DAG Run:dataset_s3_bucket_producer
[2024-09-22T03:23:58.266+0000] {logging_mixin.py:190} INFO - [2024-09-22T03:23:58.266+0000] {override.py:1900} INFO - Created Permission View: can create on DAG Run:dataset_s3_bucket_producer
[2024-09-22T03:23:58.283+0000] {logging_mixin.py:190} INFO - [2024-09-22T03:23:58.283+0000] {override.py:1900} INFO - Created Permission View: can read on DAG:dataset_alias_example_alias_producer
[2024-09-22T03:23:58.291+0000] {logging_mixin.py:190} INFO - [2024-09-22T03:23:58.291+0000] {override.py:1900} INFO - Created Permission View: can edit on DAG:dataset_alias_example_alias_producer
[2024-09-22T03:23:58.299+0000] {logging_mixin.py:190} INFO - [2024-09-22T03:23:58.299+0000] {override.py:1900} INFO - Created Permission View: can delete on DAG:dataset_alias_example_alias_producer
[2024-09-22T03:23:58.306+0000] {logging_mixin.py:190} INFO - [2024-09-22T03:23:58.306+0000] {override.py:1900} INFO - Created Permission View: can read on DAG Run:dataset_alias_example_alias_producer
[2024-09-22T03:23:58.315+0000] {logging_mixin.py:190} INFO - [2024-09-22T03:23:58.315+0000] {override.py:1900} INFO - Created Permission View: menu access on DAG Run:dataset_alias_example_alias_producer
[2024-09-22T03:23:58.323+0000] {logging_mixin.py:190} INFO - [2024-09-22T03:23:58.323+0000] {override.py:1900} INFO - Created Permission View: can delete on DAG Run:dataset_alias_example_alias_producer
[2024-09-22T03:23:58.334+0000] {logging_mixin.py:190} INFO - [2024-09-22T03:23:58.334+0000] {override.py:1900} INFO - Created Permission View: can create on DAG Run:dataset_alias_example_alias_producer
[2024-09-22T03:23:58.365+0000] {logging_mixin.py:190} INFO - [2024-09-22T03:23:58.365+0000] {override.py:1900} INFO - Created Permission View: can read on DAG:dataset_s3_bucket_consumer
[2024-09-22T03:23:58.377+0000] {logging_mixin.py:190} INFO - [2024-09-22T03:23:58.376+0000] {override.py:1900} INFO - Created Permission View: can edit on DAG:dataset_s3_bucket_consumer
[2024-09-22T03:23:58.383+0000] {logging_mixin.py:190} INFO - [2024-09-22T03:23:58.383+0000] {override.py:1900} INFO - Created Permission View: can delete on DAG:dataset_s3_bucket_consumer
[2024-09-22T03:23:58.392+0000] {logging_mixin.py:190} INFO - [2024-09-22T03:23:58.392+0000] {override.py:1900} INFO - Created Permission View: can read on DAG Run:dataset_s3_bucket_consumer
[2024-09-22T03:23:58.400+0000] {logging_mixin.py:190} INFO - [2024-09-22T03:23:58.400+0000] {override.py:1900} INFO - Created Permission View: menu access on DAG Run:dataset_s3_bucket_consumer
[2024-09-22T03:23:58.407+0000] {logging_mixin.py:190} INFO - [2024-09-22T03:23:58.407+0000] {override.py:1900} INFO - Created Permission View: can delete on DAG Run:dataset_s3_bucket_consumer
[2024-09-22T03:23:58.414+0000] {logging_mixin.py:190} INFO - [2024-09-22T03:23:58.414+0000] {override.py:1900} INFO - Created Permission View: can create on DAG Run:dataset_s3_bucket_consumer
[2024-09-22T03:23:58.415+0000] {logging_mixin.py:190} INFO - [2024-09-22T03:23:58.415+0000] {dag.py:3239} INFO - Sync 4 DAGs
[2024-09-22T03:23:58.436+0000] {logging_mixin.py:190} INFO - [2024-09-22T03:23:58.435+0000] {dag.py:3262} INFO - Creating ORM DAG for dataset_s3_bucket_consumer
[2024-09-22T03:23:58.437+0000] {logging_mixin.py:190} INFO - [2024-09-22T03:23:58.437+0000] {dag.py:3262} INFO - Creating ORM DAG for dataset_s3_bucket_producer
[2024-09-22T03:23:58.440+0000] {logging_mixin.py:190} INFO - [2024-09-22T03:23:58.440+0000] {dag.py:3262} INFO - Creating ORM DAG for dataset_alias_example_alias_consumer
[2024-09-22T03:23:58.440+0000] {logging_mixin.py:190} INFO - [2024-09-22T03:23:58.440+0000] {dag.py:3262} INFO - Creating ORM DAG for dataset_alias_example_alias_producer
[2024-09-22T03:23:58.457+0000] {logging_mixin.py:190} INFO - [2024-09-22T03:23:58.457+0000] {dag.py:4180} INFO - Setting next_dagrun for dataset_alias_example_alias_consumer to None, run_after=None
[2024-09-22T03:23:58.464+0000] {logging_mixin.py:190} INFO - [2024-09-22T03:23:58.464+0000] {dag.py:4180} INFO - Setting next_dagrun for dataset_alias_example_alias_producer to None, run_after=None
[2024-09-22T03:23:58.464+0000] {logging_mixin.py:190} INFO - [2024-09-22T03:23:58.464+0000] {dag.py:4180} INFO - Setting next_dagrun for dataset_s3_bucket_consumer to None, run_after=None
[2024-09-22T03:23:58.465+0000] {logging_mixin.py:190} INFO - [2024-09-22T03:23:58.465+0000] {dag.py:4180} INFO - Setting next_dagrun for dataset_s3_bucket_producer to None, run_after=None
[2024-09-22T03:23:58.528+0000] {processor.py:208} INFO - Processing /home/airflow/.local/lib/python3.12/site-packages/airflow/example_dags/example_dataset_alias.py took 0.641 seconds
[2024-09-22T03:24:28.869+0000] {processor.py:186} INFO - Started process (PID=679) to work on /home/airflow/.local/lib/python3.12/site-packages/airflow/example_dags/example_dataset_alias.py
[2024-09-22T03:24:28.873+0000] {processor.py:914} INFO - Processing file /home/airflow/.local/lib/python3.12/site-packages/airflow/example_dags/example_dataset_alias.py for tasks to queue
[2024-09-22T03:24:28.875+0000] {logging_mixin.py:190} INFO - [2024-09-22T03:24:28.875+0000] {dagbag.py:588} INFO - Filling up the DagBag from /home/airflow/.local/lib/python3.12/site-packages/airflow/example_dags/example_dataset_alias.py
[2024-09-22T03:24:29.039+0000] {processor.py:925} INFO - DAG(s) 'dataset_alias_example_alias_consumer', 'dataset_s3_bucket_producer', 'dataset_s3_bucket_consumer', 'dataset_alias_example_alias_producer' retrieved from /home/airflow/.local/lib/python3.12/site-packages/airflow/example_dags/example_dataset_alias.py
[2024-09-22T03:24:29.067+0000] {logging_mixin.py:190} INFO - [2024-09-22T03:24:29.067+0000] {dag.py:3239} INFO - Sync 4 DAGs
[2024-09-22T03:24:29.093+0000] {logging_mixin.py:190} INFO - [2024-09-22T03:24:29.093+0000] {dag.py:4180} INFO - Setting next_dagrun for dataset_alias_example_alias_consumer to None, run_after=None
[2024-09-22T03:24:29.098+0000] {logging_mixin.py:190} INFO - [2024-09-22T03:24:29.098+0000] {dag.py:4180} INFO - Setting next_dagrun for dataset_alias_example_alias_producer to None, run_after=None
[2024-09-22T03:24:29.099+0000] {logging_mixin.py:190} INFO - [2024-09-22T03:24:29.099+0000] {dag.py:4180} INFO - Setting next_dagrun for dataset_s3_bucket_consumer to None, run_after=None
[2024-09-22T03:24:29.101+0000] {logging_mixin.py:190} INFO - [2024-09-22T03:24:29.101+0000] {dag.py:4180} INFO - Setting next_dagrun for dataset_s3_bucket_producer to None, run_after=None
[2024-09-22T03:24:29.119+0000] {processor.py:208} INFO - Processing /home/airflow/.local/lib/python3.12/site-packages/airflow/example_dags/example_dataset_alias.py took 0.254 seconds
[2024-09-22T03:24:59.848+0000] {processor.py:186} INFO - Started process (PID=965) to work on /home/airflow/.local/lib/python3.12/site-packages/airflow/example_dags/example_dataset_alias.py
[2024-09-22T03:24:59.849+0000] {processor.py:914} INFO - Processing file /home/airflow/.local/lib/python3.12/site-packages/airflow/example_dags/example_dataset_alias.py for tasks to queue
[2024-09-22T03:24:59.851+0000] {logging_mixin.py:190} INFO - [2024-09-22T03:24:59.851+0000] {dagbag.py:588} INFO - Filling up the DagBag from /home/airflow/.local/lib/python3.12/site-packages/airflow/example_dags/example_dataset_alias.py
[2024-09-22T03:24:59.934+0000] {processor.py:925} INFO - DAG(s) 'dataset_s3_bucket_consumer', 'dataset_alias_example_alias_producer', 'dataset_alias_example_alias_consumer', 'dataset_s3_bucket_producer' retrieved from /home/airflow/.local/lib/python3.12/site-packages/airflow/example_dags/example_dataset_alias.py
[2024-09-22T03:24:59.947+0000] {logging_mixin.py:190} INFO - [2024-09-22T03:24:59.947+0000] {dag.py:3239} INFO - Sync 4 DAGs
[2024-09-22T03:24:59.961+0000] {logging_mixin.py:190} INFO - [2024-09-22T03:24:59.961+0000] {dag.py:4180} INFO - Setting next_dagrun for dataset_alias_example_alias_consumer to None, run_after=None
[2024-09-22T03:24:59.964+0000] {logging_mixin.py:190} INFO - [2024-09-22T03:24:59.964+0000] {dag.py:4180} INFO - Setting next_dagrun for dataset_alias_example_alias_producer to None, run_after=None
[2024-09-22T03:24:59.966+0000] {logging_mixin.py:190} INFO - [2024-09-22T03:24:59.966+0000] {dag.py:4180} INFO - Setting next_dagrun for dataset_s3_bucket_consumer to None, run_after=None
[2024-09-22T03:24:59.967+0000] {logging_mixin.py:190} INFO - [2024-09-22T03:24:59.966+0000] {dag.py:4180} INFO - Setting next_dagrun for dataset_s3_bucket_producer to None, run_after=None
[2024-09-22T03:24:59.977+0000] {processor.py:208} INFO - Processing /home/airflow/.local/lib/python3.12/site-packages/airflow/example_dags/example_dataset_alias.py took 0.133 seconds
[2024-09-22T03:25:30.321+0000] {processor.py:186} INFO - Started process (PID=1251) to work on /home/airflow/.local/lib/python3.12/site-packages/airflow/example_dags/example_dataset_alias.py
[2024-09-22T03:25:30.323+0000] {processor.py:914} INFO - Processing file /home/airflow/.local/lib/python3.12/site-packages/airflow/example_dags/example_dataset_alias.py for tasks to queue
[2024-09-22T03:25:30.325+0000] {logging_mixin.py:190} INFO - [2024-09-22T03:25:30.325+0000] {dagbag.py:588} INFO - Filling up the DagBag from /home/airflow/.local/lib/python3.12/site-packages/airflow/example_dags/example_dataset_alias.py
[2024-09-22T03:25:30.412+0000] {processor.py:925} INFO - DAG(s) 'dataset_s3_bucket_consumer', 'dataset_s3_bucket_producer', 'dataset_alias_example_alias_producer', 'dataset_alias_example_alias_consumer' retrieved from /home/airflow/.local/lib/python3.12/site-packages/airflow/example_dags/example_dataset_alias.py
[2024-09-22T03:25:30.426+0000] {logging_mixin.py:190} INFO - [2024-09-22T03:25:30.426+0000] {dag.py:3239} INFO - Sync 4 DAGs
[2024-09-22T03:25:30.439+0000] {logging_mixin.py:190} INFO - [2024-09-22T03:25:30.439+0000] {dag.py:4180} INFO - Setting next_dagrun for dataset_alias_example_alias_consumer to None, run_after=None
[2024-09-22T03:25:30.440+0000] {logging_mixin.py:190} INFO - [2024-09-22T03:25:30.440+0000] {dag.py:4180} INFO - Setting next_dagrun for dataset_alias_example_alias_producer to None, run_after=None
[2024-09-22T03:25:30.441+0000] {logging_mixin.py:190} INFO - [2024-09-22T03:25:30.441+0000] {dag.py:4180} INFO - Setting next_dagrun for dataset_s3_bucket_consumer to None, run_after=None
[2024-09-22T03:25:30.442+0000] {logging_mixin.py:190} INFO - [2024-09-22T03:25:30.442+0000] {dag.py:4180} INFO - Setting next_dagrun for dataset_s3_bucket_producer to None, run_after=None
[2024-09-22T03:25:30.458+0000] {processor.py:208} INFO - Processing /home/airflow/.local/lib/python3.12/site-packages/airflow/example_dags/example_dataset_alias.py took 0.142 seconds
[2024-09-22T03:26:00.841+0000] {processor.py:186} INFO - Started process (PID=1537) to work on /home/airflow/.local/lib/python3.12/site-packages/airflow/example_dags/example_dataset_alias.py
[2024-09-22T03:26:00.842+0000] {processor.py:914} INFO - Processing file /home/airflow/.local/lib/python3.12/site-packages/airflow/example_dags/example_dataset_alias.py for tasks to queue
[2024-09-22T03:26:00.845+0000] {logging_mixin.py:190} INFO - [2024-09-22T03:26:00.845+0000] {dagbag.py:588} INFO - Filling up the DagBag from /home/airflow/.local/lib/python3.12/site-packages/airflow/example_dags/example_dataset_alias.py
[2024-09-22T03:26:00.986+0000] {processor.py:925} INFO - DAG(s) 'dataset_s3_bucket_producer', 'dataset_s3_bucket_consumer', 'dataset_alias_example_alias_consumer', 'dataset_alias_example_alias_producer' retrieved from /home/airflow/.local/lib/python3.12/site-packages/airflow/example_dags/example_dataset_alias.py
[2024-09-22T03:26:01.007+0000] {logging_mixin.py:190} INFO - [2024-09-22T03:26:01.006+0000] {dag.py:3239} INFO - Sync 4 DAGs
[2024-09-22T03:26:01.027+0000] {logging_mixin.py:190} INFO - [2024-09-22T03:26:01.027+0000] {dag.py:4180} INFO - Setting next_dagrun for dataset_alias_example_alias_consumer to None, run_after=None
[2024-09-22T03:26:01.029+0000] {logging_mixin.py:190} INFO - [2024-09-22T03:26:01.029+0000] {dag.py:4180} INFO - Setting next_dagrun for dataset_alias_example_alias_producer to None, run_after=None
[2024-09-22T03:26:01.030+0000] {logging_mixin.py:190} INFO - [2024-09-22T03:26:01.029+0000] {dag.py:4180} INFO - Setting next_dagrun for dataset_s3_bucket_consumer to None, run_after=None
[2024-09-22T03:26:01.030+0000] {logging_mixin.py:190} INFO - [2024-09-22T03:26:01.030+0000] {dag.py:4180} INFO - Setting next_dagrun for dataset_s3_bucket_producer to None, run_after=None
[2024-09-22T03:26:01.054+0000] {processor.py:208} INFO - Processing /home/airflow/.local/lib/python3.12/site-packages/airflow/example_dags/example_dataset_alias.py took 0.220 seconds
[2024-09-22T03:26:31.670+0000] {processor.py:186} INFO - Started process (PID=1825) to work on /home/airflow/.local/lib/python3.12/site-packages/airflow/example_dags/example_dataset_alias.py
[2024-09-22T03:26:31.670+0000] {processor.py:914} INFO - Processing file /home/airflow/.local/lib/python3.12/site-packages/airflow/example_dags/example_dataset_alias.py for tasks to queue
[2024-09-22T03:26:31.673+0000] {logging_mixin.py:190} INFO - [2024-09-22T03:26:31.673+0000] {dagbag.py:588} INFO - Filling up the DagBag from /home/airflow/.local/lib/python3.12/site-packages/airflow/example_dags/example_dataset_alias.py
[2024-09-22T03:26:31.760+0000] {processor.py:925} INFO - DAG(s) 'dataset_s3_bucket_consumer', 'dataset_alias_example_alias_producer', 'dataset_s3_bucket_producer', 'dataset_alias_example_alias_consumer' retrieved from /home/airflow/.local/lib/python3.12/site-packages/airflow/example_dags/example_dataset_alias.py
[2024-09-22T03:26:31.771+0000] {logging_mixin.py:190} INFO - [2024-09-22T03:26:31.771+0000] {dag.py:3239} INFO - Sync 4 DAGs
[2024-09-22T03:26:31.786+0000] {logging_mixin.py:190} INFO - [2024-09-22T03:26:31.786+0000] {dag.py:4180} INFO - Setting next_dagrun for dataset_alias_example_alias_consumer to None, run_after=None
[2024-09-22T03:26:31.788+0000] {logging_mixin.py:190} INFO - [2024-09-22T03:26:31.787+0000] {dag.py:4180} INFO - Setting next_dagrun for dataset_alias_example_alias_producer to None, run_after=None
[2024-09-22T03:26:31.788+0000] {logging_mixin.py:190} INFO - [2024-09-22T03:26:31.788+0000] {dag.py:4180} INFO - Setting next_dagrun for dataset_s3_bucket_consumer to None, run_after=None
[2024-09-22T03:26:31.789+0000] {logging_mixin.py:190} INFO - [2024-09-22T03:26:31.789+0000] {dag.py:4180} INFO - Setting next_dagrun for dataset_s3_bucket_producer to None, run_after=None
[2024-09-22T03:26:31.800+0000] {processor.py:208} INFO - Processing /home/airflow/.local/lib/python3.12/site-packages/airflow/example_dags/example_dataset_alias.py took 0.134 seconds
[2024-09-22T03:27:02.205+0000] {processor.py:186} INFO - Started process (PID=2109) to work on /home/airflow/.local/lib/python3.12/site-packages/airflow/example_dags/example_dataset_alias.py
[2024-09-22T03:27:02.206+0000] {processor.py:914} INFO - Processing file /home/airflow/.local/lib/python3.12/site-packages/airflow/example_dags/example_dataset_alias.py for tasks to queue
[2024-09-22T03:27:02.208+0000] {logging_mixin.py:190} INFO - [2024-09-22T03:27:02.207+0000] {dagbag.py:588} INFO - Filling up the DagBag from /home/airflow/.local/lib/python3.12/site-packages/airflow/example_dags/example_dataset_alias.py
[2024-09-22T03:27:02.296+0000] {processor.py:925} INFO - DAG(s) 'dataset_s3_bucket_consumer', 'dataset_alias_example_alias_producer', 'dataset_s3_bucket_producer', 'dataset_alias_example_alias_consumer' retrieved from /home/airflow/.local/lib/python3.12/site-packages/airflow/example_dags/example_dataset_alias.py
[2024-09-22T03:27:02.314+0000] {logging_mixin.py:190} INFO - [2024-09-22T03:27:02.313+0000] {dag.py:3239} INFO - Sync 4 DAGs
[2024-09-22T03:27:02.328+0000] {logging_mixin.py:190} INFO - [2024-09-22T03:27:02.328+0000] {dag.py:4180} INFO - Setting next_dagrun for dataset_alias_example_alias_consumer to None, run_after=None
[2024-09-22T03:27:02.330+0000] {logging_mixin.py:190} INFO - [2024-09-22T03:27:02.329+0000] {dag.py:4180} INFO - Setting next_dagrun for dataset_alias_example_alias_producer to None, run_after=None
[2024-09-22T03:27:02.332+0000] {logging_mixin.py:190} INFO - [2024-09-22T03:27:02.332+0000] {dag.py:4180} INFO - Setting next_dagrun for dataset_s3_bucket_consumer to None, run_after=None
[2024-09-22T03:27:02.333+0000] {logging_mixin.py:190} INFO - [2024-09-22T03:27:02.333+0000] {dag.py:4180} INFO - Setting next_dagrun for dataset_s3_bucket_producer to None, run_after=None
[2024-09-22T03:27:02.344+0000] {processor.py:208} INFO - Processing /home/airflow/.local/lib/python3.12/site-packages/airflow/example_dags/example_dataset_alias.py took 0.143 seconds
[2024-09-22T03:27:32.600+0000] {processor.py:186} INFO - Started process (PID=2394) to work on /home/airflow/.local/lib/python3.12/site-packages/airflow/example_dags/example_dataset_alias.py
[2024-09-22T03:27:32.602+0000] {processor.py:914} INFO - Processing file /home/airflow/.local/lib/python3.12/site-packages/airflow/example_dags/example_dataset_alias.py for tasks to queue
[2024-09-22T03:27:32.604+0000] {logging_mixin.py:190} INFO - [2024-09-22T03:27:32.604+0000] {dagbag.py:588} INFO - Filling up the DagBag from /home/airflow/.local/lib/python3.12/site-packages/airflow/example_dags/example_dataset_alias.py
[2024-09-22T03:27:32.692+0000] {processor.py:925} INFO - DAG(s) 'dataset_s3_bucket_producer', 'dataset_alias_example_alias_producer', 'dataset_s3_bucket_consumer', 'dataset_alias_example_alias_consumer' retrieved from /home/airflow/.local/lib/python3.12/site-packages/airflow/example_dags/example_dataset_alias.py
[2024-09-22T03:27:32.709+0000] {logging_mixin.py:190} INFO - [2024-09-22T03:27:32.709+0000] {dag.py:3239} INFO - Sync 4 DAGs
[2024-09-22T03:27:32.723+0000] {logging_mixin.py:190} INFO - [2024-09-22T03:27:32.723+0000] {dag.py:4180} INFO - Setting next_dagrun for dataset_alias_example_alias_consumer to None, run_after=None
[2024-09-22T03:27:32.725+0000] {logging_mixin.py:190} INFO - [2024-09-22T03:27:32.725+0000] {dag.py:4180} INFO - Setting next_dagrun for dataset_alias_example_alias_producer to None, run_after=None
[2024-09-22T03:27:32.726+0000] {logging_mixin.py:190} INFO - [2024-09-22T03:27:32.726+0000] {dag.py:4180} INFO - Setting next_dagrun for dataset_s3_bucket_consumer to None, run_after=None
[2024-09-22T03:27:32.728+0000] {logging_mixin.py:190} INFO - [2024-09-22T03:27:32.728+0000] {dag.py:4180} INFO - Setting next_dagrun for dataset_s3_bucket_producer to None, run_after=None
[2024-09-22T03:27:32.741+0000] {processor.py:208} INFO - Processing /home/airflow/.local/lib/python3.12/site-packages/airflow/example_dags/example_dataset_alias.py took 0.144 seconds
[2024-09-22T03:28:03.005+0000] {processor.py:186} INFO - Started process (PID=2680) to work on /home/airflow/.local/lib/python3.12/site-packages/airflow/example_dags/example_dataset_alias.py
[2024-09-22T03:28:03.006+0000] {processor.py:914} INFO - Processing file /home/airflow/.local/lib/python3.12/site-packages/airflow/example_dags/example_dataset_alias.py for tasks to queue
[2024-09-22T03:28:03.007+0000] {logging_mixin.py:190} INFO - [2024-09-22T03:28:03.007+0000] {dagbag.py:588} INFO - Filling up the DagBag from /home/airflow/.local/lib/python3.12/site-packages/airflow/example_dags/example_dataset_alias.py
[2024-09-22T03:28:03.086+0000] {processor.py:925} INFO - DAG(s) 'dataset_alias_example_alias_producer', 'dataset_s3_bucket_producer', 'dataset_s3_bucket_consumer', 'dataset_alias_example_alias_consumer' retrieved from /home/airflow/.local/lib/python3.12/site-packages/airflow/example_dags/example_dataset_alias.py
[2024-09-22T03:28:03.097+0000] {logging_mixin.py:190} INFO - [2024-09-22T03:28:03.097+0000] {dag.py:3239} INFO - Sync 4 DAGs
[2024-09-22T03:28:03.111+0000] {logging_mixin.py:190} INFO - [2024-09-22T03:28:03.111+0000] {dag.py:4180} INFO - Setting next_dagrun for dataset_alias_example_alias_consumer to None, run_after=None
[2024-09-22T03:28:03.113+0000] {logging_mixin.py:190} INFO - [2024-09-22T03:28:03.112+0000] {dag.py:4180} INFO - Setting next_dagrun for dataset_alias_example_alias_producer to None, run_after=None
[2024-09-22T03:28:03.113+0000] {logging_mixin.py:190} INFO - [2024-09-22T03:28:03.113+0000] {dag.py:4180} INFO - Setting next_dagrun for dataset_s3_bucket_consumer to None, run_after=None
[2024-09-22T03:28:03.114+0000] {logging_mixin.py:190} INFO - [2024-09-22T03:28:03.114+0000] {dag.py:4180} INFO - Setting next_dagrun for dataset_s3_bucket_producer to None, run_after=None
[2024-09-22T03:28:03.125+0000] {processor.py:208} INFO - Processing /home/airflow/.local/lib/python3.12/site-packages/airflow/example_dags/example_dataset_alias.py took 0.123 seconds
[2024-09-22T03:28:33.367+0000] {processor.py:186} INFO - Started process (PID=2966) to work on /home/airflow/.local/lib/python3.12/site-packages/airflow/example_dags/example_dataset_alias.py
[2024-09-22T03:28:33.368+0000] {processor.py:914} INFO - Processing file /home/airflow/.local/lib/python3.12/site-packages/airflow/example_dags/example_dataset_alias.py for tasks to queue
[2024-09-22T03:28:33.370+0000] {logging_mixin.py:190} INFO - [2024-09-22T03:28:33.370+0000] {dagbag.py:588} INFO - Filling up the DagBag from /home/airflow/.local/lib/python3.12/site-packages/airflow/example_dags/example_dataset_alias.py
[2024-09-22T03:28:33.455+0000] {processor.py:925} INFO - DAG(s) 'dataset_alias_example_alias_producer', 'dataset_s3_bucket_consumer', 'dataset_alias_example_alias_consumer', 'dataset_s3_bucket_producer' retrieved from /home/airflow/.local/lib/python3.12/site-packages/airflow/example_dags/example_dataset_alias.py
[2024-09-22T03:28:33.473+0000] {logging_mixin.py:190} INFO - [2024-09-22T03:28:33.472+0000] {dag.py:3239} INFO - Sync 4 DAGs
[2024-09-22T03:28:33.486+0000] {logging_mixin.py:190} INFO - [2024-09-22T03:28:33.485+0000] {dag.py:4180} INFO - Setting next_dagrun for dataset_alias_example_alias_consumer to None, run_after=None
[2024-09-22T03:28:33.488+0000] {logging_mixin.py:190} INFO - [2024-09-22T03:28:33.488+0000] {dag.py:4180} INFO - Setting next_dagrun for dataset_alias_example_alias_producer to None, run_after=None
[2024-09-22T03:28:33.489+0000] {logging_mixin.py:190} INFO - [2024-09-22T03:28:33.489+0000] {dag.py:4180} INFO - Setting next_dagrun for dataset_s3_bucket_consumer to None, run_after=None
[2024-09-22T03:28:33.491+0000] {logging_mixin.py:190} INFO - [2024-09-22T03:28:33.491+0000] {dag.py:4180} INFO - Setting next_dagrun for dataset_s3_bucket_producer to None, run_after=None
[2024-09-22T03:28:33.509+0000] {processor.py:208} INFO - Processing /home/airflow/.local/lib/python3.12/site-packages/airflow/example_dags/example_dataset_alias.py took 0.145 seconds
