[2024-09-22T03:23:55.833+0000] {processor.py:186} INFO - Started process (PID=358) to work on /home/airflow/.local/lib/python3.12/site-packages/airflow/example_dags/example_subdag_operator.py
[2024-09-22T03:23:55.836+0000] {processor.py:914} INFO - Processing file /home/airflow/.local/lib/python3.12/site-packages/airflow/example_dags/example_subdag_operator.py for tasks to queue
[2024-09-22T03:23:55.838+0000] {logging_mixin.py:190} INFO - [2024-09-22T03:23:55.838+0000] {dagbag.py:588} INFO - Filling up the DagBag from /home/airflow/.local/lib/python3.12/site-packages/airflow/example_dags/example_subdag_operator.py
[2024-09-22T03:23:55.885+0000] {processor.py:925} INFO - DAG(s) 'example_subdag_operator.section-1', 'example_subdag_operator.section-2', 'example_subdag_operator' retrieved from /home/airflow/.local/lib/python3.12/site-packages/airflow/example_dags/example_subdag_operator.py
[2024-09-22T03:23:56.111+0000] {logging_mixin.py:190} INFO - [2024-09-22T03:23:56.111+0000] {override.py:1900} INFO - Created Permission View: can read on DAG:example_subdag_operator
[2024-09-22T03:23:56.131+0000] {logging_mixin.py:190} INFO - [2024-09-22T03:23:56.131+0000] {override.py:1900} INFO - Created Permission View: can edit on DAG:example_subdag_operator
[2024-09-22T03:23:56.148+0000] {logging_mixin.py:190} INFO - [2024-09-22T03:23:56.148+0000] {override.py:1900} INFO - Created Permission View: can delete on DAG:example_subdag_operator
[2024-09-22T03:23:56.159+0000] {logging_mixin.py:190} INFO - [2024-09-22T03:23:56.159+0000] {override.py:1900} INFO - Created Permission View: can read on DAG Run:example_subdag_operator
[2024-09-22T03:23:56.172+0000] {logging_mixin.py:190} INFO - [2024-09-22T03:23:56.172+0000] {override.py:1900} INFO - Created Permission View: menu access on DAG Run:example_subdag_operator
[2024-09-22T03:23:56.182+0000] {logging_mixin.py:190} INFO - [2024-09-22T03:23:56.182+0000] {override.py:1900} INFO - Created Permission View: can delete on DAG Run:example_subdag_operator
[2024-09-22T03:23:56.194+0000] {logging_mixin.py:190} INFO - [2024-09-22T03:23:56.194+0000] {override.py:1900} INFO - Created Permission View: can create on DAG Run:example_subdag_operator
[2024-09-22T03:23:56.196+0000] {logging_mixin.py:190} INFO - [2024-09-22T03:23:56.196+0000] {dag.py:3239} INFO - Sync 3 DAGs
[2024-09-22T03:23:56.215+0000] {logging_mixin.py:190} INFO - [2024-09-22T03:23:56.215+0000] {dag.py:3262} INFO - Creating ORM DAG for example_subdag_operator.section-1
[2024-09-22T03:23:56.219+0000] {logging_mixin.py:190} INFO - [2024-09-22T03:23:56.218+0000] {dag.py:3262} INFO - Creating ORM DAG for example_subdag_operator
[2024-09-22T03:23:56.219+0000] {logging_mixin.py:190} INFO - [2024-09-22T03:23:56.219+0000] {dag.py:3262} INFO - Creating ORM DAG for example_subdag_operator.section-2
[2024-09-22T03:23:56.233+0000] {logging_mixin.py:190} INFO - [2024-09-22T03:23:56.233+0000] {dag.py:4180} INFO - Setting next_dagrun for example_subdag_operator to 2022-01-01 00:00:00+00:00, run_after=2022-01-01 00:00:00+00:00
[2024-09-22T03:23:56.235+0000] {logging_mixin.py:190} INFO - [2024-09-22T03:23:56.235+0000] {dag.py:4180} INFO - Setting next_dagrun for example_subdag_operator.section-1 to None, run_after=None
[2024-09-22T03:23:56.235+0000] {logging_mixin.py:190} INFO - [2024-09-22T03:23:56.235+0000] {dag.py:4180} INFO - Setting next_dagrun for example_subdag_operator.section-2 to None, run_after=None
[2024-09-22T03:23:56.250+0000] {logging_mixin.py:190} INFO - [2024-09-22T03:23:56.250+0000] {dag.py:3239} INFO - Sync 2 DAGs
[2024-09-22T03:23:56.258+0000] {logging_mixin.py:190} INFO - [2024-09-22T03:23:56.258+0000] {dag.py:4180} INFO - Setting next_dagrun for example_subdag_operator.section-1 to None, run_after=None
[2024-09-22T03:23:56.262+0000] {logging_mixin.py:190} INFO - [2024-09-22T03:23:56.262+0000] {dag.py:4180} INFO - Setting next_dagrun for example_subdag_operator.section-2 to None, run_after=None
[2024-09-22T03:23:56.282+0000] {processor.py:208} INFO - Processing /home/airflow/.local/lib/python3.12/site-packages/airflow/example_dags/example_subdag_operator.py took 0.462 seconds
[2024-09-22T03:24:26.363+0000] {processor.py:186} INFO - Started process (PID=644) to work on /home/airflow/.local/lib/python3.12/site-packages/airflow/example_dags/example_subdag_operator.py
[2024-09-22T03:24:26.370+0000] {processor.py:914} INFO - Processing file /home/airflow/.local/lib/python3.12/site-packages/airflow/example_dags/example_subdag_operator.py for tasks to queue
[2024-09-22T03:24:26.374+0000] {logging_mixin.py:190} INFO - [2024-09-22T03:24:26.374+0000] {dagbag.py:588} INFO - Filling up the DagBag from /home/airflow/.local/lib/python3.12/site-packages/airflow/example_dags/example_subdag_operator.py
[2024-09-22T03:24:26.431+0000] {processor.py:925} INFO - DAG(s) 'example_subdag_operator.section-1', 'example_subdag_operator.section-2', 'example_subdag_operator' retrieved from /home/airflow/.local/lib/python3.12/site-packages/airflow/example_dags/example_subdag_operator.py
[2024-09-22T03:24:26.441+0000] {logging_mixin.py:190} INFO - [2024-09-22T03:24:26.441+0000] {dag.py:3239} INFO - Sync 3 DAGs
[2024-09-22T03:24:26.453+0000] {logging_mixin.py:190} INFO - [2024-09-22T03:24:26.453+0000] {dag.py:4180} INFO - Setting next_dagrun for example_subdag_operator to 2022-01-01 00:00:00+00:00, run_after=2022-01-01 00:00:00+00:00
[2024-09-22T03:24:26.455+0000] {logging_mixin.py:190} INFO - [2024-09-22T03:24:26.455+0000] {dag.py:4180} INFO - Setting next_dagrun for example_subdag_operator.section-1 to None, run_after=None
[2024-09-22T03:24:26.456+0000] {logging_mixin.py:190} INFO - [2024-09-22T03:24:26.456+0000] {dag.py:4180} INFO - Setting next_dagrun for example_subdag_operator.section-2 to None, run_after=None
[2024-09-22T03:24:26.460+0000] {logging_mixin.py:190} INFO - [2024-09-22T03:24:26.460+0000] {dag.py:3239} INFO - Sync 2 DAGs
[2024-09-22T03:24:26.462+0000] {logging_mixin.py:190} INFO - [2024-09-22T03:24:26.462+0000] {dag.py:4180} INFO - Setting next_dagrun for example_subdag_operator.section-1 to None, run_after=None
[2024-09-22T03:24:26.463+0000] {logging_mixin.py:190} INFO - [2024-09-22T03:24:26.463+0000] {dag.py:4180} INFO - Setting next_dagrun for example_subdag_operator.section-2 to None, run_after=None
[2024-09-22T03:24:26.467+0000] {processor.py:208} INFO - Processing /home/airflow/.local/lib/python3.12/site-packages/airflow/example_dags/example_subdag_operator.py took 0.121 seconds
[2024-09-22T03:24:57.401+0000] {processor.py:186} INFO - Started process (PID=928) to work on /home/airflow/.local/lib/python3.12/site-packages/airflow/example_dags/example_subdag_operator.py
[2024-09-22T03:24:57.401+0000] {processor.py:914} INFO - Processing file /home/airflow/.local/lib/python3.12/site-packages/airflow/example_dags/example_subdag_operator.py for tasks to queue
[2024-09-22T03:24:57.405+0000] {logging_mixin.py:190} INFO - [2024-09-22T03:24:57.405+0000] {dagbag.py:588} INFO - Filling up the DagBag from /home/airflow/.local/lib/python3.12/site-packages/airflow/example_dags/example_subdag_operator.py
[2024-09-22T03:24:57.437+0000] {processor.py:925} INFO - DAG(s) 'example_subdag_operator.section-1', 'example_subdag_operator.section-2', 'example_subdag_operator' retrieved from /home/airflow/.local/lib/python3.12/site-packages/airflow/example_dags/example_subdag_operator.py
[2024-09-22T03:24:57.457+0000] {logging_mixin.py:190} INFO - [2024-09-22T03:24:57.457+0000] {dag.py:3239} INFO - Sync 3 DAGs
[2024-09-22T03:24:57.485+0000] {logging_mixin.py:190} INFO - [2024-09-22T03:24:57.485+0000] {dag.py:4180} INFO - Setting next_dagrun for example_subdag_operator to 2022-01-01 00:00:00+00:00, run_after=2022-01-01 00:00:00+00:00
[2024-09-22T03:24:57.490+0000] {logging_mixin.py:190} INFO - [2024-09-22T03:24:57.490+0000] {dag.py:4180} INFO - Setting next_dagrun for example_subdag_operator.section-1 to None, run_after=None
[2024-09-22T03:24:57.492+0000] {logging_mixin.py:190} INFO - [2024-09-22T03:24:57.492+0000] {dag.py:4180} INFO - Setting next_dagrun for example_subdag_operator.section-2 to None, run_after=None
[2024-09-22T03:24:57.496+0000] {logging_mixin.py:190} INFO - [2024-09-22T03:24:57.496+0000] {dag.py:3239} INFO - Sync 2 DAGs
[2024-09-22T03:24:57.508+0000] {logging_mixin.py:190} INFO - [2024-09-22T03:24:57.505+0000] {dag.py:4180} INFO - Setting next_dagrun for example_subdag_operator.section-1 to None, run_after=None
[2024-09-22T03:24:57.508+0000] {logging_mixin.py:190} INFO - [2024-09-22T03:24:57.508+0000] {dag.py:4180} INFO - Setting next_dagrun for example_subdag_operator.section-2 to None, run_after=None
[2024-09-22T03:24:57.527+0000] {processor.py:208} INFO - Processing /home/airflow/.local/lib/python3.12/site-packages/airflow/example_dags/example_subdag_operator.py took 0.133 seconds
[2024-09-22T03:25:27.880+0000] {processor.py:186} INFO - Started process (PID=1216) to work on /home/airflow/.local/lib/python3.12/site-packages/airflow/example_dags/example_subdag_operator.py
[2024-09-22T03:25:27.884+0000] {processor.py:914} INFO - Processing file /home/airflow/.local/lib/python3.12/site-packages/airflow/example_dags/example_subdag_operator.py for tasks to queue
[2024-09-22T03:25:27.887+0000] {logging_mixin.py:190} INFO - [2024-09-22T03:25:27.886+0000] {dagbag.py:588} INFO - Filling up the DagBag from /home/airflow/.local/lib/python3.12/site-packages/airflow/example_dags/example_subdag_operator.py
[2024-09-22T03:25:27.905+0000] {processor.py:925} INFO - DAG(s) 'example_subdag_operator.section-1', 'example_subdag_operator.section-2', 'example_subdag_operator' retrieved from /home/airflow/.local/lib/python3.12/site-packages/airflow/example_dags/example_subdag_operator.py
[2024-09-22T03:25:27.914+0000] {logging_mixin.py:190} INFO - [2024-09-22T03:25:27.914+0000] {dag.py:3239} INFO - Sync 3 DAGs
[2024-09-22T03:25:27.928+0000] {logging_mixin.py:190} INFO - [2024-09-22T03:25:27.928+0000] {dag.py:4180} INFO - Setting next_dagrun for example_subdag_operator to 2022-01-01 00:00:00+00:00, run_after=2022-01-01 00:00:00+00:00
[2024-09-22T03:25:27.930+0000] {logging_mixin.py:190} INFO - [2024-09-22T03:25:27.930+0000] {dag.py:4180} INFO - Setting next_dagrun for example_subdag_operator.section-1 to None, run_after=None
[2024-09-22T03:25:27.931+0000] {logging_mixin.py:190} INFO - [2024-09-22T03:25:27.931+0000] {dag.py:4180} INFO - Setting next_dagrun for example_subdag_operator.section-2 to None, run_after=None
[2024-09-22T03:25:27.935+0000] {logging_mixin.py:190} INFO - [2024-09-22T03:25:27.934+0000] {dag.py:3239} INFO - Sync 2 DAGs
[2024-09-22T03:25:27.941+0000] {logging_mixin.py:190} INFO - [2024-09-22T03:25:27.940+0000] {dag.py:4180} INFO - Setting next_dagrun for example_subdag_operator.section-1 to None, run_after=None
[2024-09-22T03:25:27.941+0000] {logging_mixin.py:190} INFO - [2024-09-22T03:25:27.941+0000] {dag.py:4180} INFO - Setting next_dagrun for example_subdag_operator.section-2 to None, run_after=None
[2024-09-22T03:25:27.950+0000] {processor.py:208} INFO - Processing /home/airflow/.local/lib/python3.12/site-packages/airflow/example_dags/example_subdag_operator.py took 0.074 seconds
[2024-09-22T03:25:58.324+0000] {processor.py:186} INFO - Started process (PID=1502) to work on /home/airflow/.local/lib/python3.12/site-packages/airflow/example_dags/example_subdag_operator.py
[2024-09-22T03:25:58.327+0000] {processor.py:914} INFO - Processing file /home/airflow/.local/lib/python3.12/site-packages/airflow/example_dags/example_subdag_operator.py for tasks to queue
[2024-09-22T03:25:58.331+0000] {logging_mixin.py:190} INFO - [2024-09-22T03:25:58.330+0000] {dagbag.py:588} INFO - Filling up the DagBag from /home/airflow/.local/lib/python3.12/site-packages/airflow/example_dags/example_subdag_operator.py
[2024-09-22T03:25:58.353+0000] {processor.py:925} INFO - DAG(s) 'example_subdag_operator.section-1', 'example_subdag_operator.section-2', 'example_subdag_operator' retrieved from /home/airflow/.local/lib/python3.12/site-packages/airflow/example_dags/example_subdag_operator.py
[2024-09-22T03:25:58.370+0000] {logging_mixin.py:190} INFO - [2024-09-22T03:25:58.370+0000] {dag.py:3239} INFO - Sync 3 DAGs
[2024-09-22T03:25:58.385+0000] {logging_mixin.py:190} INFO - [2024-09-22T03:25:58.385+0000] {dag.py:4180} INFO - Setting next_dagrun for example_subdag_operator to 2022-01-01 00:00:00+00:00, run_after=2022-01-01 00:00:00+00:00
[2024-09-22T03:25:58.388+0000] {logging_mixin.py:190} INFO - [2024-09-22T03:25:58.387+0000] {dag.py:4180} INFO - Setting next_dagrun for example_subdag_operator.section-1 to None, run_after=None
[2024-09-22T03:25:58.390+0000] {logging_mixin.py:190} INFO - [2024-09-22T03:25:58.390+0000] {dag.py:4180} INFO - Setting next_dagrun for example_subdag_operator.section-2 to None, run_after=None
[2024-09-22T03:25:58.394+0000] {logging_mixin.py:190} INFO - [2024-09-22T03:25:58.394+0000] {dag.py:3239} INFO - Sync 2 DAGs
[2024-09-22T03:25:58.399+0000] {logging_mixin.py:190} INFO - [2024-09-22T03:25:58.399+0000] {dag.py:4180} INFO - Setting next_dagrun for example_subdag_operator.section-1 to None, run_after=None
[2024-09-22T03:25:58.401+0000] {logging_mixin.py:190} INFO - [2024-09-22T03:25:58.401+0000] {dag.py:4180} INFO - Setting next_dagrun for example_subdag_operator.section-2 to None, run_after=None
[2024-09-22T03:25:58.406+0000] {processor.py:208} INFO - Processing /home/airflow/.local/lib/python3.12/site-packages/airflow/example_dags/example_subdag_operator.py took 0.086 seconds
[2024-09-22T03:26:29.147+0000] {processor.py:186} INFO - Started process (PID=1788) to work on /home/airflow/.local/lib/python3.12/site-packages/airflow/example_dags/example_subdag_operator.py
[2024-09-22T03:26:29.148+0000] {processor.py:914} INFO - Processing file /home/airflow/.local/lib/python3.12/site-packages/airflow/example_dags/example_subdag_operator.py for tasks to queue
[2024-09-22T03:26:29.150+0000] {logging_mixin.py:190} INFO - [2024-09-22T03:26:29.150+0000] {dagbag.py:588} INFO - Filling up the DagBag from /home/airflow/.local/lib/python3.12/site-packages/airflow/example_dags/example_subdag_operator.py
[2024-09-22T03:26:29.170+0000] {processor.py:925} INFO - DAG(s) 'example_subdag_operator.section-1', 'example_subdag_operator.section-2', 'example_subdag_operator' retrieved from /home/airflow/.local/lib/python3.12/site-packages/airflow/example_dags/example_subdag_operator.py
[2024-09-22T03:26:29.180+0000] {logging_mixin.py:190} INFO - [2024-09-22T03:26:29.180+0000] {dag.py:3239} INFO - Sync 3 DAGs
[2024-09-22T03:26:29.197+0000] {logging_mixin.py:190} INFO - [2024-09-22T03:26:29.197+0000] {dag.py:4180} INFO - Setting next_dagrun for example_subdag_operator to 2022-01-01 00:00:00+00:00, run_after=2022-01-01 00:00:00+00:00
[2024-09-22T03:26:29.200+0000] {logging_mixin.py:190} INFO - [2024-09-22T03:26:29.199+0000] {dag.py:4180} INFO - Setting next_dagrun for example_subdag_operator.section-1 to None, run_after=None
[2024-09-22T03:26:29.200+0000] {logging_mixin.py:190} INFO - [2024-09-22T03:26:29.200+0000] {dag.py:4180} INFO - Setting next_dagrun for example_subdag_operator.section-2 to None, run_after=None
[2024-09-22T03:26:29.204+0000] {logging_mixin.py:190} INFO - [2024-09-22T03:26:29.204+0000] {dag.py:3239} INFO - Sync 2 DAGs
[2024-09-22T03:26:29.208+0000] {logging_mixin.py:190} INFO - [2024-09-22T03:26:29.208+0000] {dag.py:4180} INFO - Setting next_dagrun for example_subdag_operator.section-1 to None, run_after=None
[2024-09-22T03:26:29.208+0000] {logging_mixin.py:190} INFO - [2024-09-22T03:26:29.208+0000] {dag.py:4180} INFO - Setting next_dagrun for example_subdag_operator.section-2 to None, run_after=None
[2024-09-22T03:26:29.213+0000] {processor.py:208} INFO - Processing /home/airflow/.local/lib/python3.12/site-packages/airflow/example_dags/example_subdag_operator.py took 0.070 seconds
[2024-09-22T03:26:59.805+0000] {processor.py:186} INFO - Started process (PID=2074) to work on /home/airflow/.local/lib/python3.12/site-packages/airflow/example_dags/example_subdag_operator.py
[2024-09-22T03:26:59.806+0000] {processor.py:914} INFO - Processing file /home/airflow/.local/lib/python3.12/site-packages/airflow/example_dags/example_subdag_operator.py for tasks to queue
[2024-09-22T03:26:59.808+0000] {logging_mixin.py:190} INFO - [2024-09-22T03:26:59.808+0000] {dagbag.py:588} INFO - Filling up the DagBag from /home/airflow/.local/lib/python3.12/site-packages/airflow/example_dags/example_subdag_operator.py
[2024-09-22T03:26:59.830+0000] {processor.py:925} INFO - DAG(s) 'example_subdag_operator.section-1', 'example_subdag_operator.section-2', 'example_subdag_operator' retrieved from /home/airflow/.local/lib/python3.12/site-packages/airflow/example_dags/example_subdag_operator.py
[2024-09-22T03:26:59.840+0000] {logging_mixin.py:190} INFO - [2024-09-22T03:26:59.840+0000] {dag.py:3239} INFO - Sync 3 DAGs
[2024-09-22T03:26:59.854+0000] {logging_mixin.py:190} INFO - [2024-09-22T03:26:59.854+0000] {dag.py:4180} INFO - Setting next_dagrun for example_subdag_operator to 2022-01-01 00:00:00+00:00, run_after=2022-01-01 00:00:00+00:00
[2024-09-22T03:26:59.858+0000] {logging_mixin.py:190} INFO - [2024-09-22T03:26:59.858+0000] {dag.py:4180} INFO - Setting next_dagrun for example_subdag_operator.section-1 to None, run_after=None
[2024-09-22T03:26:59.859+0000] {logging_mixin.py:190} INFO - [2024-09-22T03:26:59.859+0000] {dag.py:4180} INFO - Setting next_dagrun for example_subdag_operator.section-2 to None, run_after=None
[2024-09-22T03:26:59.864+0000] {logging_mixin.py:190} INFO - [2024-09-22T03:26:59.864+0000] {dag.py:3239} INFO - Sync 2 DAGs
[2024-09-22T03:26:59.868+0000] {logging_mixin.py:190} INFO - [2024-09-22T03:26:59.868+0000] {dag.py:4180} INFO - Setting next_dagrun for example_subdag_operator.section-1 to None, run_after=None
[2024-09-22T03:26:59.869+0000] {logging_mixin.py:190} INFO - [2024-09-22T03:26:59.869+0000] {dag.py:4180} INFO - Setting next_dagrun for example_subdag_operator.section-2 to None, run_after=None
[2024-09-22T03:26:59.880+0000] {processor.py:208} INFO - Processing /home/airflow/.local/lib/python3.12/site-packages/airflow/example_dags/example_subdag_operator.py took 0.079 seconds
[2024-09-22T03:27:30.199+0000] {processor.py:186} INFO - Started process (PID=2359) to work on /home/airflow/.local/lib/python3.12/site-packages/airflow/example_dags/example_subdag_operator.py
[2024-09-22T03:27:30.199+0000] {processor.py:914} INFO - Processing file /home/airflow/.local/lib/python3.12/site-packages/airflow/example_dags/example_subdag_operator.py for tasks to queue
[2024-09-22T03:27:30.201+0000] {logging_mixin.py:190} INFO - [2024-09-22T03:27:30.201+0000] {dagbag.py:588} INFO - Filling up the DagBag from /home/airflow/.local/lib/python3.12/site-packages/airflow/example_dags/example_subdag_operator.py
[2024-09-22T03:27:30.221+0000] {processor.py:925} INFO - DAG(s) 'example_subdag_operator.section-1', 'example_subdag_operator.section-2', 'example_subdag_operator' retrieved from /home/airflow/.local/lib/python3.12/site-packages/airflow/example_dags/example_subdag_operator.py
[2024-09-22T03:27:30.230+0000] {logging_mixin.py:190} INFO - [2024-09-22T03:27:30.229+0000] {dag.py:3239} INFO - Sync 3 DAGs
[2024-09-22T03:27:30.245+0000] {logging_mixin.py:190} INFO - [2024-09-22T03:27:30.245+0000] {dag.py:4180} INFO - Setting next_dagrun for example_subdag_operator to 2022-01-01 00:00:00+00:00, run_after=2022-01-01 00:00:00+00:00
[2024-09-22T03:27:30.247+0000] {logging_mixin.py:190} INFO - [2024-09-22T03:27:30.247+0000] {dag.py:4180} INFO - Setting next_dagrun for example_subdag_operator.section-1 to None, run_after=None
[2024-09-22T03:27:30.248+0000] {logging_mixin.py:190} INFO - [2024-09-22T03:27:30.248+0000] {dag.py:4180} INFO - Setting next_dagrun for example_subdag_operator.section-2 to None, run_after=None
[2024-09-22T03:27:30.252+0000] {logging_mixin.py:190} INFO - [2024-09-22T03:27:30.252+0000] {dag.py:3239} INFO - Sync 2 DAGs
[2024-09-22T03:27:30.256+0000] {logging_mixin.py:190} INFO - [2024-09-22T03:27:30.256+0000] {dag.py:4180} INFO - Setting next_dagrun for example_subdag_operator.section-1 to None, run_after=None
[2024-09-22T03:27:30.257+0000] {logging_mixin.py:190} INFO - [2024-09-22T03:27:30.256+0000] {dag.py:4180} INFO - Setting next_dagrun for example_subdag_operator.section-2 to None, run_after=None
[2024-09-22T03:27:30.263+0000] {processor.py:208} INFO - Processing /home/airflow/.local/lib/python3.12/site-packages/airflow/example_dags/example_subdag_operator.py took 0.068 seconds
[2024-09-22T03:28:00.609+0000] {processor.py:186} INFO - Started process (PID=2645) to work on /home/airflow/.local/lib/python3.12/site-packages/airflow/example_dags/example_subdag_operator.py
[2024-09-22T03:28:00.610+0000] {processor.py:914} INFO - Processing file /home/airflow/.local/lib/python3.12/site-packages/airflow/example_dags/example_subdag_operator.py for tasks to queue
[2024-09-22T03:28:00.612+0000] {logging_mixin.py:190} INFO - [2024-09-22T03:28:00.612+0000] {dagbag.py:588} INFO - Filling up the DagBag from /home/airflow/.local/lib/python3.12/site-packages/airflow/example_dags/example_subdag_operator.py
[2024-09-22T03:28:00.631+0000] {processor.py:925} INFO - DAG(s) 'example_subdag_operator.section-1', 'example_subdag_operator.section-2', 'example_subdag_operator' retrieved from /home/airflow/.local/lib/python3.12/site-packages/airflow/example_dags/example_subdag_operator.py
[2024-09-22T03:28:00.639+0000] {logging_mixin.py:190} INFO - [2024-09-22T03:28:00.639+0000] {dag.py:3239} INFO - Sync 3 DAGs
[2024-09-22T03:28:00.653+0000] {logging_mixin.py:190} INFO - [2024-09-22T03:28:00.653+0000] {dag.py:4180} INFO - Setting next_dagrun for example_subdag_operator to 2022-01-01 00:00:00+00:00, run_after=2022-01-01 00:00:00+00:00
[2024-09-22T03:28:00.655+0000] {logging_mixin.py:190} INFO - [2024-09-22T03:28:00.655+0000] {dag.py:4180} INFO - Setting next_dagrun for example_subdag_operator.section-1 to None, run_after=None
[2024-09-22T03:28:00.656+0000] {logging_mixin.py:190} INFO - [2024-09-22T03:28:00.656+0000] {dag.py:4180} INFO - Setting next_dagrun for example_subdag_operator.section-2 to None, run_after=None
[2024-09-22T03:28:00.659+0000] {logging_mixin.py:190} INFO - [2024-09-22T03:28:00.659+0000] {dag.py:3239} INFO - Sync 2 DAGs
[2024-09-22T03:28:00.665+0000] {logging_mixin.py:190} INFO - [2024-09-22T03:28:00.665+0000] {dag.py:4180} INFO - Setting next_dagrun for example_subdag_operator.section-1 to None, run_after=None
[2024-09-22T03:28:00.666+0000] {logging_mixin.py:190} INFO - [2024-09-22T03:28:00.666+0000] {dag.py:4180} INFO - Setting next_dagrun for example_subdag_operator.section-2 to None, run_after=None
[2024-09-22T03:28:00.671+0000] {processor.py:208} INFO - Processing /home/airflow/.local/lib/python3.12/site-packages/airflow/example_dags/example_subdag_operator.py took 0.069 seconds
[2024-09-22T03:28:30.977+0000] {processor.py:186} INFO - Started process (PID=2931) to work on /home/airflow/.local/lib/python3.12/site-packages/airflow/example_dags/example_subdag_operator.py
[2024-09-22T03:28:30.977+0000] {processor.py:914} INFO - Processing file /home/airflow/.local/lib/python3.12/site-packages/airflow/example_dags/example_subdag_operator.py for tasks to queue
[2024-09-22T03:28:30.979+0000] {logging_mixin.py:190} INFO - [2024-09-22T03:28:30.978+0000] {dagbag.py:588} INFO - Filling up the DagBag from /home/airflow/.local/lib/python3.12/site-packages/airflow/example_dags/example_subdag_operator.py
[2024-09-22T03:28:30.996+0000] {processor.py:925} INFO - DAG(s) 'example_subdag_operator.section-1', 'example_subdag_operator.section-2', 'example_subdag_operator' retrieved from /home/airflow/.local/lib/python3.12/site-packages/airflow/example_dags/example_subdag_operator.py
[2024-09-22T03:28:31.004+0000] {logging_mixin.py:190} INFO - [2024-09-22T03:28:31.004+0000] {dag.py:3239} INFO - Sync 3 DAGs
[2024-09-22T03:28:31.023+0000] {logging_mixin.py:190} INFO - [2024-09-22T03:28:31.023+0000] {dag.py:4180} INFO - Setting next_dagrun for example_subdag_operator to 2022-01-01 00:00:00+00:00, run_after=2022-01-01 00:00:00+00:00
[2024-09-22T03:28:31.025+0000] {logging_mixin.py:190} INFO - [2024-09-22T03:28:31.025+0000] {dag.py:4180} INFO - Setting next_dagrun for example_subdag_operator.section-1 to None, run_after=None
[2024-09-22T03:28:31.027+0000] {logging_mixin.py:190} INFO - [2024-09-22T03:28:31.027+0000] {dag.py:4180} INFO - Setting next_dagrun for example_subdag_operator.section-2 to None, run_after=None
[2024-09-22T03:28:31.031+0000] {logging_mixin.py:190} INFO - [2024-09-22T03:28:31.031+0000] {dag.py:3239} INFO - Sync 2 DAGs
[2024-09-22T03:28:31.034+0000] {logging_mixin.py:190} INFO - [2024-09-22T03:28:31.034+0000] {dag.py:4180} INFO - Setting next_dagrun for example_subdag_operator.section-1 to None, run_after=None
[2024-09-22T03:28:31.035+0000] {logging_mixin.py:190} INFO - [2024-09-22T03:28:31.035+0000] {dag.py:4180} INFO - Setting next_dagrun for example_subdag_operator.section-2 to None, run_after=None
[2024-09-22T03:28:31.040+0000] {processor.py:208} INFO - Processing /home/airflow/.local/lib/python3.12/site-packages/airflow/example_dags/example_subdag_operator.py took 0.071 seconds
