[2024-09-22T03:23:58.381+0000] {processor.py:186} INFO - Started process (PID=398) to work on /home/airflow/.local/lib/python3.12/site-packages/airflow/example_dags/example_branch_operator.py
[2024-09-22T03:23:58.382+0000] {processor.py:914} INFO - Processing file /home/airflow/.local/lib/python3.12/site-packages/airflow/example_dags/example_branch_operator.py for tasks to queue
[2024-09-22T03:23:58.385+0000] {logging_mixin.py:190} INFO - [2024-09-22T03:23:58.385+0000] {dagbag.py:588} INFO - Filling up the DagBag from /home/airflow/.local/lib/python3.12/site-packages/airflow/example_dags/example_branch_operator.py
[2024-09-22T03:23:58.431+0000] {processor.py:925} INFO - DAG(s) 'example_branch_operator' retrieved from /home/airflow/.local/lib/python3.12/site-packages/airflow/example_dags/example_branch_operator.py
[2024-09-22T03:23:58.564+0000] {logging_mixin.py:190} INFO - [2024-09-22T03:23:58.564+0000] {override.py:1900} INFO - Created Permission View: can read on DAG:example_branch_operator
[2024-09-22T03:23:58.573+0000] {logging_mixin.py:190} INFO - [2024-09-22T03:23:58.572+0000] {override.py:1900} INFO - Created Permission View: can edit on DAG:example_branch_operator
[2024-09-22T03:23:58.582+0000] {logging_mixin.py:190} INFO - [2024-09-22T03:23:58.582+0000] {override.py:1900} INFO - Created Permission View: can delete on DAG:example_branch_operator
[2024-09-22T03:23:58.596+0000] {logging_mixin.py:190} INFO - [2024-09-22T03:23:58.596+0000] {override.py:1900} INFO - Created Permission View: can read on DAG Run:example_branch_operator
[2024-09-22T03:23:58.613+0000] {logging_mixin.py:190} INFO - [2024-09-22T03:23:58.613+0000] {override.py:1900} INFO - Created Permission View: menu access on DAG Run:example_branch_operator
[2024-09-22T03:23:58.620+0000] {logging_mixin.py:190} INFO - [2024-09-22T03:23:58.620+0000] {override.py:1900} INFO - Created Permission View: can delete on DAG Run:example_branch_operator
[2024-09-22T03:23:58.630+0000] {logging_mixin.py:190} INFO - [2024-09-22T03:23:58.630+0000] {override.py:1900} INFO - Created Permission View: can create on DAG Run:example_branch_operator
[2024-09-22T03:23:58.631+0000] {logging_mixin.py:190} INFO - [2024-09-22T03:23:58.631+0000] {dag.py:3239} INFO - Sync 1 DAGs
[2024-09-22T03:23:58.657+0000] {logging_mixin.py:190} INFO - [2024-09-22T03:23:58.657+0000] {dag.py:3262} INFO - Creating ORM DAG for example_branch_operator
[2024-09-22T03:23:58.674+0000] {logging_mixin.py:190} INFO - [2024-09-22T03:23:58.674+0000] {dag.py:4180} INFO - Setting next_dagrun for example_branch_operator to 2024-09-21 00:00:00+00:00, run_after=2024-09-22 00:00:00+00:00
[2024-09-22T03:23:58.705+0000] {processor.py:208} INFO - Processing /home/airflow/.local/lib/python3.12/site-packages/airflow/example_dags/example_branch_operator.py took 0.337 seconds
[2024-09-22T03:24:28.928+0000] {processor.py:186} INFO - Started process (PID=684) to work on /home/airflow/.local/lib/python3.12/site-packages/airflow/example_dags/example_branch_operator.py
[2024-09-22T03:24:28.931+0000] {processor.py:914} INFO - Processing file /home/airflow/.local/lib/python3.12/site-packages/airflow/example_dags/example_branch_operator.py for tasks to queue
[2024-09-22T03:24:28.932+0000] {logging_mixin.py:190} INFO - [2024-09-22T03:24:28.932+0000] {dagbag.py:588} INFO - Filling up the DagBag from /home/airflow/.local/lib/python3.12/site-packages/airflow/example_dags/example_branch_operator.py
[2024-09-22T03:24:28.951+0000] {processor.py:925} INFO - DAG(s) 'example_branch_operator' retrieved from /home/airflow/.local/lib/python3.12/site-packages/airflow/example_dags/example_branch_operator.py
[2024-09-22T03:24:28.988+0000] {logging_mixin.py:190} INFO - [2024-09-22T03:24:28.988+0000] {dag.py:3239} INFO - Sync 1 DAGs
[2024-09-22T03:24:29.014+0000] {logging_mixin.py:190} INFO - [2024-09-22T03:24:29.014+0000] {dag.py:4180} INFO - Setting next_dagrun for example_branch_operator to 2024-09-21 00:00:00+00:00, run_after=2024-09-22 00:00:00+00:00
[2024-09-22T03:24:29.039+0000] {processor.py:208} INFO - Processing /home/airflow/.local/lib/python3.12/site-packages/airflow/example_dags/example_branch_operator.py took 0.116 seconds
[2024-09-22T03:24:59.872+0000] {processor.py:186} INFO - Started process (PID=970) to work on /home/airflow/.local/lib/python3.12/site-packages/airflow/example_dags/example_branch_operator.py
[2024-09-22T03:24:59.872+0000] {processor.py:914} INFO - Processing file /home/airflow/.local/lib/python3.12/site-packages/airflow/example_dags/example_branch_operator.py for tasks to queue
[2024-09-22T03:24:59.874+0000] {logging_mixin.py:190} INFO - [2024-09-22T03:24:59.873+0000] {dagbag.py:588} INFO - Filling up the DagBag from /home/airflow/.local/lib/python3.12/site-packages/airflow/example_dags/example_branch_operator.py
[2024-09-22T03:24:59.883+0000] {processor.py:925} INFO - DAG(s) 'example_branch_operator' retrieved from /home/airflow/.local/lib/python3.12/site-packages/airflow/example_dags/example_branch_operator.py
[2024-09-22T03:24:59.901+0000] {logging_mixin.py:190} INFO - [2024-09-22T03:24:59.901+0000] {dag.py:3239} INFO - Sync 1 DAGs
[2024-09-22T03:24:59.914+0000] {logging_mixin.py:190} INFO - [2024-09-22T03:24:59.914+0000] {dag.py:4180} INFO - Setting next_dagrun for example_branch_operator to 2024-09-21 00:00:00+00:00, run_after=2024-09-22 00:00:00+00:00
[2024-09-22T03:24:59.925+0000] {processor.py:208} INFO - Processing /home/airflow/.local/lib/python3.12/site-packages/airflow/example_dags/example_branch_operator.py took 0.057 seconds
[2024-09-22T03:25:30.381+0000] {processor.py:186} INFO - Started process (PID=1256) to work on /home/airflow/.local/lib/python3.12/site-packages/airflow/example_dags/example_branch_operator.py
[2024-09-22T03:25:30.382+0000] {processor.py:914} INFO - Processing file /home/airflow/.local/lib/python3.12/site-packages/airflow/example_dags/example_branch_operator.py for tasks to queue
[2024-09-22T03:25:30.383+0000] {logging_mixin.py:190} INFO - [2024-09-22T03:25:30.383+0000] {dagbag.py:588} INFO - Filling up the DagBag from /home/airflow/.local/lib/python3.12/site-packages/airflow/example_dags/example_branch_operator.py
[2024-09-22T03:25:30.393+0000] {processor.py:925} INFO - DAG(s) 'example_branch_operator' retrieved from /home/airflow/.local/lib/python3.12/site-packages/airflow/example_dags/example_branch_operator.py
[2024-09-22T03:25:30.408+0000] {logging_mixin.py:190} INFO - [2024-09-22T03:25:30.408+0000] {dag.py:3239} INFO - Sync 1 DAGs
[2024-09-22T03:25:30.421+0000] {logging_mixin.py:190} INFO - [2024-09-22T03:25:30.421+0000] {dag.py:4180} INFO - Setting next_dagrun for example_branch_operator to 2024-09-21 00:00:00+00:00, run_after=2024-09-22 00:00:00+00:00
[2024-09-22T03:25:30.437+0000] {processor.py:208} INFO - Processing /home/airflow/.local/lib/python3.12/site-packages/airflow/example_dags/example_branch_operator.py took 0.059 seconds
[2024-09-22T03:26:00.899+0000] {processor.py:186} INFO - Started process (PID=1542) to work on /home/airflow/.local/lib/python3.12/site-packages/airflow/example_dags/example_branch_operator.py
[2024-09-22T03:26:00.902+0000] {processor.py:914} INFO - Processing file /home/airflow/.local/lib/python3.12/site-packages/airflow/example_dags/example_branch_operator.py for tasks to queue
[2024-09-22T03:26:00.903+0000] {logging_mixin.py:190} INFO - [2024-09-22T03:26:00.903+0000] {dagbag.py:588} INFO - Filling up the DagBag from /home/airflow/.local/lib/python3.12/site-packages/airflow/example_dags/example_branch_operator.py
[2024-09-22T03:26:00.927+0000] {processor.py:925} INFO - DAG(s) 'example_branch_operator' retrieved from /home/airflow/.local/lib/python3.12/site-packages/airflow/example_dags/example_branch_operator.py
[2024-09-22T03:26:00.959+0000] {logging_mixin.py:190} INFO - [2024-09-22T03:26:00.959+0000] {dag.py:3239} INFO - Sync 1 DAGs
[2024-09-22T03:26:00.979+0000] {logging_mixin.py:190} INFO - [2024-09-22T03:26:00.979+0000] {dag.py:4180} INFO - Setting next_dagrun for example_branch_operator to 2024-09-21 00:00:00+00:00, run_after=2024-09-22 00:00:00+00:00
[2024-09-22T03:26:00.995+0000] {processor.py:208} INFO - Processing /home/airflow/.local/lib/python3.12/site-packages/airflow/example_dags/example_branch_operator.py took 0.108 seconds
[2024-09-22T03:26:31.833+0000] {processor.py:186} INFO - Started process (PID=1830) to work on /home/airflow/.local/lib/python3.12/site-packages/airflow/example_dags/example_branch_operator.py
[2024-09-22T03:26:31.835+0000] {processor.py:914} INFO - Processing file /home/airflow/.local/lib/python3.12/site-packages/airflow/example_dags/example_branch_operator.py for tasks to queue
[2024-09-22T03:26:31.836+0000] {logging_mixin.py:190} INFO - [2024-09-22T03:26:31.836+0000] {dagbag.py:588} INFO - Filling up the DagBag from /home/airflow/.local/lib/python3.12/site-packages/airflow/example_dags/example_branch_operator.py
[2024-09-22T03:26:31.859+0000] {processor.py:925} INFO - DAG(s) 'example_branch_operator' retrieved from /home/airflow/.local/lib/python3.12/site-packages/airflow/example_dags/example_branch_operator.py
[2024-09-22T03:26:31.888+0000] {logging_mixin.py:190} INFO - [2024-09-22T03:26:31.887+0000] {dag.py:3239} INFO - Sync 1 DAGs
[2024-09-22T03:26:31.914+0000] {logging_mixin.py:190} INFO - [2024-09-22T03:26:31.914+0000] {dag.py:4180} INFO - Setting next_dagrun for example_branch_operator to 2024-09-21 00:00:00+00:00, run_after=2024-09-22 00:00:00+00:00
[2024-09-22T03:26:31.932+0000] {processor.py:208} INFO - Processing /home/airflow/.local/lib/python3.12/site-packages/airflow/example_dags/example_branch_operator.py took 0.107 seconds
[2024-09-22T03:27:02.229+0000] {processor.py:186} INFO - Started process (PID=2114) to work on /home/airflow/.local/lib/python3.12/site-packages/airflow/example_dags/example_branch_operator.py
[2024-09-22T03:27:02.230+0000] {processor.py:914} INFO - Processing file /home/airflow/.local/lib/python3.12/site-packages/airflow/example_dags/example_branch_operator.py for tasks to queue
[2024-09-22T03:27:02.233+0000] {logging_mixin.py:190} INFO - [2024-09-22T03:27:02.233+0000] {dagbag.py:588} INFO - Filling up the DagBag from /home/airflow/.local/lib/python3.12/site-packages/airflow/example_dags/example_branch_operator.py
[2024-09-22T03:27:02.243+0000] {processor.py:925} INFO - DAG(s) 'example_branch_operator' retrieved from /home/airflow/.local/lib/python3.12/site-packages/airflow/example_dags/example_branch_operator.py
[2024-09-22T03:27:02.263+0000] {logging_mixin.py:190} INFO - [2024-09-22T03:27:02.263+0000] {dag.py:3239} INFO - Sync 1 DAGs
[2024-09-22T03:27:02.277+0000] {logging_mixin.py:190} INFO - [2024-09-22T03:27:02.277+0000] {dag.py:4180} INFO - Setting next_dagrun for example_branch_operator to 2024-09-21 00:00:00+00:00, run_after=2024-09-22 00:00:00+00:00
[2024-09-22T03:27:02.293+0000] {processor.py:208} INFO - Processing /home/airflow/.local/lib/python3.12/site-packages/airflow/example_dags/example_branch_operator.py took 0.068 seconds
[2024-09-22T03:27:32.632+0000] {processor.py:186} INFO - Started process (PID=2399) to work on /home/airflow/.local/lib/python3.12/site-packages/airflow/example_dags/example_branch_operator.py
[2024-09-22T03:27:32.632+0000] {processor.py:914} INFO - Processing file /home/airflow/.local/lib/python3.12/site-packages/airflow/example_dags/example_branch_operator.py for tasks to queue
[2024-09-22T03:27:32.634+0000] {logging_mixin.py:190} INFO - [2024-09-22T03:27:32.634+0000] {dagbag.py:588} INFO - Filling up the DagBag from /home/airflow/.local/lib/python3.12/site-packages/airflow/example_dags/example_branch_operator.py
[2024-09-22T03:27:32.644+0000] {processor.py:925} INFO - DAG(s) 'example_branch_operator' retrieved from /home/airflow/.local/lib/python3.12/site-packages/airflow/example_dags/example_branch_operator.py
[2024-09-22T03:27:32.663+0000] {logging_mixin.py:190} INFO - [2024-09-22T03:27:32.663+0000] {dag.py:3239} INFO - Sync 1 DAGs
[2024-09-22T03:27:32.680+0000] {logging_mixin.py:190} INFO - [2024-09-22T03:27:32.680+0000] {dag.py:4180} INFO - Setting next_dagrun for example_branch_operator to 2024-09-21 00:00:00+00:00, run_after=2024-09-22 00:00:00+00:00
[2024-09-22T03:27:32.694+0000] {processor.py:208} INFO - Processing /home/airflow/.local/lib/python3.12/site-packages/airflow/example_dags/example_branch_operator.py took 0.066 seconds
[2024-09-22T03:28:03.031+0000] {processor.py:186} INFO - Started process (PID=2685) to work on /home/airflow/.local/lib/python3.12/site-packages/airflow/example_dags/example_branch_operator.py
[2024-09-22T03:28:03.032+0000] {processor.py:914} INFO - Processing file /home/airflow/.local/lib/python3.12/site-packages/airflow/example_dags/example_branch_operator.py for tasks to queue
[2024-09-22T03:28:03.033+0000] {logging_mixin.py:190} INFO - [2024-09-22T03:28:03.033+0000] {dagbag.py:588} INFO - Filling up the DagBag from /home/airflow/.local/lib/python3.12/site-packages/airflow/example_dags/example_branch_operator.py
[2024-09-22T03:28:03.043+0000] {processor.py:925} INFO - DAG(s) 'example_branch_operator' retrieved from /home/airflow/.local/lib/python3.12/site-packages/airflow/example_dags/example_branch_operator.py
[2024-09-22T03:28:03.059+0000] {logging_mixin.py:190} INFO - [2024-09-22T03:28:03.059+0000] {dag.py:3239} INFO - Sync 1 DAGs
[2024-09-22T03:28:03.071+0000] {logging_mixin.py:190} INFO - [2024-09-22T03:28:03.071+0000] {dag.py:4180} INFO - Setting next_dagrun for example_branch_operator to 2024-09-21 00:00:00+00:00, run_after=2024-09-22 00:00:00+00:00
[2024-09-22T03:28:03.080+0000] {processor.py:208} INFO - Processing /home/airflow/.local/lib/python3.12/site-packages/airflow/example_dags/example_branch_operator.py took 0.052 seconds
[2024-09-22T03:28:33.396+0000] {processor.py:186} INFO - Started process (PID=2971) to work on /home/airflow/.local/lib/python3.12/site-packages/airflow/example_dags/example_branch_operator.py
[2024-09-22T03:28:33.396+0000] {processor.py:914} INFO - Processing file /home/airflow/.local/lib/python3.12/site-packages/airflow/example_dags/example_branch_operator.py for tasks to queue
[2024-09-22T03:28:33.397+0000] {logging_mixin.py:190} INFO - [2024-09-22T03:28:33.397+0000] {dagbag.py:588} INFO - Filling up the DagBag from /home/airflow/.local/lib/python3.12/site-packages/airflow/example_dags/example_branch_operator.py
[2024-09-22T03:28:33.407+0000] {processor.py:925} INFO - DAG(s) 'example_branch_operator' retrieved from /home/airflow/.local/lib/python3.12/site-packages/airflow/example_dags/example_branch_operator.py
[2024-09-22T03:28:33.424+0000] {logging_mixin.py:190} INFO - [2024-09-22T03:28:33.424+0000] {dag.py:3239} INFO - Sync 1 DAGs
[2024-09-22T03:28:33.437+0000] {logging_mixin.py:190} INFO - [2024-09-22T03:28:33.437+0000] {dag.py:4180} INFO - Setting next_dagrun for example_branch_operator to 2024-09-21 00:00:00+00:00, run_after=2024-09-22 00:00:00+00:00
[2024-09-22T03:28:33.449+0000] {processor.py:208} INFO - Processing /home/airflow/.local/lib/python3.12/site-packages/airflow/example_dags/example_branch_operator.py took 0.058 seconds
