[2024-09-22T03:23:59.233+0000] {processor.py:186} INFO - Started process (PID=418) to work on /home/airflow/.local/lib/python3.12/site-packages/airflow/example_dags/example_external_task_marker_dag.py
[2024-09-22T03:23:59.235+0000] {processor.py:914} INFO - Processing file /home/airflow/.local/lib/python3.12/site-packages/airflow/example_dags/example_external_task_marker_dag.py for tasks to queue
[2024-09-22T03:23:59.242+0000] {logging_mixin.py:190} INFO - [2024-09-22T03:23:59.239+0000] {dagbag.py:588} INFO - Filling up the DagBag from /home/airflow/.local/lib/python3.12/site-packages/airflow/example_dags/example_external_task_marker_dag.py
[2024-09-22T03:23:59.259+0000] {processor.py:925} INFO - DAG(s) 'example_external_task_marker_child', 'example_external_task_marker_parent' retrieved from /home/airflow/.local/lib/python3.12/site-packages/airflow/example_dags/example_external_task_marker_dag.py
[2024-09-22T03:23:59.478+0000] {logging_mixin.py:190} INFO - [2024-09-22T03:23:59.478+0000] {override.py:1900} INFO - Created Permission View: can read on DAG:example_external_task_marker_child
[2024-09-22T03:23:59.503+0000] {logging_mixin.py:190} INFO - [2024-09-22T03:23:59.503+0000] {override.py:1900} INFO - Created Permission View: can edit on DAG:example_external_task_marker_child
[2024-09-22T03:23:59.521+0000] {logging_mixin.py:190} INFO - [2024-09-22T03:23:59.521+0000] {override.py:1900} INFO - Created Permission View: can delete on DAG:example_external_task_marker_child
[2024-09-22T03:23:59.535+0000] {logging_mixin.py:190} INFO - [2024-09-22T03:23:59.535+0000] {override.py:1900} INFO - Created Permission View: can read on DAG Run:example_external_task_marker_child
[2024-09-22T03:23:59.547+0000] {logging_mixin.py:190} INFO - [2024-09-22T03:23:59.547+0000] {override.py:1900} INFO - Created Permission View: menu access on DAG Run:example_external_task_marker_child
[2024-09-22T03:23:59.555+0000] {logging_mixin.py:190} INFO - [2024-09-22T03:23:59.554+0000] {override.py:1900} INFO - Created Permission View: can delete on DAG Run:example_external_task_marker_child
[2024-09-22T03:23:59.560+0000] {logging_mixin.py:190} INFO - [2024-09-22T03:23:59.559+0000] {override.py:1900} INFO - Created Permission View: can create on DAG Run:example_external_task_marker_child
[2024-09-22T03:23:59.596+0000] {logging_mixin.py:190} INFO - [2024-09-22T03:23:59.596+0000] {override.py:1900} INFO - Created Permission View: can read on DAG:example_external_task_marker_parent
[2024-09-22T03:23:59.620+0000] {logging_mixin.py:190} INFO - [2024-09-22T03:23:59.620+0000] {override.py:1900} INFO - Created Permission View: can edit on DAG:example_external_task_marker_parent
[2024-09-22T03:23:59.637+0000] {logging_mixin.py:190} INFO - [2024-09-22T03:23:59.637+0000] {override.py:1900} INFO - Created Permission View: can delete on DAG:example_external_task_marker_parent
[2024-09-22T03:23:59.652+0000] {logging_mixin.py:190} INFO - [2024-09-22T03:23:59.652+0000] {override.py:1900} INFO - Created Permission View: can read on DAG Run:example_external_task_marker_parent
[2024-09-22T03:23:59.660+0000] {logging_mixin.py:190} INFO - [2024-09-22T03:23:59.660+0000] {override.py:1900} INFO - Created Permission View: menu access on DAG Run:example_external_task_marker_parent
[2024-09-22T03:23:59.667+0000] {logging_mixin.py:190} INFO - [2024-09-22T03:23:59.667+0000] {override.py:1900} INFO - Created Permission View: can delete on DAG Run:example_external_task_marker_parent
[2024-09-22T03:23:59.676+0000] {logging_mixin.py:190} INFO - [2024-09-22T03:23:59.676+0000] {override.py:1900} INFO - Created Permission View: can create on DAG Run:example_external_task_marker_parent
[2024-09-22T03:23:59.676+0000] {logging_mixin.py:190} INFO - [2024-09-22T03:23:59.676+0000] {dag.py:3239} INFO - Sync 2 DAGs
[2024-09-22T03:23:59.698+0000] {logging_mixin.py:190} INFO - [2024-09-22T03:23:59.698+0000] {dag.py:3262} INFO - Creating ORM DAG for example_external_task_marker_child
[2024-09-22T03:23:59.700+0000] {logging_mixin.py:190} INFO - [2024-09-22T03:23:59.700+0000] {dag.py:3262} INFO - Creating ORM DAG for example_external_task_marker_parent
[2024-09-22T03:23:59.701+0000] {logging_mixin.py:190} INFO - [2024-09-22T03:23:59.700+0000] {dag.py:4180} INFO - Setting next_dagrun for example_external_task_marker_child to None, run_after=None
[2024-09-22T03:23:59.701+0000] {logging_mixin.py:190} INFO - [2024-09-22T03:23:59.701+0000] {dag.py:4180} INFO - Setting next_dagrun for example_external_task_marker_parent to None, run_after=None
[2024-09-22T03:23:59.728+0000] {processor.py:208} INFO - Processing /home/airflow/.local/lib/python3.12/site-packages/airflow/example_dags/example_external_task_marker_dag.py took 0.512 seconds
[2024-09-22T03:24:30.267+0000] {processor.py:186} INFO - Started process (PID=706) to work on /home/airflow/.local/lib/python3.12/site-packages/airflow/example_dags/example_external_task_marker_dag.py
[2024-09-22T03:24:30.268+0000] {processor.py:914} INFO - Processing file /home/airflow/.local/lib/python3.12/site-packages/airflow/example_dags/example_external_task_marker_dag.py for tasks to queue
[2024-09-22T03:24:30.272+0000] {logging_mixin.py:190} INFO - [2024-09-22T03:24:30.272+0000] {dagbag.py:588} INFO - Filling up the DagBag from /home/airflow/.local/lib/python3.12/site-packages/airflow/example_dags/example_external_task_marker_dag.py
[2024-09-22T03:24:30.288+0000] {processor.py:925} INFO - DAG(s) 'example_external_task_marker_child', 'example_external_task_marker_parent' retrieved from /home/airflow/.local/lib/python3.12/site-packages/airflow/example_dags/example_external_task_marker_dag.py
[2024-09-22T03:24:30.315+0000] {logging_mixin.py:190} INFO - [2024-09-22T03:24:30.315+0000] {dag.py:3239} INFO - Sync 2 DAGs
[2024-09-22T03:24:30.335+0000] {logging_mixin.py:190} INFO - [2024-09-22T03:24:30.335+0000] {dag.py:4180} INFO - Setting next_dagrun for example_external_task_marker_child to None, run_after=None
[2024-09-22T03:24:30.339+0000] {logging_mixin.py:190} INFO - [2024-09-22T03:24:30.339+0000] {dag.py:4180} INFO - Setting next_dagrun for example_external_task_marker_parent to None, run_after=None
[2024-09-22T03:24:30.369+0000] {processor.py:208} INFO - Processing /home/airflow/.local/lib/python3.12/site-packages/airflow/example_dags/example_external_task_marker_dag.py took 0.109 seconds
[2024-09-22T03:25:01.106+0000] {processor.py:186} INFO - Started process (PID=992) to work on /home/airflow/.local/lib/python3.12/site-packages/airflow/example_dags/example_external_task_marker_dag.py
[2024-09-22T03:25:01.108+0000] {processor.py:914} INFO - Processing file /home/airflow/.local/lib/python3.12/site-packages/airflow/example_dags/example_external_task_marker_dag.py for tasks to queue
[2024-09-22T03:25:01.109+0000] {logging_mixin.py:190} INFO - [2024-09-22T03:25:01.109+0000] {dagbag.py:588} INFO - Filling up the DagBag from /home/airflow/.local/lib/python3.12/site-packages/airflow/example_dags/example_external_task_marker_dag.py
[2024-09-22T03:25:01.114+0000] {processor.py:925} INFO - DAG(s) 'example_external_task_marker_child', 'example_external_task_marker_parent' retrieved from /home/airflow/.local/lib/python3.12/site-packages/airflow/example_dags/example_external_task_marker_dag.py
[2024-09-22T03:25:01.131+0000] {logging_mixin.py:190} INFO - [2024-09-22T03:25:01.131+0000] {dag.py:3239} INFO - Sync 2 DAGs
[2024-09-22T03:25:01.142+0000] {logging_mixin.py:190} INFO - [2024-09-22T03:25:01.141+0000] {dag.py:4180} INFO - Setting next_dagrun for example_external_task_marker_child to None, run_after=None
[2024-09-22T03:25:01.145+0000] {logging_mixin.py:190} INFO - [2024-09-22T03:25:01.145+0000] {dag.py:4180} INFO - Setting next_dagrun for example_external_task_marker_parent to None, run_after=None
[2024-09-22T03:25:01.154+0000] {processor.py:208} INFO - Processing /home/airflow/.local/lib/python3.12/site-packages/airflow/example_dags/example_external_task_marker_dag.py took 0.052 seconds
[2024-09-22T03:25:31.575+0000] {processor.py:186} INFO - Started process (PID=1277) to work on /home/airflow/.local/lib/python3.12/site-packages/airflow/example_dags/example_external_task_marker_dag.py
[2024-09-22T03:25:31.576+0000] {processor.py:914} INFO - Processing file /home/airflow/.local/lib/python3.12/site-packages/airflow/example_dags/example_external_task_marker_dag.py for tasks to queue
[2024-09-22T03:25:31.579+0000] {logging_mixin.py:190} INFO - [2024-09-22T03:25:31.579+0000] {dagbag.py:588} INFO - Filling up the DagBag from /home/airflow/.local/lib/python3.12/site-packages/airflow/example_dags/example_external_task_marker_dag.py
[2024-09-22T03:25:31.585+0000] {processor.py:925} INFO - DAG(s) 'example_external_task_marker_parent', 'example_external_task_marker_child' retrieved from /home/airflow/.local/lib/python3.12/site-packages/airflow/example_dags/example_external_task_marker_dag.py
[2024-09-22T03:25:31.600+0000] {logging_mixin.py:190} INFO - [2024-09-22T03:25:31.599+0000] {dag.py:3239} INFO - Sync 2 DAGs
[2024-09-22T03:25:31.610+0000] {logging_mixin.py:190} INFO - [2024-09-22T03:25:31.610+0000] {dag.py:4180} INFO - Setting next_dagrun for example_external_task_marker_child to None, run_after=None
[2024-09-22T03:25:31.613+0000] {logging_mixin.py:190} INFO - [2024-09-22T03:25:31.613+0000] {dag.py:4180} INFO - Setting next_dagrun for example_external_task_marker_parent to None, run_after=None
[2024-09-22T03:25:31.624+0000] {processor.py:208} INFO - Processing /home/airflow/.local/lib/python3.12/site-packages/airflow/example_dags/example_external_task_marker_dag.py took 0.052 seconds
[2024-09-22T03:26:02.213+0000] {processor.py:186} INFO - Started process (PID=1564) to work on /home/airflow/.local/lib/python3.12/site-packages/airflow/example_dags/example_external_task_marker_dag.py
[2024-09-22T03:26:02.215+0000] {processor.py:914} INFO - Processing file /home/airflow/.local/lib/python3.12/site-packages/airflow/example_dags/example_external_task_marker_dag.py for tasks to queue
[2024-09-22T03:26:02.218+0000] {logging_mixin.py:190} INFO - [2024-09-22T03:26:02.217+0000] {dagbag.py:588} INFO - Filling up the DagBag from /home/airflow/.local/lib/python3.12/site-packages/airflow/example_dags/example_external_task_marker_dag.py
[2024-09-22T03:26:02.223+0000] {processor.py:925} INFO - DAG(s) 'example_external_task_marker_parent', 'example_external_task_marker_child' retrieved from /home/airflow/.local/lib/python3.12/site-packages/airflow/example_dags/example_external_task_marker_dag.py
[2024-09-22T03:26:02.243+0000] {logging_mixin.py:190} INFO - [2024-09-22T03:26:02.243+0000] {dag.py:3239} INFO - Sync 2 DAGs
[2024-09-22T03:26:02.251+0000] {logging_mixin.py:190} INFO - [2024-09-22T03:26:02.251+0000] {dag.py:4180} INFO - Setting next_dagrun for example_external_task_marker_child to None, run_after=None
[2024-09-22T03:26:02.254+0000] {logging_mixin.py:190} INFO - [2024-09-22T03:26:02.254+0000] {dag.py:4180} INFO - Setting next_dagrun for example_external_task_marker_parent to None, run_after=None
[2024-09-22T03:26:02.262+0000] {processor.py:208} INFO - Processing /home/airflow/.local/lib/python3.12/site-packages/airflow/example_dags/example_external_task_marker_dag.py took 0.052 seconds
[2024-09-22T03:26:33.204+0000] {processor.py:186} INFO - Started process (PID=1848) to work on /home/airflow/.local/lib/python3.12/site-packages/airflow/example_dags/example_external_task_marker_dag.py
[2024-09-22T03:26:33.208+0000] {processor.py:914} INFO - Processing file /home/airflow/.local/lib/python3.12/site-packages/airflow/example_dags/example_external_task_marker_dag.py for tasks to queue
[2024-09-22T03:26:33.215+0000] {logging_mixin.py:190} INFO - [2024-09-22T03:26:33.214+0000] {dagbag.py:588} INFO - Filling up the DagBag from /home/airflow/.local/lib/python3.12/site-packages/airflow/example_dags/example_external_task_marker_dag.py
[2024-09-22T03:26:33.227+0000] {processor.py:925} INFO - DAG(s) 'example_external_task_marker_child', 'example_external_task_marker_parent' retrieved from /home/airflow/.local/lib/python3.12/site-packages/airflow/example_dags/example_external_task_marker_dag.py
[2024-09-22T03:26:33.277+0000] {logging_mixin.py:190} INFO - [2024-09-22T03:26:33.277+0000] {dag.py:3239} INFO - Sync 2 DAGs
[2024-09-22T03:26:33.309+0000] {logging_mixin.py:190} INFO - [2024-09-22T03:26:33.309+0000] {dag.py:4180} INFO - Setting next_dagrun for example_external_task_marker_child to None, run_after=None
[2024-09-22T03:26:33.321+0000] {logging_mixin.py:190} INFO - [2024-09-22T03:26:33.321+0000] {dag.py:4180} INFO - Setting next_dagrun for example_external_task_marker_parent to None, run_after=None
[2024-09-22T03:26:33.346+0000] {processor.py:208} INFO - Processing /home/airflow/.local/lib/python3.12/site-packages/airflow/example_dags/example_external_task_marker_dag.py took 0.156 seconds
[2024-09-22T03:27:03.443+0000] {processor.py:186} INFO - Started process (PID=2134) to work on /home/airflow/.local/lib/python3.12/site-packages/airflow/example_dags/example_external_task_marker_dag.py
[2024-09-22T03:27:03.444+0000] {processor.py:914} INFO - Processing file /home/airflow/.local/lib/python3.12/site-packages/airflow/example_dags/example_external_task_marker_dag.py for tasks to queue
[2024-09-22T03:27:03.446+0000] {logging_mixin.py:190} INFO - [2024-09-22T03:27:03.446+0000] {dagbag.py:588} INFO - Filling up the DagBag from /home/airflow/.local/lib/python3.12/site-packages/airflow/example_dags/example_external_task_marker_dag.py
[2024-09-22T03:27:03.451+0000] {processor.py:925} INFO - DAG(s) 'example_external_task_marker_child', 'example_external_task_marker_parent' retrieved from /home/airflow/.local/lib/python3.12/site-packages/airflow/example_dags/example_external_task_marker_dag.py
[2024-09-22T03:27:03.465+0000] {logging_mixin.py:190} INFO - [2024-09-22T03:27:03.465+0000] {dag.py:3239} INFO - Sync 2 DAGs
[2024-09-22T03:27:03.474+0000] {logging_mixin.py:190} INFO - [2024-09-22T03:27:03.474+0000] {dag.py:4180} INFO - Setting next_dagrun for example_external_task_marker_child to None, run_after=None
[2024-09-22T03:27:03.476+0000] {logging_mixin.py:190} INFO - [2024-09-22T03:27:03.476+0000] {dag.py:4180} INFO - Setting next_dagrun for example_external_task_marker_parent to None, run_after=None
[2024-09-22T03:27:03.484+0000] {processor.py:208} INFO - Processing /home/airflow/.local/lib/python3.12/site-packages/airflow/example_dags/example_external_task_marker_dag.py took 0.045 seconds
[2024-09-22T03:27:33.844+0000] {processor.py:186} INFO - Started process (PID=2421) to work on /home/airflow/.local/lib/python3.12/site-packages/airflow/example_dags/example_external_task_marker_dag.py
[2024-09-22T03:27:33.845+0000] {processor.py:914} INFO - Processing file /home/airflow/.local/lib/python3.12/site-packages/airflow/example_dags/example_external_task_marker_dag.py for tasks to queue
[2024-09-22T03:27:33.846+0000] {logging_mixin.py:190} INFO - [2024-09-22T03:27:33.846+0000] {dagbag.py:588} INFO - Filling up the DagBag from /home/airflow/.local/lib/python3.12/site-packages/airflow/example_dags/example_external_task_marker_dag.py
[2024-09-22T03:27:33.851+0000] {processor.py:925} INFO - DAG(s) 'example_external_task_marker_parent', 'example_external_task_marker_child' retrieved from /home/airflow/.local/lib/python3.12/site-packages/airflow/example_dags/example_external_task_marker_dag.py
[2024-09-22T03:27:33.865+0000] {logging_mixin.py:190} INFO - [2024-09-22T03:27:33.865+0000] {dag.py:3239} INFO - Sync 2 DAGs
[2024-09-22T03:27:33.874+0000] {logging_mixin.py:190} INFO - [2024-09-22T03:27:33.874+0000] {dag.py:4180} INFO - Setting next_dagrun for example_external_task_marker_child to None, run_after=None
[2024-09-22T03:27:33.876+0000] {logging_mixin.py:190} INFO - [2024-09-22T03:27:33.876+0000] {dag.py:4180} INFO - Setting next_dagrun for example_external_task_marker_parent to None, run_after=None
[2024-09-22T03:27:33.886+0000] {processor.py:208} INFO - Processing /home/airflow/.local/lib/python3.12/site-packages/airflow/example_dags/example_external_task_marker_dag.py took 0.045 seconds
[2024-09-22T03:28:04.241+0000] {processor.py:186} INFO - Started process (PID=2705) to work on /home/airflow/.local/lib/python3.12/site-packages/airflow/example_dags/example_external_task_marker_dag.py
[2024-09-22T03:28:04.241+0000] {processor.py:914} INFO - Processing file /home/airflow/.local/lib/python3.12/site-packages/airflow/example_dags/example_external_task_marker_dag.py for tasks to queue
[2024-09-22T03:28:04.243+0000] {logging_mixin.py:190} INFO - [2024-09-22T03:28:04.242+0000] {dagbag.py:588} INFO - Filling up the DagBag from /home/airflow/.local/lib/python3.12/site-packages/airflow/example_dags/example_external_task_marker_dag.py
[2024-09-22T03:28:04.247+0000] {processor.py:925} INFO - DAG(s) 'example_external_task_marker_child', 'example_external_task_marker_parent' retrieved from /home/airflow/.local/lib/python3.12/site-packages/airflow/example_dags/example_external_task_marker_dag.py
[2024-09-22T03:28:04.260+0000] {logging_mixin.py:190} INFO - [2024-09-22T03:28:04.260+0000] {dag.py:3239} INFO - Sync 2 DAGs
[2024-09-22T03:28:04.269+0000] {logging_mixin.py:190} INFO - [2024-09-22T03:28:04.269+0000] {dag.py:4180} INFO - Setting next_dagrun for example_external_task_marker_child to None, run_after=None
[2024-09-22T03:28:04.271+0000] {logging_mixin.py:190} INFO - [2024-09-22T03:28:04.271+0000] {dag.py:4180} INFO - Setting next_dagrun for example_external_task_marker_parent to None, run_after=None
[2024-09-22T03:28:04.280+0000] {processor.py:208} INFO - Processing /home/airflow/.local/lib/python3.12/site-packages/airflow/example_dags/example_external_task_marker_dag.py took 0.042 seconds
[2024-09-22T03:28:34.613+0000] {processor.py:186} INFO - Started process (PID=2991) to work on /home/airflow/.local/lib/python3.12/site-packages/airflow/example_dags/example_external_task_marker_dag.py
[2024-09-22T03:28:34.613+0000] {processor.py:914} INFO - Processing file /home/airflow/.local/lib/python3.12/site-packages/airflow/example_dags/example_external_task_marker_dag.py for tasks to queue
[2024-09-22T03:28:34.615+0000] {logging_mixin.py:190} INFO - [2024-09-22T03:28:34.615+0000] {dagbag.py:588} INFO - Filling up the DagBag from /home/airflow/.local/lib/python3.12/site-packages/airflow/example_dags/example_external_task_marker_dag.py
[2024-09-22T03:28:34.620+0000] {processor.py:925} INFO - DAG(s) 'example_external_task_marker_parent', 'example_external_task_marker_child' retrieved from /home/airflow/.local/lib/python3.12/site-packages/airflow/example_dags/example_external_task_marker_dag.py
[2024-09-22T03:28:34.632+0000] {logging_mixin.py:190} INFO - [2024-09-22T03:28:34.632+0000] {dag.py:3239} INFO - Sync 2 DAGs
[2024-09-22T03:28:34.641+0000] {logging_mixin.py:190} INFO - [2024-09-22T03:28:34.641+0000] {dag.py:4180} INFO - Setting next_dagrun for example_external_task_marker_child to None, run_after=None
[2024-09-22T03:28:34.644+0000] {logging_mixin.py:190} INFO - [2024-09-22T03:28:34.644+0000] {dag.py:4180} INFO - Setting next_dagrun for example_external_task_marker_parent to None, run_after=None
[2024-09-22T03:28:34.652+0000] {processor.py:208} INFO - Processing /home/airflow/.local/lib/python3.12/site-packages/airflow/example_dags/example_external_task_marker_dag.py took 0.043 seconds
