[2024-09-22T03:23:59.901+0000] {processor.py:186} INFO - Started process (PID=433) to work on /home/airflow/.local/lib/python3.12/site-packages/airflow/example_dags/example_trigger_target_dag.py
[2024-09-22T03:23:59.903+0000] {processor.py:914} INFO - Processing file /home/airflow/.local/lib/python3.12/site-packages/airflow/example_dags/example_trigger_target_dag.py for tasks to queue
[2024-09-22T03:23:59.907+0000] {logging_mixin.py:190} INFO - [2024-09-22T03:23:59.907+0000] {dagbag.py:588} INFO - Filling up the DagBag from /home/airflow/.local/lib/python3.12/site-packages/airflow/example_dags/example_trigger_target_dag.py
[2024-09-22T03:23:59.925+0000] {processor.py:925} INFO - DAG(s) 'example_trigger_target_dag' retrieved from /home/airflow/.local/lib/python3.12/site-packages/airflow/example_dags/example_trigger_target_dag.py
[2024-09-22T03:24:00.133+0000] {logging_mixin.py:190} INFO - [2024-09-22T03:24:00.133+0000] {override.py:1900} INFO - Created Permission View: can read on DAG:example_trigger_target_dag
[2024-09-22T03:24:00.154+0000] {logging_mixin.py:190} INFO - [2024-09-22T03:24:00.154+0000] {override.py:1900} INFO - Created Permission View: can edit on DAG:example_trigger_target_dag
[2024-09-22T03:24:00.167+0000] {logging_mixin.py:190} INFO - [2024-09-22T03:24:00.167+0000] {override.py:1900} INFO - Created Permission View: can delete on DAG:example_trigger_target_dag
[2024-09-22T03:24:00.183+0000] {logging_mixin.py:190} INFO - [2024-09-22T03:24:00.183+0000] {override.py:1900} INFO - Created Permission View: can read on DAG Run:example_trigger_target_dag
[2024-09-22T03:24:00.193+0000] {logging_mixin.py:190} INFO - [2024-09-22T03:24:00.193+0000] {override.py:1900} INFO - Created Permission View: menu access on DAG Run:example_trigger_target_dag
[2024-09-22T03:24:00.203+0000] {logging_mixin.py:190} INFO - [2024-09-22T03:24:00.203+0000] {override.py:1900} INFO - Created Permission View: can delete on DAG Run:example_trigger_target_dag
[2024-09-22T03:24:00.217+0000] {logging_mixin.py:190} INFO - [2024-09-22T03:24:00.217+0000] {override.py:1900} INFO - Created Permission View: can create on DAG Run:example_trigger_target_dag
[2024-09-22T03:24:00.217+0000] {logging_mixin.py:190} INFO - [2024-09-22T03:24:00.217+0000] {dag.py:3239} INFO - Sync 1 DAGs
[2024-09-22T03:24:00.240+0000] {logging_mixin.py:190} INFO - [2024-09-22T03:24:00.238+0000] {dag.py:3262} INFO - Creating ORM DAG for example_trigger_target_dag
[2024-09-22T03:24:00.241+0000] {logging_mixin.py:190} INFO - [2024-09-22T03:24:00.241+0000] {dag.py:4180} INFO - Setting next_dagrun for example_trigger_target_dag to None, run_after=None
[2024-09-22T03:24:00.268+0000] {processor.py:208} INFO - Processing /home/airflow/.local/lib/python3.12/site-packages/airflow/example_dags/example_trigger_target_dag.py took 0.380 seconds
[2024-09-22T03:24:30.419+0000] {processor.py:186} INFO - Started process (PID=714) to work on /home/airflow/.local/lib/python3.12/site-packages/airflow/example_dags/example_trigger_target_dag.py
[2024-09-22T03:24:30.422+0000] {processor.py:914} INFO - Processing file /home/airflow/.local/lib/python3.12/site-packages/airflow/example_dags/example_trigger_target_dag.py for tasks to queue
[2024-09-22T03:24:30.425+0000] {logging_mixin.py:190} INFO - [2024-09-22T03:24:30.425+0000] {dagbag.py:588} INFO - Filling up the DagBag from /home/airflow/.local/lib/python3.12/site-packages/airflow/example_dags/example_trigger_target_dag.py
[2024-09-22T03:24:30.442+0000] {processor.py:925} INFO - DAG(s) 'example_trigger_target_dag' retrieved from /home/airflow/.local/lib/python3.12/site-packages/airflow/example_dags/example_trigger_target_dag.py
[2024-09-22T03:24:30.475+0000] {logging_mixin.py:190} INFO - [2024-09-22T03:24:30.474+0000] {dag.py:3239} INFO - Sync 1 DAGs
[2024-09-22T03:24:30.488+0000] {logging_mixin.py:190} INFO - [2024-09-22T03:24:30.487+0000] {dag.py:4180} INFO - Setting next_dagrun for example_trigger_target_dag to None, run_after=None
[2024-09-22T03:24:30.516+0000] {processor.py:208} INFO - Processing /home/airflow/.local/lib/python3.12/site-packages/airflow/example_dags/example_trigger_target_dag.py took 0.105 seconds
[2024-09-22T03:25:01.177+0000] {processor.py:186} INFO - Started process (PID=1000) to work on /home/airflow/.local/lib/python3.12/site-packages/airflow/example_dags/example_trigger_target_dag.py
[2024-09-22T03:25:01.179+0000] {processor.py:914} INFO - Processing file /home/airflow/.local/lib/python3.12/site-packages/airflow/example_dags/example_trigger_target_dag.py for tasks to queue
[2024-09-22T03:25:01.180+0000] {logging_mixin.py:190} INFO - [2024-09-22T03:25:01.180+0000] {dagbag.py:588} INFO - Filling up the DagBag from /home/airflow/.local/lib/python3.12/site-packages/airflow/example_dags/example_trigger_target_dag.py
[2024-09-22T03:25:01.185+0000] {processor.py:925} INFO - DAG(s) 'example_trigger_target_dag' retrieved from /home/airflow/.local/lib/python3.12/site-packages/airflow/example_dags/example_trigger_target_dag.py
[2024-09-22T03:25:01.195+0000] {logging_mixin.py:190} INFO - [2024-09-22T03:25:01.195+0000] {dag.py:3239} INFO - Sync 1 DAGs
[2024-09-22T03:25:01.203+0000] {logging_mixin.py:190} INFO - [2024-09-22T03:25:01.203+0000] {dag.py:4180} INFO - Setting next_dagrun for example_trigger_target_dag to None, run_after=None
[2024-09-22T03:25:01.211+0000] {processor.py:208} INFO - Processing /home/airflow/.local/lib/python3.12/site-packages/airflow/example_dags/example_trigger_target_dag.py took 0.038 seconds
[2024-09-22T03:25:31.646+0000] {processor.py:186} INFO - Started process (PID=1286) to work on /home/airflow/.local/lib/python3.12/site-packages/airflow/example_dags/example_trigger_target_dag.py
[2024-09-22T03:25:31.649+0000] {processor.py:914} INFO - Processing file /home/airflow/.local/lib/python3.12/site-packages/airflow/example_dags/example_trigger_target_dag.py for tasks to queue
[2024-09-22T03:25:31.650+0000] {logging_mixin.py:190} INFO - [2024-09-22T03:25:31.650+0000] {dagbag.py:588} INFO - Filling up the DagBag from /home/airflow/.local/lib/python3.12/site-packages/airflow/example_dags/example_trigger_target_dag.py
[2024-09-22T03:25:31.655+0000] {processor.py:925} INFO - DAG(s) 'example_trigger_target_dag' retrieved from /home/airflow/.local/lib/python3.12/site-packages/airflow/example_dags/example_trigger_target_dag.py
[2024-09-22T03:25:31.666+0000] {logging_mixin.py:190} INFO - [2024-09-22T03:25:31.666+0000] {dag.py:3239} INFO - Sync 1 DAGs
[2024-09-22T03:25:31.673+0000] {logging_mixin.py:190} INFO - [2024-09-22T03:25:31.673+0000] {dag.py:4180} INFO - Setting next_dagrun for example_trigger_target_dag to None, run_after=None
[2024-09-22T03:25:31.682+0000] {processor.py:208} INFO - Processing /home/airflow/.local/lib/python3.12/site-packages/airflow/example_dags/example_trigger_target_dag.py took 0.039 seconds
[2024-09-22T03:26:02.281+0000] {processor.py:186} INFO - Started process (PID=1572) to work on /home/airflow/.local/lib/python3.12/site-packages/airflow/example_dags/example_trigger_target_dag.py
[2024-09-22T03:26:02.281+0000] {processor.py:914} INFO - Processing file /home/airflow/.local/lib/python3.12/site-packages/airflow/example_dags/example_trigger_target_dag.py for tasks to queue
[2024-09-22T03:26:02.283+0000] {logging_mixin.py:190} INFO - [2024-09-22T03:26:02.283+0000] {dagbag.py:588} INFO - Filling up the DagBag from /home/airflow/.local/lib/python3.12/site-packages/airflow/example_dags/example_trigger_target_dag.py
[2024-09-22T03:26:02.288+0000] {processor.py:925} INFO - DAG(s) 'example_trigger_target_dag' retrieved from /home/airflow/.local/lib/python3.12/site-packages/airflow/example_dags/example_trigger_target_dag.py
[2024-09-22T03:26:02.300+0000] {logging_mixin.py:190} INFO - [2024-09-22T03:26:02.300+0000] {dag.py:3239} INFO - Sync 1 DAGs
[2024-09-22T03:26:02.311+0000] {logging_mixin.py:190} INFO - [2024-09-22T03:26:02.311+0000] {dag.py:4180} INFO - Setting next_dagrun for example_trigger_target_dag to None, run_after=None
[2024-09-22T03:26:02.326+0000] {processor.py:208} INFO - Processing /home/airflow/.local/lib/python3.12/site-packages/airflow/example_dags/example_trigger_target_dag.py took 0.050 seconds
[2024-09-22T03:26:33.424+0000] {processor.py:186} INFO - Started process (PID=1858) to work on /home/airflow/.local/lib/python3.12/site-packages/airflow/example_dags/example_trigger_target_dag.py
[2024-09-22T03:26:33.426+0000] {processor.py:914} INFO - Processing file /home/airflow/.local/lib/python3.12/site-packages/airflow/example_dags/example_trigger_target_dag.py for tasks to queue
[2024-09-22T03:26:33.432+0000] {logging_mixin.py:190} INFO - [2024-09-22T03:26:33.431+0000] {dagbag.py:588} INFO - Filling up the DagBag from /home/airflow/.local/lib/python3.12/site-packages/airflow/example_dags/example_trigger_target_dag.py
[2024-09-22T03:26:33.454+0000] {processor.py:925} INFO - DAG(s) 'example_trigger_target_dag' retrieved from /home/airflow/.local/lib/python3.12/site-packages/airflow/example_dags/example_trigger_target_dag.py
[2024-09-22T03:26:33.500+0000] {logging_mixin.py:190} INFO - [2024-09-22T03:26:33.499+0000] {dag.py:3239} INFO - Sync 1 DAGs
[2024-09-22T03:26:33.530+0000] {logging_mixin.py:190} INFO - [2024-09-22T03:26:33.530+0000] {dag.py:4180} INFO - Setting next_dagrun for example_trigger_target_dag to None, run_after=None
[2024-09-22T03:26:33.568+0000] {processor.py:208} INFO - Processing /home/airflow/.local/lib/python3.12/site-packages/airflow/example_dags/example_trigger_target_dag.py took 0.160 seconds
[2024-09-22T03:27:04.587+0000] {processor.py:186} INFO - Started process (PID=2149) to work on /home/airflow/.local/lib/python3.12/site-packages/airflow/example_dags/example_trigger_target_dag.py
[2024-09-22T03:27:04.588+0000] {processor.py:914} INFO - Processing file /home/airflow/.local/lib/python3.12/site-packages/airflow/example_dags/example_trigger_target_dag.py for tasks to queue
[2024-09-22T03:27:04.591+0000] {logging_mixin.py:190} INFO - [2024-09-22T03:27:04.591+0000] {dagbag.py:588} INFO - Filling up the DagBag from /home/airflow/.local/lib/python3.12/site-packages/airflow/example_dags/example_trigger_target_dag.py
[2024-09-22T03:27:04.598+0000] {processor.py:925} INFO - DAG(s) 'example_trigger_target_dag' retrieved from /home/airflow/.local/lib/python3.12/site-packages/airflow/example_dags/example_trigger_target_dag.py
[2024-09-22T03:27:04.615+0000] {logging_mixin.py:190} INFO - [2024-09-22T03:27:04.615+0000] {dag.py:3239} INFO - Sync 1 DAGs
[2024-09-22T03:27:04.623+0000] {logging_mixin.py:190} INFO - [2024-09-22T03:27:04.623+0000] {dag.py:4180} INFO - Setting next_dagrun for example_trigger_target_dag to None, run_after=None
[2024-09-22T03:27:04.637+0000] {processor.py:208} INFO - Processing /home/airflow/.local/lib/python3.12/site-packages/airflow/example_dags/example_trigger_target_dag.py took 0.054 seconds
[2024-09-22T03:27:34.987+0000] {processor.py:186} INFO - Started process (PID=2434) to work on /home/airflow/.local/lib/python3.12/site-packages/airflow/example_dags/example_trigger_target_dag.py
[2024-09-22T03:27:34.988+0000] {processor.py:914} INFO - Processing file /home/airflow/.local/lib/python3.12/site-packages/airflow/example_dags/example_trigger_target_dag.py for tasks to queue
[2024-09-22T03:27:34.990+0000] {logging_mixin.py:190} INFO - [2024-09-22T03:27:34.990+0000] {dagbag.py:588} INFO - Filling up the DagBag from /home/airflow/.local/lib/python3.12/site-packages/airflow/example_dags/example_trigger_target_dag.py
[2024-09-22T03:27:34.997+0000] {processor.py:925} INFO - DAG(s) 'example_trigger_target_dag' retrieved from /home/airflow/.local/lib/python3.12/site-packages/airflow/example_dags/example_trigger_target_dag.py
[2024-09-22T03:27:35.015+0000] {logging_mixin.py:190} INFO - [2024-09-22T03:27:35.015+0000] {dag.py:3239} INFO - Sync 1 DAGs
[2024-09-22T03:27:35.025+0000] {logging_mixin.py:190} INFO - [2024-09-22T03:27:35.025+0000] {dag.py:4180} INFO - Setting next_dagrun for example_trigger_target_dag to None, run_after=None
[2024-09-22T03:27:35.038+0000] {processor.py:208} INFO - Processing /home/airflow/.local/lib/python3.12/site-packages/airflow/example_dags/example_trigger_target_dag.py took 0.056 seconds
[2024-09-22T03:28:05.374+0000] {processor.py:186} INFO - Started process (PID=2720) to work on /home/airflow/.local/lib/python3.12/site-packages/airflow/example_dags/example_trigger_target_dag.py
[2024-09-22T03:28:05.375+0000] {processor.py:914} INFO - Processing file /home/airflow/.local/lib/python3.12/site-packages/airflow/example_dags/example_trigger_target_dag.py for tasks to queue
[2024-09-22T03:28:05.377+0000] {logging_mixin.py:190} INFO - [2024-09-22T03:28:05.376+0000] {dagbag.py:588} INFO - Filling up the DagBag from /home/airflow/.local/lib/python3.12/site-packages/airflow/example_dags/example_trigger_target_dag.py
[2024-09-22T03:28:05.382+0000] {processor.py:925} INFO - DAG(s) 'example_trigger_target_dag' retrieved from /home/airflow/.local/lib/python3.12/site-packages/airflow/example_dags/example_trigger_target_dag.py
[2024-09-22T03:28:05.394+0000] {logging_mixin.py:190} INFO - [2024-09-22T03:28:05.394+0000] {dag.py:3239} INFO - Sync 1 DAGs
[2024-09-22T03:28:05.405+0000] {logging_mixin.py:190} INFO - [2024-09-22T03:28:05.405+0000] {dag.py:4180} INFO - Setting next_dagrun for example_trigger_target_dag to None, run_after=None
[2024-09-22T03:28:05.416+0000] {processor.py:208} INFO - Processing /home/airflow/.local/lib/python3.12/site-packages/airflow/example_dags/example_trigger_target_dag.py took 0.045 seconds
[2024-09-22T03:28:35.747+0000] {processor.py:186} INFO - Started process (PID=3006) to work on /home/airflow/.local/lib/python3.12/site-packages/airflow/example_dags/example_trigger_target_dag.py
[2024-09-22T03:28:35.749+0000] {processor.py:914} INFO - Processing file /home/airflow/.local/lib/python3.12/site-packages/airflow/example_dags/example_trigger_target_dag.py for tasks to queue
[2024-09-22T03:28:35.752+0000] {logging_mixin.py:190} INFO - [2024-09-22T03:28:35.751+0000] {dagbag.py:588} INFO - Filling up the DagBag from /home/airflow/.local/lib/python3.12/site-packages/airflow/example_dags/example_trigger_target_dag.py
[2024-09-22T03:28:35.756+0000] {processor.py:925} INFO - DAG(s) 'example_trigger_target_dag' retrieved from /home/airflow/.local/lib/python3.12/site-packages/airflow/example_dags/example_trigger_target_dag.py
[2024-09-22T03:28:35.772+0000] {logging_mixin.py:190} INFO - [2024-09-22T03:28:35.772+0000] {dag.py:3239} INFO - Sync 1 DAGs
[2024-09-22T03:28:35.786+0000] {logging_mixin.py:190} INFO - [2024-09-22T03:28:35.785+0000] {dag.py:4180} INFO - Setting next_dagrun for example_trigger_target_dag to None, run_after=None
[2024-09-22T03:28:35.798+0000] {processor.py:208} INFO - Processing /home/airflow/.local/lib/python3.12/site-packages/airflow/example_dags/example_trigger_target_dag.py took 0.053 seconds
