[2024-09-22T03:23:55.005+0000] {processor.py:186} INFO - Started process (PID=338) to work on /home/airflow/.local/lib/python3.12/site-packages/airflow/example_dags/example_skip_dag.py
[2024-09-22T03:23:55.008+0000] {processor.py:914} INFO - Processing file /home/airflow/.local/lib/python3.12/site-packages/airflow/example_dags/example_skip_dag.py for tasks to queue
[2024-09-22T03:23:55.009+0000] {logging_mixin.py:190} INFO - [2024-09-22T03:23:55.009+0000] {dagbag.py:588} INFO - Filling up the DagBag from /home/airflow/.local/lib/python3.12/site-packages/airflow/example_dags/example_skip_dag.py
[2024-09-22T03:23:55.036+0000] {processor.py:925} INFO - DAG(s) 'example_skip_dag' retrieved from /home/airflow/.local/lib/python3.12/site-packages/airflow/example_dags/example_skip_dag.py
[2024-09-22T03:23:55.256+0000] {logging_mixin.py:190} INFO - [2024-09-22T03:23:55.256+0000] {override.py:1900} INFO - Created Permission View: can read on DAG:example_skip_dag
[2024-09-22T03:23:55.272+0000] {logging_mixin.py:190} INFO - [2024-09-22T03:23:55.272+0000] {override.py:1900} INFO - Created Permission View: can edit on DAG:example_skip_dag
[2024-09-22T03:23:55.281+0000] {logging_mixin.py:190} INFO - [2024-09-22T03:23:55.280+0000] {override.py:1900} INFO - Created Permission View: can delete on DAG:example_skip_dag
[2024-09-22T03:23:55.288+0000] {logging_mixin.py:190} INFO - [2024-09-22T03:23:55.288+0000] {override.py:1900} INFO - Created Permission View: can read on DAG Run:example_skip_dag
[2024-09-22T03:23:55.297+0000] {logging_mixin.py:190} INFO - [2024-09-22T03:23:55.297+0000] {override.py:1900} INFO - Created Permission View: menu access on DAG Run:example_skip_dag
[2024-09-22T03:23:55.306+0000] {logging_mixin.py:190} INFO - [2024-09-22T03:23:55.305+0000] {override.py:1900} INFO - Created Permission View: can delete on DAG Run:example_skip_dag
[2024-09-22T03:23:55.313+0000] {logging_mixin.py:190} INFO - [2024-09-22T03:23:55.313+0000] {override.py:1900} INFO - Created Permission View: can create on DAG Run:example_skip_dag
[2024-09-22T03:23:55.314+0000] {logging_mixin.py:190} INFO - [2024-09-22T03:23:55.314+0000] {dag.py:3239} INFO - Sync 1 DAGs
[2024-09-22T03:23:55.332+0000] {logging_mixin.py:190} INFO - [2024-09-22T03:23:55.332+0000] {dag.py:3262} INFO - Creating ORM DAG for example_skip_dag
[2024-09-22T03:23:55.349+0000] {logging_mixin.py:190} INFO - [2024-09-22T03:23:55.349+0000] {dag.py:4180} INFO - Setting next_dagrun for example_skip_dag to 2024-09-21 00:00:00+00:00, run_after=2024-09-22 00:00:00+00:00
[2024-09-22T03:23:55.387+0000] {processor.py:208} INFO - Processing /home/airflow/.local/lib/python3.12/site-packages/airflow/example_dags/example_skip_dag.py took 0.396 seconds
[2024-09-22T03:24:25.900+0000] {processor.py:186} INFO - Started process (PID=624) to work on /home/airflow/.local/lib/python3.12/site-packages/airflow/example_dags/example_skip_dag.py
[2024-09-22T03:24:25.900+0000] {processor.py:914} INFO - Processing file /home/airflow/.local/lib/python3.12/site-packages/airflow/example_dags/example_skip_dag.py for tasks to queue
[2024-09-22T03:24:25.904+0000] {logging_mixin.py:190} INFO - [2024-09-22T03:24:25.904+0000] {dagbag.py:588} INFO - Filling up the DagBag from /home/airflow/.local/lib/python3.12/site-packages/airflow/example_dags/example_skip_dag.py
[2024-09-22T03:24:25.915+0000] {processor.py:925} INFO - DAG(s) 'example_skip_dag' retrieved from /home/airflow/.local/lib/python3.12/site-packages/airflow/example_dags/example_skip_dag.py
[2024-09-22T03:24:25.952+0000] {logging_mixin.py:190} INFO - [2024-09-22T03:24:25.952+0000] {dag.py:3239} INFO - Sync 1 DAGs
[2024-09-22T03:24:26.005+0000] {logging_mixin.py:190} INFO - [2024-09-22T03:24:26.004+0000] {dag.py:4180} INFO - Setting next_dagrun for example_skip_dag to 2024-09-21 00:00:00+00:00, run_after=2024-09-22 00:00:00+00:00
[2024-09-22T03:24:26.051+0000] {processor.py:208} INFO - Processing /home/airflow/.local/lib/python3.12/site-packages/airflow/example_dags/example_skip_dag.py took 0.171 seconds
[2024-09-22T03:24:56.267+0000] {processor.py:186} INFO - Started process (PID=910) to work on /home/airflow/.local/lib/python3.12/site-packages/airflow/example_dags/example_skip_dag.py
[2024-09-22T03:24:56.270+0000] {processor.py:914} INFO - Processing file /home/airflow/.local/lib/python3.12/site-packages/airflow/example_dags/example_skip_dag.py for tasks to queue
[2024-09-22T03:24:56.275+0000] {logging_mixin.py:190} INFO - [2024-09-22T03:24:56.275+0000] {dagbag.py:588} INFO - Filling up the DagBag from /home/airflow/.local/lib/python3.12/site-packages/airflow/example_dags/example_skip_dag.py
[2024-09-22T03:24:56.285+0000] {processor.py:925} INFO - DAG(s) 'example_skip_dag' retrieved from /home/airflow/.local/lib/python3.12/site-packages/airflow/example_dags/example_skip_dag.py
[2024-09-22T03:24:56.302+0000] {logging_mixin.py:190} INFO - [2024-09-22T03:24:56.301+0000] {dag.py:3239} INFO - Sync 1 DAGs
[2024-09-22T03:24:56.321+0000] {logging_mixin.py:190} INFO - [2024-09-22T03:24:56.321+0000] {dag.py:4180} INFO - Setting next_dagrun for example_skip_dag to 2024-09-21 00:00:00+00:00, run_after=2024-09-22 00:00:00+00:00
[2024-09-22T03:24:56.334+0000] {processor.py:208} INFO - Processing /home/airflow/.local/lib/python3.12/site-packages/airflow/example_dags/example_skip_dag.py took 0.074 seconds
[2024-09-22T03:25:26.772+0000] {processor.py:186} INFO - Started process (PID=1196) to work on /home/airflow/.local/lib/python3.12/site-packages/airflow/example_dags/example_skip_dag.py
[2024-09-22T03:25:26.773+0000] {processor.py:914} INFO - Processing file /home/airflow/.local/lib/python3.12/site-packages/airflow/example_dags/example_skip_dag.py for tasks to queue
[2024-09-22T03:25:26.774+0000] {logging_mixin.py:190} INFO - [2024-09-22T03:25:26.774+0000] {dagbag.py:588} INFO - Filling up the DagBag from /home/airflow/.local/lib/python3.12/site-packages/airflow/example_dags/example_skip_dag.py
[2024-09-22T03:25:26.779+0000] {processor.py:925} INFO - DAG(s) 'example_skip_dag' retrieved from /home/airflow/.local/lib/python3.12/site-packages/airflow/example_dags/example_skip_dag.py
[2024-09-22T03:25:26.796+0000] {logging_mixin.py:190} INFO - [2024-09-22T03:25:26.796+0000] {dag.py:3239} INFO - Sync 1 DAGs
[2024-09-22T03:25:26.809+0000] {logging_mixin.py:190} INFO - [2024-09-22T03:25:26.809+0000] {dag.py:4180} INFO - Setting next_dagrun for example_skip_dag to 2024-09-21 00:00:00+00:00, run_after=2024-09-22 00:00:00+00:00
[2024-09-22T03:25:26.820+0000] {processor.py:208} INFO - Processing /home/airflow/.local/lib/python3.12/site-packages/airflow/example_dags/example_skip_dag.py took 0.052 seconds
[2024-09-22T03:25:57.219+0000] {processor.py:186} INFO - Started process (PID=1482) to work on /home/airflow/.local/lib/python3.12/site-packages/airflow/example_dags/example_skip_dag.py
[2024-09-22T03:25:57.220+0000] {processor.py:914} INFO - Processing file /home/airflow/.local/lib/python3.12/site-packages/airflow/example_dags/example_skip_dag.py for tasks to queue
[2024-09-22T03:25:57.221+0000] {logging_mixin.py:190} INFO - [2024-09-22T03:25:57.221+0000] {dagbag.py:588} INFO - Filling up the DagBag from /home/airflow/.local/lib/python3.12/site-packages/airflow/example_dags/example_skip_dag.py
[2024-09-22T03:25:57.226+0000] {processor.py:925} INFO - DAG(s) 'example_skip_dag' retrieved from /home/airflow/.local/lib/python3.12/site-packages/airflow/example_dags/example_skip_dag.py
[2024-09-22T03:25:57.239+0000] {logging_mixin.py:190} INFO - [2024-09-22T03:25:57.239+0000] {dag.py:3239} INFO - Sync 1 DAGs
[2024-09-22T03:25:57.255+0000] {logging_mixin.py:190} INFO - [2024-09-22T03:25:57.255+0000] {dag.py:4180} INFO - Setting next_dagrun for example_skip_dag to 2024-09-21 00:00:00+00:00, run_after=2024-09-22 00:00:00+00:00
[2024-09-22T03:25:57.265+0000] {processor.py:208} INFO - Processing /home/airflow/.local/lib/python3.12/site-packages/airflow/example_dags/example_skip_dag.py took 0.051 seconds
[2024-09-22T03:26:28.048+0000] {processor.py:186} INFO - Started process (PID=1768) to work on /home/airflow/.local/lib/python3.12/site-packages/airflow/example_dags/example_skip_dag.py
[2024-09-22T03:26:28.049+0000] {processor.py:914} INFO - Processing file /home/airflow/.local/lib/python3.12/site-packages/airflow/example_dags/example_skip_dag.py for tasks to queue
[2024-09-22T03:26:28.053+0000] {logging_mixin.py:190} INFO - [2024-09-22T03:26:28.052+0000] {dagbag.py:588} INFO - Filling up the DagBag from /home/airflow/.local/lib/python3.12/site-packages/airflow/example_dags/example_skip_dag.py
[2024-09-22T03:26:28.058+0000] {processor.py:925} INFO - DAG(s) 'example_skip_dag' retrieved from /home/airflow/.local/lib/python3.12/site-packages/airflow/example_dags/example_skip_dag.py
[2024-09-22T03:26:28.079+0000] {logging_mixin.py:190} INFO - [2024-09-22T03:26:28.078+0000] {dag.py:3239} INFO - Sync 1 DAGs
[2024-09-22T03:26:28.098+0000] {logging_mixin.py:190} INFO - [2024-09-22T03:26:28.097+0000] {dag.py:4180} INFO - Setting next_dagrun for example_skip_dag to 2024-09-21 00:00:00+00:00, run_after=2024-09-22 00:00:00+00:00
[2024-09-22T03:26:28.109+0000] {processor.py:208} INFO - Processing /home/airflow/.local/lib/python3.12/site-packages/airflow/example_dags/example_skip_dag.py took 0.067 seconds
[2024-09-22T03:26:58.675+0000] {processor.py:186} INFO - Started process (PID=2054) to work on /home/airflow/.local/lib/python3.12/site-packages/airflow/example_dags/example_skip_dag.py
[2024-09-22T03:26:58.676+0000] {processor.py:914} INFO - Processing file /home/airflow/.local/lib/python3.12/site-packages/airflow/example_dags/example_skip_dag.py for tasks to queue
[2024-09-22T03:26:58.678+0000] {logging_mixin.py:190} INFO - [2024-09-22T03:26:58.678+0000] {dagbag.py:588} INFO - Filling up the DagBag from /home/airflow/.local/lib/python3.12/site-packages/airflow/example_dags/example_skip_dag.py
[2024-09-22T03:26:58.683+0000] {processor.py:925} INFO - DAG(s) 'example_skip_dag' retrieved from /home/airflow/.local/lib/python3.12/site-packages/airflow/example_dags/example_skip_dag.py
[2024-09-22T03:26:58.699+0000] {logging_mixin.py:190} INFO - [2024-09-22T03:26:58.699+0000] {dag.py:3239} INFO - Sync 1 DAGs
[2024-09-22T03:26:58.713+0000] {logging_mixin.py:190} INFO - [2024-09-22T03:26:58.713+0000] {dag.py:4180} INFO - Setting next_dagrun for example_skip_dag to 2024-09-21 00:00:00+00:00, run_after=2024-09-22 00:00:00+00:00
[2024-09-22T03:26:58.726+0000] {processor.py:208} INFO - Processing /home/airflow/.local/lib/python3.12/site-packages/airflow/example_dags/example_skip_dag.py took 0.054 seconds
[2024-09-22T03:27:29.088+0000] {processor.py:186} INFO - Started process (PID=2339) to work on /home/airflow/.local/lib/python3.12/site-packages/airflow/example_dags/example_skip_dag.py
[2024-09-22T03:27:29.089+0000] {processor.py:914} INFO - Processing file /home/airflow/.local/lib/python3.12/site-packages/airflow/example_dags/example_skip_dag.py for tasks to queue
[2024-09-22T03:27:29.091+0000] {logging_mixin.py:190} INFO - [2024-09-22T03:27:29.091+0000] {dagbag.py:588} INFO - Filling up the DagBag from /home/airflow/.local/lib/python3.12/site-packages/airflow/example_dags/example_skip_dag.py
[2024-09-22T03:27:29.098+0000] {processor.py:925} INFO - DAG(s) 'example_skip_dag' retrieved from /home/airflow/.local/lib/python3.12/site-packages/airflow/example_dags/example_skip_dag.py
[2024-09-22T03:27:29.112+0000] {logging_mixin.py:190} INFO - [2024-09-22T03:27:29.112+0000] {dag.py:3239} INFO - Sync 1 DAGs
[2024-09-22T03:27:29.127+0000] {logging_mixin.py:190} INFO - [2024-09-22T03:27:29.127+0000] {dag.py:4180} INFO - Setting next_dagrun for example_skip_dag to 2024-09-21 00:00:00+00:00, run_after=2024-09-22 00:00:00+00:00
[2024-09-22T03:27:29.136+0000] {processor.py:208} INFO - Processing /home/airflow/.local/lib/python3.12/site-packages/airflow/example_dags/example_skip_dag.py took 0.051 seconds
[2024-09-22T03:27:59.474+0000] {processor.py:186} INFO - Started process (PID=2625) to work on /home/airflow/.local/lib/python3.12/site-packages/airflow/example_dags/example_skip_dag.py
[2024-09-22T03:27:59.475+0000] {processor.py:914} INFO - Processing file /home/airflow/.local/lib/python3.12/site-packages/airflow/example_dags/example_skip_dag.py for tasks to queue
[2024-09-22T03:27:59.476+0000] {logging_mixin.py:190} INFO - [2024-09-22T03:27:59.476+0000] {dagbag.py:588} INFO - Filling up the DagBag from /home/airflow/.local/lib/python3.12/site-packages/airflow/example_dags/example_skip_dag.py
[2024-09-22T03:27:59.481+0000] {processor.py:925} INFO - DAG(s) 'example_skip_dag' retrieved from /home/airflow/.local/lib/python3.12/site-packages/airflow/example_dags/example_skip_dag.py
[2024-09-22T03:27:59.495+0000] {logging_mixin.py:190} INFO - [2024-09-22T03:27:59.495+0000] {dag.py:3239} INFO - Sync 1 DAGs
[2024-09-22T03:27:59.511+0000] {logging_mixin.py:190} INFO - [2024-09-22T03:27:59.511+0000] {dag.py:4180} INFO - Setting next_dagrun for example_skip_dag to 2024-09-21 00:00:00+00:00, run_after=2024-09-22 00:00:00+00:00
[2024-09-22T03:27:59.525+0000] {processor.py:208} INFO - Processing /home/airflow/.local/lib/python3.12/site-packages/airflow/example_dags/example_skip_dag.py took 0.054 seconds
[2024-09-22T03:28:29.839+0000] {processor.py:186} INFO - Started process (PID=2913) to work on /home/airflow/.local/lib/python3.12/site-packages/airflow/example_dags/example_skip_dag.py
[2024-09-22T03:28:29.839+0000] {processor.py:914} INFO - Processing file /home/airflow/.local/lib/python3.12/site-packages/airflow/example_dags/example_skip_dag.py for tasks to queue
[2024-09-22T03:28:29.840+0000] {logging_mixin.py:190} INFO - [2024-09-22T03:28:29.840+0000] {dagbag.py:588} INFO - Filling up the DagBag from /home/airflow/.local/lib/python3.12/site-packages/airflow/example_dags/example_skip_dag.py
[2024-09-22T03:28:29.845+0000] {processor.py:925} INFO - DAG(s) 'example_skip_dag' retrieved from /home/airflow/.local/lib/python3.12/site-packages/airflow/example_dags/example_skip_dag.py
[2024-09-22T03:28:29.856+0000] {logging_mixin.py:190} INFO - [2024-09-22T03:28:29.856+0000] {dag.py:3239} INFO - Sync 1 DAGs
[2024-09-22T03:28:29.867+0000] {logging_mixin.py:190} INFO - [2024-09-22T03:28:29.867+0000] {dag.py:4180} INFO - Setting next_dagrun for example_skip_dag to 2024-09-21 00:00:00+00:00, run_after=2024-09-22 00:00:00+00:00
[2024-09-22T03:28:29.876+0000] {processor.py:208} INFO - Processing /home/airflow/.local/lib/python3.12/site-packages/airflow/example_dags/example_skip_dag.py took 0.040 seconds
