[2024-09-22T03:23:56.976+0000] {processor.py:186} INFO - Started process (PID=383) to work on /home/airflow/.local/lib/python3.12/site-packages/airflow/example_dags/example_datasets.py
[2024-09-22T03:23:56.979+0000] {processor.py:914} INFO - Processing file /home/airflow/.local/lib/python3.12/site-packages/airflow/example_dags/example_datasets.py for tasks to queue
[2024-09-22T03:23:56.981+0000] {logging_mixin.py:190} INFO - [2024-09-22T03:23:56.981+0000] {dagbag.py:588} INFO - Filling up the DagBag from /home/airflow/.local/lib/python3.12/site-packages/airflow/example_dags/example_datasets.py
[2024-09-22T03:23:57.255+0000] {processor.py:925} INFO - DAG(s) 'dataset_consumes_1_and_2', 'consume_1_and_2_with_dataset_expressions', 'dataset_consumes_unknown_never_scheduled', 'conditional_dataset_and_time_based_timetable', 'dataset_consumes_1_never_scheduled', 'dataset_produces_1', 'dataset_consumes_1', 'consume_1_or_2_with_dataset_expressions', 'dataset_produces_2', 'consume_1_or_both_2_and_3_with_dataset_expressions' retrieved from /home/airflow/.local/lib/python3.12/site-packages/airflow/example_dags/example_datasets.py
[2024-09-22T03:23:57.423+0000] {logging_mixin.py:190} INFO - [2024-09-22T03:23:57.423+0000] {override.py:1900} INFO - Created Permission View: can read on DAG:dataset_consumes_1_and_2
[2024-09-22T03:23:57.438+0000] {logging_mixin.py:190} INFO - [2024-09-22T03:23:57.438+0000] {override.py:1900} INFO - Created Permission View: can edit on DAG:dataset_consumes_1_and_2
[2024-09-22T03:23:57.446+0000] {logging_mixin.py:190} INFO - [2024-09-22T03:23:57.445+0000] {override.py:1900} INFO - Created Permission View: can delete on DAG:dataset_consumes_1_and_2
[2024-09-22T03:23:57.452+0000] {logging_mixin.py:190} INFO - [2024-09-22T03:23:57.452+0000] {override.py:1900} INFO - Created Permission View: can read on DAG Run:dataset_consumes_1_and_2
[2024-09-22T03:23:57.461+0000] {logging_mixin.py:190} INFO - [2024-09-22T03:23:57.460+0000] {override.py:1900} INFO - Created Permission View: menu access on DAG Run:dataset_consumes_1_and_2
[2024-09-22T03:23:57.468+0000] {logging_mixin.py:190} INFO - [2024-09-22T03:23:57.467+0000] {override.py:1900} INFO - Created Permission View: can delete on DAG Run:dataset_consumes_1_and_2
[2024-09-22T03:23:57.478+0000] {logging_mixin.py:190} INFO - [2024-09-22T03:23:57.478+0000] {override.py:1900} INFO - Created Permission View: can create on DAG Run:dataset_consumes_1_and_2
[2024-09-22T03:23:57.490+0000] {logging_mixin.py:190} INFO - [2024-09-22T03:23:57.489+0000] {override.py:1900} INFO - Created Permission View: can read on DAG:consume_1_and_2_with_dataset_expressions
[2024-09-22T03:23:57.498+0000] {logging_mixin.py:190} INFO - [2024-09-22T03:23:57.498+0000] {override.py:1900} INFO - Created Permission View: can edit on DAG:consume_1_and_2_with_dataset_expressions
[2024-09-22T03:23:57.506+0000] {logging_mixin.py:190} INFO - [2024-09-22T03:23:57.506+0000] {override.py:1900} INFO - Created Permission View: can delete on DAG:consume_1_and_2_with_dataset_expressions
[2024-09-22T03:23:57.511+0000] {logging_mixin.py:190} INFO - [2024-09-22T03:23:57.511+0000] {override.py:1900} INFO - Created Permission View: can read on DAG Run:consume_1_and_2_with_dataset_expressions
[2024-09-22T03:23:57.518+0000] {logging_mixin.py:190} INFO - [2024-09-22T03:23:57.518+0000] {override.py:1900} INFO - Created Permission View: menu access on DAG Run:consume_1_and_2_with_dataset_expressions
[2024-09-22T03:23:57.531+0000] {logging_mixin.py:190} INFO - [2024-09-22T03:23:57.531+0000] {override.py:1900} INFO - Created Permission View: can delete on DAG Run:consume_1_and_2_with_dataset_expressions
[2024-09-22T03:23:57.538+0000] {logging_mixin.py:190} INFO - [2024-09-22T03:23:57.538+0000] {override.py:1900} INFO - Created Permission View: can create on DAG Run:consume_1_and_2_with_dataset_expressions
[2024-09-22T03:23:57.558+0000] {logging_mixin.py:190} INFO - [2024-09-22T03:23:57.558+0000] {override.py:1900} INFO - Created Permission View: can read on DAG:dataset_consumes_unknown_never_scheduled
[2024-09-22T03:23:57.565+0000] {logging_mixin.py:190} INFO - [2024-09-22T03:23:57.565+0000] {override.py:1900} INFO - Created Permission View: can edit on DAG:dataset_consumes_unknown_never_scheduled
[2024-09-22T03:23:57.575+0000] {logging_mixin.py:190} INFO - [2024-09-22T03:23:57.575+0000] {override.py:1900} INFO - Created Permission View: can delete on DAG:dataset_consumes_unknown_never_scheduled
[2024-09-22T03:23:57.587+0000] {logging_mixin.py:190} INFO - [2024-09-22T03:23:57.587+0000] {override.py:1900} INFO - Created Permission View: can read on DAG Run:dataset_consumes_unknown_never_scheduled
[2024-09-22T03:23:57.598+0000] {logging_mixin.py:190} INFO - [2024-09-22T03:23:57.598+0000] {override.py:1900} INFO - Created Permission View: menu access on DAG Run:dataset_consumes_unknown_never_scheduled
[2024-09-22T03:23:57.605+0000] {logging_mixin.py:190} INFO - [2024-09-22T03:23:57.605+0000] {override.py:1900} INFO - Created Permission View: can delete on DAG Run:dataset_consumes_unknown_never_scheduled
[2024-09-22T03:23:57.613+0000] {logging_mixin.py:190} INFO - [2024-09-22T03:23:57.613+0000] {override.py:1900} INFO - Created Permission View: can create on DAG Run:dataset_consumes_unknown_never_scheduled
[2024-09-22T03:23:57.630+0000] {logging_mixin.py:190} INFO - [2024-09-22T03:23:57.629+0000] {override.py:1900} INFO - Created Permission View: can read on DAG:conditional_dataset_and_time_based_timetable
[2024-09-22T03:23:57.638+0000] {logging_mixin.py:190} INFO - [2024-09-22T03:23:57.638+0000] {override.py:1900} INFO - Created Permission View: can edit on DAG:conditional_dataset_and_time_based_timetable
[2024-09-22T03:23:57.645+0000] {logging_mixin.py:190} INFO - [2024-09-22T03:23:57.645+0000] {override.py:1900} INFO - Created Permission View: can delete on DAG:conditional_dataset_and_time_based_timetable
[2024-09-22T03:23:57.654+0000] {logging_mixin.py:190} INFO - [2024-09-22T03:23:57.654+0000] {override.py:1900} INFO - Created Permission View: can read on DAG Run:conditional_dataset_and_time_based_timetable
[2024-09-22T03:23:57.662+0000] {logging_mixin.py:190} INFO - [2024-09-22T03:23:57.662+0000] {override.py:1900} INFO - Created Permission View: menu access on DAG Run:conditional_dataset_and_time_based_timetable
[2024-09-22T03:23:57.674+0000] {logging_mixin.py:190} INFO - [2024-09-22T03:23:57.674+0000] {override.py:1900} INFO - Created Permission View: can delete on DAG Run:conditional_dataset_and_time_based_timetable
[2024-09-22T03:23:57.682+0000] {logging_mixin.py:190} INFO - [2024-09-22T03:23:57.682+0000] {override.py:1900} INFO - Created Permission View: can create on DAG Run:conditional_dataset_and_time_based_timetable
[2024-09-22T03:23:57.702+0000] {logging_mixin.py:190} INFO - [2024-09-22T03:23:57.702+0000] {override.py:1900} INFO - Created Permission View: can read on DAG:dataset_consumes_1_never_scheduled
[2024-09-22T03:23:57.711+0000] {logging_mixin.py:190} INFO - [2024-09-22T03:23:57.711+0000] {override.py:1900} INFO - Created Permission View: can edit on DAG:dataset_consumes_1_never_scheduled
[2024-09-22T03:23:57.724+0000] {logging_mixin.py:190} INFO - [2024-09-22T03:23:57.723+0000] {override.py:1900} INFO - Created Permission View: can delete on DAG:dataset_consumes_1_never_scheduled
[2024-09-22T03:23:57.731+0000] {logging_mixin.py:190} INFO - [2024-09-22T03:23:57.731+0000] {override.py:1900} INFO - Created Permission View: can read on DAG Run:dataset_consumes_1_never_scheduled
[2024-09-22T03:23:57.747+0000] {logging_mixin.py:190} INFO - [2024-09-22T03:23:57.747+0000] {override.py:1900} INFO - Created Permission View: menu access on DAG Run:dataset_consumes_1_never_scheduled
[2024-09-22T03:23:57.754+0000] {logging_mixin.py:190} INFO - [2024-09-22T03:23:57.753+0000] {override.py:1900} INFO - Created Permission View: can delete on DAG Run:dataset_consumes_1_never_scheduled
[2024-09-22T03:23:57.763+0000] {logging_mixin.py:190} INFO - [2024-09-22T03:23:57.763+0000] {override.py:1900} INFO - Created Permission View: can create on DAG Run:dataset_consumes_1_never_scheduled
[2024-09-22T03:23:57.784+0000] {logging_mixin.py:190} INFO - [2024-09-22T03:23:57.783+0000] {override.py:1900} INFO - Created Permission View: can read on DAG:dataset_produces_1
[2024-09-22T03:23:57.796+0000] {logging_mixin.py:190} INFO - [2024-09-22T03:23:57.796+0000] {override.py:1900} INFO - Created Permission View: can edit on DAG:dataset_produces_1
[2024-09-22T03:23:57.806+0000] {logging_mixin.py:190} INFO - [2024-09-22T03:23:57.806+0000] {override.py:1900} INFO - Created Permission View: can delete on DAG:dataset_produces_1
[2024-09-22T03:23:57.820+0000] {logging_mixin.py:190} INFO - [2024-09-22T03:23:57.820+0000] {override.py:1900} INFO - Created Permission View: can read on DAG Run:dataset_produces_1
[2024-09-22T03:23:57.833+0000] {logging_mixin.py:190} INFO - [2024-09-22T03:23:57.833+0000] {override.py:1900} INFO - Created Permission View: menu access on DAG Run:dataset_produces_1
[2024-09-22T03:23:57.846+0000] {logging_mixin.py:190} INFO - [2024-09-22T03:23:57.846+0000] {override.py:1900} INFO - Created Permission View: can delete on DAG Run:dataset_produces_1
[2024-09-22T03:23:57.864+0000] {logging_mixin.py:190} INFO - [2024-09-22T03:23:57.864+0000] {override.py:1900} INFO - Created Permission View: can create on DAG Run:dataset_produces_1
[2024-09-22T03:23:57.894+0000] {logging_mixin.py:190} INFO - [2024-09-22T03:23:57.894+0000] {override.py:1900} INFO - Created Permission View: can read on DAG:dataset_consumes_1
[2024-09-22T03:23:57.901+0000] {logging_mixin.py:190} INFO - [2024-09-22T03:23:57.901+0000] {override.py:1900} INFO - Created Permission View: can edit on DAG:dataset_consumes_1
[2024-09-22T03:23:57.912+0000] {logging_mixin.py:190} INFO - [2024-09-22T03:23:57.912+0000] {override.py:1900} INFO - Created Permission View: can delete on DAG:dataset_consumes_1
[2024-09-22T03:23:57.923+0000] {logging_mixin.py:190} INFO - [2024-09-22T03:23:57.923+0000] {override.py:1900} INFO - Created Permission View: can read on DAG Run:dataset_consumes_1
[2024-09-22T03:23:57.935+0000] {logging_mixin.py:190} INFO - [2024-09-22T03:23:57.935+0000] {override.py:1900} INFO - Created Permission View: menu access on DAG Run:dataset_consumes_1
[2024-09-22T03:23:57.946+0000] {logging_mixin.py:190} INFO - [2024-09-22T03:23:57.946+0000] {override.py:1900} INFO - Created Permission View: can delete on DAG Run:dataset_consumes_1
[2024-09-22T03:23:57.959+0000] {logging_mixin.py:190} INFO - [2024-09-22T03:23:57.958+0000] {override.py:1900} INFO - Created Permission View: can create on DAG Run:dataset_consumes_1
[2024-09-22T03:23:57.982+0000] {logging_mixin.py:190} INFO - [2024-09-22T03:23:57.982+0000] {override.py:1900} INFO - Created Permission View: can read on DAG:consume_1_or_2_with_dataset_expressions
[2024-09-22T03:23:57.994+0000] {logging_mixin.py:190} INFO - [2024-09-22T03:23:57.994+0000] {override.py:1900} INFO - Created Permission View: can edit on DAG:consume_1_or_2_with_dataset_expressions
[2024-09-22T03:23:58.004+0000] {logging_mixin.py:190} INFO - [2024-09-22T03:23:58.004+0000] {override.py:1900} INFO - Created Permission View: can delete on DAG:consume_1_or_2_with_dataset_expressions
[2024-09-22T03:23:58.018+0000] {logging_mixin.py:190} INFO - [2024-09-22T03:23:58.018+0000] {override.py:1900} INFO - Created Permission View: can read on DAG Run:consume_1_or_2_with_dataset_expressions
[2024-09-22T03:23:58.027+0000] {logging_mixin.py:190} INFO - [2024-09-22T03:23:58.026+0000] {override.py:1900} INFO - Created Permission View: menu access on DAG Run:consume_1_or_2_with_dataset_expressions
[2024-09-22T03:23:58.035+0000] {logging_mixin.py:190} INFO - [2024-09-22T03:23:58.034+0000] {override.py:1900} INFO - Created Permission View: can delete on DAG Run:consume_1_or_2_with_dataset_expressions
[2024-09-22T03:23:58.049+0000] {logging_mixin.py:190} INFO - [2024-09-22T03:23:58.049+0000] {override.py:1900} INFO - Created Permission View: can create on DAG Run:consume_1_or_2_with_dataset_expressions
[2024-09-22T03:23:58.068+0000] {logging_mixin.py:190} INFO - [2024-09-22T03:23:58.068+0000] {override.py:1900} INFO - Created Permission View: can read on DAG:dataset_produces_2
[2024-09-22T03:23:58.082+0000] {logging_mixin.py:190} INFO - [2024-09-22T03:23:58.082+0000] {override.py:1900} INFO - Created Permission View: can edit on DAG:dataset_produces_2
[2024-09-22T03:23:58.092+0000] {logging_mixin.py:190} INFO - [2024-09-22T03:23:58.092+0000] {override.py:1900} INFO - Created Permission View: can delete on DAG:dataset_produces_2
[2024-09-22T03:23:58.104+0000] {logging_mixin.py:190} INFO - [2024-09-22T03:23:58.104+0000] {override.py:1900} INFO - Created Permission View: can read on DAG Run:dataset_produces_2
[2024-09-22T03:23:58.119+0000] {logging_mixin.py:190} INFO - [2024-09-22T03:23:58.119+0000] {override.py:1900} INFO - Created Permission View: menu access on DAG Run:dataset_produces_2
[2024-09-22T03:23:58.134+0000] {logging_mixin.py:190} INFO - [2024-09-22T03:23:58.134+0000] {override.py:1900} INFO - Created Permission View: can delete on DAG Run:dataset_produces_2
[2024-09-22T03:23:58.142+0000] {logging_mixin.py:190} INFO - [2024-09-22T03:23:58.142+0000] {override.py:1900} INFO - Created Permission View: can create on DAG Run:dataset_produces_2
[2024-09-22T03:23:58.156+0000] {logging_mixin.py:190} INFO - [2024-09-22T03:23:58.155+0000] {override.py:1900} INFO - Created Permission View: can read on DAG:consume_1_or_both_2_and_3_with_dataset_expressions
[2024-09-22T03:23:58.163+0000] {logging_mixin.py:190} INFO - [2024-09-22T03:23:58.162+0000] {override.py:1900} INFO - Created Permission View: can edit on DAG:consume_1_or_both_2_and_3_with_dataset_expressions
[2024-09-22T03:23:58.171+0000] {logging_mixin.py:190} INFO - [2024-09-22T03:23:58.171+0000] {override.py:1900} INFO - Created Permission View: can delete on DAG:consume_1_or_both_2_and_3_with_dataset_expressions
[2024-09-22T03:23:58.176+0000] {logging_mixin.py:190} INFO - [2024-09-22T03:23:58.176+0000] {override.py:1900} INFO - Created Permission View: can read on DAG Run:consume_1_or_both_2_and_3_with_dataset_expressions
[2024-09-22T03:23:58.184+0000] {logging_mixin.py:190} INFO - [2024-09-22T03:23:58.184+0000] {override.py:1900} INFO - Created Permission View: menu access on DAG Run:consume_1_or_both_2_and_3_with_dataset_expressions
[2024-09-22T03:23:58.191+0000] {logging_mixin.py:190} INFO - [2024-09-22T03:23:58.191+0000] {override.py:1900} INFO - Created Permission View: can delete on DAG Run:consume_1_or_both_2_and_3_with_dataset_expressions
[2024-09-22T03:23:58.198+0000] {logging_mixin.py:190} INFO - [2024-09-22T03:23:58.198+0000] {override.py:1900} INFO - Created Permission View: can create on DAG Run:consume_1_or_both_2_and_3_with_dataset_expressions
[2024-09-22T03:23:58.200+0000] {logging_mixin.py:190} INFO - [2024-09-22T03:23:58.200+0000] {dag.py:3239} INFO - Sync 10 DAGs
[2024-09-22T03:23:58.220+0000] {logging_mixin.py:190} INFO - [2024-09-22T03:23:58.220+0000] {dag.py:3262} INFO - Creating ORM DAG for consume_1_or_2_with_dataset_expressions
[2024-09-22T03:23:58.222+0000] {logging_mixin.py:190} INFO - [2024-09-22T03:23:58.222+0000] {dag.py:3262} INFO - Creating ORM DAG for dataset_consumes_unknown_never_scheduled
[2024-09-22T03:23:58.223+0000] {logging_mixin.py:190} INFO - [2024-09-22T03:23:58.222+0000] {dag.py:3262} INFO - Creating ORM DAG for consume_1_or_both_2_and_3_with_dataset_expressions
[2024-09-22T03:23:58.225+0000] {logging_mixin.py:190} INFO - [2024-09-22T03:23:58.225+0000] {dag.py:3262} INFO - Creating ORM DAG for dataset_consumes_1_never_scheduled
[2024-09-22T03:23:58.227+0000] {logging_mixin.py:190} INFO - [2024-09-22T03:23:58.227+0000] {dag.py:3262} INFO - Creating ORM DAG for dataset_consumes_1_and_2
[2024-09-22T03:23:58.229+0000] {logging_mixin.py:190} INFO - [2024-09-22T03:23:58.229+0000] {dag.py:3262} INFO - Creating ORM DAG for dataset_consumes_1
[2024-09-22T03:23:58.230+0000] {logging_mixin.py:190} INFO - [2024-09-22T03:23:58.230+0000] {dag.py:3262} INFO - Creating ORM DAG for dataset_produces_1
[2024-09-22T03:23:58.230+0000] {logging_mixin.py:190} INFO - [2024-09-22T03:23:58.230+0000] {dag.py:3262} INFO - Creating ORM DAG for conditional_dataset_and_time_based_timetable
[2024-09-22T03:23:58.231+0000] {logging_mixin.py:190} INFO - [2024-09-22T03:23:58.231+0000] {dag.py:3262} INFO - Creating ORM DAG for dataset_produces_2
[2024-09-22T03:23:58.232+0000] {logging_mixin.py:190} INFO - [2024-09-22T03:23:58.232+0000] {dag.py:3262} INFO - Creating ORM DAG for consume_1_and_2_with_dataset_expressions
[2024-09-22T03:23:58.247+0000] {logging_mixin.py:190} INFO - [2024-09-22T03:23:58.246+0000] {dag.py:4180} INFO - Setting next_dagrun for conditional_dataset_and_time_based_timetable to 2024-09-18 01:00:00+00:00, run_after=2024-09-18 01:00:00+00:00
[2024-09-22T03:23:58.249+0000] {logging_mixin.py:190} INFO - [2024-09-22T03:23:58.249+0000] {dag.py:4180} INFO - Setting next_dagrun for consume_1_and_2_with_dataset_expressions to None, run_after=None
[2024-09-22T03:23:58.250+0000] {logging_mixin.py:190} INFO - [2024-09-22T03:23:58.250+0000] {dag.py:4180} INFO - Setting next_dagrun for consume_1_or_2_with_dataset_expressions to None, run_after=None
[2024-09-22T03:23:58.251+0000] {logging_mixin.py:190} INFO - [2024-09-22T03:23:58.251+0000] {dag.py:4180} INFO - Setting next_dagrun for consume_1_or_both_2_and_3_with_dataset_expressions to None, run_after=None
[2024-09-22T03:23:58.252+0000] {logging_mixin.py:190} INFO - [2024-09-22T03:23:58.252+0000] {dag.py:4180} INFO - Setting next_dagrun for dataset_consumes_1 to None, run_after=None
[2024-09-22T03:23:58.252+0000] {logging_mixin.py:190} INFO - [2024-09-22T03:23:58.252+0000] {dag.py:4180} INFO - Setting next_dagrun for dataset_consumes_1_and_2 to None, run_after=None
[2024-09-22T03:23:58.252+0000] {logging_mixin.py:190} INFO - [2024-09-22T03:23:58.252+0000] {dag.py:4180} INFO - Setting next_dagrun for dataset_consumes_1_never_scheduled to None, run_after=None
[2024-09-22T03:23:58.254+0000] {logging_mixin.py:190} INFO - [2024-09-22T03:23:58.254+0000] {dag.py:4180} INFO - Setting next_dagrun for dataset_consumes_unknown_never_scheduled to None, run_after=None
[2024-09-22T03:23:58.255+0000] {logging_mixin.py:190} INFO - [2024-09-22T03:23:58.255+0000] {dag.py:4180} INFO - Setting next_dagrun for dataset_produces_1 to 2024-09-21 00:00:00+00:00, run_after=2024-09-22 00:00:00+00:00
[2024-09-22T03:23:58.256+0000] {logging_mixin.py:190} INFO - [2024-09-22T03:23:58.256+0000] {dag.py:4180} INFO - Setting next_dagrun for dataset_produces_2 to None, run_after=None
[2024-09-22T03:23:58.309+0000] {processor.py:208} INFO - Processing /home/airflow/.local/lib/python3.12/site-packages/airflow/example_dags/example_datasets.py took 1.344 seconds
[2024-09-22T03:24:28.598+0000] {processor.py:186} INFO - Started process (PID=671) to work on /home/airflow/.local/lib/python3.12/site-packages/airflow/example_dags/example_datasets.py
[2024-09-22T03:24:28.598+0000] {processor.py:914} INFO - Processing file /home/airflow/.local/lib/python3.12/site-packages/airflow/example_dags/example_datasets.py for tasks to queue
[2024-09-22T03:24:28.602+0000] {logging_mixin.py:190} INFO - [2024-09-22T03:24:28.602+0000] {dagbag.py:588} INFO - Filling up the DagBag from /home/airflow/.local/lib/python3.12/site-packages/airflow/example_dags/example_datasets.py
[2024-09-22T03:24:28.763+0000] {processor.py:925} INFO - DAG(s) 'dataset_consumes_1_never_scheduled', 'dataset_produces_1', 'consume_1_and_2_with_dataset_expressions', 'dataset_produces_2', 'dataset_consumes_unknown_never_scheduled', 'consume_1_or_both_2_and_3_with_dataset_expressions', 'consume_1_or_2_with_dataset_expressions', 'dataset_consumes_1_and_2', 'conditional_dataset_and_time_based_timetable', 'dataset_consumes_1' retrieved from /home/airflow/.local/lib/python3.12/site-packages/airflow/example_dags/example_datasets.py
[2024-09-22T03:24:28.823+0000] {logging_mixin.py:190} INFO - [2024-09-22T03:24:28.823+0000] {dag.py:3239} INFO - Sync 10 DAGs
[2024-09-22T03:24:28.848+0000] {logging_mixin.py:190} INFO - [2024-09-22T03:24:28.847+0000] {dag.py:4180} INFO - Setting next_dagrun for conditional_dataset_and_time_based_timetable to 2024-09-18 01:00:00+00:00, run_after=2024-09-18 01:00:00+00:00
[2024-09-22T03:24:28.850+0000] {logging_mixin.py:190} INFO - [2024-09-22T03:24:28.850+0000] {dag.py:4180} INFO - Setting next_dagrun for consume_1_and_2_with_dataset_expressions to None, run_after=None
[2024-09-22T03:24:28.851+0000] {logging_mixin.py:190} INFO - [2024-09-22T03:24:28.851+0000] {dag.py:4180} INFO - Setting next_dagrun for consume_1_or_2_with_dataset_expressions to None, run_after=None
[2024-09-22T03:24:28.853+0000] {logging_mixin.py:190} INFO - [2024-09-22T03:24:28.853+0000] {dag.py:4180} INFO - Setting next_dagrun for consume_1_or_both_2_and_3_with_dataset_expressions to None, run_after=None
[2024-09-22T03:24:28.854+0000] {logging_mixin.py:190} INFO - [2024-09-22T03:24:28.854+0000] {dag.py:4180} INFO - Setting next_dagrun for dataset_consumes_1 to None, run_after=None
[2024-09-22T03:24:28.855+0000] {logging_mixin.py:190} INFO - [2024-09-22T03:24:28.855+0000] {dag.py:4180} INFO - Setting next_dagrun for dataset_consumes_1_and_2 to None, run_after=None
[2024-09-22T03:24:28.857+0000] {logging_mixin.py:190} INFO - [2024-09-22T03:24:28.856+0000] {dag.py:4180} INFO - Setting next_dagrun for dataset_consumes_1_never_scheduled to None, run_after=None
[2024-09-22T03:24:28.858+0000] {logging_mixin.py:190} INFO - [2024-09-22T03:24:28.858+0000] {dag.py:4180} INFO - Setting next_dagrun for dataset_consumes_unknown_never_scheduled to None, run_after=None
[2024-09-22T03:24:28.859+0000] {logging_mixin.py:190} INFO - [2024-09-22T03:24:28.859+0000] {dag.py:4180} INFO - Setting next_dagrun for dataset_produces_1 to 2024-09-21 00:00:00+00:00, run_after=2024-09-22 00:00:00+00:00
[2024-09-22T03:24:28.860+0000] {logging_mixin.py:190} INFO - [2024-09-22T03:24:28.860+0000] {dag.py:4180} INFO - Setting next_dagrun for dataset_produces_2 to None, run_after=None
[2024-09-22T03:24:28.889+0000] {processor.py:208} INFO - Processing /home/airflow/.local/lib/python3.12/site-packages/airflow/example_dags/example_datasets.py took 0.298 seconds
[2024-09-22T03:24:59.685+0000] {processor.py:186} INFO - Started process (PID=957) to work on /home/airflow/.local/lib/python3.12/site-packages/airflow/example_dags/example_datasets.py
[2024-09-22T03:24:59.689+0000] {processor.py:914} INFO - Processing file /home/airflow/.local/lib/python3.12/site-packages/airflow/example_dags/example_datasets.py for tasks to queue
[2024-09-22T03:24:59.691+0000] {logging_mixin.py:190} INFO - [2024-09-22T03:24:59.691+0000] {dagbag.py:588} INFO - Filling up the DagBag from /home/airflow/.local/lib/python3.12/site-packages/airflow/example_dags/example_datasets.py
[2024-09-22T03:24:59.772+0000] {processor.py:925} INFO - DAG(s) 'dataset_produces_1', 'consume_1_or_both_2_and_3_with_dataset_expressions', 'dataset_produces_2', 'consume_1_or_2_with_dataset_expressions', 'dataset_consumes_1_and_2', 'dataset_consumes_1_never_scheduled', 'dataset_consumes_unknown_never_scheduled', 'consume_1_and_2_with_dataset_expressions', 'dataset_consumes_1', 'conditional_dataset_and_time_based_timetable' retrieved from /home/airflow/.local/lib/python3.12/site-packages/airflow/example_dags/example_datasets.py
[2024-09-22T03:24:59.797+0000] {logging_mixin.py:190} INFO - [2024-09-22T03:24:59.796+0000] {dag.py:3239} INFO - Sync 10 DAGs
[2024-09-22T03:24:59.815+0000] {logging_mixin.py:190} INFO - [2024-09-22T03:24:59.815+0000] {dag.py:4180} INFO - Setting next_dagrun for conditional_dataset_and_time_based_timetable to 2024-09-18 01:00:00+00:00, run_after=2024-09-18 01:00:00+00:00
[2024-09-22T03:24:59.818+0000] {logging_mixin.py:190} INFO - [2024-09-22T03:24:59.817+0000] {dag.py:4180} INFO - Setting next_dagrun for consume_1_and_2_with_dataset_expressions to None, run_after=None
[2024-09-22T03:24:59.819+0000] {logging_mixin.py:190} INFO - [2024-09-22T03:24:59.819+0000] {dag.py:4180} INFO - Setting next_dagrun for consume_1_or_2_with_dataset_expressions to None, run_after=None
[2024-09-22T03:24:59.820+0000] {logging_mixin.py:190} INFO - [2024-09-22T03:24:59.820+0000] {dag.py:4180} INFO - Setting next_dagrun for consume_1_or_both_2_and_3_with_dataset_expressions to None, run_after=None
[2024-09-22T03:24:59.821+0000] {logging_mixin.py:190} INFO - [2024-09-22T03:24:59.821+0000] {dag.py:4180} INFO - Setting next_dagrun for dataset_consumes_1 to None, run_after=None
[2024-09-22T03:24:59.823+0000] {logging_mixin.py:190} INFO - [2024-09-22T03:24:59.823+0000] {dag.py:4180} INFO - Setting next_dagrun for dataset_consumes_1_and_2 to None, run_after=None
[2024-09-22T03:24:59.824+0000] {logging_mixin.py:190} INFO - [2024-09-22T03:24:59.824+0000] {dag.py:4180} INFO - Setting next_dagrun for dataset_consumes_1_never_scheduled to None, run_after=None
[2024-09-22T03:24:59.826+0000] {logging_mixin.py:190} INFO - [2024-09-22T03:24:59.826+0000] {dag.py:4180} INFO - Setting next_dagrun for dataset_consumes_unknown_never_scheduled to None, run_after=None
[2024-09-22T03:24:59.829+0000] {logging_mixin.py:190} INFO - [2024-09-22T03:24:59.828+0000] {dag.py:4180} INFO - Setting next_dagrun for dataset_produces_1 to 2024-09-21 00:00:00+00:00, run_after=2024-09-22 00:00:00+00:00
[2024-09-22T03:24:59.832+0000] {logging_mixin.py:190} INFO - [2024-09-22T03:24:59.832+0000] {dag.py:4180} INFO - Setting next_dagrun for dataset_produces_2 to None, run_after=None
[2024-09-22T03:24:59.851+0000] {processor.py:208} INFO - Processing /home/airflow/.local/lib/python3.12/site-packages/airflow/example_dags/example_datasets.py took 0.171 seconds
[2024-09-22T03:25:30.134+0000] {processor.py:186} INFO - Started process (PID=1243) to work on /home/airflow/.local/lib/python3.12/site-packages/airflow/example_dags/example_datasets.py
[2024-09-22T03:25:30.135+0000] {processor.py:914} INFO - Processing file /home/airflow/.local/lib/python3.12/site-packages/airflow/example_dags/example_datasets.py for tasks to queue
[2024-09-22T03:25:30.137+0000] {logging_mixin.py:190} INFO - [2024-09-22T03:25:30.137+0000] {dagbag.py:588} INFO - Filling up the DagBag from /home/airflow/.local/lib/python3.12/site-packages/airflow/example_dags/example_datasets.py
[2024-09-22T03:25:30.286+0000] {processor.py:925} INFO - DAG(s) 'dataset_consumes_unknown_never_scheduled', 'conditional_dataset_and_time_based_timetable', 'dataset_consumes_1_and_2', 'consume_1_and_2_with_dataset_expressions', 'dataset_consumes_1', 'consume_1_or_2_with_dataset_expressions', 'dataset_produces_1', 'dataset_consumes_1_never_scheduled', 'dataset_produces_2', 'consume_1_or_both_2_and_3_with_dataset_expressions' retrieved from /home/airflow/.local/lib/python3.12/site-packages/airflow/example_dags/example_datasets.py
[2024-09-22T03:25:30.312+0000] {logging_mixin.py:190} INFO - [2024-09-22T03:25:30.311+0000] {dag.py:3239} INFO - Sync 10 DAGs
[2024-09-22T03:25:30.334+0000] {logging_mixin.py:190} INFO - [2024-09-22T03:25:30.334+0000] {dag.py:4180} INFO - Setting next_dagrun for conditional_dataset_and_time_based_timetable to 2024-09-18 01:00:00+00:00, run_after=2024-09-18 01:00:00+00:00
[2024-09-22T03:25:30.336+0000] {logging_mixin.py:190} INFO - [2024-09-22T03:25:30.336+0000] {dag.py:4180} INFO - Setting next_dagrun for consume_1_and_2_with_dataset_expressions to None, run_after=None
[2024-09-22T03:25:30.337+0000] {logging_mixin.py:190} INFO - [2024-09-22T03:25:30.337+0000] {dag.py:4180} INFO - Setting next_dagrun for consume_1_or_2_with_dataset_expressions to None, run_after=None
[2024-09-22T03:25:30.338+0000] {logging_mixin.py:190} INFO - [2024-09-22T03:25:30.337+0000] {dag.py:4180} INFO - Setting next_dagrun for consume_1_or_both_2_and_3_with_dataset_expressions to None, run_after=None
[2024-09-22T03:25:30.338+0000] {logging_mixin.py:190} INFO - [2024-09-22T03:25:30.338+0000] {dag.py:4180} INFO - Setting next_dagrun for dataset_consumes_1 to None, run_after=None
[2024-09-22T03:25:30.339+0000] {logging_mixin.py:190} INFO - [2024-09-22T03:25:30.339+0000] {dag.py:4180} INFO - Setting next_dagrun for dataset_consumes_1_and_2 to None, run_after=None
[2024-09-22T03:25:30.340+0000] {logging_mixin.py:190} INFO - [2024-09-22T03:25:30.340+0000] {dag.py:4180} INFO - Setting next_dagrun for dataset_consumes_1_never_scheduled to None, run_after=None
[2024-09-22T03:25:30.340+0000] {logging_mixin.py:190} INFO - [2024-09-22T03:25:30.340+0000] {dag.py:4180} INFO - Setting next_dagrun for dataset_consumes_unknown_never_scheduled to None, run_after=None
[2024-09-22T03:25:30.341+0000] {logging_mixin.py:190} INFO - [2024-09-22T03:25:30.341+0000] {dag.py:4180} INFO - Setting next_dagrun for dataset_produces_1 to 2024-09-21 00:00:00+00:00, run_after=2024-09-22 00:00:00+00:00
[2024-09-22T03:25:30.342+0000] {logging_mixin.py:190} INFO - [2024-09-22T03:25:30.342+0000] {dag.py:4180} INFO - Setting next_dagrun for dataset_produces_2 to None, run_after=None
[2024-09-22T03:25:30.359+0000] {processor.py:208} INFO - Processing /home/airflow/.local/lib/python3.12/site-packages/airflow/example_dags/example_datasets.py took 0.239 seconds
[2024-09-22T03:26:00.566+0000] {processor.py:186} INFO - Started process (PID=1529) to work on /home/airflow/.local/lib/python3.12/site-packages/airflow/example_dags/example_datasets.py
[2024-09-22T03:26:00.570+0000] {processor.py:914} INFO - Processing file /home/airflow/.local/lib/python3.12/site-packages/airflow/example_dags/example_datasets.py for tasks to queue
[2024-09-22T03:26:00.573+0000] {logging_mixin.py:190} INFO - [2024-09-22T03:26:00.573+0000] {dagbag.py:588} INFO - Filling up the DagBag from /home/airflow/.local/lib/python3.12/site-packages/airflow/example_dags/example_datasets.py
[2024-09-22T03:26:00.726+0000] {processor.py:925} INFO - DAG(s) 'consume_1_and_2_with_dataset_expressions', 'consume_1_or_both_2_and_3_with_dataset_expressions', 'consume_1_or_2_with_dataset_expressions', 'dataset_consumes_unknown_never_scheduled', 'dataset_produces_2', 'dataset_produces_1', 'dataset_consumes_1', 'conditional_dataset_and_time_based_timetable', 'dataset_consumes_1_and_2', 'dataset_consumes_1_never_scheduled' retrieved from /home/airflow/.local/lib/python3.12/site-packages/airflow/example_dags/example_datasets.py
[2024-09-22T03:26:00.779+0000] {logging_mixin.py:190} INFO - [2024-09-22T03:26:00.779+0000] {dag.py:3239} INFO - Sync 10 DAGs
[2024-09-22T03:26:00.807+0000] {logging_mixin.py:190} INFO - [2024-09-22T03:26:00.807+0000] {dag.py:4180} INFO - Setting next_dagrun for conditional_dataset_and_time_based_timetable to 2024-09-18 01:00:00+00:00, run_after=2024-09-18 01:00:00+00:00
[2024-09-22T03:26:00.811+0000] {logging_mixin.py:190} INFO - [2024-09-22T03:26:00.811+0000] {dag.py:4180} INFO - Setting next_dagrun for consume_1_and_2_with_dataset_expressions to None, run_after=None
[2024-09-22T03:26:00.814+0000] {logging_mixin.py:190} INFO - [2024-09-22T03:26:00.814+0000] {dag.py:4180} INFO - Setting next_dagrun for consume_1_or_2_with_dataset_expressions to None, run_after=None
[2024-09-22T03:26:00.815+0000] {logging_mixin.py:190} INFO - [2024-09-22T03:26:00.815+0000] {dag.py:4180} INFO - Setting next_dagrun for consume_1_or_both_2_and_3_with_dataset_expressions to None, run_after=None
[2024-09-22T03:26:00.816+0000] {logging_mixin.py:190} INFO - [2024-09-22T03:26:00.815+0000] {dag.py:4180} INFO - Setting next_dagrun for dataset_consumes_1 to None, run_after=None
[2024-09-22T03:26:00.817+0000] {logging_mixin.py:190} INFO - [2024-09-22T03:26:00.817+0000] {dag.py:4180} INFO - Setting next_dagrun for dataset_consumes_1_and_2 to None, run_after=None
[2024-09-22T03:26:00.818+0000] {logging_mixin.py:190} INFO - [2024-09-22T03:26:00.818+0000] {dag.py:4180} INFO - Setting next_dagrun for dataset_consumes_1_never_scheduled to None, run_after=None
[2024-09-22T03:26:00.819+0000] {logging_mixin.py:190} INFO - [2024-09-22T03:26:00.819+0000] {dag.py:4180} INFO - Setting next_dagrun for dataset_consumes_unknown_never_scheduled to None, run_after=None
[2024-09-22T03:26:00.821+0000] {logging_mixin.py:190} INFO - [2024-09-22T03:26:00.821+0000] {dag.py:4180} INFO - Setting next_dagrun for dataset_produces_1 to 2024-09-21 00:00:00+00:00, run_after=2024-09-22 00:00:00+00:00
[2024-09-22T03:26:00.825+0000] {logging_mixin.py:190} INFO - [2024-09-22T03:26:00.825+0000] {dag.py:4180} INFO - Setting next_dagrun for dataset_produces_2 to None, run_after=None
[2024-09-22T03:26:00.848+0000] {processor.py:208} INFO - Processing /home/airflow/.local/lib/python3.12/site-packages/airflow/example_dags/example_datasets.py took 0.289 seconds
[2024-09-22T03:26:31.393+0000] {processor.py:186} INFO - Started process (PID=1815) to work on /home/airflow/.local/lib/python3.12/site-packages/airflow/example_dags/example_datasets.py
[2024-09-22T03:26:31.395+0000] {processor.py:914} INFO - Processing file /home/airflow/.local/lib/python3.12/site-packages/airflow/example_dags/example_datasets.py for tasks to queue
[2024-09-22T03:26:31.397+0000] {logging_mixin.py:190} INFO - [2024-09-22T03:26:31.397+0000] {dagbag.py:588} INFO - Filling up the DagBag from /home/airflow/.local/lib/python3.12/site-packages/airflow/example_dags/example_datasets.py
[2024-09-22T03:26:31.482+0000] {processor.py:925} INFO - DAG(s) 'consume_1_or_both_2_and_3_with_dataset_expressions', 'dataset_consumes_1', 'consume_1_and_2_with_dataset_expressions', 'consume_1_or_2_with_dataset_expressions', 'dataset_consumes_1_never_scheduled', 'conditional_dataset_and_time_based_timetable', 'dataset_produces_1', 'dataset_consumes_1_and_2', 'dataset_produces_2', 'dataset_consumes_unknown_never_scheduled' retrieved from /home/airflow/.local/lib/python3.12/site-packages/airflow/example_dags/example_datasets.py
[2024-09-22T03:26:31.564+0000] {logging_mixin.py:190} INFO - [2024-09-22T03:26:31.564+0000] {dag.py:3239} INFO - Sync 10 DAGs
[2024-09-22T03:26:31.593+0000] {logging_mixin.py:190} INFO - [2024-09-22T03:26:31.593+0000] {dag.py:4180} INFO - Setting next_dagrun for conditional_dataset_and_time_based_timetable to 2024-09-18 01:00:00+00:00, run_after=2024-09-18 01:00:00+00:00
[2024-09-22T03:26:31.597+0000] {logging_mixin.py:190} INFO - [2024-09-22T03:26:31.597+0000] {dag.py:4180} INFO - Setting next_dagrun for consume_1_and_2_with_dataset_expressions to None, run_after=None
[2024-09-22T03:26:31.600+0000] {logging_mixin.py:190} INFO - [2024-09-22T03:26:31.600+0000] {dag.py:4180} INFO - Setting next_dagrun for consume_1_or_2_with_dataset_expressions to None, run_after=None
[2024-09-22T03:26:31.603+0000] {logging_mixin.py:190} INFO - [2024-09-22T03:26:31.603+0000] {dag.py:4180} INFO - Setting next_dagrun for consume_1_or_both_2_and_3_with_dataset_expressions to None, run_after=None
[2024-09-22T03:26:31.605+0000] {logging_mixin.py:190} INFO - [2024-09-22T03:26:31.605+0000] {dag.py:4180} INFO - Setting next_dagrun for dataset_consumes_1 to None, run_after=None
[2024-09-22T03:26:31.606+0000] {logging_mixin.py:190} INFO - [2024-09-22T03:26:31.606+0000] {dag.py:4180} INFO - Setting next_dagrun for dataset_consumes_1_and_2 to None, run_after=None
[2024-09-22T03:26:31.608+0000] {logging_mixin.py:190} INFO - [2024-09-22T03:26:31.608+0000] {dag.py:4180} INFO - Setting next_dagrun for dataset_consumes_1_never_scheduled to None, run_after=None
[2024-09-22T03:26:31.609+0000] {logging_mixin.py:190} INFO - [2024-09-22T03:26:31.609+0000] {dag.py:4180} INFO - Setting next_dagrun for dataset_consumes_unknown_never_scheduled to None, run_after=None
[2024-09-22T03:26:31.610+0000] {logging_mixin.py:190} INFO - [2024-09-22T03:26:31.610+0000] {dag.py:4180} INFO - Setting next_dagrun for dataset_produces_1 to 2024-09-21 00:00:00+00:00, run_after=2024-09-22 00:00:00+00:00
[2024-09-22T03:26:31.612+0000] {logging_mixin.py:190} INFO - [2024-09-22T03:26:31.612+0000] {dag.py:4180} INFO - Setting next_dagrun for dataset_produces_2 to None, run_after=None
[2024-09-22T03:26:31.641+0000] {processor.py:208} INFO - Processing /home/airflow/.local/lib/python3.12/site-packages/airflow/example_dags/example_datasets.py took 0.254 seconds
[2024-09-22T03:27:02.047+0000] {processor.py:186} INFO - Started process (PID=2101) to work on /home/airflow/.local/lib/python3.12/site-packages/airflow/example_dags/example_datasets.py
[2024-09-22T03:27:02.048+0000] {processor.py:914} INFO - Processing file /home/airflow/.local/lib/python3.12/site-packages/airflow/example_dags/example_datasets.py for tasks to queue
[2024-09-22T03:27:02.051+0000] {logging_mixin.py:190} INFO - [2024-09-22T03:27:02.050+0000] {dagbag.py:588} INFO - Filling up the DagBag from /home/airflow/.local/lib/python3.12/site-packages/airflow/example_dags/example_datasets.py
[2024-09-22T03:27:02.131+0000] {processor.py:925} INFO - DAG(s) 'dataset_consumes_1', 'dataset_consumes_1_never_scheduled', 'consume_1_or_both_2_and_3_with_dataset_expressions', 'dataset_consumes_1_and_2', 'consume_1_or_2_with_dataset_expressions', 'conditional_dataset_and_time_based_timetable', 'dataset_produces_1', 'dataset_produces_2', 'consume_1_and_2_with_dataset_expressions', 'dataset_consumes_unknown_never_scheduled' retrieved from /home/airflow/.local/lib/python3.12/site-packages/airflow/example_dags/example_datasets.py
[2024-09-22T03:27:02.157+0000] {logging_mixin.py:190} INFO - [2024-09-22T03:27:02.157+0000] {dag.py:3239} INFO - Sync 10 DAGs
[2024-09-22T03:27:02.176+0000] {logging_mixin.py:190} INFO - [2024-09-22T03:27:02.175+0000] {dag.py:4180} INFO - Setting next_dagrun for conditional_dataset_and_time_based_timetable to 2024-09-18 01:00:00+00:00, run_after=2024-09-18 01:00:00+00:00
[2024-09-22T03:27:02.179+0000] {logging_mixin.py:190} INFO - [2024-09-22T03:27:02.179+0000] {dag.py:4180} INFO - Setting next_dagrun for consume_1_and_2_with_dataset_expressions to None, run_after=None
[2024-09-22T03:27:02.180+0000] {logging_mixin.py:190} INFO - [2024-09-22T03:27:02.180+0000] {dag.py:4180} INFO - Setting next_dagrun for consume_1_or_2_with_dataset_expressions to None, run_after=None
[2024-09-22T03:27:02.181+0000] {logging_mixin.py:190} INFO - [2024-09-22T03:27:02.181+0000] {dag.py:4180} INFO - Setting next_dagrun for consume_1_or_both_2_and_3_with_dataset_expressions to None, run_after=None
[2024-09-22T03:27:02.182+0000] {logging_mixin.py:190} INFO - [2024-09-22T03:27:02.182+0000] {dag.py:4180} INFO - Setting next_dagrun for dataset_consumes_1 to None, run_after=None
[2024-09-22T03:27:02.184+0000] {logging_mixin.py:190} INFO - [2024-09-22T03:27:02.184+0000] {dag.py:4180} INFO - Setting next_dagrun for dataset_consumes_1_and_2 to None, run_after=None
[2024-09-22T03:27:02.185+0000] {logging_mixin.py:190} INFO - [2024-09-22T03:27:02.185+0000] {dag.py:4180} INFO - Setting next_dagrun for dataset_consumes_1_never_scheduled to None, run_after=None
[2024-09-22T03:27:02.187+0000] {logging_mixin.py:190} INFO - [2024-09-22T03:27:02.187+0000] {dag.py:4180} INFO - Setting next_dagrun for dataset_consumes_unknown_never_scheduled to None, run_after=None
[2024-09-22T03:27:02.189+0000] {logging_mixin.py:190} INFO - [2024-09-22T03:27:02.189+0000] {dag.py:4180} INFO - Setting next_dagrun for dataset_produces_1 to 2024-09-21 00:00:00+00:00, run_after=2024-09-22 00:00:00+00:00
[2024-09-22T03:27:02.190+0000] {logging_mixin.py:190} INFO - [2024-09-22T03:27:02.190+0000] {dag.py:4180} INFO - Setting next_dagrun for dataset_produces_2 to None, run_after=None
[2024-09-22T03:27:02.206+0000] {processor.py:208} INFO - Processing /home/airflow/.local/lib/python3.12/site-packages/airflow/example_dags/example_datasets.py took 0.162 seconds
[2024-09-22T03:27:32.434+0000] {processor.py:186} INFO - Started process (PID=2386) to work on /home/airflow/.local/lib/python3.12/site-packages/airflow/example_dags/example_datasets.py
[2024-09-22T03:27:32.435+0000] {processor.py:914} INFO - Processing file /home/airflow/.local/lib/python3.12/site-packages/airflow/example_dags/example_datasets.py for tasks to queue
[2024-09-22T03:27:32.436+0000] {logging_mixin.py:190} INFO - [2024-09-22T03:27:32.436+0000] {dagbag.py:588} INFO - Filling up the DagBag from /home/airflow/.local/lib/python3.12/site-packages/airflow/example_dags/example_datasets.py
[2024-09-22T03:27:32.520+0000] {processor.py:925} INFO - DAG(s) 'dataset_produces_2', 'dataset_consumes_unknown_never_scheduled', 'dataset_consumes_1_never_scheduled', 'dataset_consumes_1', 'consume_1_or_both_2_and_3_with_dataset_expressions', 'dataset_produces_1', 'dataset_consumes_1_and_2', 'conditional_dataset_and_time_based_timetable', 'consume_1_and_2_with_dataset_expressions', 'consume_1_or_2_with_dataset_expressions' retrieved from /home/airflow/.local/lib/python3.12/site-packages/airflow/example_dags/example_datasets.py
[2024-09-22T03:27:32.554+0000] {logging_mixin.py:190} INFO - [2024-09-22T03:27:32.554+0000] {dag.py:3239} INFO - Sync 10 DAGs
[2024-09-22T03:27:32.572+0000] {logging_mixin.py:190} INFO - [2024-09-22T03:27:32.572+0000] {dag.py:4180} INFO - Setting next_dagrun for conditional_dataset_and_time_based_timetable to 2024-09-18 01:00:00+00:00, run_after=2024-09-18 01:00:00+00:00
[2024-09-22T03:27:32.575+0000] {logging_mixin.py:190} INFO - [2024-09-22T03:27:32.575+0000] {dag.py:4180} INFO - Setting next_dagrun for consume_1_and_2_with_dataset_expressions to None, run_after=None
[2024-09-22T03:27:32.577+0000] {logging_mixin.py:190} INFO - [2024-09-22T03:27:32.576+0000] {dag.py:4180} INFO - Setting next_dagrun for consume_1_or_2_with_dataset_expressions to None, run_after=None
[2024-09-22T03:27:32.578+0000] {logging_mixin.py:190} INFO - [2024-09-22T03:27:32.578+0000] {dag.py:4180} INFO - Setting next_dagrun for consume_1_or_both_2_and_3_with_dataset_expressions to None, run_after=None
[2024-09-22T03:27:32.579+0000] {logging_mixin.py:190} INFO - [2024-09-22T03:27:32.579+0000] {dag.py:4180} INFO - Setting next_dagrun for dataset_consumes_1 to None, run_after=None
[2024-09-22T03:27:32.580+0000] {logging_mixin.py:190} INFO - [2024-09-22T03:27:32.580+0000] {dag.py:4180} INFO - Setting next_dagrun for dataset_consumes_1_and_2 to None, run_after=None
[2024-09-22T03:27:32.581+0000] {logging_mixin.py:190} INFO - [2024-09-22T03:27:32.581+0000] {dag.py:4180} INFO - Setting next_dagrun for dataset_consumes_1_never_scheduled to None, run_after=None
[2024-09-22T03:27:32.582+0000] {logging_mixin.py:190} INFO - [2024-09-22T03:27:32.582+0000] {dag.py:4180} INFO - Setting next_dagrun for dataset_consumes_unknown_never_scheduled to None, run_after=None
[2024-09-22T03:27:32.583+0000] {logging_mixin.py:190} INFO - [2024-09-22T03:27:32.583+0000] {dag.py:4180} INFO - Setting next_dagrun for dataset_produces_1 to 2024-09-21 00:00:00+00:00, run_after=2024-09-22 00:00:00+00:00
[2024-09-22T03:27:32.583+0000] {logging_mixin.py:190} INFO - [2024-09-22T03:27:32.583+0000] {dag.py:4180} INFO - Setting next_dagrun for dataset_produces_2 to None, run_after=None
[2024-09-22T03:27:32.606+0000] {processor.py:208} INFO - Processing /home/airflow/.local/lib/python3.12/site-packages/airflow/example_dags/example_datasets.py took 0.176 seconds
[2024-09-22T03:28:02.854+0000] {processor.py:186} INFO - Started process (PID=2672) to work on /home/airflow/.local/lib/python3.12/site-packages/airflow/example_dags/example_datasets.py
[2024-09-22T03:28:02.855+0000] {processor.py:914} INFO - Processing file /home/airflow/.local/lib/python3.12/site-packages/airflow/example_dags/example_datasets.py for tasks to queue
[2024-09-22T03:28:02.857+0000] {logging_mixin.py:190} INFO - [2024-09-22T03:28:02.856+0000] {dagbag.py:588} INFO - Filling up the DagBag from /home/airflow/.local/lib/python3.12/site-packages/airflow/example_dags/example_datasets.py
[2024-09-22T03:28:02.934+0000] {processor.py:925} INFO - DAG(s) 'dataset_produces_1', 'dataset_consumes_1', 'dataset_produces_2', 'consume_1_or_both_2_and_3_with_dataset_expressions', 'conditional_dataset_and_time_based_timetable', 'dataset_consumes_unknown_never_scheduled', 'consume_1_and_2_with_dataset_expressions', 'dataset_consumes_1_and_2', 'dataset_consumes_1_never_scheduled', 'consume_1_or_2_with_dataset_expressions' retrieved from /home/airflow/.local/lib/python3.12/site-packages/airflow/example_dags/example_datasets.py
[2024-09-22T03:28:02.963+0000] {logging_mixin.py:190} INFO - [2024-09-22T03:28:02.963+0000] {dag.py:3239} INFO - Sync 10 DAGs
[2024-09-22T03:28:02.979+0000] {logging_mixin.py:190} INFO - [2024-09-22T03:28:02.979+0000] {dag.py:4180} INFO - Setting next_dagrun for conditional_dataset_and_time_based_timetable to 2024-09-18 01:00:00+00:00, run_after=2024-09-18 01:00:00+00:00
[2024-09-22T03:28:02.981+0000] {logging_mixin.py:190} INFO - [2024-09-22T03:28:02.981+0000] {dag.py:4180} INFO - Setting next_dagrun for consume_1_and_2_with_dataset_expressions to None, run_after=None
[2024-09-22T03:28:02.982+0000] {logging_mixin.py:190} INFO - [2024-09-22T03:28:02.982+0000] {dag.py:4180} INFO - Setting next_dagrun for consume_1_or_2_with_dataset_expressions to None, run_after=None
[2024-09-22T03:28:02.983+0000] {logging_mixin.py:190} INFO - [2024-09-22T03:28:02.983+0000] {dag.py:4180} INFO - Setting next_dagrun for consume_1_or_both_2_and_3_with_dataset_expressions to None, run_after=None
[2024-09-22T03:28:02.984+0000] {logging_mixin.py:190} INFO - [2024-09-22T03:28:02.984+0000] {dag.py:4180} INFO - Setting next_dagrun for dataset_consumes_1 to None, run_after=None
[2024-09-22T03:28:02.986+0000] {logging_mixin.py:190} INFO - [2024-09-22T03:28:02.986+0000] {dag.py:4180} INFO - Setting next_dagrun for dataset_consumes_1_and_2 to None, run_after=None
[2024-09-22T03:28:02.986+0000] {logging_mixin.py:190} INFO - [2024-09-22T03:28:02.986+0000] {dag.py:4180} INFO - Setting next_dagrun for dataset_consumes_1_never_scheduled to None, run_after=None
[2024-09-22T03:28:02.987+0000] {logging_mixin.py:190} INFO - [2024-09-22T03:28:02.987+0000] {dag.py:4180} INFO - Setting next_dagrun for dataset_consumes_unknown_never_scheduled to None, run_after=None
[2024-09-22T03:28:02.988+0000] {logging_mixin.py:190} INFO - [2024-09-22T03:28:02.988+0000] {dag.py:4180} INFO - Setting next_dagrun for dataset_produces_1 to 2024-09-21 00:00:00+00:00, run_after=2024-09-22 00:00:00+00:00
[2024-09-22T03:28:02.991+0000] {logging_mixin.py:190} INFO - [2024-09-22T03:28:02.991+0000] {dag.py:4180} INFO - Setting next_dagrun for dataset_produces_2 to None, run_after=None
[2024-09-22T03:28:03.010+0000] {processor.py:208} INFO - Processing /home/airflow/.local/lib/python3.12/site-packages/airflow/example_dags/example_datasets.py took 0.160 seconds
[2024-09-22T03:28:33.198+0000] {processor.py:186} INFO - Started process (PID=2958) to work on /home/airflow/.local/lib/python3.12/site-packages/airflow/example_dags/example_datasets.py
[2024-09-22T03:28:33.199+0000] {processor.py:914} INFO - Processing file /home/airflow/.local/lib/python3.12/site-packages/airflow/example_dags/example_datasets.py for tasks to queue
[2024-09-22T03:28:33.202+0000] {logging_mixin.py:190} INFO - [2024-09-22T03:28:33.201+0000] {dagbag.py:588} INFO - Filling up the DagBag from /home/airflow/.local/lib/python3.12/site-packages/airflow/example_dags/example_datasets.py
[2024-09-22T03:28:33.297+0000] {processor.py:925} INFO - DAG(s) 'dataset_produces_1', 'consume_1_or_2_with_dataset_expressions', 'conditional_dataset_and_time_based_timetable', 'dataset_consumes_1', 'consume_1_or_both_2_and_3_with_dataset_expressions', 'dataset_consumes_1_never_scheduled', 'dataset_consumes_unknown_never_scheduled', 'dataset_consumes_1_and_2', 'dataset_produces_2', 'consume_1_and_2_with_dataset_expressions' retrieved from /home/airflow/.local/lib/python3.12/site-packages/airflow/example_dags/example_datasets.py
[2024-09-22T03:28:33.324+0000] {logging_mixin.py:190} INFO - [2024-09-22T03:28:33.324+0000] {dag.py:3239} INFO - Sync 10 DAGs
[2024-09-22T03:28:33.339+0000] {logging_mixin.py:190} INFO - [2024-09-22T03:28:33.339+0000] {dag.py:4180} INFO - Setting next_dagrun for conditional_dataset_and_time_based_timetable to 2024-09-18 01:00:00+00:00, run_after=2024-09-18 01:00:00+00:00
[2024-09-22T03:28:33.342+0000] {logging_mixin.py:190} INFO - [2024-09-22T03:28:33.342+0000] {dag.py:4180} INFO - Setting next_dagrun for consume_1_and_2_with_dataset_expressions to None, run_after=None
[2024-09-22T03:28:33.343+0000] {logging_mixin.py:190} INFO - [2024-09-22T03:28:33.343+0000] {dag.py:4180} INFO - Setting next_dagrun for consume_1_or_2_with_dataset_expressions to None, run_after=None
[2024-09-22T03:28:33.343+0000] {logging_mixin.py:190} INFO - [2024-09-22T03:28:33.343+0000] {dag.py:4180} INFO - Setting next_dagrun for consume_1_or_both_2_and_3_with_dataset_expressions to None, run_after=None
[2024-09-22T03:28:33.344+0000] {logging_mixin.py:190} INFO - [2024-09-22T03:28:33.344+0000] {dag.py:4180} INFO - Setting next_dagrun for dataset_consumes_1 to None, run_after=None
[2024-09-22T03:28:33.345+0000] {logging_mixin.py:190} INFO - [2024-09-22T03:28:33.345+0000] {dag.py:4180} INFO - Setting next_dagrun for dataset_consumes_1_and_2 to None, run_after=None
[2024-09-22T03:28:33.346+0000] {logging_mixin.py:190} INFO - [2024-09-22T03:28:33.346+0000] {dag.py:4180} INFO - Setting next_dagrun for dataset_consumes_1_never_scheduled to None, run_after=None
[2024-09-22T03:28:33.348+0000] {logging_mixin.py:190} INFO - [2024-09-22T03:28:33.348+0000] {dag.py:4180} INFO - Setting next_dagrun for dataset_consumes_unknown_never_scheduled to None, run_after=None
[2024-09-22T03:28:33.350+0000] {logging_mixin.py:190} INFO - [2024-09-22T03:28:33.350+0000] {dag.py:4180} INFO - Setting next_dagrun for dataset_produces_1 to 2024-09-21 00:00:00+00:00, run_after=2024-09-22 00:00:00+00:00
[2024-09-22T03:28:33.351+0000] {logging_mixin.py:190} INFO - [2024-09-22T03:28:33.351+0000] {dag.py:4180} INFO - Setting next_dagrun for dataset_produces_2 to None, run_after=None
[2024-09-22T03:28:33.374+0000] {processor.py:208} INFO - Processing /home/airflow/.local/lib/python3.12/site-packages/airflow/example_dags/example_datasets.py took 0.183 seconds
