[2024-09-22T03:23:57.233+0000] {processor.py:186} INFO - Started process (PID=388) to work on /home/airflow/.local/lib/python3.12/site-packages/airflow/example_dags/example_dataset_alias_with_no_taskflow.py
[2024-09-22T03:23:57.237+0000] {processor.py:914} INFO - Processing file /home/airflow/.local/lib/python3.12/site-packages/airflow/example_dags/example_dataset_alias_with_no_taskflow.py for tasks to queue
[2024-09-22T03:23:57.241+0000] {logging_mixin.py:190} INFO - [2024-09-22T03:23:57.241+0000] {dagbag.py:588} INFO - Filling up the DagBag from /home/airflow/.local/lib/python3.12/site-packages/airflow/example_dags/example_dataset_alias_with_no_taskflow.py
[2024-09-22T03:23:57.488+0000] {processor.py:925} INFO - DAG(s) 'dataset_alias_example_alias_consumer_with_no_taskflow', 'dataset_s3_bucket_consumer_with_no_taskflow', 'dataset_alias_example_alias_producer_with_no_taskflow', 'dataset_s3_bucket_producer_with_no_taskflow' retrieved from /home/airflow/.local/lib/python3.12/site-packages/airflow/example_dags/example_dataset_alias_with_no_taskflow.py
[2024-09-22T03:23:57.629+0000] {logging_mixin.py:190} INFO - [2024-09-22T03:23:57.629+0000] {override.py:1900} INFO - Created Permission View: can read on DAG:dataset_alias_example_alias_consumer_with_no_taskflow
[2024-09-22T03:23:57.642+0000] {logging_mixin.py:190} INFO - [2024-09-22T03:23:57.642+0000] {override.py:1900} INFO - Created Permission View: can edit on DAG:dataset_alias_example_alias_consumer_with_no_taskflow
[2024-09-22T03:23:57.649+0000] {logging_mixin.py:190} INFO - [2024-09-22T03:23:57.649+0000] {override.py:1900} INFO - Created Permission View: can delete on DAG:dataset_alias_example_alias_consumer_with_no_taskflow
[2024-09-22T03:23:57.653+0000] {logging_mixin.py:190} INFO - [2024-09-22T03:23:57.653+0000] {override.py:1900} INFO - Created Permission View: can read on DAG Run:dataset_alias_example_alias_consumer_with_no_taskflow
[2024-09-22T03:23:57.658+0000] {logging_mixin.py:190} INFO - [2024-09-22T03:23:57.658+0000] {override.py:1900} INFO - Created Permission View: menu access on DAG Run:dataset_alias_example_alias_consumer_with_no_taskflow
[2024-09-22T03:23:57.664+0000] {logging_mixin.py:190} INFO - [2024-09-22T03:23:57.664+0000] {override.py:1900} INFO - Created Permission View: can delete on DAG Run:dataset_alias_example_alias_consumer_with_no_taskflow
[2024-09-22T03:23:57.668+0000] {logging_mixin.py:190} INFO - [2024-09-22T03:23:57.668+0000] {override.py:1900} INFO - Created Permission View: can create on DAG Run:dataset_alias_example_alias_consumer_with_no_taskflow
[2024-09-22T03:23:57.677+0000] {logging_mixin.py:190} INFO - [2024-09-22T03:23:57.676+0000] {override.py:1900} INFO - Created Permission View: can read on DAG:dataset_s3_bucket_consumer_with_no_taskflow
[2024-09-22T03:23:57.684+0000] {logging_mixin.py:190} INFO - [2024-09-22T03:23:57.684+0000] {override.py:1900} INFO - Created Permission View: can edit on DAG:dataset_s3_bucket_consumer_with_no_taskflow
[2024-09-22T03:23:57.688+0000] {logging_mixin.py:190} INFO - [2024-09-22T03:23:57.688+0000] {override.py:1900} INFO - Created Permission View: can delete on DAG:dataset_s3_bucket_consumer_with_no_taskflow
[2024-09-22T03:23:57.693+0000] {logging_mixin.py:190} INFO - [2024-09-22T03:23:57.693+0000] {override.py:1900} INFO - Created Permission View: can read on DAG Run:dataset_s3_bucket_consumer_with_no_taskflow
[2024-09-22T03:23:57.697+0000] {logging_mixin.py:190} INFO - [2024-09-22T03:23:57.697+0000] {override.py:1900} INFO - Created Permission View: menu access on DAG Run:dataset_s3_bucket_consumer_with_no_taskflow
[2024-09-22T03:23:57.702+0000] {logging_mixin.py:190} INFO - [2024-09-22T03:23:57.702+0000] {override.py:1900} INFO - Created Permission View: can delete on DAG Run:dataset_s3_bucket_consumer_with_no_taskflow
[2024-09-22T03:23:57.706+0000] {logging_mixin.py:190} INFO - [2024-09-22T03:23:57.705+0000] {override.py:1900} INFO - Created Permission View: can create on DAG Run:dataset_s3_bucket_consumer_with_no_taskflow
[2024-09-22T03:23:57.714+0000] {logging_mixin.py:190} INFO - [2024-09-22T03:23:57.714+0000] {override.py:1900} INFO - Created Permission View: can read on DAG:dataset_alias_example_alias_producer_with_no_taskflow
[2024-09-22T03:23:57.719+0000] {logging_mixin.py:190} INFO - [2024-09-22T03:23:57.719+0000] {override.py:1900} INFO - Created Permission View: can edit on DAG:dataset_alias_example_alias_producer_with_no_taskflow
[2024-09-22T03:23:57.723+0000] {logging_mixin.py:190} INFO - [2024-09-22T03:23:57.723+0000] {override.py:1900} INFO - Created Permission View: can delete on DAG:dataset_alias_example_alias_producer_with_no_taskflow
[2024-09-22T03:23:57.727+0000] {logging_mixin.py:190} INFO - [2024-09-22T03:23:57.727+0000] {override.py:1900} INFO - Created Permission View: can read on DAG Run:dataset_alias_example_alias_producer_with_no_taskflow
[2024-09-22T03:23:57.731+0000] {logging_mixin.py:190} INFO - [2024-09-22T03:23:57.731+0000] {override.py:1900} INFO - Created Permission View: menu access on DAG Run:dataset_alias_example_alias_producer_with_no_taskflow
[2024-09-22T03:23:57.736+0000] {logging_mixin.py:190} INFO - [2024-09-22T03:23:57.736+0000] {override.py:1900} INFO - Created Permission View: can delete on DAG Run:dataset_alias_example_alias_producer_with_no_taskflow
[2024-09-22T03:23:57.740+0000] {logging_mixin.py:190} INFO - [2024-09-22T03:23:57.740+0000] {override.py:1900} INFO - Created Permission View: can create on DAG Run:dataset_alias_example_alias_producer_with_no_taskflow
[2024-09-22T03:23:57.748+0000] {logging_mixin.py:190} INFO - [2024-09-22T03:23:57.748+0000] {override.py:1900} INFO - Created Permission View: can read on DAG:dataset_s3_bucket_producer_with_no_taskflow
[2024-09-22T03:23:57.753+0000] {logging_mixin.py:190} INFO - [2024-09-22T03:23:57.753+0000] {override.py:1900} INFO - Created Permission View: can edit on DAG:dataset_s3_bucket_producer_with_no_taskflow
[2024-09-22T03:23:57.758+0000] {logging_mixin.py:190} INFO - [2024-09-22T03:23:57.758+0000] {override.py:1900} INFO - Created Permission View: can delete on DAG:dataset_s3_bucket_producer_with_no_taskflow
[2024-09-22T03:23:57.761+0000] {logging_mixin.py:190} INFO - [2024-09-22T03:23:57.761+0000] {override.py:1900} INFO - Created Permission View: can read on DAG Run:dataset_s3_bucket_producer_with_no_taskflow
[2024-09-22T03:23:57.766+0000] {logging_mixin.py:190} INFO - [2024-09-22T03:23:57.766+0000] {override.py:1900} INFO - Created Permission View: menu access on DAG Run:dataset_s3_bucket_producer_with_no_taskflow
[2024-09-22T03:23:57.770+0000] {logging_mixin.py:190} INFO - [2024-09-22T03:23:57.770+0000] {override.py:1900} INFO - Created Permission View: can delete on DAG Run:dataset_s3_bucket_producer_with_no_taskflow
[2024-09-22T03:23:57.775+0000] {logging_mixin.py:190} INFO - [2024-09-22T03:23:57.775+0000] {override.py:1900} INFO - Created Permission View: can create on DAG Run:dataset_s3_bucket_producer_with_no_taskflow
[2024-09-22T03:23:57.775+0000] {logging_mixin.py:190} INFO - [2024-09-22T03:23:57.775+0000] {dag.py:3239} INFO - Sync 4 DAGs
[2024-09-22T03:23:57.787+0000] {logging_mixin.py:190} INFO - [2024-09-22T03:23:57.786+0000] {dag.py:3262} INFO - Creating ORM DAG for dataset_alias_example_alias_producer_with_no_taskflow
[2024-09-22T03:23:57.788+0000] {logging_mixin.py:190} INFO - [2024-09-22T03:23:57.788+0000] {dag.py:3262} INFO - Creating ORM DAG for dataset_alias_example_alias_consumer_with_no_taskflow
[2024-09-22T03:23:57.788+0000] {logging_mixin.py:190} INFO - [2024-09-22T03:23:57.788+0000] {dag.py:3262} INFO - Creating ORM DAG for dataset_s3_bucket_consumer_with_no_taskflow
[2024-09-22T03:23:57.789+0000] {logging_mixin.py:190} INFO - [2024-09-22T03:23:57.789+0000] {dag.py:3262} INFO - Creating ORM DAG for dataset_s3_bucket_producer_with_no_taskflow
[2024-09-22T03:23:57.798+0000] {logging_mixin.py:190} INFO - [2024-09-22T03:23:57.797+0000] {dag.py:4180} INFO - Setting next_dagrun for dataset_alias_example_alias_consumer_with_no_taskflow to None, run_after=None
[2024-09-22T03:23:57.799+0000] {logging_mixin.py:190} INFO - [2024-09-22T03:23:57.799+0000] {dag.py:4180} INFO - Setting next_dagrun for dataset_alias_example_alias_producer_with_no_taskflow to None, run_after=None
[2024-09-22T03:23:57.799+0000] {logging_mixin.py:190} INFO - [2024-09-22T03:23:57.799+0000] {dag.py:4180} INFO - Setting next_dagrun for dataset_s3_bucket_consumer_with_no_taskflow to None, run_after=None
[2024-09-22T03:23:57.801+0000] {logging_mixin.py:190} INFO - [2024-09-22T03:23:57.801+0000] {dag.py:4180} INFO - Setting next_dagrun for dataset_s3_bucket_producer_with_no_taskflow to None, run_after=None
[2024-09-22T03:23:57.829+0000] {processor.py:208} INFO - Processing /home/airflow/.local/lib/python3.12/site-packages/airflow/example_dags/example_dataset_alias_with_no_taskflow.py took 0.604 seconds
[2024-09-22T03:24:28.600+0000] {processor.py:186} INFO - Started process (PID=673) to work on /home/airflow/.local/lib/python3.12/site-packages/airflow/example_dags/example_dataset_alias_with_no_taskflow.py
[2024-09-22T03:24:28.604+0000] {processor.py:914} INFO - Processing file /home/airflow/.local/lib/python3.12/site-packages/airflow/example_dags/example_dataset_alias_with_no_taskflow.py for tasks to queue
[2024-09-22T03:24:28.605+0000] {logging_mixin.py:190} INFO - [2024-09-22T03:24:28.605+0000] {dagbag.py:588} INFO - Filling up the DagBag from /home/airflow/.local/lib/python3.12/site-packages/airflow/example_dags/example_dataset_alias_with_no_taskflow.py
[2024-09-22T03:24:28.759+0000] {processor.py:925} INFO - DAG(s) 'dataset_alias_example_alias_producer_with_no_taskflow', 'dataset_s3_bucket_consumer_with_no_taskflow', 'dataset_s3_bucket_producer_with_no_taskflow', 'dataset_alias_example_alias_consumer_with_no_taskflow' retrieved from /home/airflow/.local/lib/python3.12/site-packages/airflow/example_dags/example_dataset_alias_with_no_taskflow.py
[2024-09-22T03:24:28.783+0000] {logging_mixin.py:190} INFO - [2024-09-22T03:24:28.783+0000] {dag.py:3239} INFO - Sync 4 DAGs
[2024-09-22T03:24:28.813+0000] {logging_mixin.py:190} INFO - [2024-09-22T03:24:28.813+0000] {dag.py:4180} INFO - Setting next_dagrun for dataset_alias_example_alias_consumer_with_no_taskflow to None, run_after=None
[2024-09-22T03:24:28.816+0000] {logging_mixin.py:190} INFO - [2024-09-22T03:24:28.816+0000] {dag.py:4180} INFO - Setting next_dagrun for dataset_alias_example_alias_producer_with_no_taskflow to None, run_after=None
[2024-09-22T03:24:28.818+0000] {logging_mixin.py:190} INFO - [2024-09-22T03:24:28.818+0000] {dag.py:4180} INFO - Setting next_dagrun for dataset_s3_bucket_consumer_with_no_taskflow to None, run_after=None
[2024-09-22T03:24:28.820+0000] {logging_mixin.py:190} INFO - [2024-09-22T03:24:28.819+0000] {dag.py:4180} INFO - Setting next_dagrun for dataset_s3_bucket_producer_with_no_taskflow to None, run_after=None
[2024-09-22T03:24:28.840+0000] {processor.py:208} INFO - Processing /home/airflow/.local/lib/python3.12/site-packages/airflow/example_dags/example_dataset_alias_with_no_taskflow.py took 0.245 seconds
[2024-09-22T03:24:59.689+0000] {processor.py:186} INFO - Started process (PID=960) to work on /home/airflow/.local/lib/python3.12/site-packages/airflow/example_dags/example_dataset_alias_with_no_taskflow.py
[2024-09-22T03:24:59.689+0000] {processor.py:914} INFO - Processing file /home/airflow/.local/lib/python3.12/site-packages/airflow/example_dags/example_dataset_alias_with_no_taskflow.py for tasks to queue
[2024-09-22T03:24:59.693+0000] {logging_mixin.py:190} INFO - [2024-09-22T03:24:59.692+0000] {dagbag.py:588} INFO - Filling up the DagBag from /home/airflow/.local/lib/python3.12/site-packages/airflow/example_dags/example_dataset_alias_with_no_taskflow.py
[2024-09-22T03:24:59.779+0000] {processor.py:925} INFO - DAG(s) 'dataset_s3_bucket_producer_with_no_taskflow', 'dataset_alias_example_alias_producer_with_no_taskflow', 'dataset_alias_example_alias_consumer_with_no_taskflow', 'dataset_s3_bucket_consumer_with_no_taskflow' retrieved from /home/airflow/.local/lib/python3.12/site-packages/airflow/example_dags/example_dataset_alias_with_no_taskflow.py
[2024-09-22T03:24:59.797+0000] {logging_mixin.py:190} INFO - [2024-09-22T03:24:59.797+0000] {dag.py:3239} INFO - Sync 4 DAGs
[2024-09-22T03:24:59.810+0000] {logging_mixin.py:190} INFO - [2024-09-22T03:24:59.810+0000] {dag.py:4180} INFO - Setting next_dagrun for dataset_alias_example_alias_consumer_with_no_taskflow to None, run_after=None
[2024-09-22T03:24:59.812+0000] {logging_mixin.py:190} INFO - [2024-09-22T03:24:59.812+0000] {dag.py:4180} INFO - Setting next_dagrun for dataset_alias_example_alias_producer_with_no_taskflow to None, run_after=None
[2024-09-22T03:24:59.813+0000] {logging_mixin.py:190} INFO - [2024-09-22T03:24:59.812+0000] {dag.py:4180} INFO - Setting next_dagrun for dataset_s3_bucket_consumer_with_no_taskflow to None, run_after=None
[2024-09-22T03:24:59.813+0000] {logging_mixin.py:190} INFO - [2024-09-22T03:24:59.813+0000] {dag.py:4180} INFO - Setting next_dagrun for dataset_s3_bucket_producer_with_no_taskflow to None, run_after=None
[2024-09-22T03:24:59.826+0000] {processor.py:208} INFO - Processing /home/airflow/.local/lib/python3.12/site-packages/airflow/example_dags/example_dataset_alias_with_no_taskflow.py took 0.143 seconds
[2024-09-22T03:25:30.135+0000] {processor.py:186} INFO - Started process (PID=1246) to work on /home/airflow/.local/lib/python3.12/site-packages/airflow/example_dags/example_dataset_alias_with_no_taskflow.py
[2024-09-22T03:25:30.136+0000] {processor.py:914} INFO - Processing file /home/airflow/.local/lib/python3.12/site-packages/airflow/example_dags/example_dataset_alias_with_no_taskflow.py for tasks to queue
[2024-09-22T03:25:30.137+0000] {logging_mixin.py:190} INFO - [2024-09-22T03:25:30.137+0000] {dagbag.py:588} INFO - Filling up the DagBag from /home/airflow/.local/lib/python3.12/site-packages/airflow/example_dags/example_dataset_alias_with_no_taskflow.py
[2024-09-22T03:25:30.237+0000] {processor.py:925} INFO - DAG(s) 'dataset_alias_example_alias_consumer_with_no_taskflow', 'dataset_s3_bucket_producer_with_no_taskflow', 'dataset_s3_bucket_consumer_with_no_taskflow', 'dataset_alias_example_alias_producer_with_no_taskflow' retrieved from /home/airflow/.local/lib/python3.12/site-packages/airflow/example_dags/example_dataset_alias_with_no_taskflow.py
[2024-09-22T03:25:30.271+0000] {logging_mixin.py:190} INFO - [2024-09-22T03:25:30.271+0000] {dag.py:3239} INFO - Sync 4 DAGs
[2024-09-22T03:25:30.285+0000] {logging_mixin.py:190} INFO - [2024-09-22T03:25:30.285+0000] {dag.py:4180} INFO - Setting next_dagrun for dataset_alias_example_alias_consumer_with_no_taskflow to None, run_after=None
[2024-09-22T03:25:30.288+0000] {logging_mixin.py:190} INFO - [2024-09-22T03:25:30.288+0000] {dag.py:4180} INFO - Setting next_dagrun for dataset_alias_example_alias_producer_with_no_taskflow to None, run_after=None
[2024-09-22T03:25:30.289+0000] {logging_mixin.py:190} INFO - [2024-09-22T03:25:30.288+0000] {dag.py:4180} INFO - Setting next_dagrun for dataset_s3_bucket_consumer_with_no_taskflow to None, run_after=None
[2024-09-22T03:25:30.289+0000] {logging_mixin.py:190} INFO - [2024-09-22T03:25:30.289+0000] {dag.py:4180} INFO - Setting next_dagrun for dataset_s3_bucket_producer_with_no_taskflow to None, run_after=None
[2024-09-22T03:25:30.301+0000] {processor.py:208} INFO - Processing /home/airflow/.local/lib/python3.12/site-packages/airflow/example_dags/example_dataset_alias_with_no_taskflow.py took 0.174 seconds
[2024-09-22T03:26:00.575+0000] {processor.py:186} INFO - Started process (PID=1532) to work on /home/airflow/.local/lib/python3.12/site-packages/airflow/example_dags/example_dataset_alias_with_no_taskflow.py
[2024-09-22T03:26:00.577+0000] {processor.py:914} INFO - Processing file /home/airflow/.local/lib/python3.12/site-packages/airflow/example_dags/example_dataset_alias_with_no_taskflow.py for tasks to queue
[2024-09-22T03:26:00.579+0000] {logging_mixin.py:190} INFO - [2024-09-22T03:26:00.579+0000] {dagbag.py:588} INFO - Filling up the DagBag from /home/airflow/.local/lib/python3.12/site-packages/airflow/example_dags/example_dataset_alias_with_no_taskflow.py
[2024-09-22T03:26:00.733+0000] {processor.py:925} INFO - DAG(s) 'dataset_alias_example_alias_consumer_with_no_taskflow', 'dataset_s3_bucket_producer_with_no_taskflow', 'dataset_alias_example_alias_producer_with_no_taskflow', 'dataset_s3_bucket_consumer_with_no_taskflow' retrieved from /home/airflow/.local/lib/python3.12/site-packages/airflow/example_dags/example_dataset_alias_with_no_taskflow.py
[2024-09-22T03:26:00.756+0000] {logging_mixin.py:190} INFO - [2024-09-22T03:26:00.755+0000] {dag.py:3239} INFO - Sync 4 DAGs
[2024-09-22T03:26:00.777+0000] {logging_mixin.py:190} INFO - [2024-09-22T03:26:00.777+0000] {dag.py:4180} INFO - Setting next_dagrun for dataset_alias_example_alias_consumer_with_no_taskflow to None, run_after=None
[2024-09-22T03:26:00.779+0000] {logging_mixin.py:190} INFO - [2024-09-22T03:26:00.779+0000] {dag.py:4180} INFO - Setting next_dagrun for dataset_alias_example_alias_producer_with_no_taskflow to None, run_after=None
[2024-09-22T03:26:00.782+0000] {logging_mixin.py:190} INFO - [2024-09-22T03:26:00.781+0000] {dag.py:4180} INFO - Setting next_dagrun for dataset_s3_bucket_consumer_with_no_taskflow to None, run_after=None
[2024-09-22T03:26:00.782+0000] {logging_mixin.py:190} INFO - [2024-09-22T03:26:00.782+0000] {dag.py:4180} INFO - Setting next_dagrun for dataset_s3_bucket_producer_with_no_taskflow to None, run_after=None
[2024-09-22T03:26:00.803+0000] {processor.py:208} INFO - Processing /home/airflow/.local/lib/python3.12/site-packages/airflow/example_dags/example_dataset_alias_with_no_taskflow.py took 0.241 seconds
[2024-09-22T03:26:31.408+0000] {processor.py:186} INFO - Started process (PID=1818) to work on /home/airflow/.local/lib/python3.12/site-packages/airflow/example_dags/example_dataset_alias_with_no_taskflow.py
[2024-09-22T03:26:31.411+0000] {processor.py:914} INFO - Processing file /home/airflow/.local/lib/python3.12/site-packages/airflow/example_dags/example_dataset_alias_with_no_taskflow.py for tasks to queue
[2024-09-22T03:26:31.414+0000] {logging_mixin.py:190} INFO - [2024-09-22T03:26:31.414+0000] {dagbag.py:588} INFO - Filling up the DagBag from /home/airflow/.local/lib/python3.12/site-packages/airflow/example_dags/example_dataset_alias_with_no_taskflow.py
[2024-09-22T03:26:31.572+0000] {processor.py:925} INFO - DAG(s) 'dataset_alias_example_alias_producer_with_no_taskflow', 'dataset_s3_bucket_consumer_with_no_taskflow', 'dataset_s3_bucket_producer_with_no_taskflow', 'dataset_alias_example_alias_consumer_with_no_taskflow' retrieved from /home/airflow/.local/lib/python3.12/site-packages/airflow/example_dags/example_dataset_alias_with_no_taskflow.py
[2024-09-22T03:26:31.599+0000] {logging_mixin.py:190} INFO - [2024-09-22T03:26:31.599+0000] {dag.py:3239} INFO - Sync 4 DAGs
[2024-09-22T03:26:31.619+0000] {logging_mixin.py:190} INFO - [2024-09-22T03:26:31.619+0000] {dag.py:4180} INFO - Setting next_dagrun for dataset_alias_example_alias_consumer_with_no_taskflow to None, run_after=None
[2024-09-22T03:26:31.624+0000] {logging_mixin.py:190} INFO - [2024-09-22T03:26:31.624+0000] {dag.py:4180} INFO - Setting next_dagrun for dataset_alias_example_alias_producer_with_no_taskflow to None, run_after=None
[2024-09-22T03:26:31.625+0000] {logging_mixin.py:190} INFO - [2024-09-22T03:26:31.625+0000] {dag.py:4180} INFO - Setting next_dagrun for dataset_s3_bucket_consumer_with_no_taskflow to None, run_after=None
[2024-09-22T03:26:31.627+0000] {logging_mixin.py:190} INFO - [2024-09-22T03:26:31.626+0000] {dag.py:4180} INFO - Setting next_dagrun for dataset_s3_bucket_producer_with_no_taskflow to None, run_after=None
[2024-09-22T03:26:31.650+0000] {processor.py:208} INFO - Processing /home/airflow/.local/lib/python3.12/site-packages/airflow/example_dags/example_dataset_alias_with_no_taskflow.py took 0.251 seconds
[2024-09-22T03:27:02.054+0000] {processor.py:186} INFO - Started process (PID=2104) to work on /home/airflow/.local/lib/python3.12/site-packages/airflow/example_dags/example_dataset_alias_with_no_taskflow.py
[2024-09-22T03:27:02.054+0000] {processor.py:914} INFO - Processing file /home/airflow/.local/lib/python3.12/site-packages/airflow/example_dags/example_dataset_alias_with_no_taskflow.py for tasks to queue
[2024-09-22T03:27:02.056+0000] {logging_mixin.py:190} INFO - [2024-09-22T03:27:02.055+0000] {dagbag.py:588} INFO - Filling up the DagBag from /home/airflow/.local/lib/python3.12/site-packages/airflow/example_dags/example_dataset_alias_with_no_taskflow.py
[2024-09-22T03:27:02.143+0000] {processor.py:925} INFO - DAG(s) 'dataset_alias_example_alias_consumer_with_no_taskflow', 'dataset_s3_bucket_consumer_with_no_taskflow', 'dataset_alias_example_alias_producer_with_no_taskflow', 'dataset_s3_bucket_producer_with_no_taskflow' retrieved from /home/airflow/.local/lib/python3.12/site-packages/airflow/example_dags/example_dataset_alias_with_no_taskflow.py
[2024-09-22T03:27:02.155+0000] {logging_mixin.py:190} INFO - [2024-09-22T03:27:02.154+0000] {dag.py:3239} INFO - Sync 4 DAGs
[2024-09-22T03:27:02.170+0000] {logging_mixin.py:190} INFO - [2024-09-22T03:27:02.170+0000] {dag.py:4180} INFO - Setting next_dagrun for dataset_alias_example_alias_consumer_with_no_taskflow to None, run_after=None
[2024-09-22T03:27:02.171+0000] {logging_mixin.py:190} INFO - [2024-09-22T03:27:02.171+0000] {dag.py:4180} INFO - Setting next_dagrun for dataset_alias_example_alias_producer_with_no_taskflow to None, run_after=None
[2024-09-22T03:27:02.172+0000] {logging_mixin.py:190} INFO - [2024-09-22T03:27:02.172+0000] {dag.py:4180} INFO - Setting next_dagrun for dataset_s3_bucket_consumer_with_no_taskflow to None, run_after=None
[2024-09-22T03:27:02.173+0000] {logging_mixin.py:190} INFO - [2024-09-22T03:27:02.173+0000] {dag.py:4180} INFO - Setting next_dagrun for dataset_s3_bucket_producer_with_no_taskflow to None, run_after=None
[2024-09-22T03:27:02.187+0000] {processor.py:208} INFO - Processing /home/airflow/.local/lib/python3.12/site-packages/airflow/example_dags/example_dataset_alias_with_no_taskflow.py took 0.137 seconds
[2024-09-22T03:27:32.439+0000] {processor.py:186} INFO - Started process (PID=2389) to work on /home/airflow/.local/lib/python3.12/site-packages/airflow/example_dags/example_dataset_alias_with_no_taskflow.py
[2024-09-22T03:27:32.441+0000] {processor.py:914} INFO - Processing file /home/airflow/.local/lib/python3.12/site-packages/airflow/example_dags/example_dataset_alias_with_no_taskflow.py for tasks to queue
[2024-09-22T03:27:32.443+0000] {logging_mixin.py:190} INFO - [2024-09-22T03:27:32.443+0000] {dagbag.py:588} INFO - Filling up the DagBag from /home/airflow/.local/lib/python3.12/site-packages/airflow/example_dags/example_dataset_alias_with_no_taskflow.py
[2024-09-22T03:27:32.527+0000] {processor.py:925} INFO - DAG(s) 'dataset_s3_bucket_consumer_with_no_taskflow', 'dataset_alias_example_alias_producer_with_no_taskflow', 'dataset_s3_bucket_producer_with_no_taskflow', 'dataset_alias_example_alias_consumer_with_no_taskflow' retrieved from /home/airflow/.local/lib/python3.12/site-packages/airflow/example_dags/example_dataset_alias_with_no_taskflow.py
[2024-09-22T03:27:32.541+0000] {logging_mixin.py:190} INFO - [2024-09-22T03:27:32.540+0000] {dag.py:3239} INFO - Sync 4 DAGs
[2024-09-22T03:27:32.558+0000] {logging_mixin.py:190} INFO - [2024-09-22T03:27:32.556+0000] {dag.py:4180} INFO - Setting next_dagrun for dataset_alias_example_alias_consumer_with_no_taskflow to None, run_after=None
[2024-09-22T03:27:32.561+0000] {logging_mixin.py:190} INFO - [2024-09-22T03:27:32.561+0000] {dag.py:4180} INFO - Setting next_dagrun for dataset_alias_example_alias_producer_with_no_taskflow to None, run_after=None
[2024-09-22T03:27:32.562+0000] {logging_mixin.py:190} INFO - [2024-09-22T03:27:32.562+0000] {dag.py:4180} INFO - Setting next_dagrun for dataset_s3_bucket_consumer_with_no_taskflow to None, run_after=None
[2024-09-22T03:27:32.566+0000] {logging_mixin.py:190} INFO - [2024-09-22T03:27:32.566+0000] {dag.py:4180} INFO - Setting next_dagrun for dataset_s3_bucket_producer_with_no_taskflow to None, run_after=None
[2024-09-22T03:27:32.579+0000] {processor.py:208} INFO - Processing /home/airflow/.local/lib/python3.12/site-packages/airflow/example_dags/example_dataset_alias_with_no_taskflow.py took 0.143 seconds
[2024-09-22T03:28:02.857+0000] {processor.py:186} INFO - Started process (PID=2675) to work on /home/airflow/.local/lib/python3.12/site-packages/airflow/example_dags/example_dataset_alias_with_no_taskflow.py
[2024-09-22T03:28:02.861+0000] {processor.py:914} INFO - Processing file /home/airflow/.local/lib/python3.12/site-packages/airflow/example_dags/example_dataset_alias_with_no_taskflow.py for tasks to queue
[2024-09-22T03:28:02.862+0000] {logging_mixin.py:190} INFO - [2024-09-22T03:28:02.862+0000] {dagbag.py:588} INFO - Filling up the DagBag from /home/airflow/.local/lib/python3.12/site-packages/airflow/example_dags/example_dataset_alias_with_no_taskflow.py
[2024-09-22T03:28:02.938+0000] {processor.py:925} INFO - DAG(s) 'dataset_s3_bucket_producer_with_no_taskflow', 'dataset_alias_example_alias_consumer_with_no_taskflow', 'dataset_alias_example_alias_producer_with_no_taskflow', 'dataset_s3_bucket_consumer_with_no_taskflow' retrieved from /home/airflow/.local/lib/python3.12/site-packages/airflow/example_dags/example_dataset_alias_with_no_taskflow.py
[2024-09-22T03:28:02.952+0000] {logging_mixin.py:190} INFO - [2024-09-22T03:28:02.952+0000] {dag.py:3239} INFO - Sync 4 DAGs
[2024-09-22T03:28:02.965+0000] {logging_mixin.py:190} INFO - [2024-09-22T03:28:02.965+0000] {dag.py:4180} INFO - Setting next_dagrun for dataset_alias_example_alias_consumer_with_no_taskflow to None, run_after=None
[2024-09-22T03:28:02.968+0000] {logging_mixin.py:190} INFO - [2024-09-22T03:28:02.968+0000] {dag.py:4180} INFO - Setting next_dagrun for dataset_alias_example_alias_producer_with_no_taskflow to None, run_after=None
[2024-09-22T03:28:02.969+0000] {logging_mixin.py:190} INFO - [2024-09-22T03:28:02.969+0000] {dag.py:4180} INFO - Setting next_dagrun for dataset_s3_bucket_consumer_with_no_taskflow to None, run_after=None
[2024-09-22T03:28:02.970+0000] {logging_mixin.py:190} INFO - [2024-09-22T03:28:02.970+0000] {dag.py:4180} INFO - Setting next_dagrun for dataset_s3_bucket_producer_with_no_taskflow to None, run_after=None
[2024-09-22T03:28:02.984+0000] {processor.py:208} INFO - Processing /home/airflow/.local/lib/python3.12/site-packages/airflow/example_dags/example_dataset_alias_with_no_taskflow.py took 0.133 seconds
[2024-09-22T03:28:33.206+0000] {processor.py:186} INFO - Started process (PID=2961) to work on /home/airflow/.local/lib/python3.12/site-packages/airflow/example_dags/example_dataset_alias_with_no_taskflow.py
[2024-09-22T03:28:33.208+0000] {processor.py:914} INFO - Processing file /home/airflow/.local/lib/python3.12/site-packages/airflow/example_dags/example_dataset_alias_with_no_taskflow.py for tasks to queue
[2024-09-22T03:28:33.210+0000] {logging_mixin.py:190} INFO - [2024-09-22T03:28:33.210+0000] {dagbag.py:588} INFO - Filling up the DagBag from /home/airflow/.local/lib/python3.12/site-packages/airflow/example_dags/example_dataset_alias_with_no_taskflow.py
[2024-09-22T03:28:33.302+0000] {processor.py:925} INFO - DAG(s) 'dataset_alias_example_alias_consumer_with_no_taskflow', 'dataset_s3_bucket_producer_with_no_taskflow', 'dataset_s3_bucket_consumer_with_no_taskflow', 'dataset_alias_example_alias_producer_with_no_taskflow' retrieved from /home/airflow/.local/lib/python3.12/site-packages/airflow/example_dags/example_dataset_alias_with_no_taskflow.py
[2024-09-22T03:28:33.315+0000] {logging_mixin.py:190} INFO - [2024-09-22T03:28:33.315+0000] {dag.py:3239} INFO - Sync 4 DAGs
[2024-09-22T03:28:33.328+0000] {logging_mixin.py:190} INFO - [2024-09-22T03:28:33.328+0000] {dag.py:4180} INFO - Setting next_dagrun for dataset_alias_example_alias_consumer_with_no_taskflow to None, run_after=None
[2024-09-22T03:28:33.329+0000] {logging_mixin.py:190} INFO - [2024-09-22T03:28:33.329+0000] {dag.py:4180} INFO - Setting next_dagrun for dataset_alias_example_alias_producer_with_no_taskflow to None, run_after=None
[2024-09-22T03:28:33.331+0000] {logging_mixin.py:190} INFO - [2024-09-22T03:28:33.330+0000] {dag.py:4180} INFO - Setting next_dagrun for dataset_s3_bucket_consumer_with_no_taskflow to None, run_after=None
[2024-09-22T03:28:33.331+0000] {logging_mixin.py:190} INFO - [2024-09-22T03:28:33.331+0000] {dag.py:4180} INFO - Setting next_dagrun for dataset_s3_bucket_producer_with_no_taskflow to None, run_after=None
[2024-09-22T03:28:33.344+0000] {processor.py:208} INFO - Processing /home/airflow/.local/lib/python3.12/site-packages/airflow/example_dags/example_dataset_alias_with_no_taskflow.py took 0.143 seconds
