[2024-09-22T03:23:55.926+0000] {processor.py:186} INFO - Started process (PID=363) to work on /home/airflow/.local/lib/python3.12/site-packages/airflow/example_dags/example_xcomargs.py
[2024-09-22T03:23:55.932+0000] {processor.py:914} INFO - Processing file /home/airflow/.local/lib/python3.12/site-packages/airflow/example_dags/example_xcomargs.py for tasks to queue
[2024-09-22T03:23:55.936+0000] {logging_mixin.py:190} INFO - [2024-09-22T03:23:55.935+0000] {dagbag.py:588} INFO - Filling up the DagBag from /home/airflow/.local/lib/python3.12/site-packages/airflow/example_dags/example_xcomargs.py
[2024-09-22T03:23:55.972+0000] {processor.py:925} INFO - DAG(s) 'example_xcom_args_with_operators', 'example_xcom_args' retrieved from /home/airflow/.local/lib/python3.12/site-packages/airflow/example_dags/example_xcomargs.py
[2024-09-22T03:23:56.196+0000] {logging_mixin.py:190} INFO - [2024-09-22T03:23:56.196+0000] {override.py:1900} INFO - Created Permission View: can read on DAG:example_xcom_args_with_operators
[2024-09-22T03:23:56.218+0000] {logging_mixin.py:190} INFO - [2024-09-22T03:23:56.218+0000] {override.py:1900} INFO - Created Permission View: can edit on DAG:example_xcom_args_with_operators
[2024-09-22T03:23:56.230+0000] {logging_mixin.py:190} INFO - [2024-09-22T03:23:56.230+0000] {override.py:1900} INFO - Created Permission View: can delete on DAG:example_xcom_args_with_operators
[2024-09-22T03:23:56.246+0000] {logging_mixin.py:190} INFO - [2024-09-22T03:23:56.246+0000] {override.py:1900} INFO - Created Permission View: can read on DAG Run:example_xcom_args_with_operators
[2024-09-22T03:23:56.254+0000] {logging_mixin.py:190} INFO - [2024-09-22T03:23:56.253+0000] {override.py:1900} INFO - Created Permission View: menu access on DAG Run:example_xcom_args_with_operators
[2024-09-22T03:23:56.266+0000] {logging_mixin.py:190} INFO - [2024-09-22T03:23:56.266+0000] {override.py:1900} INFO - Created Permission View: can delete on DAG Run:example_xcom_args_with_operators
[2024-09-22T03:23:56.277+0000] {logging_mixin.py:190} INFO - [2024-09-22T03:23:56.277+0000] {override.py:1900} INFO - Created Permission View: can create on DAG Run:example_xcom_args_with_operators
[2024-09-22T03:23:56.298+0000] {logging_mixin.py:190} INFO - [2024-09-22T03:23:56.298+0000] {override.py:1900} INFO - Created Permission View: can read on DAG:example_xcom_args
[2024-09-22T03:23:56.308+0000] {logging_mixin.py:190} INFO - [2024-09-22T03:23:56.308+0000] {override.py:1900} INFO - Created Permission View: can edit on DAG:example_xcom_args
[2024-09-22T03:23:56.320+0000] {logging_mixin.py:190} INFO - [2024-09-22T03:23:56.320+0000] {override.py:1900} INFO - Created Permission View: can delete on DAG:example_xcom_args
[2024-09-22T03:23:56.332+0000] {logging_mixin.py:190} INFO - [2024-09-22T03:23:56.332+0000] {override.py:1900} INFO - Created Permission View: can read on DAG Run:example_xcom_args
[2024-09-22T03:23:56.343+0000] {logging_mixin.py:190} INFO - [2024-09-22T03:23:56.343+0000] {override.py:1900} INFO - Created Permission View: menu access on DAG Run:example_xcom_args
[2024-09-22T03:23:56.354+0000] {logging_mixin.py:190} INFO - [2024-09-22T03:23:56.354+0000] {override.py:1900} INFO - Created Permission View: can delete on DAG Run:example_xcom_args
[2024-09-22T03:23:56.369+0000] {logging_mixin.py:190} INFO - [2024-09-22T03:23:56.369+0000] {override.py:1900} INFO - Created Permission View: can create on DAG Run:example_xcom_args
[2024-09-22T03:23:56.369+0000] {logging_mixin.py:190} INFO - [2024-09-22T03:23:56.369+0000] {dag.py:3239} INFO - Sync 2 DAGs
[2024-09-22T03:23:56.392+0000] {logging_mixin.py:190} INFO - [2024-09-22T03:23:56.391+0000] {dag.py:3262} INFO - Creating ORM DAG for example_xcom_args
[2024-09-22T03:23:56.393+0000] {logging_mixin.py:190} INFO - [2024-09-22T03:23:56.393+0000] {dag.py:3262} INFO - Creating ORM DAG for example_xcom_args_with_operators
[2024-09-22T03:23:56.394+0000] {logging_mixin.py:190} INFO - [2024-09-22T03:23:56.394+0000] {dag.py:4180} INFO - Setting next_dagrun for example_xcom_args to None, run_after=None
[2024-09-22T03:23:56.396+0000] {logging_mixin.py:190} INFO - [2024-09-22T03:23:56.396+0000] {dag.py:4180} INFO - Setting next_dagrun for example_xcom_args_with_operators to None, run_after=None
[2024-09-22T03:23:56.434+0000] {processor.py:208} INFO - Processing /home/airflow/.local/lib/python3.12/site-packages/airflow/example_dags/example_xcomargs.py took 0.520 seconds
[2024-09-22T03:24:26.484+0000] {processor.py:186} INFO - Started process (PID=651) to work on /home/airflow/.local/lib/python3.12/site-packages/airflow/example_dags/example_xcomargs.py
[2024-09-22T03:24:26.485+0000] {processor.py:914} INFO - Processing file /home/airflow/.local/lib/python3.12/site-packages/airflow/example_dags/example_xcomargs.py for tasks to queue
[2024-09-22T03:24:26.487+0000] {logging_mixin.py:190} INFO - [2024-09-22T03:24:26.486+0000] {dagbag.py:588} INFO - Filling up the DagBag from /home/airflow/.local/lib/python3.12/site-packages/airflow/example_dags/example_xcomargs.py
[2024-09-22T03:24:26.493+0000] {processor.py:925} INFO - DAG(s) 'example_xcom_args', 'example_xcom_args_with_operators' retrieved from /home/airflow/.local/lib/python3.12/site-packages/airflow/example_dags/example_xcomargs.py
[2024-09-22T03:24:26.505+0000] {logging_mixin.py:190} INFO - [2024-09-22T03:24:26.505+0000] {dag.py:3239} INFO - Sync 2 DAGs
[2024-09-22T03:24:26.514+0000] {logging_mixin.py:190} INFO - [2024-09-22T03:24:26.513+0000] {dag.py:4180} INFO - Setting next_dagrun for example_xcom_args to None, run_after=None
[2024-09-22T03:24:26.516+0000] {logging_mixin.py:190} INFO - [2024-09-22T03:24:26.515+0000] {dag.py:4180} INFO - Setting next_dagrun for example_xcom_args_with_operators to None, run_after=None
[2024-09-22T03:24:26.523+0000] {processor.py:208} INFO - Processing /home/airflow/.local/lib/python3.12/site-packages/airflow/example_dags/example_xcomargs.py took 0.042 seconds
[2024-09-22T03:24:57.515+0000] {processor.py:186} INFO - Started process (PID=935) to work on /home/airflow/.local/lib/python3.12/site-packages/airflow/example_dags/example_xcomargs.py
[2024-09-22T03:24:57.516+0000] {processor.py:914} INFO - Processing file /home/airflow/.local/lib/python3.12/site-packages/airflow/example_dags/example_xcomargs.py for tasks to queue
[2024-09-22T03:24:57.518+0000] {logging_mixin.py:190} INFO - [2024-09-22T03:24:57.518+0000] {dagbag.py:588} INFO - Filling up the DagBag from /home/airflow/.local/lib/python3.12/site-packages/airflow/example_dags/example_xcomargs.py
[2024-09-22T03:24:57.528+0000] {processor.py:925} INFO - DAG(s) 'example_xcom_args_with_operators', 'example_xcom_args' retrieved from /home/airflow/.local/lib/python3.12/site-packages/airflow/example_dags/example_xcomargs.py
[2024-09-22T03:24:57.545+0000] {logging_mixin.py:190} INFO - [2024-09-22T03:24:57.545+0000] {dag.py:3239} INFO - Sync 2 DAGs
[2024-09-22T03:24:57.553+0000] {logging_mixin.py:190} INFO - [2024-09-22T03:24:57.553+0000] {dag.py:4180} INFO - Setting next_dagrun for example_xcom_args to None, run_after=None
[2024-09-22T03:24:57.555+0000] {logging_mixin.py:190} INFO - [2024-09-22T03:24:57.555+0000] {dag.py:4180} INFO - Setting next_dagrun for example_xcom_args_with_operators to None, run_after=None
[2024-09-22T03:24:57.563+0000] {processor.py:208} INFO - Processing /home/airflow/.local/lib/python3.12/site-packages/airflow/example_dags/example_xcomargs.py took 0.052 seconds
[2024-09-22T03:25:27.960+0000] {processor.py:186} INFO - Started process (PID=1221) to work on /home/airflow/.local/lib/python3.12/site-packages/airflow/example_dags/example_xcomargs.py
[2024-09-22T03:25:27.961+0000] {processor.py:914} INFO - Processing file /home/airflow/.local/lib/python3.12/site-packages/airflow/example_dags/example_xcomargs.py for tasks to queue
[2024-09-22T03:25:27.962+0000] {logging_mixin.py:190} INFO - [2024-09-22T03:25:27.962+0000] {dagbag.py:588} INFO - Filling up the DagBag from /home/airflow/.local/lib/python3.12/site-packages/airflow/example_dags/example_xcomargs.py
[2024-09-22T03:25:27.973+0000] {processor.py:925} INFO - DAG(s) 'example_xcom_args', 'example_xcom_args_with_operators' retrieved from /home/airflow/.local/lib/python3.12/site-packages/airflow/example_dags/example_xcomargs.py
[2024-09-22T03:25:27.987+0000] {logging_mixin.py:190} INFO - [2024-09-22T03:25:27.986+0000] {dag.py:3239} INFO - Sync 2 DAGs
[2024-09-22T03:25:27.995+0000] {logging_mixin.py:190} INFO - [2024-09-22T03:25:27.995+0000] {dag.py:4180} INFO - Setting next_dagrun for example_xcom_args to None, run_after=None
[2024-09-22T03:25:27.998+0000] {logging_mixin.py:190} INFO - [2024-09-22T03:25:27.998+0000] {dag.py:4180} INFO - Setting next_dagrun for example_xcom_args_with_operators to None, run_after=None
[2024-09-22T03:25:28.008+0000] {processor.py:208} INFO - Processing /home/airflow/.local/lib/python3.12/site-packages/airflow/example_dags/example_xcomargs.py took 0.053 seconds
[2024-09-22T03:25:58.408+0000] {processor.py:186} INFO - Started process (PID=1507) to work on /home/airflow/.local/lib/python3.12/site-packages/airflow/example_dags/example_xcomargs.py
[2024-09-22T03:25:58.409+0000] {processor.py:914} INFO - Processing file /home/airflow/.local/lib/python3.12/site-packages/airflow/example_dags/example_xcomargs.py for tasks to queue
[2024-09-22T03:25:58.411+0000] {logging_mixin.py:190} INFO - [2024-09-22T03:25:58.410+0000] {dagbag.py:588} INFO - Filling up the DagBag from /home/airflow/.local/lib/python3.12/site-packages/airflow/example_dags/example_xcomargs.py
[2024-09-22T03:25:58.417+0000] {processor.py:925} INFO - DAG(s) 'example_xcom_args_with_operators', 'example_xcom_args' retrieved from /home/airflow/.local/lib/python3.12/site-packages/airflow/example_dags/example_xcomargs.py
[2024-09-22T03:25:58.429+0000] {logging_mixin.py:190} INFO - [2024-09-22T03:25:58.429+0000] {dag.py:3239} INFO - Sync 2 DAGs
[2024-09-22T03:25:58.438+0000] {logging_mixin.py:190} INFO - [2024-09-22T03:25:58.438+0000] {dag.py:4180} INFO - Setting next_dagrun for example_xcom_args to None, run_after=None
[2024-09-22T03:25:58.440+0000] {logging_mixin.py:190} INFO - [2024-09-22T03:25:58.440+0000] {dag.py:4180} INFO - Setting next_dagrun for example_xcom_args_with_operators to None, run_after=None
[2024-09-22T03:25:58.450+0000] {processor.py:208} INFO - Processing /home/airflow/.local/lib/python3.12/site-packages/airflow/example_dags/example_xcomargs.py took 0.045 seconds
[2024-09-22T03:26:29.225+0000] {processor.py:186} INFO - Started process (PID=1793) to work on /home/airflow/.local/lib/python3.12/site-packages/airflow/example_dags/example_xcomargs.py
[2024-09-22T03:26:29.226+0000] {processor.py:914} INFO - Processing file /home/airflow/.local/lib/python3.12/site-packages/airflow/example_dags/example_xcomargs.py for tasks to queue
[2024-09-22T03:26:29.228+0000] {logging_mixin.py:190} INFO - [2024-09-22T03:26:29.227+0000] {dagbag.py:588} INFO - Filling up the DagBag from /home/airflow/.local/lib/python3.12/site-packages/airflow/example_dags/example_xcomargs.py
[2024-09-22T03:26:29.234+0000] {processor.py:925} INFO - DAG(s) 'example_xcom_args_with_operators', 'example_xcom_args' retrieved from /home/airflow/.local/lib/python3.12/site-packages/airflow/example_dags/example_xcomargs.py
[2024-09-22T03:26:29.251+0000] {logging_mixin.py:190} INFO - [2024-09-22T03:26:29.251+0000] {dag.py:3239} INFO - Sync 2 DAGs
[2024-09-22T03:26:29.262+0000] {logging_mixin.py:190} INFO - [2024-09-22T03:26:29.262+0000] {dag.py:4180} INFO - Setting next_dagrun for example_xcom_args to None, run_after=None
[2024-09-22T03:26:29.265+0000] {logging_mixin.py:190} INFO - [2024-09-22T03:26:29.265+0000] {dag.py:4180} INFO - Setting next_dagrun for example_xcom_args_with_operators to None, run_after=None
[2024-09-22T03:26:29.277+0000] {processor.py:208} INFO - Processing /home/airflow/.local/lib/python3.12/site-packages/airflow/example_dags/example_xcomargs.py took 0.056 seconds
[2024-09-22T03:26:59.873+0000] {processor.py:186} INFO - Started process (PID=2079) to work on /home/airflow/.local/lib/python3.12/site-packages/airflow/example_dags/example_xcomargs.py
[2024-09-22T03:26:59.873+0000] {processor.py:914} INFO - Processing file /home/airflow/.local/lib/python3.12/site-packages/airflow/example_dags/example_xcomargs.py for tasks to queue
[2024-09-22T03:26:59.877+0000] {logging_mixin.py:190} INFO - [2024-09-22T03:26:59.877+0000] {dagbag.py:588} INFO - Filling up the DagBag from /home/airflow/.local/lib/python3.12/site-packages/airflow/example_dags/example_xcomargs.py
[2024-09-22T03:26:59.884+0000] {processor.py:925} INFO - DAG(s) 'example_xcom_args', 'example_xcom_args_with_operators' retrieved from /home/airflow/.local/lib/python3.12/site-packages/airflow/example_dags/example_xcomargs.py
[2024-09-22T03:26:59.900+0000] {logging_mixin.py:190} INFO - [2024-09-22T03:26:59.900+0000] {dag.py:3239} INFO - Sync 2 DAGs
[2024-09-22T03:26:59.909+0000] {logging_mixin.py:190} INFO - [2024-09-22T03:26:59.909+0000] {dag.py:4180} INFO - Setting next_dagrun for example_xcom_args to None, run_after=None
[2024-09-22T03:26:59.913+0000] {logging_mixin.py:190} INFO - [2024-09-22T03:26:59.912+0000] {dag.py:4180} INFO - Setting next_dagrun for example_xcom_args_with_operators to None, run_after=None
[2024-09-22T03:26:59.924+0000] {processor.py:208} INFO - Processing /home/airflow/.local/lib/python3.12/site-packages/airflow/example_dags/example_xcomargs.py took 0.057 seconds
[2024-09-22T03:27:30.274+0000] {processor.py:186} INFO - Started process (PID=2364) to work on /home/airflow/.local/lib/python3.12/site-packages/airflow/example_dags/example_xcomargs.py
[2024-09-22T03:27:30.275+0000] {processor.py:914} INFO - Processing file /home/airflow/.local/lib/python3.12/site-packages/airflow/example_dags/example_xcomargs.py for tasks to queue
[2024-09-22T03:27:30.278+0000] {logging_mixin.py:190} INFO - [2024-09-22T03:27:30.278+0000] {dagbag.py:588} INFO - Filling up the DagBag from /home/airflow/.local/lib/python3.12/site-packages/airflow/example_dags/example_xcomargs.py
[2024-09-22T03:27:30.285+0000] {processor.py:925} INFO - DAG(s) 'example_xcom_args', 'example_xcom_args_with_operators' retrieved from /home/airflow/.local/lib/python3.12/site-packages/airflow/example_dags/example_xcomargs.py
[2024-09-22T03:27:30.302+0000] {logging_mixin.py:190} INFO - [2024-09-22T03:27:30.302+0000] {dag.py:3239} INFO - Sync 2 DAGs
[2024-09-22T03:27:30.312+0000] {logging_mixin.py:190} INFO - [2024-09-22T03:27:30.312+0000] {dag.py:4180} INFO - Setting next_dagrun for example_xcom_args to None, run_after=None
[2024-09-22T03:27:30.318+0000] {logging_mixin.py:190} INFO - [2024-09-22T03:27:30.318+0000] {dag.py:4180} INFO - Setting next_dagrun for example_xcom_args_with_operators to None, run_after=None
[2024-09-22T03:27:30.332+0000] {processor.py:208} INFO - Processing /home/airflow/.local/lib/python3.12/site-packages/airflow/example_dags/example_xcomargs.py took 0.062 seconds
[2024-09-22T03:28:00.681+0000] {processor.py:186} INFO - Started process (PID=2650) to work on /home/airflow/.local/lib/python3.12/site-packages/airflow/example_dags/example_xcomargs.py
[2024-09-22T03:28:00.682+0000] {processor.py:914} INFO - Processing file /home/airflow/.local/lib/python3.12/site-packages/airflow/example_dags/example_xcomargs.py for tasks to queue
[2024-09-22T03:28:00.684+0000] {logging_mixin.py:190} INFO - [2024-09-22T03:28:00.684+0000] {dagbag.py:588} INFO - Filling up the DagBag from /home/airflow/.local/lib/python3.12/site-packages/airflow/example_dags/example_xcomargs.py
[2024-09-22T03:28:00.691+0000] {processor.py:925} INFO - DAG(s) 'example_xcom_args', 'example_xcom_args_with_operators' retrieved from /home/airflow/.local/lib/python3.12/site-packages/airflow/example_dags/example_xcomargs.py
[2024-09-22T03:28:00.707+0000] {logging_mixin.py:190} INFO - [2024-09-22T03:28:00.707+0000] {dag.py:3239} INFO - Sync 2 DAGs
[2024-09-22T03:28:00.716+0000] {logging_mixin.py:190} INFO - [2024-09-22T03:28:00.716+0000] {dag.py:4180} INFO - Setting next_dagrun for example_xcom_args to None, run_after=None
[2024-09-22T03:28:00.718+0000] {logging_mixin.py:190} INFO - [2024-09-22T03:28:00.718+0000] {dag.py:4180} INFO - Setting next_dagrun for example_xcom_args_with_operators to None, run_after=None
[2024-09-22T03:28:00.728+0000] {processor.py:208} INFO - Processing /home/airflow/.local/lib/python3.12/site-packages/airflow/example_dags/example_xcomargs.py took 0.051 seconds
[2024-09-22T03:28:31.049+0000] {processor.py:186} INFO - Started process (PID=2936) to work on /home/airflow/.local/lib/python3.12/site-packages/airflow/example_dags/example_xcomargs.py
[2024-09-22T03:28:31.050+0000] {processor.py:914} INFO - Processing file /home/airflow/.local/lib/python3.12/site-packages/airflow/example_dags/example_xcomargs.py for tasks to queue
[2024-09-22T03:28:31.052+0000] {logging_mixin.py:190} INFO - [2024-09-22T03:28:31.052+0000] {dagbag.py:588} INFO - Filling up the DagBag from /home/airflow/.local/lib/python3.12/site-packages/airflow/example_dags/example_xcomargs.py
[2024-09-22T03:28:31.058+0000] {processor.py:925} INFO - DAG(s) 'example_xcom_args_with_operators', 'example_xcom_args' retrieved from /home/airflow/.local/lib/python3.12/site-packages/airflow/example_dags/example_xcomargs.py
[2024-09-22T03:28:31.072+0000] {logging_mixin.py:190} INFO - [2024-09-22T03:28:31.072+0000] {dag.py:3239} INFO - Sync 2 DAGs
[2024-09-22T03:28:31.080+0000] {logging_mixin.py:190} INFO - [2024-09-22T03:28:31.080+0000] {dag.py:4180} INFO - Setting next_dagrun for example_xcom_args to None, run_after=None
[2024-09-22T03:28:31.083+0000] {logging_mixin.py:190} INFO - [2024-09-22T03:28:31.083+0000] {dag.py:4180} INFO - Setting next_dagrun for example_xcom_args_with_operators to None, run_after=None
[2024-09-22T03:28:31.094+0000] {processor.py:208} INFO - Processing /home/airflow/.local/lib/python3.12/site-packages/airflow/example_dags/example_xcomargs.py took 0.048 seconds
