[2024-09-22T03:23:58.599+0000] {processor.py:186} INFO - Started process (PID=403) to work on /home/airflow/.local/lib/python3.12/site-packages/airflow/example_dags/example_bash_operator.py
[2024-09-22T03:23:58.600+0000] {processor.py:914} INFO - Processing file /home/airflow/.local/lib/python3.12/site-packages/airflow/example_dags/example_bash_operator.py for tasks to queue
[2024-09-22T03:23:58.602+0000] {logging_mixin.py:190} INFO - [2024-09-22T03:23:58.602+0000] {dagbag.py:588} INFO - Filling up the DagBag from /home/airflow/.local/lib/python3.12/site-packages/airflow/example_dags/example_bash_operator.py
[2024-09-22T03:23:58.624+0000] {processor.py:925} INFO - DAG(s) 'example_bash_operator' retrieved from /home/airflow/.local/lib/python3.12/site-packages/airflow/example_dags/example_bash_operator.py
[2024-09-22T03:23:58.793+0000] {logging_mixin.py:190} INFO - [2024-09-22T03:23:58.793+0000] {override.py:1900} INFO - Created Permission View: can read on DAG:example_bash_operator
[2024-09-22T03:23:58.809+0000] {logging_mixin.py:190} INFO - [2024-09-22T03:23:58.809+0000] {override.py:1900} INFO - Created Permission View: can edit on DAG:example_bash_operator
[2024-09-22T03:23:58.819+0000] {logging_mixin.py:190} INFO - [2024-09-22T03:23:58.819+0000] {override.py:1900} INFO - Created Permission View: can delete on DAG:example_bash_operator
[2024-09-22T03:23:58.826+0000] {logging_mixin.py:190} INFO - [2024-09-22T03:23:58.826+0000] {override.py:1900} INFO - Created Permission View: can read on DAG Run:example_bash_operator
[2024-09-22T03:23:58.833+0000] {logging_mixin.py:190} INFO - [2024-09-22T03:23:58.832+0000] {override.py:1900} INFO - Created Permission View: menu access on DAG Run:example_bash_operator
[2024-09-22T03:23:58.844+0000] {logging_mixin.py:190} INFO - [2024-09-22T03:23:58.844+0000] {override.py:1900} INFO - Created Permission View: can delete on DAG Run:example_bash_operator
[2024-09-22T03:23:58.851+0000] {logging_mixin.py:190} INFO - [2024-09-22T03:23:58.851+0000] {override.py:1900} INFO - Created Permission View: can create on DAG Run:example_bash_operator
[2024-09-22T03:23:58.851+0000] {logging_mixin.py:190} INFO - [2024-09-22T03:23:58.851+0000] {dag.py:3239} INFO - Sync 1 DAGs
[2024-09-22T03:23:58.872+0000] {logging_mixin.py:190} INFO - [2024-09-22T03:23:58.872+0000] {dag.py:3262} INFO - Creating ORM DAG for example_bash_operator
[2024-09-22T03:23:58.888+0000] {logging_mixin.py:190} INFO - [2024-09-22T03:23:58.887+0000] {dag.py:4180} INFO - Setting next_dagrun for example_bash_operator to 2024-09-21 00:00:00+00:00, run_after=2024-09-22 00:00:00+00:00
[2024-09-22T03:23:58.917+0000] {processor.py:208} INFO - Processing /home/airflow/.local/lib/python3.12/site-packages/airflow/example_dags/example_bash_operator.py took 0.325 seconds
[2024-09-22T03:24:29.083+0000] {processor.py:186} INFO - Started process (PID=689) to work on /home/airflow/.local/lib/python3.12/site-packages/airflow/example_dags/example_bash_operator.py
[2024-09-22T03:24:29.086+0000] {processor.py:914} INFO - Processing file /home/airflow/.local/lib/python3.12/site-packages/airflow/example_dags/example_bash_operator.py for tasks to queue
[2024-09-22T03:24:29.088+0000] {logging_mixin.py:190} INFO - [2024-09-22T03:24:29.088+0000] {dagbag.py:588} INFO - Filling up the DagBag from /home/airflow/.local/lib/python3.12/site-packages/airflow/example_dags/example_bash_operator.py
[2024-09-22T03:24:29.104+0000] {processor.py:925} INFO - DAG(s) 'example_bash_operator' retrieved from /home/airflow/.local/lib/python3.12/site-packages/airflow/example_dags/example_bash_operator.py
[2024-09-22T03:24:29.136+0000] {logging_mixin.py:190} INFO - [2024-09-22T03:24:29.135+0000] {dag.py:3239} INFO - Sync 1 DAGs
[2024-09-22T03:24:29.154+0000] {logging_mixin.py:190} INFO - [2024-09-22T03:24:29.153+0000] {dag.py:4180} INFO - Setting next_dagrun for example_bash_operator to 2024-09-21 00:00:00+00:00, run_after=2024-09-22 00:00:00+00:00
[2024-09-22T03:24:29.163+0000] {processor.py:208} INFO - Processing /home/airflow/.local/lib/python3.12/site-packages/airflow/example_dags/example_bash_operator.py took 0.089 seconds
[2024-09-22T03:24:59.943+0000] {processor.py:186} INFO - Started process (PID=975) to work on /home/airflow/.local/lib/python3.12/site-packages/airflow/example_dags/example_bash_operator.py
[2024-09-22T03:24:59.943+0000] {processor.py:914} INFO - Processing file /home/airflow/.local/lib/python3.12/site-packages/airflow/example_dags/example_bash_operator.py for tasks to queue
[2024-09-22T03:24:59.944+0000] {logging_mixin.py:190} INFO - [2024-09-22T03:24:59.944+0000] {dagbag.py:588} INFO - Filling up the DagBag from /home/airflow/.local/lib/python3.12/site-packages/airflow/example_dags/example_bash_operator.py
[2024-09-22T03:24:59.952+0000] {processor.py:925} INFO - DAG(s) 'example_bash_operator' retrieved from /home/airflow/.local/lib/python3.12/site-packages/airflow/example_dags/example_bash_operator.py
[2024-09-22T03:24:59.967+0000] {logging_mixin.py:190} INFO - [2024-09-22T03:24:59.967+0000] {dag.py:3239} INFO - Sync 1 DAGs
[2024-09-22T03:24:59.983+0000] {logging_mixin.py:190} INFO - [2024-09-22T03:24:59.983+0000] {dag.py:4180} INFO - Setting next_dagrun for example_bash_operator to 2024-09-21 00:00:00+00:00, run_after=2024-09-22 00:00:00+00:00
[2024-09-22T03:24:59.996+0000] {processor.py:208} INFO - Processing /home/airflow/.local/lib/python3.12/site-packages/airflow/example_dags/example_bash_operator.py took 0.057 seconds
[2024-09-22T03:25:30.460+0000] {processor.py:186} INFO - Started process (PID=1261) to work on /home/airflow/.local/lib/python3.12/site-packages/airflow/example_dags/example_bash_operator.py
[2024-09-22T03:25:30.460+0000] {processor.py:914} INFO - Processing file /home/airflow/.local/lib/python3.12/site-packages/airflow/example_dags/example_bash_operator.py for tasks to queue
[2024-09-22T03:25:30.462+0000] {logging_mixin.py:190} INFO - [2024-09-22T03:25:30.462+0000] {dagbag.py:588} INFO - Filling up the DagBag from /home/airflow/.local/lib/python3.12/site-packages/airflow/example_dags/example_bash_operator.py
[2024-09-22T03:25:30.469+0000] {processor.py:925} INFO - DAG(s) 'example_bash_operator' retrieved from /home/airflow/.local/lib/python3.12/site-packages/airflow/example_dags/example_bash_operator.py
[2024-09-22T03:25:30.482+0000] {logging_mixin.py:190} INFO - [2024-09-22T03:25:30.482+0000] {dag.py:3239} INFO - Sync 1 DAGs
[2024-09-22T03:25:30.495+0000] {logging_mixin.py:190} INFO - [2024-09-22T03:25:30.495+0000] {dag.py:4180} INFO - Setting next_dagrun for example_bash_operator to 2024-09-21 00:00:00+00:00, run_after=2024-09-22 00:00:00+00:00
[2024-09-22T03:25:30.505+0000] {processor.py:208} INFO - Processing /home/airflow/.local/lib/python3.12/site-packages/airflow/example_dags/example_bash_operator.py took 0.048 seconds
[2024-09-22T03:26:01.040+0000] {processor.py:186} INFO - Started process (PID=1547) to work on /home/airflow/.local/lib/python3.12/site-packages/airflow/example_dags/example_bash_operator.py
[2024-09-22T03:26:01.043+0000] {processor.py:914} INFO - Processing file /home/airflow/.local/lib/python3.12/site-packages/airflow/example_dags/example_bash_operator.py for tasks to queue
[2024-09-22T03:26:01.045+0000] {logging_mixin.py:190} INFO - [2024-09-22T03:26:01.045+0000] {dagbag.py:588} INFO - Filling up the DagBag from /home/airflow/.local/lib/python3.12/site-packages/airflow/example_dags/example_bash_operator.py
[2024-09-22T03:26:01.063+0000] {processor.py:925} INFO - DAG(s) 'example_bash_operator' retrieved from /home/airflow/.local/lib/python3.12/site-packages/airflow/example_dags/example_bash_operator.py
[2024-09-22T03:26:01.081+0000] {logging_mixin.py:190} INFO - [2024-09-22T03:26:01.081+0000] {dag.py:3239} INFO - Sync 1 DAGs
[2024-09-22T03:26:01.095+0000] {logging_mixin.py:190} INFO - [2024-09-22T03:26:01.095+0000] {dag.py:4180} INFO - Setting next_dagrun for example_bash_operator to 2024-09-21 00:00:00+00:00, run_after=2024-09-22 00:00:00+00:00
[2024-09-22T03:26:01.104+0000] {processor.py:208} INFO - Processing /home/airflow/.local/lib/python3.12/site-packages/airflow/example_dags/example_bash_operator.py took 0.070 seconds
[2024-09-22T03:26:31.836+0000] {processor.py:186} INFO - Started process (PID=1832) to work on /home/airflow/.local/lib/python3.12/site-packages/airflow/example_dags/example_bash_operator.py
[2024-09-22T03:26:31.837+0000] {processor.py:914} INFO - Processing file /home/airflow/.local/lib/python3.12/site-packages/airflow/example_dags/example_bash_operator.py for tasks to queue
[2024-09-22T03:26:31.841+0000] {logging_mixin.py:190} INFO - [2024-09-22T03:26:31.840+0000] {dagbag.py:588} INFO - Filling up the DagBag from /home/airflow/.local/lib/python3.12/site-packages/airflow/example_dags/example_bash_operator.py
[2024-09-22T03:26:31.854+0000] {processor.py:925} INFO - DAG(s) 'example_bash_operator' retrieved from /home/airflow/.local/lib/python3.12/site-packages/airflow/example_dags/example_bash_operator.py
[2024-09-22T03:26:31.887+0000] {logging_mixin.py:190} INFO - [2024-09-22T03:26:31.887+0000] {dag.py:3239} INFO - Sync 1 DAGs
[2024-09-22T03:26:31.918+0000] {logging_mixin.py:190} INFO - [2024-09-22T03:26:31.917+0000] {dag.py:4180} INFO - Setting next_dagrun for example_bash_operator to 2024-09-21 00:00:00+00:00, run_after=2024-09-22 00:00:00+00:00
[2024-09-22T03:26:31.936+0000] {processor.py:208} INFO - Processing /home/airflow/.local/lib/python3.12/site-packages/airflow/example_dags/example_bash_operator.py took 0.106 seconds
[2024-09-22T03:27:02.316+0000] {processor.py:186} INFO - Started process (PID=2119) to work on /home/airflow/.local/lib/python3.12/site-packages/airflow/example_dags/example_bash_operator.py
[2024-09-22T03:27:02.318+0000] {processor.py:914} INFO - Processing file /home/airflow/.local/lib/python3.12/site-packages/airflow/example_dags/example_bash_operator.py for tasks to queue
[2024-09-22T03:27:02.320+0000] {logging_mixin.py:190} INFO - [2024-09-22T03:27:02.320+0000] {dagbag.py:588} INFO - Filling up the DagBag from /home/airflow/.local/lib/python3.12/site-packages/airflow/example_dags/example_bash_operator.py
[2024-09-22T03:27:02.329+0000] {processor.py:925} INFO - DAG(s) 'example_bash_operator' retrieved from /home/airflow/.local/lib/python3.12/site-packages/airflow/example_dags/example_bash_operator.py
[2024-09-22T03:27:02.344+0000] {logging_mixin.py:190} INFO - [2024-09-22T03:27:02.344+0000] {dag.py:3239} INFO - Sync 1 DAGs
[2024-09-22T03:27:02.360+0000] {logging_mixin.py:190} INFO - [2024-09-22T03:27:02.359+0000] {dag.py:4180} INFO - Setting next_dagrun for example_bash_operator to 2024-09-21 00:00:00+00:00, run_after=2024-09-22 00:00:00+00:00
[2024-09-22T03:27:02.370+0000] {processor.py:208} INFO - Processing /home/airflow/.local/lib/python3.12/site-packages/airflow/example_dags/example_bash_operator.py took 0.059 seconds
[2024-09-22T03:27:32.716+0000] {processor.py:186} INFO - Started process (PID=2404) to work on /home/airflow/.local/lib/python3.12/site-packages/airflow/example_dags/example_bash_operator.py
[2024-09-22T03:27:32.717+0000] {processor.py:914} INFO - Processing file /home/airflow/.local/lib/python3.12/site-packages/airflow/example_dags/example_bash_operator.py for tasks to queue
[2024-09-22T03:27:32.718+0000] {logging_mixin.py:190} INFO - [2024-09-22T03:27:32.718+0000] {dagbag.py:588} INFO - Filling up the DagBag from /home/airflow/.local/lib/python3.12/site-packages/airflow/example_dags/example_bash_operator.py
[2024-09-22T03:27:32.725+0000] {processor.py:925} INFO - DAG(s) 'example_bash_operator' retrieved from /home/airflow/.local/lib/python3.12/site-packages/airflow/example_dags/example_bash_operator.py
[2024-09-22T03:27:32.741+0000] {logging_mixin.py:190} INFO - [2024-09-22T03:27:32.741+0000] {dag.py:3239} INFO - Sync 1 DAGs
[2024-09-22T03:27:32.755+0000] {logging_mixin.py:190} INFO - [2024-09-22T03:27:32.755+0000] {dag.py:4180} INFO - Setting next_dagrun for example_bash_operator to 2024-09-21 00:00:00+00:00, run_after=2024-09-22 00:00:00+00:00
[2024-09-22T03:27:32.765+0000] {processor.py:208} INFO - Processing /home/airflow/.local/lib/python3.12/site-packages/airflow/example_dags/example_bash_operator.py took 0.053 seconds
[2024-09-22T03:28:03.098+0000] {processor.py:186} INFO - Started process (PID=2690) to work on /home/airflow/.local/lib/python3.12/site-packages/airflow/example_dags/example_bash_operator.py
[2024-09-22T03:28:03.099+0000] {processor.py:914} INFO - Processing file /home/airflow/.local/lib/python3.12/site-packages/airflow/example_dags/example_bash_operator.py for tasks to queue
[2024-09-22T03:28:03.100+0000] {logging_mixin.py:190} INFO - [2024-09-22T03:28:03.100+0000] {dagbag.py:588} INFO - Filling up the DagBag from /home/airflow/.local/lib/python3.12/site-packages/airflow/example_dags/example_bash_operator.py
[2024-09-22T03:28:03.108+0000] {processor.py:925} INFO - DAG(s) 'example_bash_operator' retrieved from /home/airflow/.local/lib/python3.12/site-packages/airflow/example_dags/example_bash_operator.py
[2024-09-22T03:28:03.123+0000] {logging_mixin.py:190} INFO - [2024-09-22T03:28:03.123+0000] {dag.py:3239} INFO - Sync 1 DAGs
[2024-09-22T03:28:03.136+0000] {logging_mixin.py:190} INFO - [2024-09-22T03:28:03.136+0000] {dag.py:4180} INFO - Setting next_dagrun for example_bash_operator to 2024-09-21 00:00:00+00:00, run_after=2024-09-22 00:00:00+00:00
[2024-09-22T03:28:03.144+0000] {processor.py:208} INFO - Processing /home/airflow/.local/lib/python3.12/site-packages/airflow/example_dags/example_bash_operator.py took 0.049 seconds
[2024-09-22T03:28:33.466+0000] {processor.py:186} INFO - Started process (PID=2976) to work on /home/airflow/.local/lib/python3.12/site-packages/airflow/example_dags/example_bash_operator.py
[2024-09-22T03:28:33.467+0000] {processor.py:914} INFO - Processing file /home/airflow/.local/lib/python3.12/site-packages/airflow/example_dags/example_bash_operator.py for tasks to queue
[2024-09-22T03:28:33.469+0000] {logging_mixin.py:190} INFO - [2024-09-22T03:28:33.468+0000] {dagbag.py:588} INFO - Filling up the DagBag from /home/airflow/.local/lib/python3.12/site-packages/airflow/example_dags/example_bash_operator.py
[2024-09-22T03:28:33.480+0000] {processor.py:925} INFO - DAG(s) 'example_bash_operator' retrieved from /home/airflow/.local/lib/python3.12/site-packages/airflow/example_dags/example_bash_operator.py
[2024-09-22T03:28:33.500+0000] {logging_mixin.py:190} INFO - [2024-09-22T03:28:33.500+0000] {dag.py:3239} INFO - Sync 1 DAGs
[2024-09-22T03:28:33.518+0000] {logging_mixin.py:190} INFO - [2024-09-22T03:28:33.518+0000] {dag.py:4180} INFO - Setting next_dagrun for example_bash_operator to 2024-09-21 00:00:00+00:00, run_after=2024-09-22 00:00:00+00:00
[2024-09-22T03:28:33.528+0000] {processor.py:208} INFO - Processing /home/airflow/.local/lib/python3.12/site-packages/airflow/example_dags/example_bash_operator.py took 0.066 seconds
