[2024-09-22T03:23:50.625+0000] {processor.py:186} INFO - Started process (PID=243) to work on /home/airflow/.local/lib/python3.12/site-packages/airflow/example_dags/example_branch_labels.py
[2024-09-22T03:23:50.628+0000] {processor.py:914} INFO - Processing file /home/airflow/.local/lib/python3.12/site-packages/airflow/example_dags/example_branch_labels.py for tasks to queue
[2024-09-22T03:23:50.631+0000] {logging_mixin.py:190} INFO - [2024-09-22T03:23:50.631+0000] {dagbag.py:588} INFO - Filling up the DagBag from /home/airflow/.local/lib/python3.12/site-packages/airflow/example_dags/example_branch_labels.py
[2024-09-22T03:23:50.647+0000] {processor.py:925} INFO - DAG(s) 'example_branch_labels' retrieved from /home/airflow/.local/lib/python3.12/site-packages/airflow/example_dags/example_branch_labels.py
[2024-09-22T03:23:50.796+0000] {logging_mixin.py:190} INFO - [2024-09-22T03:23:50.796+0000] {override.py:1900} INFO - Created Permission View: can read on DAG:example_branch_labels
[2024-09-22T03:23:50.809+0000] {logging_mixin.py:190} INFO - [2024-09-22T03:23:50.809+0000] {override.py:1900} INFO - Created Permission View: can edit on DAG:example_branch_labels
[2024-09-22T03:23:50.816+0000] {logging_mixin.py:190} INFO - [2024-09-22T03:23:50.816+0000] {override.py:1900} INFO - Created Permission View: can delete on DAG:example_branch_labels
[2024-09-22T03:23:50.823+0000] {logging_mixin.py:190} INFO - [2024-09-22T03:23:50.823+0000] {override.py:1900} INFO - Created Permission View: can read on DAG Run:example_branch_labels
[2024-09-22T03:23:50.832+0000] {logging_mixin.py:190} INFO - [2024-09-22T03:23:50.831+0000] {override.py:1900} INFO - Created Permission View: menu access on DAG Run:example_branch_labels
[2024-09-22T03:23:50.838+0000] {logging_mixin.py:190} INFO - [2024-09-22T03:23:50.838+0000] {override.py:1900} INFO - Created Permission View: can delete on DAG Run:example_branch_labels
[2024-09-22T03:23:50.845+0000] {logging_mixin.py:190} INFO - [2024-09-22T03:23:50.844+0000] {override.py:1900} INFO - Created Permission View: can create on DAG Run:example_branch_labels
[2024-09-22T03:23:50.847+0000] {logging_mixin.py:190} INFO - [2024-09-22T03:23:50.847+0000] {dag.py:3239} INFO - Sync 1 DAGs
[2024-09-22T03:23:50.863+0000] {logging_mixin.py:190} INFO - [2024-09-22T03:23:50.863+0000] {dag.py:3262} INFO - Creating ORM DAG for example_branch_labels
[2024-09-22T03:23:50.880+0000] {logging_mixin.py:190} INFO - [2024-09-22T03:23:50.880+0000] {dag.py:4180} INFO - Setting next_dagrun for example_branch_labels to 2024-09-21 00:00:00+00:00, run_after=2024-09-22 00:00:00+00:00
[2024-09-22T03:23:50.901+0000] {processor.py:208} INFO - Processing /home/airflow/.local/lib/python3.12/site-packages/airflow/example_dags/example_branch_labels.py took 0.294 seconds
[2024-09-22T03:24:21.625+0000] {processor.py:186} INFO - Started process (PID=531) to work on /home/airflow/.local/lib/python3.12/site-packages/airflow/example_dags/example_branch_labels.py
[2024-09-22T03:24:21.626+0000] {processor.py:914} INFO - Processing file /home/airflow/.local/lib/python3.12/site-packages/airflow/example_dags/example_branch_labels.py for tasks to queue
[2024-09-22T03:24:21.629+0000] {logging_mixin.py:190} INFO - [2024-09-22T03:24:21.629+0000] {dagbag.py:588} INFO - Filling up the DagBag from /home/airflow/.local/lib/python3.12/site-packages/airflow/example_dags/example_branch_labels.py
[2024-09-22T03:24:21.643+0000] {processor.py:925} INFO - DAG(s) 'example_branch_labels' retrieved from /home/airflow/.local/lib/python3.12/site-packages/airflow/example_dags/example_branch_labels.py
[2024-09-22T03:24:21.666+0000] {logging_mixin.py:190} INFO - [2024-09-22T03:24:21.666+0000] {dag.py:3239} INFO - Sync 1 DAGs
[2024-09-22T03:24:21.692+0000] {logging_mixin.py:190} INFO - [2024-09-22T03:24:21.692+0000] {dag.py:4180} INFO - Setting next_dagrun for example_branch_labels to 2024-09-21 00:00:00+00:00, run_after=2024-09-22 00:00:00+00:00
[2024-09-22T03:24:21.718+0000] {processor.py:208} INFO - Processing /home/airflow/.local/lib/python3.12/site-packages/airflow/example_dags/example_branch_labels.py took 0.098 seconds
[2024-09-22T03:24:52.465+0000] {processor.py:186} INFO - Started process (PID=817) to work on /home/airflow/.local/lib/python3.12/site-packages/airflow/example_dags/example_branch_labels.py
[2024-09-22T03:24:52.465+0000] {processor.py:914} INFO - Processing file /home/airflow/.local/lib/python3.12/site-packages/airflow/example_dags/example_branch_labels.py for tasks to queue
[2024-09-22T03:24:52.467+0000] {logging_mixin.py:190} INFO - [2024-09-22T03:24:52.466+0000] {dagbag.py:588} INFO - Filling up the DagBag from /home/airflow/.local/lib/python3.12/site-packages/airflow/example_dags/example_branch_labels.py
[2024-09-22T03:24:52.472+0000] {processor.py:925} INFO - DAG(s) 'example_branch_labels' retrieved from /home/airflow/.local/lib/python3.12/site-packages/airflow/example_dags/example_branch_labels.py
[2024-09-22T03:24:52.484+0000] {logging_mixin.py:190} INFO - [2024-09-22T03:24:52.484+0000] {dag.py:3239} INFO - Sync 1 DAGs
[2024-09-22T03:24:52.496+0000] {logging_mixin.py:190} INFO - [2024-09-22T03:24:52.495+0000] {dag.py:4180} INFO - Setting next_dagrun for example_branch_labels to 2024-09-21 00:00:00+00:00, run_after=2024-09-22 00:00:00+00:00
[2024-09-22T03:24:52.504+0000] {processor.py:208} INFO - Processing /home/airflow/.local/lib/python3.12/site-packages/airflow/example_dags/example_branch_labels.py took 0.043 seconds
[2024-09-22T03:25:23.020+0000] {processor.py:186} INFO - Started process (PID=1103) to work on /home/airflow/.local/lib/python3.12/site-packages/airflow/example_dags/example_branch_labels.py
[2024-09-22T03:25:23.020+0000] {processor.py:914} INFO - Processing file /home/airflow/.local/lib/python3.12/site-packages/airflow/example_dags/example_branch_labels.py for tasks to queue
[2024-09-22T03:25:23.021+0000] {logging_mixin.py:190} INFO - [2024-09-22T03:25:23.021+0000] {dagbag.py:588} INFO - Filling up the DagBag from /home/airflow/.local/lib/python3.12/site-packages/airflow/example_dags/example_branch_labels.py
[2024-09-22T03:25:23.027+0000] {processor.py:925} INFO - DAG(s) 'example_branch_labels' retrieved from /home/airflow/.local/lib/python3.12/site-packages/airflow/example_dags/example_branch_labels.py
[2024-09-22T03:25:23.038+0000] {logging_mixin.py:190} INFO - [2024-09-22T03:25:23.038+0000] {dag.py:3239} INFO - Sync 1 DAGs
[2024-09-22T03:25:23.051+0000] {logging_mixin.py:190} INFO - [2024-09-22T03:25:23.051+0000] {dag.py:4180} INFO - Setting next_dagrun for example_branch_labels to 2024-09-21 00:00:00+00:00, run_after=2024-09-22 00:00:00+00:00
[2024-09-22T03:25:23.059+0000] {processor.py:208} INFO - Processing /home/airflow/.local/lib/python3.12/site-packages/airflow/example_dags/example_branch_labels.py took 0.043 seconds
[2024-09-22T03:25:53.544+0000] {processor.py:186} INFO - Started process (PID=1389) to work on /home/airflow/.local/lib/python3.12/site-packages/airflow/example_dags/example_branch_labels.py
[2024-09-22T03:25:53.546+0000] {processor.py:914} INFO - Processing file /home/airflow/.local/lib/python3.12/site-packages/airflow/example_dags/example_branch_labels.py for tasks to queue
[2024-09-22T03:25:53.547+0000] {logging_mixin.py:190} INFO - [2024-09-22T03:25:53.547+0000] {dagbag.py:588} INFO - Filling up the DagBag from /home/airflow/.local/lib/python3.12/site-packages/airflow/example_dags/example_branch_labels.py
[2024-09-22T03:25:53.553+0000] {processor.py:925} INFO - DAG(s) 'example_branch_labels' retrieved from /home/airflow/.local/lib/python3.12/site-packages/airflow/example_dags/example_branch_labels.py
[2024-09-22T03:25:53.569+0000] {logging_mixin.py:190} INFO - [2024-09-22T03:25:53.569+0000] {dag.py:3239} INFO - Sync 1 DAGs
[2024-09-22T03:25:53.583+0000] {logging_mixin.py:190} INFO - [2024-09-22T03:25:53.583+0000] {dag.py:4180} INFO - Setting next_dagrun for example_branch_labels to 2024-09-21 00:00:00+00:00, run_after=2024-09-22 00:00:00+00:00
[2024-09-22T03:25:53.594+0000] {processor.py:208} INFO - Processing /home/airflow/.local/lib/python3.12/site-packages/airflow/example_dags/example_branch_labels.py took 0.054 seconds
[2024-09-22T03:26:24.286+0000] {processor.py:186} INFO - Started process (PID=1675) to work on /home/airflow/.local/lib/python3.12/site-packages/airflow/example_dags/example_branch_labels.py
[2024-09-22T03:26:24.287+0000] {processor.py:914} INFO - Processing file /home/airflow/.local/lib/python3.12/site-packages/airflow/example_dags/example_branch_labels.py for tasks to queue
[2024-09-22T03:26:24.288+0000] {logging_mixin.py:190} INFO - [2024-09-22T03:26:24.288+0000] {dagbag.py:588} INFO - Filling up the DagBag from /home/airflow/.local/lib/python3.12/site-packages/airflow/example_dags/example_branch_labels.py
[2024-09-22T03:26:24.294+0000] {processor.py:925} INFO - DAG(s) 'example_branch_labels' retrieved from /home/airflow/.local/lib/python3.12/site-packages/airflow/example_dags/example_branch_labels.py
[2024-09-22T03:26:24.308+0000] {logging_mixin.py:190} INFO - [2024-09-22T03:26:24.308+0000] {dag.py:3239} INFO - Sync 1 DAGs
[2024-09-22T03:26:24.321+0000] {logging_mixin.py:190} INFO - [2024-09-22T03:26:24.321+0000] {dag.py:4180} INFO - Setting next_dagrun for example_branch_labels to 2024-09-21 00:00:00+00:00, run_after=2024-09-22 00:00:00+00:00
[2024-09-22T03:26:24.332+0000] {processor.py:208} INFO - Processing /home/airflow/.local/lib/python3.12/site-packages/airflow/example_dags/example_branch_labels.py took 0.049 seconds
[2024-09-22T03:26:54.938+0000] {processor.py:186} INFO - Started process (PID=1961) to work on /home/airflow/.local/lib/python3.12/site-packages/airflow/example_dags/example_branch_labels.py
[2024-09-22T03:26:54.939+0000] {processor.py:914} INFO - Processing file /home/airflow/.local/lib/python3.12/site-packages/airflow/example_dags/example_branch_labels.py for tasks to queue
[2024-09-22T03:26:54.940+0000] {logging_mixin.py:190} INFO - [2024-09-22T03:26:54.940+0000] {dagbag.py:588} INFO - Filling up the DagBag from /home/airflow/.local/lib/python3.12/site-packages/airflow/example_dags/example_branch_labels.py
[2024-09-22T03:26:54.947+0000] {processor.py:925} INFO - DAG(s) 'example_branch_labels' retrieved from /home/airflow/.local/lib/python3.12/site-packages/airflow/example_dags/example_branch_labels.py
[2024-09-22T03:26:54.960+0000] {logging_mixin.py:190} INFO - [2024-09-22T03:26:54.960+0000] {dag.py:3239} INFO - Sync 1 DAGs
[2024-09-22T03:26:54.973+0000] {logging_mixin.py:190} INFO - [2024-09-22T03:26:54.973+0000] {dag.py:4180} INFO - Setting next_dagrun for example_branch_labels to 2024-09-21 00:00:00+00:00, run_after=2024-09-22 00:00:00+00:00
[2024-09-22T03:26:54.984+0000] {processor.py:208} INFO - Processing /home/airflow/.local/lib/python3.12/site-packages/airflow/example_dags/example_branch_labels.py took 0.049 seconds
[2024-09-22T03:27:25.412+0000] {processor.py:186} INFO - Started process (PID=2244) to work on /home/airflow/.local/lib/python3.12/site-packages/airflow/example_dags/example_branch_labels.py
[2024-09-22T03:27:25.412+0000] {processor.py:914} INFO - Processing file /home/airflow/.local/lib/python3.12/site-packages/airflow/example_dags/example_branch_labels.py for tasks to queue
[2024-09-22T03:27:25.414+0000] {logging_mixin.py:190} INFO - [2024-09-22T03:27:25.414+0000] {dagbag.py:588} INFO - Filling up the DagBag from /home/airflow/.local/lib/python3.12/site-packages/airflow/example_dags/example_branch_labels.py
[2024-09-22T03:27:25.420+0000] {processor.py:925} INFO - DAG(s) 'example_branch_labels' retrieved from /home/airflow/.local/lib/python3.12/site-packages/airflow/example_dags/example_branch_labels.py
[2024-09-22T03:27:25.434+0000] {logging_mixin.py:190} INFO - [2024-09-22T03:27:25.434+0000] {dag.py:3239} INFO - Sync 1 DAGs
[2024-09-22T03:27:25.448+0000] {logging_mixin.py:190} INFO - [2024-09-22T03:27:25.447+0000] {dag.py:4180} INFO - Setting next_dagrun for example_branch_labels to 2024-09-21 00:00:00+00:00, run_after=2024-09-22 00:00:00+00:00
[2024-09-22T03:27:25.460+0000] {processor.py:208} INFO - Processing /home/airflow/.local/lib/python3.12/site-packages/airflow/example_dags/example_branch_labels.py took 0.053 seconds
[2024-09-22T03:27:55.775+0000] {processor.py:186} INFO - Started process (PID=2532) to work on /home/airflow/.local/lib/python3.12/site-packages/airflow/example_dags/example_branch_labels.py
[2024-09-22T03:27:55.776+0000] {processor.py:914} INFO - Processing file /home/airflow/.local/lib/python3.12/site-packages/airflow/example_dags/example_branch_labels.py for tasks to queue
[2024-09-22T03:27:55.777+0000] {logging_mixin.py:190} INFO - [2024-09-22T03:27:55.777+0000] {dagbag.py:588} INFO - Filling up the DagBag from /home/airflow/.local/lib/python3.12/site-packages/airflow/example_dags/example_branch_labels.py
[2024-09-22T03:27:55.783+0000] {processor.py:925} INFO - DAG(s) 'example_branch_labels' retrieved from /home/airflow/.local/lib/python3.12/site-packages/airflow/example_dags/example_branch_labels.py
[2024-09-22T03:27:55.794+0000] {logging_mixin.py:190} INFO - [2024-09-22T03:27:55.794+0000] {dag.py:3239} INFO - Sync 1 DAGs
[2024-09-22T03:27:55.806+0000] {logging_mixin.py:190} INFO - [2024-09-22T03:27:55.806+0000] {dag.py:4180} INFO - Setting next_dagrun for example_branch_labels to 2024-09-21 00:00:00+00:00, run_after=2024-09-22 00:00:00+00:00
[2024-09-22T03:27:55.815+0000] {processor.py:208} INFO - Processing /home/airflow/.local/lib/python3.12/site-packages/airflow/example_dags/example_branch_labels.py took 0.043 seconds
[2024-09-22T03:28:26.171+0000] {processor.py:186} INFO - Started process (PID=2818) to work on /home/airflow/.local/lib/python3.12/site-packages/airflow/example_dags/example_branch_labels.py
[2024-09-22T03:28:26.172+0000] {processor.py:914} INFO - Processing file /home/airflow/.local/lib/python3.12/site-packages/airflow/example_dags/example_branch_labels.py for tasks to queue
[2024-09-22T03:28:26.174+0000] {logging_mixin.py:190} INFO - [2024-09-22T03:28:26.173+0000] {dagbag.py:588} INFO - Filling up the DagBag from /home/airflow/.local/lib/python3.12/site-packages/airflow/example_dags/example_branch_labels.py
[2024-09-22T03:28:26.179+0000] {processor.py:925} INFO - DAG(s) 'example_branch_labels' retrieved from /home/airflow/.local/lib/python3.12/site-packages/airflow/example_dags/example_branch_labels.py
[2024-09-22T03:28:26.189+0000] {logging_mixin.py:190} INFO - [2024-09-22T03:28:26.189+0000] {dag.py:3239} INFO - Sync 1 DAGs
[2024-09-22T03:28:26.201+0000] {logging_mixin.py:190} INFO - [2024-09-22T03:28:26.201+0000] {dag.py:4180} INFO - Setting next_dagrun for example_branch_labels to 2024-09-21 00:00:00+00:00, run_after=2024-09-22 00:00:00+00:00
[2024-09-22T03:28:26.209+0000] {processor.py:208} INFO - Processing /home/airflow/.local/lib/python3.12/site-packages/airflow/example_dags/example_branch_labels.py took 0.040 seconds
