[2024-09-22T03:23:59.794+0000] {processor.py:186} INFO - Started process (PID=428) to work on /home/airflow/.local/lib/python3.12/site-packages/airflow/example_dags/example_outlet_event_extra.py
[2024-09-22T03:23:59.798+0000] {processor.py:914} INFO - Processing file /home/airflow/.local/lib/python3.12/site-packages/airflow/example_dags/example_outlet_event_extra.py for tasks to queue
[2024-09-22T03:23:59.801+0000] {logging_mixin.py:190} INFO - [2024-09-22T03:23:59.801+0000] {dagbag.py:588} INFO - Filling up the DagBag from /home/airflow/.local/lib/python3.12/site-packages/airflow/example_dags/example_outlet_event_extra.py
[2024-09-22T03:24:00.021+0000] {processor.py:925} INFO - DAG(s) 'dataset_with_extra_by_yield', 'dataset_with_extra_by_context', 'dataset_with_extra_from_classic_operator' retrieved from /home/airflow/.local/lib/python3.12/site-packages/airflow/example_dags/example_outlet_event_extra.py
[2024-09-22T03:24:00.209+0000] {logging_mixin.py:190} INFO - [2024-09-22T03:24:00.208+0000] {override.py:1900} INFO - Created Permission View: can read on DAG:dataset_with_extra_by_yield
[2024-09-22T03:24:00.227+0000] {logging_mixin.py:190} INFO - [2024-09-22T03:24:00.227+0000] {override.py:1900} INFO - Created Permission View: can edit on DAG:dataset_with_extra_by_yield
[2024-09-22T03:24:00.240+0000] {logging_mixin.py:190} INFO - [2024-09-22T03:24:00.240+0000] {override.py:1900} INFO - Created Permission View: can delete on DAG:dataset_with_extra_by_yield
[2024-09-22T03:24:00.248+0000] {logging_mixin.py:190} INFO - [2024-09-22T03:24:00.247+0000] {override.py:1900} INFO - Created Permission View: can read on DAG Run:dataset_with_extra_by_yield
[2024-09-22T03:24:00.257+0000] {logging_mixin.py:190} INFO - [2024-09-22T03:24:00.257+0000] {override.py:1900} INFO - Created Permission View: menu access on DAG Run:dataset_with_extra_by_yield
[2024-09-22T03:24:00.268+0000] {logging_mixin.py:190} INFO - [2024-09-22T03:24:00.268+0000] {override.py:1900} INFO - Created Permission View: can delete on DAG Run:dataset_with_extra_by_yield
[2024-09-22T03:24:00.278+0000] {logging_mixin.py:190} INFO - [2024-09-22T03:24:00.278+0000] {override.py:1900} INFO - Created Permission View: can create on DAG Run:dataset_with_extra_by_yield
[2024-09-22T03:24:00.313+0000] {logging_mixin.py:190} INFO - [2024-09-22T03:24:00.313+0000] {override.py:1900} INFO - Created Permission View: can read on DAG:dataset_with_extra_by_context
[2024-09-22T03:24:00.327+0000] {logging_mixin.py:190} INFO - [2024-09-22T03:24:00.326+0000] {override.py:1900} INFO - Created Permission View: can edit on DAG:dataset_with_extra_by_context
[2024-09-22T03:24:00.336+0000] {logging_mixin.py:190} INFO - [2024-09-22T03:24:00.336+0000] {override.py:1900} INFO - Created Permission View: can delete on DAG:dataset_with_extra_by_context
[2024-09-22T03:24:00.353+0000] {logging_mixin.py:190} INFO - [2024-09-22T03:24:00.353+0000] {override.py:1900} INFO - Created Permission View: can read on DAG Run:dataset_with_extra_by_context
[2024-09-22T03:24:00.363+0000] {logging_mixin.py:190} INFO - [2024-09-22T03:24:00.363+0000] {override.py:1900} INFO - Created Permission View: menu access on DAG Run:dataset_with_extra_by_context
[2024-09-22T03:24:00.373+0000] {logging_mixin.py:190} INFO - [2024-09-22T03:24:00.373+0000] {override.py:1900} INFO - Created Permission View: can delete on DAG Run:dataset_with_extra_by_context
[2024-09-22T03:24:00.382+0000] {logging_mixin.py:190} INFO - [2024-09-22T03:24:00.382+0000] {override.py:1900} INFO - Created Permission View: can create on DAG Run:dataset_with_extra_by_context
[2024-09-22T03:24:00.402+0000] {logging_mixin.py:190} INFO - [2024-09-22T03:24:00.402+0000] {override.py:1900} INFO - Created Permission View: can read on DAG:dataset_with_extra_from_classic_operator
[2024-09-22T03:24:00.416+0000] {logging_mixin.py:190} INFO - [2024-09-22T03:24:00.416+0000] {override.py:1900} INFO - Created Permission View: can edit on DAG:dataset_with_extra_from_classic_operator
[2024-09-22T03:24:00.427+0000] {logging_mixin.py:190} INFO - [2024-09-22T03:24:00.426+0000] {override.py:1900} INFO - Created Permission View: can delete on DAG:dataset_with_extra_from_classic_operator
[2024-09-22T03:24:00.439+0000] {logging_mixin.py:190} INFO - [2024-09-22T03:24:00.438+0000] {override.py:1900} INFO - Created Permission View: can read on DAG Run:dataset_with_extra_from_classic_operator
[2024-09-22T03:24:00.446+0000] {logging_mixin.py:190} INFO - [2024-09-22T03:24:00.446+0000] {override.py:1900} INFO - Created Permission View: menu access on DAG Run:dataset_with_extra_from_classic_operator
[2024-09-22T03:24:00.454+0000] {logging_mixin.py:190} INFO - [2024-09-22T03:24:00.454+0000] {override.py:1900} INFO - Created Permission View: can delete on DAG Run:dataset_with_extra_from_classic_operator
[2024-09-22T03:24:00.466+0000] {logging_mixin.py:190} INFO - [2024-09-22T03:24:00.466+0000] {override.py:1900} INFO - Created Permission View: can create on DAG Run:dataset_with_extra_from_classic_operator
[2024-09-22T03:24:00.466+0000] {logging_mixin.py:190} INFO - [2024-09-22T03:24:00.466+0000] {dag.py:3239} INFO - Sync 3 DAGs
[2024-09-22T03:24:00.484+0000] {logging_mixin.py:190} INFO - [2024-09-22T03:24:00.484+0000] {dag.py:3262} INFO - Creating ORM DAG for dataset_with_extra_by_context
[2024-09-22T03:24:00.485+0000] {logging_mixin.py:190} INFO - [2024-09-22T03:24:00.485+0000] {dag.py:3262} INFO - Creating ORM DAG for dataset_with_extra_from_classic_operator
[2024-09-22T03:24:00.487+0000] {logging_mixin.py:190} INFO - [2024-09-22T03:24:00.487+0000] {dag.py:3262} INFO - Creating ORM DAG for dataset_with_extra_by_yield
[2024-09-22T03:24:00.505+0000] {logging_mixin.py:190} INFO - [2024-09-22T03:24:00.505+0000] {dag.py:4180} INFO - Setting next_dagrun for dataset_with_extra_by_context to 2024-09-21 00:00:00+00:00, run_after=2024-09-22 00:00:00+00:00
[2024-09-22T03:24:00.507+0000] {logging_mixin.py:190} INFO - [2024-09-22T03:24:00.507+0000] {dag.py:4180} INFO - Setting next_dagrun for dataset_with_extra_by_yield to 2024-09-21 00:00:00+00:00, run_after=2024-09-22 00:00:00+00:00
[2024-09-22T03:24:00.509+0000] {logging_mixin.py:190} INFO - [2024-09-22T03:24:00.509+0000] {dag.py:4180} INFO - Setting next_dagrun for dataset_with_extra_from_classic_operator to 2024-09-21 00:00:00+00:00, run_after=2024-09-22 00:00:00+00:00
[2024-09-22T03:24:00.557+0000] {processor.py:208} INFO - Processing /home/airflow/.local/lib/python3.12/site-packages/airflow/example_dags/example_outlet_event_extra.py took 0.772 seconds
[2024-09-22T03:24:31.571+0000] {processor.py:186} INFO - Started process (PID=721) to work on /home/airflow/.local/lib/python3.12/site-packages/airflow/example_dags/example_outlet_event_extra.py
[2024-09-22T03:24:31.572+0000] {processor.py:914} INFO - Processing file /home/airflow/.local/lib/python3.12/site-packages/airflow/example_dags/example_outlet_event_extra.py for tasks to queue
[2024-09-22T03:24:31.575+0000] {logging_mixin.py:190} INFO - [2024-09-22T03:24:31.574+0000] {dagbag.py:588} INFO - Filling up the DagBag from /home/airflow/.local/lib/python3.12/site-packages/airflow/example_dags/example_outlet_event_extra.py
[2024-09-22T03:24:31.651+0000] {processor.py:925} INFO - DAG(s) 'dataset_with_extra_by_context', 'dataset_with_extra_from_classic_operator', 'dataset_with_extra_by_yield' retrieved from /home/airflow/.local/lib/python3.12/site-packages/airflow/example_dags/example_outlet_event_extra.py
[2024-09-22T03:24:31.673+0000] {logging_mixin.py:190} INFO - [2024-09-22T03:24:31.673+0000] {dag.py:3239} INFO - Sync 3 DAGs
[2024-09-22T03:24:31.689+0000] {logging_mixin.py:190} INFO - [2024-09-22T03:24:31.689+0000] {dag.py:4180} INFO - Setting next_dagrun for dataset_with_extra_by_context to 2024-09-21 00:00:00+00:00, run_after=2024-09-22 00:00:00+00:00
[2024-09-22T03:24:31.692+0000] {logging_mixin.py:190} INFO - [2024-09-22T03:24:31.692+0000] {dag.py:4180} INFO - Setting next_dagrun for dataset_with_extra_by_yield to 2024-09-21 00:00:00+00:00, run_after=2024-09-22 00:00:00+00:00
[2024-09-22T03:24:31.693+0000] {logging_mixin.py:190} INFO - [2024-09-22T03:24:31.693+0000] {dag.py:4180} INFO - Setting next_dagrun for dataset_with_extra_from_classic_operator to 2024-09-21 00:00:00+00:00, run_after=2024-09-22 00:00:00+00:00
[2024-09-22T03:24:31.705+0000] {processor.py:208} INFO - Processing /home/airflow/.local/lib/python3.12/site-packages/airflow/example_dags/example_outlet_event_extra.py took 0.139 seconds
[2024-09-22T03:25:02.192+0000] {processor.py:186} INFO - Started process (PID=1007) to work on /home/airflow/.local/lib/python3.12/site-packages/airflow/example_dags/example_outlet_event_extra.py
[2024-09-22T03:25:02.193+0000] {processor.py:914} INFO - Processing file /home/airflow/.local/lib/python3.12/site-packages/airflow/example_dags/example_outlet_event_extra.py for tasks to queue
[2024-09-22T03:25:02.195+0000] {logging_mixin.py:190} INFO - [2024-09-22T03:25:02.195+0000] {dagbag.py:588} INFO - Filling up the DagBag from /home/airflow/.local/lib/python3.12/site-packages/airflow/example_dags/example_outlet_event_extra.py
[2024-09-22T03:25:02.273+0000] {processor.py:925} INFO - DAG(s) 'dataset_with_extra_by_context', 'dataset_with_extra_by_yield', 'dataset_with_extra_from_classic_operator' retrieved from /home/airflow/.local/lib/python3.12/site-packages/airflow/example_dags/example_outlet_event_extra.py
[2024-09-22T03:25:02.292+0000] {logging_mixin.py:190} INFO - [2024-09-22T03:25:02.292+0000] {dag.py:3239} INFO - Sync 3 DAGs
[2024-09-22T03:25:02.310+0000] {logging_mixin.py:190} INFO - [2024-09-22T03:25:02.310+0000] {dag.py:4180} INFO - Setting next_dagrun for dataset_with_extra_by_context to 2024-09-21 00:00:00+00:00, run_after=2024-09-22 00:00:00+00:00
[2024-09-22T03:25:02.314+0000] {logging_mixin.py:190} INFO - [2024-09-22T03:25:02.314+0000] {dag.py:4180} INFO - Setting next_dagrun for dataset_with_extra_by_yield to 2024-09-21 00:00:00+00:00, run_after=2024-09-22 00:00:00+00:00
[2024-09-22T03:25:02.315+0000] {logging_mixin.py:190} INFO - [2024-09-22T03:25:02.315+0000] {dag.py:4180} INFO - Setting next_dagrun for dataset_with_extra_from_classic_operator to 2024-09-21 00:00:00+00:00, run_after=2024-09-22 00:00:00+00:00
[2024-09-22T03:25:02.325+0000] {processor.py:208} INFO - Processing /home/airflow/.local/lib/python3.12/site-packages/airflow/example_dags/example_outlet_event_extra.py took 0.138 seconds
[2024-09-22T03:25:32.696+0000] {processor.py:186} INFO - Started process (PID=1293) to work on /home/airflow/.local/lib/python3.12/site-packages/airflow/example_dags/example_outlet_event_extra.py
[2024-09-22T03:25:32.697+0000] {processor.py:914} INFO - Processing file /home/airflow/.local/lib/python3.12/site-packages/airflow/example_dags/example_outlet_event_extra.py for tasks to queue
[2024-09-22T03:25:32.700+0000] {logging_mixin.py:190} INFO - [2024-09-22T03:25:32.700+0000] {dagbag.py:588} INFO - Filling up the DagBag from /home/airflow/.local/lib/python3.12/site-packages/airflow/example_dags/example_outlet_event_extra.py
[2024-09-22T03:25:32.778+0000] {processor.py:925} INFO - DAG(s) 'dataset_with_extra_from_classic_operator', 'dataset_with_extra_by_yield', 'dataset_with_extra_by_context' retrieved from /home/airflow/.local/lib/python3.12/site-packages/airflow/example_dags/example_outlet_event_extra.py
[2024-09-22T03:25:32.797+0000] {logging_mixin.py:190} INFO - [2024-09-22T03:25:32.797+0000] {dag.py:3239} INFO - Sync 3 DAGs
[2024-09-22T03:25:32.812+0000] {logging_mixin.py:190} INFO - [2024-09-22T03:25:32.812+0000] {dag.py:4180} INFO - Setting next_dagrun for dataset_with_extra_by_context to 2024-09-21 00:00:00+00:00, run_after=2024-09-22 00:00:00+00:00
[2024-09-22T03:25:32.817+0000] {logging_mixin.py:190} INFO - [2024-09-22T03:25:32.817+0000] {dag.py:4180} INFO - Setting next_dagrun for dataset_with_extra_by_yield to 2024-09-21 00:00:00+00:00, run_after=2024-09-22 00:00:00+00:00
[2024-09-22T03:25:32.818+0000] {logging_mixin.py:190} INFO - [2024-09-22T03:25:32.818+0000] {dag.py:4180} INFO - Setting next_dagrun for dataset_with_extra_from_classic_operator to 2024-09-21 00:00:00+00:00, run_after=2024-09-22 00:00:00+00:00
[2024-09-22T03:25:32.828+0000] {processor.py:208} INFO - Processing /home/airflow/.local/lib/python3.12/site-packages/airflow/example_dags/example_outlet_event_extra.py took 0.141 seconds
[2024-09-22T03:26:03.371+0000] {processor.py:186} INFO - Started process (PID=1579) to work on /home/airflow/.local/lib/python3.12/site-packages/airflow/example_dags/example_outlet_event_extra.py
[2024-09-22T03:26:03.374+0000] {processor.py:914} INFO - Processing file /home/airflow/.local/lib/python3.12/site-packages/airflow/example_dags/example_outlet_event_extra.py for tasks to queue
[2024-09-22T03:26:03.377+0000] {logging_mixin.py:190} INFO - [2024-09-22T03:26:03.376+0000] {dagbag.py:588} INFO - Filling up the DagBag from /home/airflow/.local/lib/python3.12/site-packages/airflow/example_dags/example_outlet_event_extra.py
[2024-09-22T03:26:03.466+0000] {processor.py:925} INFO - DAG(s) 'dataset_with_extra_by_yield', 'dataset_with_extra_by_context', 'dataset_with_extra_from_classic_operator' retrieved from /home/airflow/.local/lib/python3.12/site-packages/airflow/example_dags/example_outlet_event_extra.py
[2024-09-22T03:26:03.488+0000] {logging_mixin.py:190} INFO - [2024-09-22T03:26:03.488+0000] {dag.py:3239} INFO - Sync 3 DAGs
[2024-09-22T03:26:03.503+0000] {logging_mixin.py:190} INFO - [2024-09-22T03:26:03.503+0000] {dag.py:4180} INFO - Setting next_dagrun for dataset_with_extra_by_context to 2024-09-21 00:00:00+00:00, run_after=2024-09-22 00:00:00+00:00
[2024-09-22T03:26:03.507+0000] {logging_mixin.py:190} INFO - [2024-09-22T03:26:03.507+0000] {dag.py:4180} INFO - Setting next_dagrun for dataset_with_extra_by_yield to 2024-09-21 00:00:00+00:00, run_after=2024-09-22 00:00:00+00:00
[2024-09-22T03:26:03.508+0000] {logging_mixin.py:190} INFO - [2024-09-22T03:26:03.508+0000] {dag.py:4180} INFO - Setting next_dagrun for dataset_with_extra_from_classic_operator to 2024-09-21 00:00:00+00:00, run_after=2024-09-22 00:00:00+00:00
[2024-09-22T03:26:03.523+0000] {processor.py:208} INFO - Processing /home/airflow/.local/lib/python3.12/site-packages/airflow/example_dags/example_outlet_event_extra.py took 0.163 seconds
[2024-09-22T03:26:33.651+0000] {processor.py:186} INFO - Started process (PID=1863) to work on /home/airflow/.local/lib/python3.12/site-packages/airflow/example_dags/example_outlet_event_extra.py
[2024-09-22T03:26:33.656+0000] {processor.py:914} INFO - Processing file /home/airflow/.local/lib/python3.12/site-packages/airflow/example_dags/example_outlet_event_extra.py for tasks to queue
[2024-09-22T03:26:33.663+0000] {logging_mixin.py:190} INFO - [2024-09-22T03:26:33.662+0000] {dagbag.py:588} INFO - Filling up the DagBag from /home/airflow/.local/lib/python3.12/site-packages/airflow/example_dags/example_outlet_event_extra.py
[2024-09-22T03:26:33.946+0000] {processor.py:925} INFO - DAG(s) 'dataset_with_extra_from_classic_operator', 'dataset_with_extra_by_context', 'dataset_with_extra_by_yield' retrieved from /home/airflow/.local/lib/python3.12/site-packages/airflow/example_dags/example_outlet_event_extra.py
[2024-09-22T03:26:34.015+0000] {logging_mixin.py:190} INFO - [2024-09-22T03:26:34.015+0000] {dag.py:3239} INFO - Sync 3 DAGs
[2024-09-22T03:26:34.067+0000] {logging_mixin.py:190} INFO - [2024-09-22T03:26:34.063+0000] {dag.py:4180} INFO - Setting next_dagrun for dataset_with_extra_by_context to 2024-09-21 00:00:00+00:00, run_after=2024-09-22 00:00:00+00:00
[2024-09-22T03:26:34.075+0000] {logging_mixin.py:190} INFO - [2024-09-22T03:26:34.075+0000] {dag.py:4180} INFO - Setting next_dagrun for dataset_with_extra_by_yield to 2024-09-21 00:00:00+00:00, run_after=2024-09-22 00:00:00+00:00
[2024-09-22T03:26:34.077+0000] {logging_mixin.py:190} INFO - [2024-09-22T03:26:34.077+0000] {dag.py:4180} INFO - Setting next_dagrun for dataset_with_extra_from_classic_operator to 2024-09-21 00:00:00+00:00, run_after=2024-09-22 00:00:00+00:00
[2024-09-22T03:26:34.111+0000] {processor.py:208} INFO - Processing /home/airflow/.local/lib/python3.12/site-packages/airflow/example_dags/example_outlet_event_extra.py took 0.475 seconds
[2024-09-22T03:27:04.472+0000] {processor.py:186} INFO - Started process (PID=2144) to work on /home/airflow/.local/lib/python3.12/site-packages/airflow/example_dags/example_outlet_event_extra.py
[2024-09-22T03:27:04.473+0000] {processor.py:914} INFO - Processing file /home/airflow/.local/lib/python3.12/site-packages/airflow/example_dags/example_outlet_event_extra.py for tasks to queue
[2024-09-22T03:27:04.475+0000] {logging_mixin.py:190} INFO - [2024-09-22T03:27:04.475+0000] {dagbag.py:588} INFO - Filling up the DagBag from /home/airflow/.local/lib/python3.12/site-packages/airflow/example_dags/example_outlet_event_extra.py
[2024-09-22T03:27:04.555+0000] {processor.py:925} INFO - DAG(s) 'dataset_with_extra_from_classic_operator', 'dataset_with_extra_by_yield', 'dataset_with_extra_by_context' retrieved from /home/airflow/.local/lib/python3.12/site-packages/airflow/example_dags/example_outlet_event_extra.py
[2024-09-22T03:27:04.571+0000] {logging_mixin.py:190} INFO - [2024-09-22T03:27:04.571+0000] {dag.py:3239} INFO - Sync 3 DAGs
[2024-09-22T03:27:04.586+0000] {logging_mixin.py:190} INFO - [2024-09-22T03:27:04.586+0000] {dag.py:4180} INFO - Setting next_dagrun for dataset_with_extra_by_context to 2024-09-21 00:00:00+00:00, run_after=2024-09-22 00:00:00+00:00
[2024-09-22T03:27:04.590+0000] {logging_mixin.py:190} INFO - [2024-09-22T03:27:04.590+0000] {dag.py:4180} INFO - Setting next_dagrun for dataset_with_extra_by_yield to 2024-09-21 00:00:00+00:00, run_after=2024-09-22 00:00:00+00:00
[2024-09-22T03:27:04.592+0000] {logging_mixin.py:190} INFO - [2024-09-22T03:27:04.592+0000] {dag.py:4180} INFO - Setting next_dagrun for dataset_with_extra_from_classic_operator to 2024-09-21 00:00:00+00:00, run_after=2024-09-22 00:00:00+00:00
[2024-09-22T03:27:04.609+0000] {processor.py:208} INFO - Processing /home/airflow/.local/lib/python3.12/site-packages/airflow/example_dags/example_outlet_event_extra.py took 0.141 seconds
[2024-09-22T03:27:34.863+0000] {processor.py:186} INFO - Started process (PID=2429) to work on /home/airflow/.local/lib/python3.12/site-packages/airflow/example_dags/example_outlet_event_extra.py
[2024-09-22T03:27:34.864+0000] {processor.py:914} INFO - Processing file /home/airflow/.local/lib/python3.12/site-packages/airflow/example_dags/example_outlet_event_extra.py for tasks to queue
[2024-09-22T03:27:34.865+0000] {logging_mixin.py:190} INFO - [2024-09-22T03:27:34.865+0000] {dagbag.py:588} INFO - Filling up the DagBag from /home/airflow/.local/lib/python3.12/site-packages/airflow/example_dags/example_outlet_event_extra.py
[2024-09-22T03:27:34.947+0000] {processor.py:925} INFO - DAG(s) 'dataset_with_extra_by_yield', 'dataset_with_extra_by_context', 'dataset_with_extra_from_classic_operator' retrieved from /home/airflow/.local/lib/python3.12/site-packages/airflow/example_dags/example_outlet_event_extra.py
[2024-09-22T03:27:34.964+0000] {logging_mixin.py:190} INFO - [2024-09-22T03:27:34.964+0000] {dag.py:3239} INFO - Sync 3 DAGs
[2024-09-22T03:27:34.981+0000] {logging_mixin.py:190} INFO - [2024-09-22T03:27:34.981+0000] {dag.py:4180} INFO - Setting next_dagrun for dataset_with_extra_by_context to 2024-09-21 00:00:00+00:00, run_after=2024-09-22 00:00:00+00:00
[2024-09-22T03:27:34.986+0000] {logging_mixin.py:190} INFO - [2024-09-22T03:27:34.986+0000] {dag.py:4180} INFO - Setting next_dagrun for dataset_with_extra_by_yield to 2024-09-21 00:00:00+00:00, run_after=2024-09-22 00:00:00+00:00
[2024-09-22T03:27:34.988+0000] {logging_mixin.py:190} INFO - [2024-09-22T03:27:34.988+0000] {dag.py:4180} INFO - Setting next_dagrun for dataset_with_extra_from_classic_operator to 2024-09-21 00:00:00+00:00, run_after=2024-09-22 00:00:00+00:00
[2024-09-22T03:27:35.006+0000] {processor.py:208} INFO - Processing /home/airflow/.local/lib/python3.12/site-packages/airflow/example_dags/example_outlet_event_extra.py took 0.147 seconds
[2024-09-22T03:28:05.261+0000] {processor.py:186} INFO - Started process (PID=2715) to work on /home/airflow/.local/lib/python3.12/site-packages/airflow/example_dags/example_outlet_event_extra.py
[2024-09-22T03:28:05.261+0000] {processor.py:914} INFO - Processing file /home/airflow/.local/lib/python3.12/site-packages/airflow/example_dags/example_outlet_event_extra.py for tasks to queue
[2024-09-22T03:28:05.264+0000] {logging_mixin.py:190} INFO - [2024-09-22T03:28:05.263+0000] {dagbag.py:588} INFO - Filling up the DagBag from /home/airflow/.local/lib/python3.12/site-packages/airflow/example_dags/example_outlet_event_extra.py
[2024-09-22T03:28:05.340+0000] {processor.py:925} INFO - DAG(s) 'dataset_with_extra_by_context', 'dataset_with_extra_from_classic_operator', 'dataset_with_extra_by_yield' retrieved from /home/airflow/.local/lib/python3.12/site-packages/airflow/example_dags/example_outlet_event_extra.py
[2024-09-22T03:28:05.355+0000] {logging_mixin.py:190} INFO - [2024-09-22T03:28:05.355+0000] {dag.py:3239} INFO - Sync 3 DAGs
[2024-09-22T03:28:05.371+0000] {logging_mixin.py:190} INFO - [2024-09-22T03:28:05.371+0000] {dag.py:4180} INFO - Setting next_dagrun for dataset_with_extra_by_context to 2024-09-21 00:00:00+00:00, run_after=2024-09-22 00:00:00+00:00
[2024-09-22T03:28:05.377+0000] {logging_mixin.py:190} INFO - [2024-09-22T03:28:05.376+0000] {dag.py:4180} INFO - Setting next_dagrun for dataset_with_extra_by_yield to 2024-09-21 00:00:00+00:00, run_after=2024-09-22 00:00:00+00:00
[2024-09-22T03:28:05.378+0000] {logging_mixin.py:190} INFO - [2024-09-22T03:28:05.378+0000] {dag.py:4180} INFO - Setting next_dagrun for dataset_with_extra_from_classic_operator to 2024-09-21 00:00:00+00:00, run_after=2024-09-22 00:00:00+00:00
[2024-09-22T03:28:05.392+0000] {processor.py:208} INFO - Processing /home/airflow/.local/lib/python3.12/site-packages/airflow/example_dags/example_outlet_event_extra.py took 0.136 seconds
[2024-09-22T03:28:35.643+0000] {processor.py:186} INFO - Started process (PID=3001) to work on /home/airflow/.local/lib/python3.12/site-packages/airflow/example_dags/example_outlet_event_extra.py
[2024-09-22T03:28:35.646+0000] {processor.py:914} INFO - Processing file /home/airflow/.local/lib/python3.12/site-packages/airflow/example_dags/example_outlet_event_extra.py for tasks to queue
[2024-09-22T03:28:35.650+0000] {logging_mixin.py:190} INFO - [2024-09-22T03:28:35.650+0000] {dagbag.py:588} INFO - Filling up the DagBag from /home/airflow/.local/lib/python3.12/site-packages/airflow/example_dags/example_outlet_event_extra.py
[2024-09-22T03:28:35.720+0000] {processor.py:925} INFO - DAG(s) 'dataset_with_extra_by_context', 'dataset_with_extra_from_classic_operator', 'dataset_with_extra_by_yield' retrieved from /home/airflow/.local/lib/python3.12/site-packages/airflow/example_dags/example_outlet_event_extra.py
[2024-09-22T03:28:35.734+0000] {logging_mixin.py:190} INFO - [2024-09-22T03:28:35.734+0000] {dag.py:3239} INFO - Sync 3 DAGs
[2024-09-22T03:28:35.749+0000] {logging_mixin.py:190} INFO - [2024-09-22T03:28:35.749+0000] {dag.py:4180} INFO - Setting next_dagrun for dataset_with_extra_by_context to 2024-09-21 00:00:00+00:00, run_after=2024-09-22 00:00:00+00:00
[2024-09-22T03:28:35.755+0000] {logging_mixin.py:190} INFO - [2024-09-22T03:28:35.755+0000] {dag.py:4180} INFO - Setting next_dagrun for dataset_with_extra_by_yield to 2024-09-21 00:00:00+00:00, run_after=2024-09-22 00:00:00+00:00
[2024-09-22T03:28:35.757+0000] {logging_mixin.py:190} INFO - [2024-09-22T03:28:35.757+0000] {dag.py:4180} INFO - Setting next_dagrun for dataset_with_extra_from_classic_operator to 2024-09-21 00:00:00+00:00, run_after=2024-09-22 00:00:00+00:00
[2024-09-22T03:28:35.774+0000] {processor.py:208} INFO - Processing /home/airflow/.local/lib/python3.12/site-packages/airflow/example_dags/example_outlet_event_extra.py took 0.136 seconds
