[2024-09-22T03:23:52.867+0000] {processor.py:186} INFO - Started process (PID=298) to work on /home/airflow/.local/lib/python3.12/site-packages/airflow/example_dags/example_branch_datetime_operator.py
[2024-09-22T03:23:52.869+0000] {processor.py:914} INFO - Processing file /home/airflow/.local/lib/python3.12/site-packages/airflow/example_dags/example_branch_datetime_operator.py for tasks to queue
[2024-09-22T03:23:52.871+0000] {logging_mixin.py:190} INFO - [2024-09-22T03:23:52.871+0000] {dagbag.py:588} INFO - Filling up the DagBag from /home/airflow/.local/lib/python3.12/site-packages/airflow/example_dags/example_branch_datetime_operator.py
[2024-09-22T03:23:52.897+0000] {processor.py:925} INFO - DAG(s) 'example_branch_datetime_operator_3', 'example_branch_datetime_operator', 'example_branch_datetime_operator_2' retrieved from /home/airflow/.local/lib/python3.12/site-packages/airflow/example_dags/example_branch_datetime_operator.py
[2024-09-22T03:23:53.235+0000] {logging_mixin.py:190} INFO - [2024-09-22T03:23:53.235+0000] {override.py:1900} INFO - Created Permission View: can read on DAG:example_branch_datetime_operator_3
[2024-09-22T03:23:53.266+0000] {logging_mixin.py:190} INFO - [2024-09-22T03:23:53.266+0000] {override.py:1900} INFO - Created Permission View: can edit on DAG:example_branch_datetime_operator_3
[2024-09-22T03:23:53.273+0000] {logging_mixin.py:190} INFO - [2024-09-22T03:23:53.273+0000] {override.py:1900} INFO - Created Permission View: can delete on DAG:example_branch_datetime_operator_3
[2024-09-22T03:23:53.287+0000] {logging_mixin.py:190} INFO - [2024-09-22T03:23:53.287+0000] {override.py:1900} INFO - Created Permission View: can read on DAG Run:example_branch_datetime_operator_3
[2024-09-22T03:23:53.300+0000] {logging_mixin.py:190} INFO - [2024-09-22T03:23:53.300+0000] {override.py:1900} INFO - Created Permission View: menu access on DAG Run:example_branch_datetime_operator_3
[2024-09-22T03:23:53.309+0000] {logging_mixin.py:190} INFO - [2024-09-22T03:23:53.309+0000] {override.py:1900} INFO - Created Permission View: can delete on DAG Run:example_branch_datetime_operator_3
[2024-09-22T03:23:53.316+0000] {logging_mixin.py:190} INFO - [2024-09-22T03:23:53.316+0000] {override.py:1900} INFO - Created Permission View: can create on DAG Run:example_branch_datetime_operator_3
[2024-09-22T03:23:53.330+0000] {logging_mixin.py:190} INFO - [2024-09-22T03:23:53.330+0000] {override.py:1900} INFO - Created Permission View: can read on DAG:example_branch_datetime_operator
[2024-09-22T03:23:53.342+0000] {logging_mixin.py:190} INFO - [2024-09-22T03:23:53.342+0000] {override.py:1900} INFO - Created Permission View: can edit on DAG:example_branch_datetime_operator
[2024-09-22T03:23:53.346+0000] {logging_mixin.py:190} INFO - [2024-09-22T03:23:53.346+0000] {override.py:1900} INFO - Created Permission View: can delete on DAG:example_branch_datetime_operator
[2024-09-22T03:23:53.357+0000] {logging_mixin.py:190} INFO - [2024-09-22T03:23:53.357+0000] {override.py:1900} INFO - Created Permission View: can read on DAG Run:example_branch_datetime_operator
[2024-09-22T03:23:53.370+0000] {logging_mixin.py:190} INFO - [2024-09-22T03:23:53.370+0000] {override.py:1900} INFO - Created Permission View: menu access on DAG Run:example_branch_datetime_operator
[2024-09-22T03:23:53.384+0000] {logging_mixin.py:190} INFO - [2024-09-22T03:23:53.383+0000] {override.py:1900} INFO - Created Permission View: can delete on DAG Run:example_branch_datetime_operator
[2024-09-22T03:23:53.407+0000] {logging_mixin.py:190} INFO - [2024-09-22T03:23:53.407+0000] {override.py:1900} INFO - Created Permission View: can create on DAG Run:example_branch_datetime_operator
[2024-09-22T03:23:53.432+0000] {logging_mixin.py:190} INFO - [2024-09-22T03:23:53.431+0000] {override.py:1900} INFO - Created Permission View: can read on DAG:example_branch_datetime_operator_2
[2024-09-22T03:23:53.448+0000] {logging_mixin.py:190} INFO - [2024-09-22T03:23:53.448+0000] {override.py:1900} INFO - Created Permission View: can edit on DAG:example_branch_datetime_operator_2
[2024-09-22T03:23:53.459+0000] {logging_mixin.py:190} INFO - [2024-09-22T03:23:53.459+0000] {override.py:1900} INFO - Created Permission View: can delete on DAG:example_branch_datetime_operator_2
[2024-09-22T03:23:53.480+0000] {logging_mixin.py:190} INFO - [2024-09-22T03:23:53.479+0000] {override.py:1900} INFO - Created Permission View: can read on DAG Run:example_branch_datetime_operator_2
[2024-09-22T03:23:53.495+0000] {logging_mixin.py:190} INFO - [2024-09-22T03:23:53.495+0000] {override.py:1900} INFO - Created Permission View: menu access on DAG Run:example_branch_datetime_operator_2
[2024-09-22T03:23:53.502+0000] {logging_mixin.py:190} INFO - [2024-09-22T03:23:53.502+0000] {override.py:1900} INFO - Created Permission View: can delete on DAG Run:example_branch_datetime_operator_2
[2024-09-22T03:23:53.509+0000] {logging_mixin.py:190} INFO - [2024-09-22T03:23:53.509+0000] {override.py:1900} INFO - Created Permission View: can create on DAG Run:example_branch_datetime_operator_2
[2024-09-22T03:23:53.509+0000] {logging_mixin.py:190} INFO - [2024-09-22T03:23:53.509+0000] {dag.py:3239} INFO - Sync 3 DAGs
[2024-09-22T03:23:53.529+0000] {logging_mixin.py:190} INFO - [2024-09-22T03:23:53.528+0000] {dag.py:3262} INFO - Creating ORM DAG for example_branch_datetime_operator
[2024-09-22T03:23:53.531+0000] {logging_mixin.py:190} INFO - [2024-09-22T03:23:53.531+0000] {dag.py:3262} INFO - Creating ORM DAG for example_branch_datetime_operator_3
[2024-09-22T03:23:53.531+0000] {logging_mixin.py:190} INFO - [2024-09-22T03:23:53.531+0000] {dag.py:3262} INFO - Creating ORM DAG for example_branch_datetime_operator_2
[2024-09-22T03:23:53.548+0000] {logging_mixin.py:190} INFO - [2024-09-22T03:23:53.547+0000] {dag.py:4180} INFO - Setting next_dagrun for example_branch_datetime_operator to 2024-09-21 00:00:00+00:00, run_after=2024-09-22 00:00:00+00:00
[2024-09-22T03:23:53.551+0000] {logging_mixin.py:190} INFO - [2024-09-22T03:23:53.549+0000] {dag.py:4180} INFO - Setting next_dagrun for example_branch_datetime_operator_2 to 2024-09-21 00:00:00+00:00, run_after=2024-09-22 00:00:00+00:00
[2024-09-22T03:23:53.551+0000] {logging_mixin.py:190} INFO - [2024-09-22T03:23:53.551+0000] {dag.py:4180} INFO - Setting next_dagrun for example_branch_datetime_operator_3 to 2024-09-21 00:00:00+00:00, run_after=2024-09-22 00:00:00+00:00
[2024-09-22T03:23:53.583+0000] {processor.py:208} INFO - Processing /home/airflow/.local/lib/python3.12/site-packages/airflow/example_dags/example_branch_datetime_operator.py took 0.727 seconds
[2024-09-22T03:24:24.207+0000] {processor.py:186} INFO - Started process (PID=586) to work on /home/airflow/.local/lib/python3.12/site-packages/airflow/example_dags/example_branch_datetime_operator.py
[2024-09-22T03:24:24.209+0000] {processor.py:914} INFO - Processing file /home/airflow/.local/lib/python3.12/site-packages/airflow/example_dags/example_branch_datetime_operator.py for tasks to queue
[2024-09-22T03:24:24.212+0000] {logging_mixin.py:190} INFO - [2024-09-22T03:24:24.212+0000] {dagbag.py:588} INFO - Filling up the DagBag from /home/airflow/.local/lib/python3.12/site-packages/airflow/example_dags/example_branch_datetime_operator.py
[2024-09-22T03:24:24.221+0000] {processor.py:925} INFO - DAG(s) 'example_branch_datetime_operator_3', 'example_branch_datetime_operator_2', 'example_branch_datetime_operator' retrieved from /home/airflow/.local/lib/python3.12/site-packages/airflow/example_dags/example_branch_datetime_operator.py
[2024-09-22T03:24:24.242+0000] {logging_mixin.py:190} INFO - [2024-09-22T03:24:24.241+0000] {dag.py:3239} INFO - Sync 3 DAGs
[2024-09-22T03:24:24.254+0000] {logging_mixin.py:190} INFO - [2024-09-22T03:24:24.254+0000] {dag.py:4180} INFO - Setting next_dagrun for example_branch_datetime_operator to 2024-09-21 00:00:00+00:00, run_after=2024-09-22 00:00:00+00:00
[2024-09-22T03:24:24.258+0000] {logging_mixin.py:190} INFO - [2024-09-22T03:24:24.258+0000] {dag.py:4180} INFO - Setting next_dagrun for example_branch_datetime_operator_2 to 2024-09-21 00:00:00+00:00, run_after=2024-09-22 00:00:00+00:00
[2024-09-22T03:24:24.262+0000] {logging_mixin.py:190} INFO - [2024-09-22T03:24:24.262+0000] {dag.py:4180} INFO - Setting next_dagrun for example_branch_datetime_operator_3 to 2024-09-21 00:00:00+00:00, run_after=2024-09-22 00:00:00+00:00
[2024-09-22T03:24:24.271+0000] {processor.py:208} INFO - Processing /home/airflow/.local/lib/python3.12/site-packages/airflow/example_dags/example_branch_datetime_operator.py took 0.071 seconds
[2024-09-22T03:24:54.872+0000] {processor.py:186} INFO - Started process (PID=872) to work on /home/airflow/.local/lib/python3.12/site-packages/airflow/example_dags/example_branch_datetime_operator.py
[2024-09-22T03:24:54.874+0000] {processor.py:914} INFO - Processing file /home/airflow/.local/lib/python3.12/site-packages/airflow/example_dags/example_branch_datetime_operator.py for tasks to queue
[2024-09-22T03:24:54.877+0000] {logging_mixin.py:190} INFO - [2024-09-22T03:24:54.877+0000] {dagbag.py:588} INFO - Filling up the DagBag from /home/airflow/.local/lib/python3.12/site-packages/airflow/example_dags/example_branch_datetime_operator.py
[2024-09-22T03:24:54.892+0000] {processor.py:925} INFO - DAG(s) 'example_branch_datetime_operator', 'example_branch_datetime_operator_3', 'example_branch_datetime_operator_2' retrieved from /home/airflow/.local/lib/python3.12/site-packages/airflow/example_dags/example_branch_datetime_operator.py
[2024-09-22T03:24:54.923+0000] {logging_mixin.py:190} INFO - [2024-09-22T03:24:54.923+0000] {dag.py:3239} INFO - Sync 3 DAGs
[2024-09-22T03:24:54.949+0000] {logging_mixin.py:190} INFO - [2024-09-22T03:24:54.949+0000] {dag.py:4180} INFO - Setting next_dagrun for example_branch_datetime_operator to 2024-09-21 00:00:00+00:00, run_after=2024-09-22 00:00:00+00:00
[2024-09-22T03:24:54.953+0000] {logging_mixin.py:190} INFO - [2024-09-22T03:24:54.953+0000] {dag.py:4180} INFO - Setting next_dagrun for example_branch_datetime_operator_2 to 2024-09-21 00:00:00+00:00, run_after=2024-09-22 00:00:00+00:00
[2024-09-22T03:24:54.956+0000] {logging_mixin.py:190} INFO - [2024-09-22T03:24:54.956+0000] {dag.py:4180} INFO - Setting next_dagrun for example_branch_datetime_operator_3 to 2024-09-21 00:00:00+00:00, run_after=2024-09-22 00:00:00+00:00
[2024-09-22T03:24:54.974+0000] {processor.py:208} INFO - Processing /home/airflow/.local/lib/python3.12/site-packages/airflow/example_dags/example_branch_datetime_operator.py took 0.111 seconds
[2024-09-22T03:25:25.456+0000] {processor.py:186} INFO - Started process (PID=1158) to work on /home/airflow/.local/lib/python3.12/site-packages/airflow/example_dags/example_branch_datetime_operator.py
[2024-09-22T03:25:25.459+0000] {processor.py:914} INFO - Processing file /home/airflow/.local/lib/python3.12/site-packages/airflow/example_dags/example_branch_datetime_operator.py for tasks to queue
[2024-09-22T03:25:25.460+0000] {logging_mixin.py:190} INFO - [2024-09-22T03:25:25.460+0000] {dagbag.py:588} INFO - Filling up the DagBag from /home/airflow/.local/lib/python3.12/site-packages/airflow/example_dags/example_branch_datetime_operator.py
[2024-09-22T03:25:25.473+0000] {processor.py:925} INFO - DAG(s) 'example_branch_datetime_operator', 'example_branch_datetime_operator_3', 'example_branch_datetime_operator_2' retrieved from /home/airflow/.local/lib/python3.12/site-packages/airflow/example_dags/example_branch_datetime_operator.py
[2024-09-22T03:25:25.497+0000] {logging_mixin.py:190} INFO - [2024-09-22T03:25:25.497+0000] {dag.py:3239} INFO - Sync 3 DAGs
[2024-09-22T03:25:25.514+0000] {logging_mixin.py:190} INFO - [2024-09-22T03:25:25.514+0000] {dag.py:4180} INFO - Setting next_dagrun for example_branch_datetime_operator to 2024-09-21 00:00:00+00:00, run_after=2024-09-22 00:00:00+00:00
[2024-09-22T03:25:25.517+0000] {logging_mixin.py:190} INFO - [2024-09-22T03:25:25.517+0000] {dag.py:4180} INFO - Setting next_dagrun for example_branch_datetime_operator_2 to 2024-09-21 00:00:00+00:00, run_after=2024-09-22 00:00:00+00:00
[2024-09-22T03:25:25.518+0000] {logging_mixin.py:190} INFO - [2024-09-22T03:25:25.518+0000] {dag.py:4180} INFO - Setting next_dagrun for example_branch_datetime_operator_3 to 2024-09-21 00:00:00+00:00, run_after=2024-09-22 00:00:00+00:00
[2024-09-22T03:25:25.528+0000] {processor.py:208} INFO - Processing /home/airflow/.local/lib/python3.12/site-packages/airflow/example_dags/example_branch_datetime_operator.py took 0.082 seconds
[2024-09-22T03:25:55.906+0000] {processor.py:186} INFO - Started process (PID=1444) to work on /home/airflow/.local/lib/python3.12/site-packages/airflow/example_dags/example_branch_datetime_operator.py
[2024-09-22T03:25:55.907+0000] {processor.py:914} INFO - Processing file /home/airflow/.local/lib/python3.12/site-packages/airflow/example_dags/example_branch_datetime_operator.py for tasks to queue
[2024-09-22T03:25:55.908+0000] {logging_mixin.py:190} INFO - [2024-09-22T03:25:55.908+0000] {dagbag.py:588} INFO - Filling up the DagBag from /home/airflow/.local/lib/python3.12/site-packages/airflow/example_dags/example_branch_datetime_operator.py
[2024-09-22T03:25:55.917+0000] {processor.py:925} INFO - DAG(s) 'example_branch_datetime_operator_2', 'example_branch_datetime_operator', 'example_branch_datetime_operator_3' retrieved from /home/airflow/.local/lib/python3.12/site-packages/airflow/example_dags/example_branch_datetime_operator.py
[2024-09-22T03:25:55.934+0000] {logging_mixin.py:190} INFO - [2024-09-22T03:25:55.934+0000] {dag.py:3239} INFO - Sync 3 DAGs
[2024-09-22T03:25:55.948+0000] {logging_mixin.py:190} INFO - [2024-09-22T03:25:55.948+0000] {dag.py:4180} INFO - Setting next_dagrun for example_branch_datetime_operator to 2024-09-21 00:00:00+00:00, run_after=2024-09-22 00:00:00+00:00
[2024-09-22T03:25:55.953+0000] {logging_mixin.py:190} INFO - [2024-09-22T03:25:55.953+0000] {dag.py:4180} INFO - Setting next_dagrun for example_branch_datetime_operator_2 to 2024-09-21 00:00:00+00:00, run_after=2024-09-22 00:00:00+00:00
[2024-09-22T03:25:55.955+0000] {logging_mixin.py:190} INFO - [2024-09-22T03:25:55.955+0000] {dag.py:4180} INFO - Setting next_dagrun for example_branch_datetime_operator_3 to 2024-09-21 00:00:00+00:00, run_after=2024-09-22 00:00:00+00:00
[2024-09-22T03:25:55.965+0000] {processor.py:208} INFO - Processing /home/airflow/.local/lib/python3.12/site-packages/airflow/example_dags/example_branch_datetime_operator.py took 0.066 seconds
[2024-09-22T03:26:26.749+0000] {processor.py:186} INFO - Started process (PID=1730) to work on /home/airflow/.local/lib/python3.12/site-packages/airflow/example_dags/example_branch_datetime_operator.py
[2024-09-22T03:26:26.750+0000] {processor.py:914} INFO - Processing file /home/airflow/.local/lib/python3.12/site-packages/airflow/example_dags/example_branch_datetime_operator.py for tasks to queue
[2024-09-22T03:26:26.752+0000] {logging_mixin.py:190} INFO - [2024-09-22T03:26:26.752+0000] {dagbag.py:588} INFO - Filling up the DagBag from /home/airflow/.local/lib/python3.12/site-packages/airflow/example_dags/example_branch_datetime_operator.py
[2024-09-22T03:26:26.764+0000] {processor.py:925} INFO - DAG(s) 'example_branch_datetime_operator_3', 'example_branch_datetime_operator', 'example_branch_datetime_operator_2' retrieved from /home/airflow/.local/lib/python3.12/site-packages/airflow/example_dags/example_branch_datetime_operator.py
[2024-09-22T03:26:26.784+0000] {logging_mixin.py:190} INFO - [2024-09-22T03:26:26.784+0000] {dag.py:3239} INFO - Sync 3 DAGs
[2024-09-22T03:26:26.801+0000] {logging_mixin.py:190} INFO - [2024-09-22T03:26:26.801+0000] {dag.py:4180} INFO - Setting next_dagrun for example_branch_datetime_operator to 2024-09-21 00:00:00+00:00, run_after=2024-09-22 00:00:00+00:00
[2024-09-22T03:26:26.805+0000] {logging_mixin.py:190} INFO - [2024-09-22T03:26:26.805+0000] {dag.py:4180} INFO - Setting next_dagrun for example_branch_datetime_operator_2 to 2024-09-21 00:00:00+00:00, run_after=2024-09-22 00:00:00+00:00
[2024-09-22T03:26:26.808+0000] {logging_mixin.py:190} INFO - [2024-09-22T03:26:26.808+0000] {dag.py:4180} INFO - Setting next_dagrun for example_branch_datetime_operator_3 to 2024-09-21 00:00:00+00:00, run_after=2024-09-22 00:00:00+00:00
[2024-09-22T03:26:26.819+0000] {processor.py:208} INFO - Processing /home/airflow/.local/lib/python3.12/site-packages/airflow/example_dags/example_branch_datetime_operator.py took 0.074 seconds
[2024-09-22T03:26:57.380+0000] {processor.py:186} INFO - Started process (PID=2016) to work on /home/airflow/.local/lib/python3.12/site-packages/airflow/example_dags/example_branch_datetime_operator.py
[2024-09-22T03:26:57.380+0000] {processor.py:914} INFO - Processing file /home/airflow/.local/lib/python3.12/site-packages/airflow/example_dags/example_branch_datetime_operator.py for tasks to queue
[2024-09-22T03:26:57.382+0000] {logging_mixin.py:190} INFO - [2024-09-22T03:26:57.381+0000] {dagbag.py:588} INFO - Filling up the DagBag from /home/airflow/.local/lib/python3.12/site-packages/airflow/example_dags/example_branch_datetime_operator.py
[2024-09-22T03:26:57.389+0000] {processor.py:925} INFO - DAG(s) 'example_branch_datetime_operator_2', 'example_branch_datetime_operator', 'example_branch_datetime_operator_3' retrieved from /home/airflow/.local/lib/python3.12/site-packages/airflow/example_dags/example_branch_datetime_operator.py
[2024-09-22T03:26:57.414+0000] {logging_mixin.py:190} INFO - [2024-09-22T03:26:57.414+0000] {dag.py:3239} INFO - Sync 3 DAGs
[2024-09-22T03:26:57.429+0000] {logging_mixin.py:190} INFO - [2024-09-22T03:26:57.429+0000] {dag.py:4180} INFO - Setting next_dagrun for example_branch_datetime_operator to 2024-09-21 00:00:00+00:00, run_after=2024-09-22 00:00:00+00:00
[2024-09-22T03:26:57.432+0000] {logging_mixin.py:190} INFO - [2024-09-22T03:26:57.432+0000] {dag.py:4180} INFO - Setting next_dagrun for example_branch_datetime_operator_2 to 2024-09-21 00:00:00+00:00, run_after=2024-09-22 00:00:00+00:00
[2024-09-22T03:26:57.434+0000] {logging_mixin.py:190} INFO - [2024-09-22T03:26:57.434+0000] {dag.py:4180} INFO - Setting next_dagrun for example_branch_datetime_operator_3 to 2024-09-21 00:00:00+00:00, run_after=2024-09-22 00:00:00+00:00
[2024-09-22T03:26:57.446+0000] {processor.py:208} INFO - Processing /home/airflow/.local/lib/python3.12/site-packages/airflow/example_dags/example_branch_datetime_operator.py took 0.071 seconds
[2024-09-22T03:27:27.767+0000] {processor.py:186} INFO - Started process (PID=2301) to work on /home/airflow/.local/lib/python3.12/site-packages/airflow/example_dags/example_branch_datetime_operator.py
[2024-09-22T03:27:27.769+0000] {processor.py:914} INFO - Processing file /home/airflow/.local/lib/python3.12/site-packages/airflow/example_dags/example_branch_datetime_operator.py for tasks to queue
[2024-09-22T03:27:27.770+0000] {logging_mixin.py:190} INFO - [2024-09-22T03:27:27.770+0000] {dagbag.py:588} INFO - Filling up the DagBag from /home/airflow/.local/lib/python3.12/site-packages/airflow/example_dags/example_branch_datetime_operator.py
[2024-09-22T03:27:27.782+0000] {processor.py:925} INFO - DAG(s) 'example_branch_datetime_operator_2', 'example_branch_datetime_operator', 'example_branch_datetime_operator_3' retrieved from /home/airflow/.local/lib/python3.12/site-packages/airflow/example_dags/example_branch_datetime_operator.py
[2024-09-22T03:27:27.801+0000] {logging_mixin.py:190} INFO - [2024-09-22T03:27:27.801+0000] {dag.py:3239} INFO - Sync 3 DAGs
[2024-09-22T03:27:27.818+0000] {logging_mixin.py:190} INFO - [2024-09-22T03:27:27.818+0000] {dag.py:4180} INFO - Setting next_dagrun for example_branch_datetime_operator to 2024-09-21 00:00:00+00:00, run_after=2024-09-22 00:00:00+00:00
[2024-09-22T03:27:27.822+0000] {logging_mixin.py:190} INFO - [2024-09-22T03:27:27.822+0000] {dag.py:4180} INFO - Setting next_dagrun for example_branch_datetime_operator_2 to 2024-09-21 00:00:00+00:00, run_after=2024-09-22 00:00:00+00:00
[2024-09-22T03:27:27.823+0000] {logging_mixin.py:190} INFO - [2024-09-22T03:27:27.823+0000] {dag.py:4180} INFO - Setting next_dagrun for example_branch_datetime_operator_3 to 2024-09-21 00:00:00+00:00, run_after=2024-09-22 00:00:00+00:00
[2024-09-22T03:27:27.832+0000] {processor.py:208} INFO - Processing /home/airflow/.local/lib/python3.12/site-packages/airflow/example_dags/example_branch_datetime_operator.py took 0.069 seconds
[2024-09-22T03:27:58.193+0000] {processor.py:186} INFO - Started process (PID=2587) to work on /home/airflow/.local/lib/python3.12/site-packages/airflow/example_dags/example_branch_datetime_operator.py
[2024-09-22T03:27:58.196+0000] {processor.py:914} INFO - Processing file /home/airflow/.local/lib/python3.12/site-packages/airflow/example_dags/example_branch_datetime_operator.py for tasks to queue
[2024-09-22T03:27:58.197+0000] {logging_mixin.py:190} INFO - [2024-09-22T03:27:58.197+0000] {dagbag.py:588} INFO - Filling up the DagBag from /home/airflow/.local/lib/python3.12/site-packages/airflow/example_dags/example_branch_datetime_operator.py
[2024-09-22T03:27:58.205+0000] {processor.py:925} INFO - DAG(s) 'example_branch_datetime_operator_3', 'example_branch_datetime_operator', 'example_branch_datetime_operator_2' retrieved from /home/airflow/.local/lib/python3.12/site-packages/airflow/example_dags/example_branch_datetime_operator.py
[2024-09-22T03:27:58.221+0000] {logging_mixin.py:190} INFO - [2024-09-22T03:27:58.221+0000] {dag.py:3239} INFO - Sync 3 DAGs
[2024-09-22T03:27:58.239+0000] {logging_mixin.py:190} INFO - [2024-09-22T03:27:58.239+0000] {dag.py:4180} INFO - Setting next_dagrun for example_branch_datetime_operator to 2024-09-21 00:00:00+00:00, run_after=2024-09-22 00:00:00+00:00
[2024-09-22T03:27:58.246+0000] {logging_mixin.py:190} INFO - [2024-09-22T03:27:58.246+0000] {dag.py:4180} INFO - Setting next_dagrun for example_branch_datetime_operator_2 to 2024-09-21 00:00:00+00:00, run_after=2024-09-22 00:00:00+00:00
[2024-09-22T03:27:58.247+0000] {logging_mixin.py:190} INFO - [2024-09-22T03:27:58.247+0000] {dag.py:4180} INFO - Setting next_dagrun for example_branch_datetime_operator_3 to 2024-09-21 00:00:00+00:00, run_after=2024-09-22 00:00:00+00:00
[2024-09-22T03:27:58.257+0000] {processor.py:208} INFO - Processing /home/airflow/.local/lib/python3.12/site-packages/airflow/example_dags/example_branch_datetime_operator.py took 0.068 seconds
[2024-09-22T03:28:28.547+0000] {processor.py:186} INFO - Started process (PID=2873) to work on /home/airflow/.local/lib/python3.12/site-packages/airflow/example_dags/example_branch_datetime_operator.py
[2024-09-22T03:28:28.549+0000] {processor.py:914} INFO - Processing file /home/airflow/.local/lib/python3.12/site-packages/airflow/example_dags/example_branch_datetime_operator.py for tasks to queue
[2024-09-22T03:28:28.551+0000] {logging_mixin.py:190} INFO - [2024-09-22T03:28:28.551+0000] {dagbag.py:588} INFO - Filling up the DagBag from /home/airflow/.local/lib/python3.12/site-packages/airflow/example_dags/example_branch_datetime_operator.py
[2024-09-22T03:28:28.565+0000] {processor.py:925} INFO - DAG(s) 'example_branch_datetime_operator', 'example_branch_datetime_operator_3', 'example_branch_datetime_operator_2' retrieved from /home/airflow/.local/lib/python3.12/site-packages/airflow/example_dags/example_branch_datetime_operator.py
[2024-09-22T03:28:28.584+0000] {logging_mixin.py:190} INFO - [2024-09-22T03:28:28.584+0000] {dag.py:3239} INFO - Sync 3 DAGs
[2024-09-22T03:28:28.598+0000] {logging_mixin.py:190} INFO - [2024-09-22T03:28:28.598+0000] {dag.py:4180} INFO - Setting next_dagrun for example_branch_datetime_operator to 2024-09-21 00:00:00+00:00, run_after=2024-09-22 00:00:00+00:00
[2024-09-22T03:28:28.602+0000] {logging_mixin.py:190} INFO - [2024-09-22T03:28:28.602+0000] {dag.py:4180} INFO - Setting next_dagrun for example_branch_datetime_operator_2 to 2024-09-21 00:00:00+00:00, run_after=2024-09-22 00:00:00+00:00
[2024-09-22T03:28:28.604+0000] {logging_mixin.py:190} INFO - [2024-09-22T03:28:28.604+0000] {dag.py:4180} INFO - Setting next_dagrun for example_branch_datetime_operator_3 to 2024-09-21 00:00:00+00:00, run_after=2024-09-22 00:00:00+00:00
[2024-09-22T03:28:28.615+0000] {processor.py:208} INFO - Processing /home/airflow/.local/lib/python3.12/site-packages/airflow/example_dags/example_branch_datetime_operator.py took 0.076 seconds
