[2024-09-22T03:23:52.412+0000] {processor.py:186} INFO - Started process (PID=288) to work on /home/airflow/.local/lib/python3.12/site-packages/airflow/example_dags/example_branch_python_dop_operator_3.py
[2024-09-22T03:23:52.414+0000] {processor.py:914} INFO - Processing file /home/airflow/.local/lib/python3.12/site-packages/airflow/example_dags/example_branch_python_dop_operator_3.py for tasks to queue
[2024-09-22T03:23:52.419+0000] {logging_mixin.py:190} INFO - [2024-09-22T03:23:52.419+0000] {dagbag.py:588} INFO - Filling up the DagBag from /home/airflow/.local/lib/python3.12/site-packages/airflow/example_dags/example_branch_python_dop_operator_3.py
[2024-09-22T03:23:52.435+0000] {processor.py:925} INFO - DAG(s) 'example_branch_dop_operator_v3' retrieved from /home/airflow/.local/lib/python3.12/site-packages/airflow/example_dags/example_branch_python_dop_operator_3.py
[2024-09-22T03:23:52.649+0000] {logging_mixin.py:190} INFO - [2024-09-22T03:23:52.649+0000] {override.py:1900} INFO - Created Permission View: can read on DAG:example_branch_dop_operator_v3
[2024-09-22T03:23:52.670+0000] {logging_mixin.py:190} INFO - [2024-09-22T03:23:52.670+0000] {override.py:1900} INFO - Created Permission View: can edit on DAG:example_branch_dop_operator_v3
[2024-09-22T03:23:52.680+0000] {logging_mixin.py:190} INFO - [2024-09-22T03:23:52.680+0000] {override.py:1900} INFO - Created Permission View: can delete on DAG:example_branch_dop_operator_v3
[2024-09-22T03:23:52.693+0000] {logging_mixin.py:190} INFO - [2024-09-22T03:23:52.693+0000] {override.py:1900} INFO - Created Permission View: can read on DAG Run:example_branch_dop_operator_v3
[2024-09-22T03:23:52.704+0000] {logging_mixin.py:190} INFO - [2024-09-22T03:23:52.704+0000] {override.py:1900} INFO - Created Permission View: menu access on DAG Run:example_branch_dop_operator_v3
[2024-09-22T03:23:52.716+0000] {logging_mixin.py:190} INFO - [2024-09-22T03:23:52.716+0000] {override.py:1900} INFO - Created Permission View: can delete on DAG Run:example_branch_dop_operator_v3
[2024-09-22T03:23:52.728+0000] {logging_mixin.py:190} INFO - [2024-09-22T03:23:52.728+0000] {override.py:1900} INFO - Created Permission View: can create on DAG Run:example_branch_dop_operator_v3
[2024-09-22T03:23:52.728+0000] {logging_mixin.py:190} INFO - [2024-09-22T03:23:52.728+0000] {dag.py:3239} INFO - Sync 1 DAGs
[2024-09-22T03:23:52.744+0000] {logging_mixin.py:190} INFO - [2024-09-22T03:23:52.741+0000] {dag.py:3262} INFO - Creating ORM DAG for example_branch_dop_operator_v3
[2024-09-22T03:23:52.766+0000] {logging_mixin.py:190} INFO - [2024-09-22T03:23:52.764+0000] {dag.py:4180} INFO - Setting next_dagrun for example_branch_dop_operator_v3 to 2024-09-22 03:22:00+00:00, run_after=2024-09-22 03:23:00+00:00
[2024-09-22T03:23:52.794+0000] {processor.py:208} INFO - Processing /home/airflow/.local/lib/python3.12/site-packages/airflow/example_dags/example_branch_python_dop_operator_3.py took 0.393 seconds
[2024-09-22T03:24:23.098+0000] {processor.py:186} INFO - Started process (PID=576) to work on /home/airflow/.local/lib/python3.12/site-packages/airflow/example_dags/example_branch_python_dop_operator_3.py
[2024-09-22T03:24:23.099+0000] {processor.py:914} INFO - Processing file /home/airflow/.local/lib/python3.12/site-packages/airflow/example_dags/example_branch_python_dop_operator_3.py for tasks to queue
[2024-09-22T03:24:23.100+0000] {logging_mixin.py:190} INFO - [2024-09-22T03:24:23.100+0000] {dagbag.py:588} INFO - Filling up the DagBag from /home/airflow/.local/lib/python3.12/site-packages/airflow/example_dags/example_branch_python_dop_operator_3.py
[2024-09-22T03:24:23.112+0000] {processor.py:925} INFO - DAG(s) 'example_branch_dop_operator_v3' retrieved from /home/airflow/.local/lib/python3.12/site-packages/airflow/example_dags/example_branch_python_dop_operator_3.py
[2024-09-22T03:24:23.129+0000] {logging_mixin.py:190} INFO - [2024-09-22T03:24:23.129+0000] {dag.py:3239} INFO - Sync 1 DAGs
[2024-09-22T03:24:23.147+0000] {logging_mixin.py:190} INFO - [2024-09-22T03:24:23.147+0000] {dag.py:4180} INFO - Setting next_dagrun for example_branch_dop_operator_v3 to 2024-09-22 03:23:00+00:00, run_after=2024-09-22 03:24:00+00:00
[2024-09-22T03:24:23.158+0000] {processor.py:208} INFO - Processing /home/airflow/.local/lib/python3.12/site-packages/airflow/example_dags/example_branch_python_dop_operator_3.py took 0.063 seconds
[2024-09-22T03:24:53.794+0000] {processor.py:186} INFO - Started process (PID=860) to work on /home/airflow/.local/lib/python3.12/site-packages/airflow/example_dags/example_branch_python_dop_operator_3.py
[2024-09-22T03:24:53.796+0000] {processor.py:914} INFO - Processing file /home/airflow/.local/lib/python3.12/site-packages/airflow/example_dags/example_branch_python_dop_operator_3.py for tasks to queue
[2024-09-22T03:24:53.798+0000] {logging_mixin.py:190} INFO - [2024-09-22T03:24:53.798+0000] {dagbag.py:588} INFO - Filling up the DagBag from /home/airflow/.local/lib/python3.12/site-packages/airflow/example_dags/example_branch_python_dop_operator_3.py
[2024-09-22T03:24:53.806+0000] {processor.py:925} INFO - DAG(s) 'example_branch_dop_operator_v3' retrieved from /home/airflow/.local/lib/python3.12/site-packages/airflow/example_dags/example_branch_python_dop_operator_3.py
[2024-09-22T03:24:53.818+0000] {logging_mixin.py:190} INFO - [2024-09-22T03:24:53.818+0000] {dag.py:3239} INFO - Sync 1 DAGs
[2024-09-22T03:24:53.832+0000] {logging_mixin.py:190} INFO - [2024-09-22T03:24:53.832+0000] {dag.py:4180} INFO - Setting next_dagrun for example_branch_dop_operator_v3 to 2024-09-22 03:23:00+00:00, run_after=2024-09-22 03:24:00+00:00
[2024-09-22T03:24:53.841+0000] {processor.py:208} INFO - Processing /home/airflow/.local/lib/python3.12/site-packages/airflow/example_dags/example_branch_python_dop_operator_3.py took 0.051 seconds
[2024-09-22T03:25:24.353+0000] {processor.py:186} INFO - Started process (PID=1146) to work on /home/airflow/.local/lib/python3.12/site-packages/airflow/example_dags/example_branch_python_dop_operator_3.py
[2024-09-22T03:25:24.353+0000] {processor.py:914} INFO - Processing file /home/airflow/.local/lib/python3.12/site-packages/airflow/example_dags/example_branch_python_dop_operator_3.py for tasks to queue
[2024-09-22T03:25:24.355+0000] {logging_mixin.py:190} INFO - [2024-09-22T03:25:24.355+0000] {dagbag.py:588} INFO - Filling up the DagBag from /home/airflow/.local/lib/python3.12/site-packages/airflow/example_dags/example_branch_python_dop_operator_3.py
[2024-09-22T03:25:24.361+0000] {processor.py:925} INFO - DAG(s) 'example_branch_dop_operator_v3' retrieved from /home/airflow/.local/lib/python3.12/site-packages/airflow/example_dags/example_branch_python_dop_operator_3.py
[2024-09-22T03:25:24.374+0000] {logging_mixin.py:190} INFO - [2024-09-22T03:25:24.374+0000] {dag.py:3239} INFO - Sync 1 DAGs
[2024-09-22T03:25:24.391+0000] {logging_mixin.py:190} INFO - [2024-09-22T03:25:24.390+0000] {dag.py:4180} INFO - Setting next_dagrun for example_branch_dop_operator_v3 to 2024-09-22 03:24:00+00:00, run_after=2024-09-22 03:25:00+00:00
[2024-09-22T03:25:24.403+0000] {processor.py:208} INFO - Processing /home/airflow/.local/lib/python3.12/site-packages/airflow/example_dags/example_branch_python_dop_operator_3.py took 0.055 seconds
[2024-09-22T03:25:54.821+0000] {processor.py:186} INFO - Started process (PID=1432) to work on /home/airflow/.local/lib/python3.12/site-packages/airflow/example_dags/example_branch_python_dop_operator_3.py
[2024-09-22T03:25:54.821+0000] {processor.py:914} INFO - Processing file /home/airflow/.local/lib/python3.12/site-packages/airflow/example_dags/example_branch_python_dop_operator_3.py for tasks to queue
[2024-09-22T03:25:54.823+0000] {logging_mixin.py:190} INFO - [2024-09-22T03:25:54.823+0000] {dagbag.py:588} INFO - Filling up the DagBag from /home/airflow/.local/lib/python3.12/site-packages/airflow/example_dags/example_branch_python_dop_operator_3.py
[2024-09-22T03:25:54.830+0000] {processor.py:925} INFO - DAG(s) 'example_branch_dop_operator_v3' retrieved from /home/airflow/.local/lib/python3.12/site-packages/airflow/example_dags/example_branch_python_dop_operator_3.py
[2024-09-22T03:25:54.842+0000] {logging_mixin.py:190} INFO - [2024-09-22T03:25:54.842+0000] {dag.py:3239} INFO - Sync 1 DAGs
[2024-09-22T03:25:54.856+0000] {logging_mixin.py:190} INFO - [2024-09-22T03:25:54.856+0000] {dag.py:4180} INFO - Setting next_dagrun for example_branch_dop_operator_v3 to 2024-09-22 03:24:00+00:00, run_after=2024-09-22 03:25:00+00:00
[2024-09-22T03:25:54.869+0000] {processor.py:208} INFO - Processing /home/airflow/.local/lib/python3.12/site-packages/airflow/example_dags/example_branch_python_dop_operator_3.py took 0.051 seconds
[2024-09-22T03:26:25.662+0000] {processor.py:186} INFO - Started process (PID=1718) to work on /home/airflow/.local/lib/python3.12/site-packages/airflow/example_dags/example_branch_python_dop_operator_3.py
[2024-09-22T03:26:25.663+0000] {processor.py:914} INFO - Processing file /home/airflow/.local/lib/python3.12/site-packages/airflow/example_dags/example_branch_python_dop_operator_3.py for tasks to queue
[2024-09-22T03:26:25.664+0000] {logging_mixin.py:190} INFO - [2024-09-22T03:26:25.664+0000] {dagbag.py:588} INFO - Filling up the DagBag from /home/airflow/.local/lib/python3.12/site-packages/airflow/example_dags/example_branch_python_dop_operator_3.py
[2024-09-22T03:26:25.671+0000] {processor.py:925} INFO - DAG(s) 'example_branch_dop_operator_v3' retrieved from /home/airflow/.local/lib/python3.12/site-packages/airflow/example_dags/example_branch_python_dop_operator_3.py
[2024-09-22T03:26:25.686+0000] {logging_mixin.py:190} INFO - [2024-09-22T03:26:25.686+0000] {dag.py:3239} INFO - Sync 1 DAGs
[2024-09-22T03:26:25.701+0000] {logging_mixin.py:190} INFO - [2024-09-22T03:26:25.701+0000] {dag.py:4180} INFO - Setting next_dagrun for example_branch_dop_operator_v3 to 2024-09-22 03:25:00+00:00, run_after=2024-09-22 03:26:00+00:00
[2024-09-22T03:26:25.716+0000] {processor.py:208} INFO - Processing /home/airflow/.local/lib/python3.12/site-packages/airflow/example_dags/example_branch_python_dop_operator_3.py took 0.058 seconds
[2024-09-22T03:26:56.301+0000] {processor.py:186} INFO - Started process (PID=2006) to work on /home/airflow/.local/lib/python3.12/site-packages/airflow/example_dags/example_branch_python_dop_operator_3.py
[2024-09-22T03:26:56.302+0000] {processor.py:914} INFO - Processing file /home/airflow/.local/lib/python3.12/site-packages/airflow/example_dags/example_branch_python_dop_operator_3.py for tasks to queue
[2024-09-22T03:26:56.303+0000] {logging_mixin.py:190} INFO - [2024-09-22T03:26:56.303+0000] {dagbag.py:588} INFO - Filling up the DagBag from /home/airflow/.local/lib/python3.12/site-packages/airflow/example_dags/example_branch_python_dop_operator_3.py
[2024-09-22T03:26:56.309+0000] {processor.py:925} INFO - DAG(s) 'example_branch_dop_operator_v3' retrieved from /home/airflow/.local/lib/python3.12/site-packages/airflow/example_dags/example_branch_python_dop_operator_3.py
[2024-09-22T03:26:56.322+0000] {logging_mixin.py:190} INFO - [2024-09-22T03:26:56.321+0000] {dag.py:3239} INFO - Sync 1 DAGs
[2024-09-22T03:26:56.336+0000] {logging_mixin.py:190} INFO - [2024-09-22T03:26:56.336+0000] {dag.py:4180} INFO - Setting next_dagrun for example_branch_dop_operator_v3 to 2024-09-22 03:25:00+00:00, run_after=2024-09-22 03:26:00+00:00
[2024-09-22T03:26:56.347+0000] {processor.py:208} INFO - Processing /home/airflow/.local/lib/python3.12/site-packages/airflow/example_dags/example_branch_python_dop_operator_3.py took 0.050 seconds
[2024-09-22T03:27:26.743+0000] {processor.py:186} INFO - Started process (PID=2291) to work on /home/airflow/.local/lib/python3.12/site-packages/airflow/example_dags/example_branch_python_dop_operator_3.py
[2024-09-22T03:27:26.743+0000] {processor.py:914} INFO - Processing file /home/airflow/.local/lib/python3.12/site-packages/airflow/example_dags/example_branch_python_dop_operator_3.py for tasks to queue
[2024-09-22T03:27:26.745+0000] {logging_mixin.py:190} INFO - [2024-09-22T03:27:26.745+0000] {dagbag.py:588} INFO - Filling up the DagBag from /home/airflow/.local/lib/python3.12/site-packages/airflow/example_dags/example_branch_python_dop_operator_3.py
[2024-09-22T03:27:26.752+0000] {processor.py:925} INFO - DAG(s) 'example_branch_dop_operator_v3' retrieved from /home/airflow/.local/lib/python3.12/site-packages/airflow/example_dags/example_branch_python_dop_operator_3.py
[2024-09-22T03:27:26.764+0000] {logging_mixin.py:190} INFO - [2024-09-22T03:27:26.764+0000] {dag.py:3239} INFO - Sync 1 DAGs
[2024-09-22T03:27:26.780+0000] {logging_mixin.py:190} INFO - [2024-09-22T03:27:26.780+0000] {dag.py:4180} INFO - Setting next_dagrun for example_branch_dop_operator_v3 to 2024-09-22 03:26:00+00:00, run_after=2024-09-22 03:27:00+00:00
[2024-09-22T03:27:26.793+0000] {processor.py:208} INFO - Processing /home/airflow/.local/lib/python3.12/site-packages/airflow/example_dags/example_branch_python_dop_operator_3.py took 0.054 seconds
[2024-09-22T03:27:57.123+0000] {processor.py:186} INFO - Started process (PID=2575) to work on /home/airflow/.local/lib/python3.12/site-packages/airflow/example_dags/example_branch_python_dop_operator_3.py
[2024-09-22T03:27:57.124+0000] {processor.py:914} INFO - Processing file /home/airflow/.local/lib/python3.12/site-packages/airflow/example_dags/example_branch_python_dop_operator_3.py for tasks to queue
[2024-09-22T03:27:57.126+0000] {logging_mixin.py:190} INFO - [2024-09-22T03:27:57.126+0000] {dagbag.py:588} INFO - Filling up the DagBag from /home/airflow/.local/lib/python3.12/site-packages/airflow/example_dags/example_branch_python_dop_operator_3.py
[2024-09-22T03:27:57.132+0000] {processor.py:925} INFO - DAG(s) 'example_branch_dop_operator_v3' retrieved from /home/airflow/.local/lib/python3.12/site-packages/airflow/example_dags/example_branch_python_dop_operator_3.py
[2024-09-22T03:27:57.143+0000] {logging_mixin.py:190} INFO - [2024-09-22T03:27:57.143+0000] {dag.py:3239} INFO - Sync 1 DAGs
[2024-09-22T03:27:57.158+0000] {logging_mixin.py:190} INFO - [2024-09-22T03:27:57.158+0000] {dag.py:4180} INFO - Setting next_dagrun for example_branch_dop_operator_v3 to 2024-09-22 03:26:00+00:00, run_after=2024-09-22 03:27:00+00:00
[2024-09-22T03:27:57.169+0000] {processor.py:208} INFO - Processing /home/airflow/.local/lib/python3.12/site-packages/airflow/example_dags/example_branch_python_dop_operator_3.py took 0.049 seconds
[2024-09-22T03:28:27.506+0000] {processor.py:186} INFO - Started process (PID=2861) to work on /home/airflow/.local/lib/python3.12/site-packages/airflow/example_dags/example_branch_python_dop_operator_3.py
[2024-09-22T03:28:27.508+0000] {processor.py:914} INFO - Processing file /home/airflow/.local/lib/python3.12/site-packages/airflow/example_dags/example_branch_python_dop_operator_3.py for tasks to queue
[2024-09-22T03:28:27.510+0000] {logging_mixin.py:190} INFO - [2024-09-22T03:28:27.510+0000] {dagbag.py:588} INFO - Filling up the DagBag from /home/airflow/.local/lib/python3.12/site-packages/airflow/example_dags/example_branch_python_dop_operator_3.py
[2024-09-22T03:28:27.516+0000] {processor.py:925} INFO - DAG(s) 'example_branch_dop_operator_v3' retrieved from /home/airflow/.local/lib/python3.12/site-packages/airflow/example_dags/example_branch_python_dop_operator_3.py
[2024-09-22T03:28:27.530+0000] {logging_mixin.py:190} INFO - [2024-09-22T03:28:27.530+0000] {dag.py:3239} INFO - Sync 1 DAGs
[2024-09-22T03:28:27.547+0000] {logging_mixin.py:190} INFO - [2024-09-22T03:28:27.547+0000] {dag.py:4180} INFO - Setting next_dagrun for example_branch_dop_operator_v3 to 2024-09-22 03:27:00+00:00, run_after=2024-09-22 03:28:00+00:00
[2024-09-22T03:28:27.557+0000] {processor.py:208} INFO - Processing /home/airflow/.local/lib/python3.12/site-packages/airflow/example_dags/example_branch_python_dop_operator_3.py took 0.055 seconds
