[2024-09-22T03:23:47.673+0000] {processor.py:186} INFO - Started process (PID=187) to work on /home/airflow/.local/lib/python3.12/site-packages/airflow/example_dags/example_trigger_controller_dag.py
[2024-09-22T03:23:47.680+0000] {processor.py:914} INFO - Processing file /home/airflow/.local/lib/python3.12/site-packages/airflow/example_dags/example_trigger_controller_dag.py for tasks to queue
[2024-09-22T03:23:47.681+0000] {logging_mixin.py:190} INFO - [2024-09-22T03:23:47.681+0000] {dagbag.py:588} INFO - Filling up the DagBag from /home/airflow/.local/lib/python3.12/site-packages/airflow/example_dags/example_trigger_controller_dag.py
[2024-09-22T03:23:47.701+0000] {processor.py:925} INFO - DAG(s) 'example_trigger_controller_dag' retrieved from /home/airflow/.local/lib/python3.12/site-packages/airflow/example_dags/example_trigger_controller_dag.py
[2024-09-22T03:23:48.059+0000] {logging_mixin.py:190} INFO - [2024-09-22T03:23:48.059+0000] {override.py:1900} INFO - Created Permission View: can read on DAG:example_trigger_controller_dag
[2024-09-22T03:23:48.075+0000] {logging_mixin.py:190} INFO - [2024-09-22T03:23:48.075+0000] {override.py:1900} INFO - Created Permission View: can edit on DAG:example_trigger_controller_dag
[2024-09-22T03:23:48.083+0000] {logging_mixin.py:190} INFO - [2024-09-22T03:23:48.083+0000] {override.py:1900} INFO - Created Permission View: can delete on DAG:example_trigger_controller_dag
[2024-09-22T03:23:48.089+0000] {logging_mixin.py:190} INFO - [2024-09-22T03:23:48.089+0000] {override.py:1900} INFO - Created Permission View: can read on DAG Run:example_trigger_controller_dag
[2024-09-22T03:23:48.096+0000] {logging_mixin.py:190} INFO - [2024-09-22T03:23:48.096+0000] {override.py:1900} INFO - Created Permission View: menu access on DAG Run:example_trigger_controller_dag
[2024-09-22T03:23:48.104+0000] {logging_mixin.py:190} INFO - [2024-09-22T03:23:48.104+0000] {override.py:1900} INFO - Created Permission View: can delete on DAG Run:example_trigger_controller_dag
[2024-09-22T03:23:48.109+0000] {logging_mixin.py:190} INFO - [2024-09-22T03:23:48.109+0000] {override.py:1900} INFO - Created Permission View: can create on DAG Run:example_trigger_controller_dag
[2024-09-22T03:23:48.109+0000] {logging_mixin.py:190} INFO - [2024-09-22T03:23:48.109+0000] {dag.py:3239} INFO - Sync 1 DAGs
[2024-09-22T03:23:48.127+0000] {logging_mixin.py:190} INFO - [2024-09-22T03:23:48.125+0000] {dag.py:3262} INFO - Creating ORM DAG for example_trigger_controller_dag
[2024-09-22T03:23:48.146+0000] {logging_mixin.py:190} INFO - [2024-09-22T03:23:48.146+0000] {dag.py:4180} INFO - Setting next_dagrun for example_trigger_controller_dag to 2021-01-01 00:00:00+00:00, run_after=2021-01-01 00:00:00+00:00
[2024-09-22T03:23:48.166+0000] {processor.py:208} INFO - Processing /home/airflow/.local/lib/python3.12/site-packages/airflow/example_dags/example_trigger_controller_dag.py took 0.508 seconds
[2024-09-22T03:24:19.056+0000] {processor.py:186} INFO - Started process (PID=471) to work on /home/airflow/.local/lib/python3.12/site-packages/airflow/example_dags/example_trigger_controller_dag.py
[2024-09-22T03:24:19.057+0000] {processor.py:914} INFO - Processing file /home/airflow/.local/lib/python3.12/site-packages/airflow/example_dags/example_trigger_controller_dag.py for tasks to queue
[2024-09-22T03:24:19.060+0000] {logging_mixin.py:190} INFO - [2024-09-22T03:24:19.059+0000] {dagbag.py:588} INFO - Filling up the DagBag from /home/airflow/.local/lib/python3.12/site-packages/airflow/example_dags/example_trigger_controller_dag.py
[2024-09-22T03:24:19.066+0000] {processor.py:925} INFO - DAG(s) 'example_trigger_controller_dag' retrieved from /home/airflow/.local/lib/python3.12/site-packages/airflow/example_dags/example_trigger_controller_dag.py
[2024-09-22T03:24:19.087+0000] {logging_mixin.py:190} INFO - [2024-09-22T03:24:19.085+0000] {dag.py:3239} INFO - Sync 1 DAGs
[2024-09-22T03:24:19.109+0000] {logging_mixin.py:190} INFO - [2024-09-22T03:24:19.108+0000] {dag.py:4180} INFO - Setting next_dagrun for example_trigger_controller_dag to 2021-01-01 00:00:00+00:00, run_after=2021-01-01 00:00:00+00:00
[2024-09-22T03:24:19.126+0000] {processor.py:208} INFO - Processing /home/airflow/.local/lib/python3.12/site-packages/airflow/example_dags/example_trigger_controller_dag.py took 0.075 seconds
[2024-09-22T03:24:49.931+0000] {processor.py:186} INFO - Started process (PID=758) to work on /home/airflow/.local/lib/python3.12/site-packages/airflow/example_dags/example_trigger_controller_dag.py
[2024-09-22T03:24:49.934+0000] {processor.py:914} INFO - Processing file /home/airflow/.local/lib/python3.12/site-packages/airflow/example_dags/example_trigger_controller_dag.py for tasks to queue
[2024-09-22T03:24:49.936+0000] {logging_mixin.py:190} INFO - [2024-09-22T03:24:49.936+0000] {dagbag.py:588} INFO - Filling up the DagBag from /home/airflow/.local/lib/python3.12/site-packages/airflow/example_dags/example_trigger_controller_dag.py
[2024-09-22T03:24:49.943+0000] {processor.py:925} INFO - DAG(s) 'example_trigger_controller_dag' retrieved from /home/airflow/.local/lib/python3.12/site-packages/airflow/example_dags/example_trigger_controller_dag.py
[2024-09-22T03:24:49.964+0000] {logging_mixin.py:190} INFO - [2024-09-22T03:24:49.964+0000] {dag.py:3239} INFO - Sync 1 DAGs
[2024-09-22T03:24:49.988+0000] {logging_mixin.py:190} INFO - [2024-09-22T03:24:49.987+0000] {dag.py:4180} INFO - Setting next_dagrun for example_trigger_controller_dag to 2021-01-01 00:00:00+00:00, run_after=2021-01-01 00:00:00+00:00
[2024-09-22T03:24:50.006+0000] {processor.py:208} INFO - Processing /home/airflow/.local/lib/python3.12/site-packages/airflow/example_dags/example_trigger_controller_dag.py took 0.079 seconds
[2024-09-22T03:25:20.587+0000] {processor.py:186} INFO - Started process (PID=1045) to work on /home/airflow/.local/lib/python3.12/site-packages/airflow/example_dags/example_trigger_controller_dag.py
[2024-09-22T03:25:20.588+0000] {processor.py:914} INFO - Processing file /home/airflow/.local/lib/python3.12/site-packages/airflow/example_dags/example_trigger_controller_dag.py for tasks to queue
[2024-09-22T03:25:20.592+0000] {logging_mixin.py:190} INFO - [2024-09-22T03:25:20.592+0000] {dagbag.py:588} INFO - Filling up the DagBag from /home/airflow/.local/lib/python3.12/site-packages/airflow/example_dags/example_trigger_controller_dag.py
[2024-09-22T03:25:20.602+0000] {processor.py:925} INFO - DAG(s) 'example_trigger_controller_dag' retrieved from /home/airflow/.local/lib/python3.12/site-packages/airflow/example_dags/example_trigger_controller_dag.py
[2024-09-22T03:25:20.618+0000] {logging_mixin.py:190} INFO - [2024-09-22T03:25:20.618+0000] {dag.py:3239} INFO - Sync 1 DAGs
[2024-09-22T03:25:20.630+0000] {logging_mixin.py:190} INFO - [2024-09-22T03:25:20.629+0000] {dag.py:4180} INFO - Setting next_dagrun for example_trigger_controller_dag to 2021-01-01 00:00:00+00:00, run_after=2021-01-01 00:00:00+00:00
[2024-09-22T03:25:20.638+0000] {processor.py:208} INFO - Processing /home/airflow/.local/lib/python3.12/site-packages/airflow/example_dags/example_trigger_controller_dag.py took 0.056 seconds
[2024-09-22T03:25:51.094+0000] {processor.py:186} INFO - Started process (PID=1337) to work on /home/airflow/.local/lib/python3.12/site-packages/airflow/example_dags/example_trigger_controller_dag.py
[2024-09-22T03:25:51.095+0000] {processor.py:914} INFO - Processing file /home/airflow/.local/lib/python3.12/site-packages/airflow/example_dags/example_trigger_controller_dag.py for tasks to queue
[2024-09-22T03:25:51.097+0000] {logging_mixin.py:190} INFO - [2024-09-22T03:25:51.097+0000] {dagbag.py:588} INFO - Filling up the DagBag from /home/airflow/.local/lib/python3.12/site-packages/airflow/example_dags/example_trigger_controller_dag.py
[2024-09-22T03:25:51.105+0000] {processor.py:925} INFO - DAG(s) 'example_trigger_controller_dag' retrieved from /home/airflow/.local/lib/python3.12/site-packages/airflow/example_dags/example_trigger_controller_dag.py
[2024-09-22T03:25:51.122+0000] {logging_mixin.py:190} INFO - [2024-09-22T03:25:51.122+0000] {dag.py:3239} INFO - Sync 1 DAGs
[2024-09-22T03:25:51.135+0000] {logging_mixin.py:190} INFO - [2024-09-22T03:25:51.135+0000] {dag.py:4180} INFO - Setting next_dagrun for example_trigger_controller_dag to 2021-01-01 00:00:00+00:00, run_after=2021-01-01 00:00:00+00:00
[2024-09-22T03:25:51.146+0000] {processor.py:208} INFO - Processing /home/airflow/.local/lib/python3.12/site-packages/airflow/example_dags/example_trigger_controller_dag.py took 0.058 seconds
[2024-09-22T03:26:21.851+0000] {processor.py:186} INFO - Started process (PID=1623) to work on /home/airflow/.local/lib/python3.12/site-packages/airflow/example_dags/example_trigger_controller_dag.py
[2024-09-22T03:26:21.853+0000] {processor.py:914} INFO - Processing file /home/airflow/.local/lib/python3.12/site-packages/airflow/example_dags/example_trigger_controller_dag.py for tasks to queue
[2024-09-22T03:26:21.858+0000] {logging_mixin.py:190} INFO - [2024-09-22T03:26:21.857+0000] {dagbag.py:588} INFO - Filling up the DagBag from /home/airflow/.local/lib/python3.12/site-packages/airflow/example_dags/example_trigger_controller_dag.py
[2024-09-22T03:26:21.863+0000] {processor.py:925} INFO - DAG(s) 'example_trigger_controller_dag' retrieved from /home/airflow/.local/lib/python3.12/site-packages/airflow/example_dags/example_trigger_controller_dag.py
[2024-09-22T03:26:21.875+0000] {logging_mixin.py:190} INFO - [2024-09-22T03:26:21.875+0000] {dag.py:3239} INFO - Sync 1 DAGs
[2024-09-22T03:26:21.888+0000] {logging_mixin.py:190} INFO - [2024-09-22T03:26:21.887+0000] {dag.py:4180} INFO - Setting next_dagrun for example_trigger_controller_dag to 2021-01-01 00:00:00+00:00, run_after=2021-01-01 00:00:00+00:00
[2024-09-22T03:26:21.902+0000] {processor.py:208} INFO - Processing /home/airflow/.local/lib/python3.12/site-packages/airflow/example_dags/example_trigger_controller_dag.py took 0.057 seconds
[2024-09-22T03:26:52.507+0000] {processor.py:186} INFO - Started process (PID=1909) to work on /home/airflow/.local/lib/python3.12/site-packages/airflow/example_dags/example_trigger_controller_dag.py
[2024-09-22T03:26:52.508+0000] {processor.py:914} INFO - Processing file /home/airflow/.local/lib/python3.12/site-packages/airflow/example_dags/example_trigger_controller_dag.py for tasks to queue
[2024-09-22T03:26:52.510+0000] {logging_mixin.py:190} INFO - [2024-09-22T03:26:52.510+0000] {dagbag.py:588} INFO - Filling up the DagBag from /home/airflow/.local/lib/python3.12/site-packages/airflow/example_dags/example_trigger_controller_dag.py
[2024-09-22T03:26:52.515+0000] {processor.py:925} INFO - DAG(s) 'example_trigger_controller_dag' retrieved from /home/airflow/.local/lib/python3.12/site-packages/airflow/example_dags/example_trigger_controller_dag.py
[2024-09-22T03:26:52.536+0000] {logging_mixin.py:190} INFO - [2024-09-22T03:26:52.535+0000] {dag.py:3239} INFO - Sync 1 DAGs
[2024-09-22T03:26:52.551+0000] {logging_mixin.py:190} INFO - [2024-09-22T03:26:52.551+0000] {dag.py:4180} INFO - Setting next_dagrun for example_trigger_controller_dag to 2021-01-01 00:00:00+00:00, run_after=2021-01-01 00:00:00+00:00
[2024-09-22T03:26:52.562+0000] {processor.py:208} INFO - Processing /home/airflow/.local/lib/python3.12/site-packages/airflow/example_dags/example_trigger_controller_dag.py took 0.058 seconds
[2024-09-22T03:27:22.954+0000] {processor.py:186} INFO - Started process (PID=2194) to work on /home/airflow/.local/lib/python3.12/site-packages/airflow/example_dags/example_trigger_controller_dag.py
[2024-09-22T03:27:22.955+0000] {processor.py:914} INFO - Processing file /home/airflow/.local/lib/python3.12/site-packages/airflow/example_dags/example_trigger_controller_dag.py for tasks to queue
[2024-09-22T03:27:22.958+0000] {logging_mixin.py:190} INFO - [2024-09-22T03:27:22.958+0000] {dagbag.py:588} INFO - Filling up the DagBag from /home/airflow/.local/lib/python3.12/site-packages/airflow/example_dags/example_trigger_controller_dag.py
[2024-09-22T03:27:22.966+0000] {processor.py:925} INFO - DAG(s) 'example_trigger_controller_dag' retrieved from /home/airflow/.local/lib/python3.12/site-packages/airflow/example_dags/example_trigger_controller_dag.py
[2024-09-22T03:27:22.979+0000] {logging_mixin.py:190} INFO - [2024-09-22T03:27:22.979+0000] {dag.py:3239} INFO - Sync 1 DAGs
[2024-09-22T03:27:22.994+0000] {logging_mixin.py:190} INFO - [2024-09-22T03:27:22.994+0000] {dag.py:4180} INFO - Setting next_dagrun for example_trigger_controller_dag to 2021-01-01 00:00:00+00:00, run_after=2021-01-01 00:00:00+00:00
[2024-09-22T03:27:23.006+0000] {processor.py:208} INFO - Processing /home/airflow/.local/lib/python3.12/site-packages/airflow/example_dags/example_trigger_controller_dag.py took 0.056 seconds
[2024-09-22T03:27:53.347+0000] {processor.py:186} INFO - Started process (PID=2480) to work on /home/airflow/.local/lib/python3.12/site-packages/airflow/example_dags/example_trigger_controller_dag.py
[2024-09-22T03:27:53.350+0000] {processor.py:914} INFO - Processing file /home/airflow/.local/lib/python3.12/site-packages/airflow/example_dags/example_trigger_controller_dag.py for tasks to queue
[2024-09-22T03:27:53.353+0000] {logging_mixin.py:190} INFO - [2024-09-22T03:27:53.352+0000] {dagbag.py:588} INFO - Filling up the DagBag from /home/airflow/.local/lib/python3.12/site-packages/airflow/example_dags/example_trigger_controller_dag.py
[2024-09-22T03:27:53.358+0000] {processor.py:925} INFO - DAG(s) 'example_trigger_controller_dag' retrieved from /home/airflow/.local/lib/python3.12/site-packages/airflow/example_dags/example_trigger_controller_dag.py
[2024-09-22T03:27:53.369+0000] {logging_mixin.py:190} INFO - [2024-09-22T03:27:53.369+0000] {dag.py:3239} INFO - Sync 1 DAGs
[2024-09-22T03:27:53.385+0000] {logging_mixin.py:190} INFO - [2024-09-22T03:27:53.385+0000] {dag.py:4180} INFO - Setting next_dagrun for example_trigger_controller_dag to 2021-01-01 00:00:00+00:00, run_after=2021-01-01 00:00:00+00:00
[2024-09-22T03:27:53.401+0000] {processor.py:208} INFO - Processing /home/airflow/.local/lib/python3.12/site-packages/airflow/example_dags/example_trigger_controller_dag.py took 0.057 seconds
[2024-09-22T03:28:23.769+0000] {processor.py:186} INFO - Started process (PID=2766) to work on /home/airflow/.local/lib/python3.12/site-packages/airflow/example_dags/example_trigger_controller_dag.py
[2024-09-22T03:28:23.770+0000] {processor.py:914} INFO - Processing file /home/airflow/.local/lib/python3.12/site-packages/airflow/example_dags/example_trigger_controller_dag.py for tasks to queue
[2024-09-22T03:28:23.772+0000] {logging_mixin.py:190} INFO - [2024-09-22T03:28:23.772+0000] {dagbag.py:588} INFO - Filling up the DagBag from /home/airflow/.local/lib/python3.12/site-packages/airflow/example_dags/example_trigger_controller_dag.py
[2024-09-22T03:28:23.783+0000] {processor.py:925} INFO - DAG(s) 'example_trigger_controller_dag' retrieved from /home/airflow/.local/lib/python3.12/site-packages/airflow/example_dags/example_trigger_controller_dag.py
[2024-09-22T03:28:23.802+0000] {logging_mixin.py:190} INFO - [2024-09-22T03:28:23.802+0000] {dag.py:3239} INFO - Sync 1 DAGs
[2024-09-22T03:28:23.815+0000] {logging_mixin.py:190} INFO - [2024-09-22T03:28:23.815+0000] {dag.py:4180} INFO - Setting next_dagrun for example_trigger_controller_dag to 2021-01-01 00:00:00+00:00, run_after=2021-01-01 00:00:00+00:00
[2024-09-22T03:28:23.829+0000] {processor.py:208} INFO - Processing /home/airflow/.local/lib/python3.12/site-packages/airflow/example_dags/example_trigger_controller_dag.py took 0.065 seconds
