[2024-09-22T03:23:55.487+0000] {processor.py:186} INFO - Started process (PID=353) to work on /home/airflow/.local/lib/python3.12/site-packages/airflow/example_dags/example_local_kubernetes_executor.py
[2024-09-22T03:23:55.488+0000] {processor.py:914} INFO - Processing file /home/airflow/.local/lib/python3.12/site-packages/airflow/example_dags/example_local_kubernetes_executor.py for tasks to queue
[2024-09-22T03:23:55.494+0000] {logging_mixin.py:190} INFO - [2024-09-22T03:23:55.492+0000] {dagbag.py:588} INFO - Filling up the DagBag from /home/airflow/.local/lib/python3.12/site-packages/airflow/example_dags/example_local_kubernetes_executor.py
[2024-09-22T03:23:55.527+0000] {processor.py:925} INFO - DAG(s) 'example_local_kubernetes_executor' retrieved from /home/airflow/.local/lib/python3.12/site-packages/airflow/example_dags/example_local_kubernetes_executor.py
[2024-09-22T03:23:55.737+0000] {logging_mixin.py:190} INFO - [2024-09-22T03:23:55.737+0000] {override.py:1900} INFO - Created Permission View: can read on DAG:example_local_kubernetes_executor
[2024-09-22T03:23:55.750+0000] {logging_mixin.py:190} INFO - [2024-09-22T03:23:55.750+0000] {override.py:1900} INFO - Created Permission View: can edit on DAG:example_local_kubernetes_executor
[2024-09-22T03:23:55.761+0000] {logging_mixin.py:190} INFO - [2024-09-22T03:23:55.760+0000] {override.py:1900} INFO - Created Permission View: can delete on DAG:example_local_kubernetes_executor
[2024-09-22T03:23:55.769+0000] {logging_mixin.py:190} INFO - [2024-09-22T03:23:55.769+0000] {override.py:1900} INFO - Created Permission View: can read on DAG Run:example_local_kubernetes_executor
[2024-09-22T03:23:55.785+0000] {logging_mixin.py:190} INFO - [2024-09-22T03:23:55.785+0000] {override.py:1900} INFO - Created Permission View: menu access on DAG Run:example_local_kubernetes_executor
[2024-09-22T03:23:55.791+0000] {logging_mixin.py:190} INFO - [2024-09-22T03:23:55.791+0000] {override.py:1900} INFO - Created Permission View: can delete on DAG Run:example_local_kubernetes_executor
[2024-09-22T03:23:55.802+0000] {logging_mixin.py:190} INFO - [2024-09-22T03:23:55.802+0000] {override.py:1900} INFO - Created Permission View: can create on DAG Run:example_local_kubernetes_executor
[2024-09-22T03:23:55.803+0000] {logging_mixin.py:190} INFO - [2024-09-22T03:23:55.803+0000] {dag.py:3239} INFO - Sync 1 DAGs
[2024-09-22T03:23:55.822+0000] {logging_mixin.py:190} INFO - [2024-09-22T03:23:55.820+0000] {dag.py:3262} INFO - Creating ORM DAG for example_local_kubernetes_executor
[2024-09-22T03:23:55.822+0000] {logging_mixin.py:190} INFO - [2024-09-22T03:23:55.822+0000] {dag.py:4180} INFO - Setting next_dagrun for example_local_kubernetes_executor to None, run_after=None
[2024-09-22T03:23:55.851+0000] {processor.py:208} INFO - Processing /home/airflow/.local/lib/python3.12/site-packages/airflow/example_dags/example_local_kubernetes_executor.py took 0.378 seconds
[2024-09-22T03:24:26.208+0000] {processor.py:186} INFO - Started process (PID=639) to work on /home/airflow/.local/lib/python3.12/site-packages/airflow/example_dags/example_local_kubernetes_executor.py
[2024-09-22T03:24:26.211+0000] {processor.py:914} INFO - Processing file /home/airflow/.local/lib/python3.12/site-packages/airflow/example_dags/example_local_kubernetes_executor.py for tasks to queue
[2024-09-22T03:24:26.220+0000] {logging_mixin.py:190} INFO - [2024-09-22T03:24:26.219+0000] {dagbag.py:588} INFO - Filling up the DagBag from /home/airflow/.local/lib/python3.12/site-packages/airflow/example_dags/example_local_kubernetes_executor.py
[2024-09-22T03:24:26.258+0000] {processor.py:925} INFO - DAG(s) 'example_local_kubernetes_executor' retrieved from /home/airflow/.local/lib/python3.12/site-packages/airflow/example_dags/example_local_kubernetes_executor.py
[2024-09-22T03:24:26.341+0000] {logging_mixin.py:190} INFO - [2024-09-22T03:24:26.340+0000] {dag.py:3239} INFO - Sync 1 DAGs
[2024-09-22T03:24:26.376+0000] {logging_mixin.py:190} INFO - [2024-09-22T03:24:26.376+0000] {dag.py:4180} INFO - Setting next_dagrun for example_local_kubernetes_executor to None, run_after=None
[2024-09-22T03:24:26.416+0000] {processor.py:208} INFO - Processing /home/airflow/.local/lib/python3.12/site-packages/airflow/example_dags/example_local_kubernetes_executor.py took 0.220 seconds
[2024-09-22T03:24:57.401+0000] {processor.py:186} INFO - Started process (PID=927) to work on /home/airflow/.local/lib/python3.12/site-packages/airflow/example_dags/example_local_kubernetes_executor.py
[2024-09-22T03:24:57.405+0000] {processor.py:914} INFO - Processing file /home/airflow/.local/lib/python3.12/site-packages/airflow/example_dags/example_local_kubernetes_executor.py for tasks to queue
[2024-09-22T03:24:57.410+0000] {logging_mixin.py:190} INFO - [2024-09-22T03:24:57.410+0000] {dagbag.py:588} INFO - Filling up the DagBag from /home/airflow/.local/lib/python3.12/site-packages/airflow/example_dags/example_local_kubernetes_executor.py
[2024-09-22T03:24:57.420+0000] {processor.py:925} INFO - DAG(s) 'example_local_kubernetes_executor' retrieved from /home/airflow/.local/lib/python3.12/site-packages/airflow/example_dags/example_local_kubernetes_executor.py
[2024-09-22T03:24:57.453+0000] {logging_mixin.py:190} INFO - [2024-09-22T03:24:57.453+0000] {dag.py:3239} INFO - Sync 1 DAGs
[2024-09-22T03:24:57.466+0000] {logging_mixin.py:190} INFO - [2024-09-22T03:24:57.463+0000] {dag.py:4180} INFO - Setting next_dagrun for example_local_kubernetes_executor to None, run_after=None
[2024-09-22T03:24:57.480+0000] {processor.py:208} INFO - Processing /home/airflow/.local/lib/python3.12/site-packages/airflow/example_dags/example_local_kubernetes_executor.py took 0.088 seconds
[2024-09-22T03:25:27.878+0000] {processor.py:186} INFO - Started process (PID=1213) to work on /home/airflow/.local/lib/python3.12/site-packages/airflow/example_dags/example_local_kubernetes_executor.py
[2024-09-22T03:25:27.879+0000] {processor.py:914} INFO - Processing file /home/airflow/.local/lib/python3.12/site-packages/airflow/example_dags/example_local_kubernetes_executor.py for tasks to queue
[2024-09-22T03:25:27.880+0000] {logging_mixin.py:190} INFO - [2024-09-22T03:25:27.880+0000] {dagbag.py:588} INFO - Filling up the DagBag from /home/airflow/.local/lib/python3.12/site-packages/airflow/example_dags/example_local_kubernetes_executor.py
[2024-09-22T03:25:27.890+0000] {processor.py:925} INFO - DAG(s) 'example_local_kubernetes_executor' retrieved from /home/airflow/.local/lib/python3.12/site-packages/airflow/example_dags/example_local_kubernetes_executor.py
[2024-09-22T03:25:27.915+0000] {logging_mixin.py:190} INFO - [2024-09-22T03:25:27.915+0000] {dag.py:3239} INFO - Sync 1 DAGs
[2024-09-22T03:25:27.924+0000] {logging_mixin.py:190} INFO - [2024-09-22T03:25:27.923+0000] {dag.py:4180} INFO - Setting next_dagrun for example_local_kubernetes_executor to None, run_after=None
[2024-09-22T03:25:27.934+0000] {processor.py:208} INFO - Processing /home/airflow/.local/lib/python3.12/site-packages/airflow/example_dags/example_local_kubernetes_executor.py took 0.063 seconds
[2024-09-22T03:25:58.318+0000] {processor.py:186} INFO - Started process (PID=1499) to work on /home/airflow/.local/lib/python3.12/site-packages/airflow/example_dags/example_local_kubernetes_executor.py
[2024-09-22T03:25:58.319+0000] {processor.py:914} INFO - Processing file /home/airflow/.local/lib/python3.12/site-packages/airflow/example_dags/example_local_kubernetes_executor.py for tasks to queue
[2024-09-22T03:25:58.321+0000] {logging_mixin.py:190} INFO - [2024-09-22T03:25:58.320+0000] {dagbag.py:588} INFO - Filling up the DagBag from /home/airflow/.local/lib/python3.12/site-packages/airflow/example_dags/example_local_kubernetes_executor.py
[2024-09-22T03:25:58.327+0000] {processor.py:925} INFO - DAG(s) 'example_local_kubernetes_executor' retrieved from /home/airflow/.local/lib/python3.12/site-packages/airflow/example_dags/example_local_kubernetes_executor.py
[2024-09-22T03:25:58.357+0000] {logging_mixin.py:190} INFO - [2024-09-22T03:25:58.356+0000] {dag.py:3239} INFO - Sync 1 DAGs
[2024-09-22T03:25:58.373+0000] {logging_mixin.py:190} INFO - [2024-09-22T03:25:58.372+0000] {dag.py:4180} INFO - Setting next_dagrun for example_local_kubernetes_executor to None, run_after=None
[2024-09-22T03:25:58.384+0000] {processor.py:208} INFO - Processing /home/airflow/.local/lib/python3.12/site-packages/airflow/example_dags/example_local_kubernetes_executor.py took 0.072 seconds
[2024-09-22T03:26:29.146+0000] {processor.py:186} INFO - Started process (PID=1785) to work on /home/airflow/.local/lib/python3.12/site-packages/airflow/example_dags/example_local_kubernetes_executor.py
[2024-09-22T03:26:29.147+0000] {processor.py:914} INFO - Processing file /home/airflow/.local/lib/python3.12/site-packages/airflow/example_dags/example_local_kubernetes_executor.py for tasks to queue
[2024-09-22T03:26:29.149+0000] {logging_mixin.py:190} INFO - [2024-09-22T03:26:29.149+0000] {dagbag.py:588} INFO - Filling up the DagBag from /home/airflow/.local/lib/python3.12/site-packages/airflow/example_dags/example_local_kubernetes_executor.py
[2024-09-22T03:26:29.158+0000] {processor.py:925} INFO - DAG(s) 'example_local_kubernetes_executor' retrieved from /home/airflow/.local/lib/python3.12/site-packages/airflow/example_dags/example_local_kubernetes_executor.py
[2024-09-22T03:26:29.182+0000] {logging_mixin.py:190} INFO - [2024-09-22T03:26:29.182+0000] {dag.py:3239} INFO - Sync 1 DAGs
[2024-09-22T03:26:29.191+0000] {logging_mixin.py:190} INFO - [2024-09-22T03:26:29.191+0000] {dag.py:4180} INFO - Setting next_dagrun for example_local_kubernetes_executor to None, run_after=None
[2024-09-22T03:26:29.202+0000] {processor.py:208} INFO - Processing /home/airflow/.local/lib/python3.12/site-packages/airflow/example_dags/example_local_kubernetes_executor.py took 0.061 seconds
[2024-09-22T03:26:59.799+0000] {processor.py:186} INFO - Started process (PID=2071) to work on /home/airflow/.local/lib/python3.12/site-packages/airflow/example_dags/example_local_kubernetes_executor.py
[2024-09-22T03:26:59.800+0000] {processor.py:914} INFO - Processing file /home/airflow/.local/lib/python3.12/site-packages/airflow/example_dags/example_local_kubernetes_executor.py for tasks to queue
[2024-09-22T03:26:59.801+0000] {logging_mixin.py:190} INFO - [2024-09-22T03:26:59.801+0000] {dagbag.py:588} INFO - Filling up the DagBag from /home/airflow/.local/lib/python3.12/site-packages/airflow/example_dags/example_local_kubernetes_executor.py
[2024-09-22T03:26:59.807+0000] {processor.py:925} INFO - DAG(s) 'example_local_kubernetes_executor' retrieved from /home/airflow/.local/lib/python3.12/site-packages/airflow/example_dags/example_local_kubernetes_executor.py
[2024-09-22T03:26:59.833+0000] {logging_mixin.py:190} INFO - [2024-09-22T03:26:59.833+0000] {dag.py:3239} INFO - Sync 1 DAGs
[2024-09-22T03:26:59.842+0000] {logging_mixin.py:190} INFO - [2024-09-22T03:26:59.842+0000] {dag.py:4180} INFO - Setting next_dagrun for example_local_kubernetes_executor to None, run_after=None
[2024-09-22T03:26:59.852+0000] {processor.py:208} INFO - Processing /home/airflow/.local/lib/python3.12/site-packages/airflow/example_dags/example_local_kubernetes_executor.py took 0.057 seconds
[2024-09-22T03:27:30.191+0000] {processor.py:186} INFO - Started process (PID=2356) to work on /home/airflow/.local/lib/python3.12/site-packages/airflow/example_dags/example_local_kubernetes_executor.py
[2024-09-22T03:27:30.192+0000] {processor.py:914} INFO - Processing file /home/airflow/.local/lib/python3.12/site-packages/airflow/example_dags/example_local_kubernetes_executor.py for tasks to queue
[2024-09-22T03:27:30.194+0000] {logging_mixin.py:190} INFO - [2024-09-22T03:27:30.194+0000] {dagbag.py:588} INFO - Filling up the DagBag from /home/airflow/.local/lib/python3.12/site-packages/airflow/example_dags/example_local_kubernetes_executor.py
[2024-09-22T03:27:30.202+0000] {processor.py:925} INFO - DAG(s) 'example_local_kubernetes_executor' retrieved from /home/airflow/.local/lib/python3.12/site-packages/airflow/example_dags/example_local_kubernetes_executor.py
[2024-09-22T03:27:30.230+0000] {logging_mixin.py:190} INFO - [2024-09-22T03:27:30.230+0000] {dag.py:3239} INFO - Sync 1 DAGs
[2024-09-22T03:27:30.240+0000] {logging_mixin.py:190} INFO - [2024-09-22T03:27:30.240+0000] {dag.py:4180} INFO - Setting next_dagrun for example_local_kubernetes_executor to None, run_after=None
[2024-09-22T03:27:30.253+0000] {processor.py:208} INFO - Processing /home/airflow/.local/lib/python3.12/site-packages/airflow/example_dags/example_local_kubernetes_executor.py took 0.066 seconds
[2024-09-22T03:28:00.607+0000] {processor.py:186} INFO - Started process (PID=2642) to work on /home/airflow/.local/lib/python3.12/site-packages/airflow/example_dags/example_local_kubernetes_executor.py
[2024-09-22T03:28:00.609+0000] {processor.py:914} INFO - Processing file /home/airflow/.local/lib/python3.12/site-packages/airflow/example_dags/example_local_kubernetes_executor.py for tasks to queue
[2024-09-22T03:28:00.612+0000] {logging_mixin.py:190} INFO - [2024-09-22T03:28:00.611+0000] {dagbag.py:588} INFO - Filling up the DagBag from /home/airflow/.local/lib/python3.12/site-packages/airflow/example_dags/example_local_kubernetes_executor.py
[2024-09-22T03:28:00.620+0000] {processor.py:925} INFO - DAG(s) 'example_local_kubernetes_executor' retrieved from /home/airflow/.local/lib/python3.12/site-packages/airflow/example_dags/example_local_kubernetes_executor.py
[2024-09-22T03:28:00.640+0000] {logging_mixin.py:190} INFO - [2024-09-22T03:28:00.640+0000] {dag.py:3239} INFO - Sync 1 DAGs
[2024-09-22T03:28:00.650+0000] {logging_mixin.py:190} INFO - [2024-09-22T03:28:00.649+0000] {dag.py:4180} INFO - Setting next_dagrun for example_local_kubernetes_executor to None, run_after=None
[2024-09-22T03:28:00.658+0000] {processor.py:208} INFO - Processing /home/airflow/.local/lib/python3.12/site-packages/airflow/example_dags/example_local_kubernetes_executor.py took 0.059 seconds
[2024-09-22T03:28:30.973+0000] {processor.py:186} INFO - Started process (PID=2928) to work on /home/airflow/.local/lib/python3.12/site-packages/airflow/example_dags/example_local_kubernetes_executor.py
[2024-09-22T03:28:30.974+0000] {processor.py:914} INFO - Processing file /home/airflow/.local/lib/python3.12/site-packages/airflow/example_dags/example_local_kubernetes_executor.py for tasks to queue
[2024-09-22T03:28:30.977+0000] {logging_mixin.py:190} INFO - [2024-09-22T03:28:30.977+0000] {dagbag.py:588} INFO - Filling up the DagBag from /home/airflow/.local/lib/python3.12/site-packages/airflow/example_dags/example_local_kubernetes_executor.py
[2024-09-22T03:28:30.984+0000] {processor.py:925} INFO - DAG(s) 'example_local_kubernetes_executor' retrieved from /home/airflow/.local/lib/python3.12/site-packages/airflow/example_dags/example_local_kubernetes_executor.py
[2024-09-22T03:28:31.005+0000] {logging_mixin.py:190} INFO - [2024-09-22T03:28:31.005+0000] {dag.py:3239} INFO - Sync 1 DAGs
[2024-09-22T03:28:31.017+0000] {logging_mixin.py:190} INFO - [2024-09-22T03:28:31.017+0000] {dag.py:4180} INFO - Setting next_dagrun for example_local_kubernetes_executor to None, run_after=None
[2024-09-22T03:28:31.028+0000] {processor.py:208} INFO - Processing /home/airflow/.local/lib/python3.12/site-packages/airflow/example_dags/example_local_kubernetes_executor.py took 0.062 seconds
