[2024-09-22T03:23:54.023+0000] {processor.py:186} INFO - Started process (PID=320) to work on /home/airflow/.local/lib/python3.12/site-packages/airflow/example_dags/example_workday_timetable.py
[2024-09-22T03:23:54.027+0000] {processor.py:914} INFO - Processing file /home/airflow/.local/lib/python3.12/site-packages/airflow/example_dags/example_workday_timetable.py for tasks to queue
[2024-09-22T03:23:54.033+0000] {logging_mixin.py:190} INFO - [2024-09-22T03:23:54.032+0000] {dagbag.py:588} INFO - Filling up the DagBag from /home/airflow/.local/lib/python3.12/site-packages/airflow/example_dags/example_workday_timetable.py
[2024-09-22T03:23:54.060+0000] {processor.py:925} INFO - DAG(s) 'example_workday_timetable' retrieved from /home/airflow/.local/lib/python3.12/site-packages/airflow/example_dags/example_workday_timetable.py
[2024-09-22T03:23:54.340+0000] {logging_mixin.py:190} INFO - [2024-09-22T03:23:54.340+0000] {override.py:1900} INFO - Created Permission View: can read on DAG:example_workday_timetable
[2024-09-22T03:23:54.357+0000] {logging_mixin.py:190} INFO - [2024-09-22T03:23:54.357+0000] {override.py:1900} INFO - Created Permission View: can edit on DAG:example_workday_timetable
[2024-09-22T03:23:54.367+0000] {logging_mixin.py:190} INFO - [2024-09-22T03:23:54.367+0000] {override.py:1900} INFO - Created Permission View: can delete on DAG:example_workday_timetable
[2024-09-22T03:23:54.376+0000] {logging_mixin.py:190} INFO - [2024-09-22T03:23:54.376+0000] {override.py:1900} INFO - Created Permission View: can read on DAG Run:example_workday_timetable
[2024-09-22T03:23:54.385+0000] {logging_mixin.py:190} INFO - [2024-09-22T03:23:54.385+0000] {override.py:1900} INFO - Created Permission View: menu access on DAG Run:example_workday_timetable
[2024-09-22T03:23:54.393+0000] {logging_mixin.py:190} INFO - [2024-09-22T03:23:54.393+0000] {override.py:1900} INFO - Created Permission View: can delete on DAG Run:example_workday_timetable
[2024-09-22T03:23:54.401+0000] {logging_mixin.py:190} INFO - [2024-09-22T03:23:54.401+0000] {override.py:1900} INFO - Created Permission View: can create on DAG Run:example_workday_timetable
[2024-09-22T03:23:54.401+0000] {logging_mixin.py:190} INFO - [2024-09-22T03:23:54.401+0000] {dag.py:3239} INFO - Sync 1 DAGs
[2024-09-22T03:23:54.420+0000] {logging_mixin.py:190} INFO - [2024-09-22T03:23:54.420+0000] {dag.py:3262} INFO - Creating ORM DAG for example_workday_timetable
[2024-09-22T03:23:54.530+0000] {logging_mixin.py:190} INFO - [2024-09-22T03:23:54.530+0000] {dag.py:4180} INFO - Setting next_dagrun for example_workday_timetable to 2021-01-04 00:00:00+00:00, run_after=2021-01-05 00:00:00+00:00
[2024-09-22T03:23:54.570+0000] {processor.py:208} INFO - Processing /home/airflow/.local/lib/python3.12/site-packages/airflow/example_dags/example_workday_timetable.py took 0.563 seconds
[2024-09-22T03:24:25.411+0000] {processor.py:186} INFO - Started process (PID=606) to work on /home/airflow/.local/lib/python3.12/site-packages/airflow/example_dags/example_workday_timetable.py
[2024-09-22T03:24:25.419+0000] {processor.py:914} INFO - Processing file /home/airflow/.local/lib/python3.12/site-packages/airflow/example_dags/example_workday_timetable.py for tasks to queue
[2024-09-22T03:24:25.427+0000] {logging_mixin.py:190} INFO - [2024-09-22T03:24:25.426+0000] {dagbag.py:588} INFO - Filling up the DagBag from /home/airflow/.local/lib/python3.12/site-packages/airflow/example_dags/example_workday_timetable.py
[2024-09-22T03:24:25.444+0000] {processor.py:925} INFO - DAG(s) 'example_workday_timetable' retrieved from /home/airflow/.local/lib/python3.12/site-packages/airflow/example_dags/example_workday_timetable.py
[2024-09-22T03:24:25.492+0000] {logging_mixin.py:190} INFO - [2024-09-22T03:24:25.492+0000] {dag.py:3239} INFO - Sync 1 DAGs
[2024-09-22T03:24:25.613+0000] {logging_mixin.py:190} INFO - [2024-09-22T03:24:25.613+0000] {dag.py:4180} INFO - Setting next_dagrun for example_workday_timetable to 2021-01-04 00:00:00+00:00, run_after=2021-01-05 00:00:00+00:00
[2024-09-22T03:24:25.662+0000] {processor.py:208} INFO - Processing /home/airflow/.local/lib/python3.12/site-packages/airflow/example_dags/example_workday_timetable.py took 0.267 seconds
[2024-09-22T03:24:56.103+0000] {processor.py:186} INFO - Started process (PID=892) to work on /home/airflow/.local/lib/python3.12/site-packages/airflow/example_dags/example_workday_timetable.py
[2024-09-22T03:24:56.105+0000] {processor.py:914} INFO - Processing file /home/airflow/.local/lib/python3.12/site-packages/airflow/example_dags/example_workday_timetable.py for tasks to queue
[2024-09-22T03:24:56.107+0000] {logging_mixin.py:190} INFO - [2024-09-22T03:24:56.107+0000] {dagbag.py:588} INFO - Filling up the DagBag from /home/airflow/.local/lib/python3.12/site-packages/airflow/example_dags/example_workday_timetable.py
[2024-09-22T03:24:56.112+0000] {processor.py:925} INFO - DAG(s) 'example_workday_timetable' retrieved from /home/airflow/.local/lib/python3.12/site-packages/airflow/example_dags/example_workday_timetable.py
[2024-09-22T03:24:56.129+0000] {logging_mixin.py:190} INFO - [2024-09-22T03:24:56.129+0000] {dag.py:3239} INFO - Sync 1 DAGs
[2024-09-22T03:24:56.165+0000] {logging_mixin.py:190} INFO - [2024-09-22T03:24:56.165+0000] {dag.py:4180} INFO - Setting next_dagrun for example_workday_timetable to 2021-01-04 00:00:00+00:00, run_after=2021-01-05 00:00:00+00:00
[2024-09-22T03:24:56.177+0000] {processor.py:208} INFO - Processing /home/airflow/.local/lib/python3.12/site-packages/airflow/example_dags/example_workday_timetable.py took 0.085 seconds
[2024-09-22T03:25:26.625+0000] {processor.py:186} INFO - Started process (PID=1178) to work on /home/airflow/.local/lib/python3.12/site-packages/airflow/example_dags/example_workday_timetable.py
[2024-09-22T03:25:26.626+0000] {processor.py:914} INFO - Processing file /home/airflow/.local/lib/python3.12/site-packages/airflow/example_dags/example_workday_timetable.py for tasks to queue
[2024-09-22T03:25:26.629+0000] {logging_mixin.py:190} INFO - [2024-09-22T03:25:26.629+0000] {dagbag.py:588} INFO - Filling up the DagBag from /home/airflow/.local/lib/python3.12/site-packages/airflow/example_dags/example_workday_timetable.py
[2024-09-22T03:25:26.634+0000] {processor.py:925} INFO - DAG(s) 'example_workday_timetable' retrieved from /home/airflow/.local/lib/python3.12/site-packages/airflow/example_dags/example_workday_timetable.py
[2024-09-22T03:25:26.647+0000] {logging_mixin.py:190} INFO - [2024-09-22T03:25:26.647+0000] {dag.py:3239} INFO - Sync 1 DAGs
[2024-09-22T03:25:26.684+0000] {logging_mixin.py:190} INFO - [2024-09-22T03:25:26.684+0000] {dag.py:4180} INFO - Setting next_dagrun for example_workday_timetable to 2021-01-04 00:00:00+00:00, run_after=2021-01-05 00:00:00+00:00
[2024-09-22T03:25:26.698+0000] {processor.py:208} INFO - Processing /home/airflow/.local/lib/python3.12/site-packages/airflow/example_dags/example_workday_timetable.py took 0.080 seconds
[2024-09-22T03:25:57.072+0000] {processor.py:186} INFO - Started process (PID=1464) to work on /home/airflow/.local/lib/python3.12/site-packages/airflow/example_dags/example_workday_timetable.py
[2024-09-22T03:25:57.072+0000] {processor.py:914} INFO - Processing file /home/airflow/.local/lib/python3.12/site-packages/airflow/example_dags/example_workday_timetable.py for tasks to queue
[2024-09-22T03:25:57.076+0000] {logging_mixin.py:190} INFO - [2024-09-22T03:25:57.076+0000] {dagbag.py:588} INFO - Filling up the DagBag from /home/airflow/.local/lib/python3.12/site-packages/airflow/example_dags/example_workday_timetable.py
[2024-09-22T03:25:57.082+0000] {processor.py:925} INFO - DAG(s) 'example_workday_timetable' retrieved from /home/airflow/.local/lib/python3.12/site-packages/airflow/example_dags/example_workday_timetable.py
[2024-09-22T03:25:57.097+0000] {logging_mixin.py:190} INFO - [2024-09-22T03:25:57.097+0000] {dag.py:3239} INFO - Sync 1 DAGs
[2024-09-22T03:25:57.133+0000] {logging_mixin.py:190} INFO - [2024-09-22T03:25:57.133+0000] {dag.py:4180} INFO - Setting next_dagrun for example_workday_timetable to 2021-01-04 00:00:00+00:00, run_after=2021-01-05 00:00:00+00:00
[2024-09-22T03:25:57.145+0000] {processor.py:208} INFO - Processing /home/airflow/.local/lib/python3.12/site-packages/airflow/example_dags/example_workday_timetable.py took 0.082 seconds
[2024-09-22T03:26:27.897+0000] {processor.py:186} INFO - Started process (PID=1750) to work on /home/airflow/.local/lib/python3.12/site-packages/airflow/example_dags/example_workday_timetable.py
[2024-09-22T03:26:27.898+0000] {processor.py:914} INFO - Processing file /home/airflow/.local/lib/python3.12/site-packages/airflow/example_dags/example_workday_timetable.py for tasks to queue
[2024-09-22T03:26:27.899+0000] {logging_mixin.py:190} INFO - [2024-09-22T03:26:27.899+0000] {dagbag.py:588} INFO - Filling up the DagBag from /home/airflow/.local/lib/python3.12/site-packages/airflow/example_dags/example_workday_timetable.py
[2024-09-22T03:26:27.903+0000] {processor.py:925} INFO - DAG(s) 'example_workday_timetable' retrieved from /home/airflow/.local/lib/python3.12/site-packages/airflow/example_dags/example_workday_timetable.py
[2024-09-22T03:26:27.915+0000] {logging_mixin.py:190} INFO - [2024-09-22T03:26:27.915+0000] {dag.py:3239} INFO - Sync 1 DAGs
[2024-09-22T03:26:27.955+0000] {logging_mixin.py:190} INFO - [2024-09-22T03:26:27.955+0000] {dag.py:4180} INFO - Setting next_dagrun for example_workday_timetable to 2021-01-04 00:00:00+00:00, run_after=2021-01-05 00:00:00+00:00
[2024-09-22T03:26:27.969+0000] {processor.py:208} INFO - Processing /home/airflow/.local/lib/python3.12/site-packages/airflow/example_dags/example_workday_timetable.py took 0.076 seconds
[2024-09-22T03:26:58.530+0000] {processor.py:186} INFO - Started process (PID=2036) to work on /home/airflow/.local/lib/python3.12/site-packages/airflow/example_dags/example_workday_timetable.py
[2024-09-22T03:26:58.533+0000] {processor.py:914} INFO - Processing file /home/airflow/.local/lib/python3.12/site-packages/airflow/example_dags/example_workday_timetable.py for tasks to queue
[2024-09-22T03:26:58.535+0000] {logging_mixin.py:190} INFO - [2024-09-22T03:26:58.535+0000] {dagbag.py:588} INFO - Filling up the DagBag from /home/airflow/.local/lib/python3.12/site-packages/airflow/example_dags/example_workday_timetable.py
[2024-09-22T03:26:58.540+0000] {processor.py:925} INFO - DAG(s) 'example_workday_timetable' retrieved from /home/airflow/.local/lib/python3.12/site-packages/airflow/example_dags/example_workday_timetable.py
[2024-09-22T03:26:58.556+0000] {logging_mixin.py:190} INFO - [2024-09-22T03:26:58.556+0000] {dag.py:3239} INFO - Sync 1 DAGs
[2024-09-22T03:26:58.598+0000] {logging_mixin.py:190} INFO - [2024-09-22T03:26:58.598+0000] {dag.py:4180} INFO - Setting next_dagrun for example_workday_timetable to 2021-01-04 00:00:00+00:00, run_after=2021-01-05 00:00:00+00:00
[2024-09-22T03:26:58.613+0000] {processor.py:208} INFO - Processing /home/airflow/.local/lib/python3.12/site-packages/airflow/example_dags/example_workday_timetable.py took 0.087 seconds
[2024-09-22T03:27:28.924+0000] {processor.py:186} INFO - Started process (PID=2321) to work on /home/airflow/.local/lib/python3.12/site-packages/airflow/example_dags/example_workday_timetable.py
[2024-09-22T03:27:28.925+0000] {processor.py:914} INFO - Processing file /home/airflow/.local/lib/python3.12/site-packages/airflow/example_dags/example_workday_timetable.py for tasks to queue
[2024-09-22T03:27:28.929+0000] {logging_mixin.py:190} INFO - [2024-09-22T03:27:28.929+0000] {dagbag.py:588} INFO - Filling up the DagBag from /home/airflow/.local/lib/python3.12/site-packages/airflow/example_dags/example_workday_timetable.py
[2024-09-22T03:27:28.936+0000] {processor.py:925} INFO - DAG(s) 'example_workday_timetable' retrieved from /home/airflow/.local/lib/python3.12/site-packages/airflow/example_dags/example_workday_timetable.py
[2024-09-22T03:27:28.950+0000] {logging_mixin.py:190} INFO - [2024-09-22T03:27:28.950+0000] {dag.py:3239} INFO - Sync 1 DAGs
[2024-09-22T03:27:28.999+0000] {logging_mixin.py:190} INFO - [2024-09-22T03:27:28.999+0000] {dag.py:4180} INFO - Setting next_dagrun for example_workday_timetable to 2021-01-04 00:00:00+00:00, run_after=2021-01-05 00:00:00+00:00
[2024-09-22T03:27:29.013+0000] {processor.py:208} INFO - Processing /home/airflow/.local/lib/python3.12/site-packages/airflow/example_dags/example_workday_timetable.py took 0.095 seconds
[2024-09-22T03:27:59.347+0000] {processor.py:186} INFO - Started process (PID=2607) to work on /home/airflow/.local/lib/python3.12/site-packages/airflow/example_dags/example_workday_timetable.py
[2024-09-22T03:27:59.348+0000] {processor.py:914} INFO - Processing file /home/airflow/.local/lib/python3.12/site-packages/airflow/example_dags/example_workday_timetable.py for tasks to queue
[2024-09-22T03:27:59.350+0000] {logging_mixin.py:190} INFO - [2024-09-22T03:27:59.350+0000] {dagbag.py:588} INFO - Filling up the DagBag from /home/airflow/.local/lib/python3.12/site-packages/airflow/example_dags/example_workday_timetable.py
[2024-09-22T03:27:59.355+0000] {processor.py:925} INFO - DAG(s) 'example_workday_timetable' retrieved from /home/airflow/.local/lib/python3.12/site-packages/airflow/example_dags/example_workday_timetable.py
[2024-09-22T03:27:59.371+0000] {logging_mixin.py:190} INFO - [2024-09-22T03:27:59.371+0000] {dag.py:3239} INFO - Sync 1 DAGs
[2024-09-22T03:27:59.404+0000] {logging_mixin.py:190} INFO - [2024-09-22T03:27:59.404+0000] {dag.py:4180} INFO - Setting next_dagrun for example_workday_timetable to 2021-01-04 00:00:00+00:00, run_after=2021-01-05 00:00:00+00:00
[2024-09-22T03:27:59.416+0000] {processor.py:208} INFO - Processing /home/airflow/.local/lib/python3.12/site-packages/airflow/example_dags/example_workday_timetable.py took 0.075 seconds
[2024-09-22T03:28:29.700+0000] {processor.py:186} INFO - Started process (PID=2893) to work on /home/airflow/.local/lib/python3.12/site-packages/airflow/example_dags/example_workday_timetable.py
[2024-09-22T03:28:29.701+0000] {processor.py:914} INFO - Processing file /home/airflow/.local/lib/python3.12/site-packages/airflow/example_dags/example_workday_timetable.py for tasks to queue
[2024-09-22T03:28:29.704+0000] {logging_mixin.py:190} INFO - [2024-09-22T03:28:29.704+0000] {dagbag.py:588} INFO - Filling up the DagBag from /home/airflow/.local/lib/python3.12/site-packages/airflow/example_dags/example_workday_timetable.py
[2024-09-22T03:28:29.708+0000] {processor.py:925} INFO - DAG(s) 'example_workday_timetable' retrieved from /home/airflow/.local/lib/python3.12/site-packages/airflow/example_dags/example_workday_timetable.py
[2024-09-22T03:28:29.722+0000] {logging_mixin.py:190} INFO - [2024-09-22T03:28:29.722+0000] {dag.py:3239} INFO - Sync 1 DAGs
[2024-09-22T03:28:29.756+0000] {logging_mixin.py:190} INFO - [2024-09-22T03:28:29.755+0000] {dag.py:4180} INFO - Setting next_dagrun for example_workday_timetable to 2021-01-04 00:00:00+00:00, run_after=2021-01-05 00:00:00+00:00
[2024-09-22T03:28:29.766+0000] {processor.py:208} INFO - Processing /home/airflow/.local/lib/python3.12/site-packages/airflow/example_dags/example_workday_timetable.py took 0.077 seconds
