[2024-09-22T03:23:52.216+0000] {processor.py:186} INFO - Started process (PID=283) to work on /home/airflow/.local/lib/python3.12/site-packages/airflow/example_dags/example_python_operator.py
[2024-09-22T03:23:52.219+0000] {processor.py:914} INFO - Processing file /home/airflow/.local/lib/python3.12/site-packages/airflow/example_dags/example_python_operator.py for tasks to queue
[2024-09-22T03:23:52.221+0000] {logging_mixin.py:190} INFO - [2024-09-22T03:23:52.221+0000] {dagbag.py:588} INFO - Filling up the DagBag from /home/airflow/.local/lib/python3.12/site-packages/airflow/example_dags/example_python_operator.py
[2024-09-22T03:23:52.235+0000] {processor.py:925} INFO - DAG(s) 'example_python_operator' retrieved from /home/airflow/.local/lib/python3.12/site-packages/airflow/example_dags/example_python_operator.py
[2024-09-22T03:23:52.385+0000] {logging_mixin.py:190} INFO - [2024-09-22T03:23:52.385+0000] {override.py:1900} INFO - Created Permission View: can read on DAG:example_python_operator
[2024-09-22T03:23:52.404+0000] {logging_mixin.py:190} INFO - [2024-09-22T03:23:52.404+0000] {override.py:1900} INFO - Created Permission View: can edit on DAG:example_python_operator
[2024-09-22T03:23:52.411+0000] {logging_mixin.py:190} INFO - [2024-09-22T03:23:52.411+0000] {override.py:1900} INFO - Created Permission View: can delete on DAG:example_python_operator
[2024-09-22T03:23:52.423+0000] {logging_mixin.py:190} INFO - [2024-09-22T03:23:52.423+0000] {override.py:1900} INFO - Created Permission View: can read on DAG Run:example_python_operator
[2024-09-22T03:23:52.430+0000] {logging_mixin.py:190} INFO - [2024-09-22T03:23:52.429+0000] {override.py:1900} INFO - Created Permission View: menu access on DAG Run:example_python_operator
[2024-09-22T03:23:52.436+0000] {logging_mixin.py:190} INFO - [2024-09-22T03:23:52.436+0000] {override.py:1900} INFO - Created Permission View: can delete on DAG Run:example_python_operator
[2024-09-22T03:23:52.444+0000] {logging_mixin.py:190} INFO - [2024-09-22T03:23:52.444+0000] {override.py:1900} INFO - Created Permission View: can create on DAG Run:example_python_operator
[2024-09-22T03:23:52.444+0000] {logging_mixin.py:190} INFO - [2024-09-22T03:23:52.444+0000] {dag.py:3239} INFO - Sync 1 DAGs
[2024-09-22T03:23:52.453+0000] {logging_mixin.py:190} INFO - [2024-09-22T03:23:52.453+0000] {dag.py:3262} INFO - Creating ORM DAG for example_python_operator
[2024-09-22T03:23:52.456+0000] {logging_mixin.py:190} INFO - [2024-09-22T03:23:52.456+0000] {dag.py:4180} INFO - Setting next_dagrun for example_python_operator to None, run_after=None
[2024-09-22T03:23:52.495+0000] {processor.py:208} INFO - Processing /home/airflow/.local/lib/python3.12/site-packages/airflow/example_dags/example_python_operator.py took 0.287 seconds
[2024-09-22T03:24:23.005+0000] {processor.py:186} INFO - Started process (PID=569) to work on /home/airflow/.local/lib/python3.12/site-packages/airflow/example_dags/example_python_operator.py
[2024-09-22T03:24:23.007+0000] {processor.py:914} INFO - Processing file /home/airflow/.local/lib/python3.12/site-packages/airflow/example_dags/example_python_operator.py for tasks to queue
[2024-09-22T03:24:23.008+0000] {logging_mixin.py:190} INFO - [2024-09-22T03:24:23.008+0000] {dagbag.py:588} INFO - Filling up the DagBag from /home/airflow/.local/lib/python3.12/site-packages/airflow/example_dags/example_python_operator.py
[2024-09-22T03:24:23.018+0000] {processor.py:925} INFO - DAG(s) 'example_python_operator' retrieved from /home/airflow/.local/lib/python3.12/site-packages/airflow/example_dags/example_python_operator.py
[2024-09-22T03:24:23.054+0000] {logging_mixin.py:190} INFO - [2024-09-22T03:24:23.054+0000] {dag.py:3239} INFO - Sync 1 DAGs
[2024-09-22T03:24:23.067+0000] {logging_mixin.py:190} INFO - [2024-09-22T03:24:23.066+0000] {dag.py:4180} INFO - Setting next_dagrun for example_python_operator to None, run_after=None
[2024-09-22T03:24:23.082+0000] {processor.py:208} INFO - Processing /home/airflow/.local/lib/python3.12/site-packages/airflow/example_dags/example_python_operator.py took 0.080 seconds
[2024-09-22T03:24:53.789+0000] {processor.py:186} INFO - Started process (PID=857) to work on /home/airflow/.local/lib/python3.12/site-packages/airflow/example_dags/example_python_operator.py
[2024-09-22T03:24:53.790+0000] {processor.py:914} INFO - Processing file /home/airflow/.local/lib/python3.12/site-packages/airflow/example_dags/example_python_operator.py for tasks to queue
[2024-09-22T03:24:53.791+0000] {logging_mixin.py:190} INFO - [2024-09-22T03:24:53.791+0000] {dagbag.py:588} INFO - Filling up the DagBag from /home/airflow/.local/lib/python3.12/site-packages/airflow/example_dags/example_python_operator.py
[2024-09-22T03:24:53.801+0000] {processor.py:925} INFO - DAG(s) 'example_python_operator' retrieved from /home/airflow/.local/lib/python3.12/site-packages/airflow/example_dags/example_python_operator.py
[2024-09-22T03:24:53.817+0000] {logging_mixin.py:190} INFO - [2024-09-22T03:24:53.817+0000] {dag.py:3239} INFO - Sync 1 DAGs
[2024-09-22T03:24:53.825+0000] {logging_mixin.py:190} INFO - [2024-09-22T03:24:53.825+0000] {dag.py:4180} INFO - Setting next_dagrun for example_python_operator to None, run_after=None
[2024-09-22T03:24:53.834+0000] {processor.py:208} INFO - Processing /home/airflow/.local/lib/python3.12/site-packages/airflow/example_dags/example_python_operator.py took 0.048 seconds
[2024-09-22T03:25:24.308+0000] {processor.py:186} INFO - Started process (PID=1141) to work on /home/airflow/.local/lib/python3.12/site-packages/airflow/example_dags/example_python_operator.py
[2024-09-22T03:25:24.310+0000] {processor.py:914} INFO - Processing file /home/airflow/.local/lib/python3.12/site-packages/airflow/example_dags/example_python_operator.py for tasks to queue
[2024-09-22T03:25:24.311+0000] {logging_mixin.py:190} INFO - [2024-09-22T03:25:24.311+0000] {dagbag.py:588} INFO - Filling up the DagBag from /home/airflow/.local/lib/python3.12/site-packages/airflow/example_dags/example_python_operator.py
[2024-09-22T03:25:24.319+0000] {processor.py:925} INFO - DAG(s) 'example_python_operator' retrieved from /home/airflow/.local/lib/python3.12/site-packages/airflow/example_dags/example_python_operator.py
[2024-09-22T03:25:24.336+0000] {logging_mixin.py:190} INFO - [2024-09-22T03:25:24.335+0000] {dag.py:3239} INFO - Sync 1 DAGs
[2024-09-22T03:25:24.345+0000] {logging_mixin.py:190} INFO - [2024-09-22T03:25:24.344+0000] {dag.py:4180} INFO - Setting next_dagrun for example_python_operator to None, run_after=None
[2024-09-22T03:25:24.356+0000] {processor.py:208} INFO - Processing /home/airflow/.local/lib/python3.12/site-packages/airflow/example_dags/example_python_operator.py took 0.053 seconds
[2024-09-22T03:25:54.820+0000] {processor.py:186} INFO - Started process (PID=1429) to work on /home/airflow/.local/lib/python3.12/site-packages/airflow/example_dags/example_python_operator.py
[2024-09-22T03:25:54.821+0000] {processor.py:914} INFO - Processing file /home/airflow/.local/lib/python3.12/site-packages/airflow/example_dags/example_python_operator.py for tasks to queue
[2024-09-22T03:25:54.823+0000] {logging_mixin.py:190} INFO - [2024-09-22T03:25:54.823+0000] {dagbag.py:588} INFO - Filling up the DagBag from /home/airflow/.local/lib/python3.12/site-packages/airflow/example_dags/example_python_operator.py
[2024-09-22T03:25:54.830+0000] {processor.py:925} INFO - DAG(s) 'example_python_operator' retrieved from /home/airflow/.local/lib/python3.12/site-packages/airflow/example_dags/example_python_operator.py
[2024-09-22T03:25:54.843+0000] {logging_mixin.py:190} INFO - [2024-09-22T03:25:54.843+0000] {dag.py:3239} INFO - Sync 1 DAGs
[2024-09-22T03:25:54.852+0000] {logging_mixin.py:190} INFO - [2024-09-22T03:25:54.851+0000] {dag.py:4180} INFO - Setting next_dagrun for example_python_operator to None, run_after=None
[2024-09-22T03:25:54.861+0000] {processor.py:208} INFO - Processing /home/airflow/.local/lib/python3.12/site-packages/airflow/example_dags/example_python_operator.py took 0.044 seconds
[2024-09-22T03:26:25.660+0000] {processor.py:186} INFO - Started process (PID=1715) to work on /home/airflow/.local/lib/python3.12/site-packages/airflow/example_dags/example_python_operator.py
[2024-09-22T03:26:25.662+0000] {processor.py:914} INFO - Processing file /home/airflow/.local/lib/python3.12/site-packages/airflow/example_dags/example_python_operator.py for tasks to queue
[2024-09-22T03:26:25.664+0000] {logging_mixin.py:190} INFO - [2024-09-22T03:26:25.664+0000] {dagbag.py:588} INFO - Filling up the DagBag from /home/airflow/.local/lib/python3.12/site-packages/airflow/example_dags/example_python_operator.py
[2024-09-22T03:26:25.673+0000] {processor.py:925} INFO - DAG(s) 'example_python_operator' retrieved from /home/airflow/.local/lib/python3.12/site-packages/airflow/example_dags/example_python_operator.py
[2024-09-22T03:26:25.686+0000] {logging_mixin.py:190} INFO - [2024-09-22T03:26:25.686+0000] {dag.py:3239} INFO - Sync 1 DAGs
[2024-09-22T03:26:25.695+0000] {logging_mixin.py:190} INFO - [2024-09-22T03:26:25.694+0000] {dag.py:4180} INFO - Setting next_dagrun for example_python_operator to None, run_after=None
[2024-09-22T03:26:25.706+0000] {processor.py:208} INFO - Processing /home/airflow/.local/lib/python3.12/site-packages/airflow/example_dags/example_python_operator.py took 0.051 seconds
[2024-09-22T03:26:56.235+0000] {processor.py:186} INFO - Started process (PID=1999) to work on /home/airflow/.local/lib/python3.12/site-packages/airflow/example_dags/example_python_operator.py
[2024-09-22T03:26:56.236+0000] {processor.py:914} INFO - Processing file /home/airflow/.local/lib/python3.12/site-packages/airflow/example_dags/example_python_operator.py for tasks to queue
[2024-09-22T03:26:56.238+0000] {logging_mixin.py:190} INFO - [2024-09-22T03:26:56.238+0000] {dagbag.py:588} INFO - Filling up the DagBag from /home/airflow/.local/lib/python3.12/site-packages/airflow/example_dags/example_python_operator.py
[2024-09-22T03:26:56.246+0000] {processor.py:925} INFO - DAG(s) 'example_python_operator' retrieved from /home/airflow/.local/lib/python3.12/site-packages/airflow/example_dags/example_python_operator.py
[2024-09-22T03:26:56.262+0000] {logging_mixin.py:190} INFO - [2024-09-22T03:26:56.262+0000] {dag.py:3239} INFO - Sync 1 DAGs
[2024-09-22T03:26:56.272+0000] {logging_mixin.py:190} INFO - [2024-09-22T03:26:56.272+0000] {dag.py:4180} INFO - Setting next_dagrun for example_python_operator to None, run_after=None
[2024-09-22T03:26:56.282+0000] {processor.py:208} INFO - Processing /home/airflow/.local/lib/python3.12/site-packages/airflow/example_dags/example_python_operator.py took 0.050 seconds
[2024-09-22T03:27:26.678+0000] {processor.py:186} INFO - Started process (PID=2284) to work on /home/airflow/.local/lib/python3.12/site-packages/airflow/example_dags/example_python_operator.py
[2024-09-22T03:27:26.680+0000] {processor.py:914} INFO - Processing file /home/airflow/.local/lib/python3.12/site-packages/airflow/example_dags/example_python_operator.py for tasks to queue
[2024-09-22T03:27:26.681+0000] {logging_mixin.py:190} INFO - [2024-09-22T03:27:26.681+0000] {dagbag.py:588} INFO - Filling up the DagBag from /home/airflow/.local/lib/python3.12/site-packages/airflow/example_dags/example_python_operator.py
[2024-09-22T03:27:26.688+0000] {processor.py:925} INFO - DAG(s) 'example_python_operator' retrieved from /home/airflow/.local/lib/python3.12/site-packages/airflow/example_dags/example_python_operator.py
[2024-09-22T03:27:26.707+0000] {logging_mixin.py:190} INFO - [2024-09-22T03:27:26.707+0000] {dag.py:3239} INFO - Sync 1 DAGs
[2024-09-22T03:27:26.718+0000] {logging_mixin.py:190} INFO - [2024-09-22T03:27:26.718+0000] {dag.py:4180} INFO - Setting next_dagrun for example_python_operator to None, run_after=None
[2024-09-22T03:27:26.729+0000] {processor.py:208} INFO - Processing /home/airflow/.local/lib/python3.12/site-packages/airflow/example_dags/example_python_operator.py took 0.055 seconds
[2024-09-22T03:27:57.122+0000] {processor.py:186} INFO - Started process (PID=2572) to work on /home/airflow/.local/lib/python3.12/site-packages/airflow/example_dags/example_python_operator.py
[2024-09-22T03:27:57.122+0000] {processor.py:914} INFO - Processing file /home/airflow/.local/lib/python3.12/site-packages/airflow/example_dags/example_python_operator.py for tasks to queue
[2024-09-22T03:27:57.124+0000] {logging_mixin.py:190} INFO - [2024-09-22T03:27:57.123+0000] {dagbag.py:588} INFO - Filling up the DagBag from /home/airflow/.local/lib/python3.12/site-packages/airflow/example_dags/example_python_operator.py
[2024-09-22T03:27:57.130+0000] {processor.py:925} INFO - DAG(s) 'example_python_operator' retrieved from /home/airflow/.local/lib/python3.12/site-packages/airflow/example_dags/example_python_operator.py
[2024-09-22T03:27:57.145+0000] {logging_mixin.py:190} INFO - [2024-09-22T03:27:57.145+0000] {dag.py:3239} INFO - Sync 1 DAGs
[2024-09-22T03:27:57.152+0000] {logging_mixin.py:190} INFO - [2024-09-22T03:27:57.152+0000] {dag.py:4180} INFO - Setting next_dagrun for example_python_operator to None, run_after=None
[2024-09-22T03:27:57.162+0000] {processor.py:208} INFO - Processing /home/airflow/.local/lib/python3.12/site-packages/airflow/example_dags/example_python_operator.py took 0.044 seconds
[2024-09-22T03:28:27.452+0000] {processor.py:186} INFO - Started process (PID=2856) to work on /home/airflow/.local/lib/python3.12/site-packages/airflow/example_dags/example_python_operator.py
[2024-09-22T03:28:27.454+0000] {processor.py:914} INFO - Processing file /home/airflow/.local/lib/python3.12/site-packages/airflow/example_dags/example_python_operator.py for tasks to queue
[2024-09-22T03:28:27.456+0000] {logging_mixin.py:190} INFO - [2024-09-22T03:28:27.456+0000] {dagbag.py:588} INFO - Filling up the DagBag from /home/airflow/.local/lib/python3.12/site-packages/airflow/example_dags/example_python_operator.py
[2024-09-22T03:28:27.465+0000] {processor.py:925} INFO - DAG(s) 'example_python_operator' retrieved from /home/airflow/.local/lib/python3.12/site-packages/airflow/example_dags/example_python_operator.py
[2024-09-22T03:28:27.478+0000] {logging_mixin.py:190} INFO - [2024-09-22T03:28:27.478+0000] {dag.py:3239} INFO - Sync 1 DAGs
[2024-09-22T03:28:27.485+0000] {logging_mixin.py:190} INFO - [2024-09-22T03:28:27.485+0000] {dag.py:4180} INFO - Setting next_dagrun for example_python_operator to None, run_after=None
[2024-09-22T03:28:27.499+0000] {processor.py:208} INFO - Processing /home/airflow/.local/lib/python3.12/site-packages/airflow/example_dags/example_python_operator.py took 0.050 seconds
