[2024-09-22T03:23:56.820+0000] {processor.py:186} INFO - Started process (PID=378) to work on /home/airflow/.local/lib/python3.12/site-packages/airflow/example_dags/example_short_circuit_decorator.py
[2024-09-22T03:23:56.824+0000] {processor.py:914} INFO - Processing file /home/airflow/.local/lib/python3.12/site-packages/airflow/example_dags/example_short_circuit_decorator.py for tasks to queue
[2024-09-22T03:23:56.829+0000] {logging_mixin.py:190} INFO - [2024-09-22T03:23:56.829+0000] {dagbag.py:588} INFO - Filling up the DagBag from /home/airflow/.local/lib/python3.12/site-packages/airflow/example_dags/example_short_circuit_decorator.py
[2024-09-22T03:23:56.852+0000] {processor.py:925} INFO - DAG(s) 'example_short_circuit_decorator' retrieved from /home/airflow/.local/lib/python3.12/site-packages/airflow/example_dags/example_short_circuit_decorator.py
[2024-09-22T03:23:57.036+0000] {logging_mixin.py:190} INFO - [2024-09-22T03:23:57.036+0000] {override.py:1900} INFO - Created Permission View: can read on DAG:example_short_circuit_decorator
[2024-09-22T03:23:57.052+0000] {logging_mixin.py:190} INFO - [2024-09-22T03:23:57.052+0000] {override.py:1900} INFO - Created Permission View: can edit on DAG:example_short_circuit_decorator
[2024-09-22T03:23:57.064+0000] {logging_mixin.py:190} INFO - [2024-09-22T03:23:57.064+0000] {override.py:1900} INFO - Created Permission View: can delete on DAG:example_short_circuit_decorator
[2024-09-22T03:23:57.074+0000] {logging_mixin.py:190} INFO - [2024-09-22T03:23:57.074+0000] {override.py:1900} INFO - Created Permission View: can read on DAG Run:example_short_circuit_decorator
[2024-09-22T03:23:57.083+0000] {logging_mixin.py:190} INFO - [2024-09-22T03:23:57.083+0000] {override.py:1900} INFO - Created Permission View: menu access on DAG Run:example_short_circuit_decorator
[2024-09-22T03:23:57.093+0000] {logging_mixin.py:190} INFO - [2024-09-22T03:23:57.093+0000] {override.py:1900} INFO - Created Permission View: can delete on DAG Run:example_short_circuit_decorator
[2024-09-22T03:23:57.100+0000] {logging_mixin.py:190} INFO - [2024-09-22T03:23:57.100+0000] {override.py:1900} INFO - Created Permission View: can create on DAG Run:example_short_circuit_decorator
[2024-09-22T03:23:57.101+0000] {logging_mixin.py:190} INFO - [2024-09-22T03:23:57.101+0000] {dag.py:3239} INFO - Sync 1 DAGs
[2024-09-22T03:23:57.131+0000] {logging_mixin.py:190} INFO - [2024-09-22T03:23:57.128+0000] {dag.py:3262} INFO - Creating ORM DAG for example_short_circuit_decorator
[2024-09-22T03:23:57.134+0000] {logging_mixin.py:190} INFO - [2024-09-22T03:23:57.134+0000] {dag.py:4180} INFO - Setting next_dagrun for example_short_circuit_decorator to None, run_after=None
[2024-09-22T03:23:57.164+0000] {processor.py:208} INFO - Processing /home/airflow/.local/lib/python3.12/site-packages/airflow/example_dags/example_short_circuit_decorator.py took 0.357 seconds
[2024-09-22T03:24:27.581+0000] {processor.py:186} INFO - Started process (PID=666) to work on /home/airflow/.local/lib/python3.12/site-packages/airflow/example_dags/example_short_circuit_decorator.py
[2024-09-22T03:24:27.582+0000] {processor.py:914} INFO - Processing file /home/airflow/.local/lib/python3.12/site-packages/airflow/example_dags/example_short_circuit_decorator.py for tasks to queue
[2024-09-22T03:24:27.583+0000] {logging_mixin.py:190} INFO - [2024-09-22T03:24:27.583+0000] {dagbag.py:588} INFO - Filling up the DagBag from /home/airflow/.local/lib/python3.12/site-packages/airflow/example_dags/example_short_circuit_decorator.py
[2024-09-22T03:24:27.588+0000] {processor.py:925} INFO - DAG(s) 'example_short_circuit_decorator' retrieved from /home/airflow/.local/lib/python3.12/site-packages/airflow/example_dags/example_short_circuit_decorator.py
[2024-09-22T03:24:27.600+0000] {logging_mixin.py:190} INFO - [2024-09-22T03:24:27.600+0000] {dag.py:3239} INFO - Sync 1 DAGs
[2024-09-22T03:24:27.607+0000] {logging_mixin.py:190} INFO - [2024-09-22T03:24:27.607+0000] {dag.py:4180} INFO - Setting next_dagrun for example_short_circuit_decorator to None, run_after=None
[2024-09-22T03:24:27.615+0000] {processor.py:208} INFO - Processing /home/airflow/.local/lib/python3.12/site-packages/airflow/example_dags/example_short_circuit_decorator.py took 0.037 seconds
[2024-09-22T03:24:57.658+0000] {processor.py:186} INFO - Started process (PID=950) to work on /home/airflow/.local/lib/python3.12/site-packages/airflow/example_dags/example_short_circuit_decorator.py
[2024-09-22T03:24:57.661+0000] {processor.py:914} INFO - Processing file /home/airflow/.local/lib/python3.12/site-packages/airflow/example_dags/example_short_circuit_decorator.py for tasks to queue
[2024-09-22T03:24:57.664+0000] {logging_mixin.py:190} INFO - [2024-09-22T03:24:57.664+0000] {dagbag.py:588} INFO - Filling up the DagBag from /home/airflow/.local/lib/python3.12/site-packages/airflow/example_dags/example_short_circuit_decorator.py
[2024-09-22T03:24:57.673+0000] {processor.py:925} INFO - DAG(s) 'example_short_circuit_decorator' retrieved from /home/airflow/.local/lib/python3.12/site-packages/airflow/example_dags/example_short_circuit_decorator.py
[2024-09-22T03:24:57.695+0000] {logging_mixin.py:190} INFO - [2024-09-22T03:24:57.695+0000] {dag.py:3239} INFO - Sync 1 DAGs
[2024-09-22T03:24:57.710+0000] {logging_mixin.py:190} INFO - [2024-09-22T03:24:57.710+0000] {dag.py:4180} INFO - Setting next_dagrun for example_short_circuit_decorator to None, run_after=None
[2024-09-22T03:24:57.730+0000] {processor.py:208} INFO - Processing /home/airflow/.local/lib/python3.12/site-packages/airflow/example_dags/example_short_circuit_decorator.py took 0.078 seconds
[2024-09-22T03:25:28.048+0000] {processor.py:186} INFO - Started process (PID=1236) to work on /home/airflow/.local/lib/python3.12/site-packages/airflow/example_dags/example_short_circuit_decorator.py
[2024-09-22T03:25:28.050+0000] {processor.py:914} INFO - Processing file /home/airflow/.local/lib/python3.12/site-packages/airflow/example_dags/example_short_circuit_decorator.py for tasks to queue
[2024-09-22T03:25:28.052+0000] {logging_mixin.py:190} INFO - [2024-09-22T03:25:28.052+0000] {dagbag.py:588} INFO - Filling up the DagBag from /home/airflow/.local/lib/python3.12/site-packages/airflow/example_dags/example_short_circuit_decorator.py
[2024-09-22T03:25:28.057+0000] {processor.py:925} INFO - DAG(s) 'example_short_circuit_decorator' retrieved from /home/airflow/.local/lib/python3.12/site-packages/airflow/example_dags/example_short_circuit_decorator.py
[2024-09-22T03:25:28.074+0000] {logging_mixin.py:190} INFO - [2024-09-22T03:25:28.074+0000] {dag.py:3239} INFO - Sync 1 DAGs
[2024-09-22T03:25:28.083+0000] {logging_mixin.py:190} INFO - [2024-09-22T03:25:28.083+0000] {dag.py:4180} INFO - Setting next_dagrun for example_short_circuit_decorator to None, run_after=None
[2024-09-22T03:25:28.096+0000] {processor.py:208} INFO - Processing /home/airflow/.local/lib/python3.12/site-packages/airflow/example_dags/example_short_circuit_decorator.py took 0.052 seconds
[2024-09-22T03:25:58.500+0000] {processor.py:186} INFO - Started process (PID=1522) to work on /home/airflow/.local/lib/python3.12/site-packages/airflow/example_dags/example_short_circuit_decorator.py
[2024-09-22T03:25:58.501+0000] {processor.py:914} INFO - Processing file /home/airflow/.local/lib/python3.12/site-packages/airflow/example_dags/example_short_circuit_decorator.py for tasks to queue
[2024-09-22T03:25:58.502+0000] {logging_mixin.py:190} INFO - [2024-09-22T03:25:58.502+0000] {dagbag.py:588} INFO - Filling up the DagBag from /home/airflow/.local/lib/python3.12/site-packages/airflow/example_dags/example_short_circuit_decorator.py
[2024-09-22T03:25:58.510+0000] {processor.py:925} INFO - DAG(s) 'example_short_circuit_decorator' retrieved from /home/airflow/.local/lib/python3.12/site-packages/airflow/example_dags/example_short_circuit_decorator.py
[2024-09-22T03:25:58.527+0000] {logging_mixin.py:190} INFO - [2024-09-22T03:25:58.527+0000] {dag.py:3239} INFO - Sync 1 DAGs
[2024-09-22T03:25:58.536+0000] {logging_mixin.py:190} INFO - [2024-09-22T03:25:58.536+0000] {dag.py:4180} INFO - Setting next_dagrun for example_short_circuit_decorator to None, run_after=None
[2024-09-22T03:25:58.547+0000] {processor.py:208} INFO - Processing /home/airflow/.local/lib/python3.12/site-packages/airflow/example_dags/example_short_circuit_decorator.py took 0.051 seconds
[2024-09-22T03:26:29.313+0000] {processor.py:186} INFO - Started process (PID=1808) to work on /home/airflow/.local/lib/python3.12/site-packages/airflow/example_dags/example_short_circuit_decorator.py
[2024-09-22T03:26:29.314+0000] {processor.py:914} INFO - Processing file /home/airflow/.local/lib/python3.12/site-packages/airflow/example_dags/example_short_circuit_decorator.py for tasks to queue
[2024-09-22T03:26:29.317+0000] {logging_mixin.py:190} INFO - [2024-09-22T03:26:29.316+0000] {dagbag.py:588} INFO - Filling up the DagBag from /home/airflow/.local/lib/python3.12/site-packages/airflow/example_dags/example_short_circuit_decorator.py
[2024-09-22T03:26:29.325+0000] {processor.py:925} INFO - DAG(s) 'example_short_circuit_decorator' retrieved from /home/airflow/.local/lib/python3.12/site-packages/airflow/example_dags/example_short_circuit_decorator.py
[2024-09-22T03:26:29.346+0000] {logging_mixin.py:190} INFO - [2024-09-22T03:26:29.346+0000] {dag.py:3239} INFO - Sync 1 DAGs
[2024-09-22T03:26:29.357+0000] {logging_mixin.py:190} INFO - [2024-09-22T03:26:29.357+0000] {dag.py:4180} INFO - Setting next_dagrun for example_short_circuit_decorator to None, run_after=None
[2024-09-22T03:26:29.368+0000] {processor.py:208} INFO - Processing /home/airflow/.local/lib/python3.12/site-packages/airflow/example_dags/example_short_circuit_decorator.py took 0.059 seconds
[2024-09-22T03:26:59.980+0000] {processor.py:186} INFO - Started process (PID=2094) to work on /home/airflow/.local/lib/python3.12/site-packages/airflow/example_dags/example_short_circuit_decorator.py
[2024-09-22T03:26:59.982+0000] {processor.py:914} INFO - Processing file /home/airflow/.local/lib/python3.12/site-packages/airflow/example_dags/example_short_circuit_decorator.py for tasks to queue
[2024-09-22T03:26:59.984+0000] {logging_mixin.py:190} INFO - [2024-09-22T03:26:59.984+0000] {dagbag.py:588} INFO - Filling up the DagBag from /home/airflow/.local/lib/python3.12/site-packages/airflow/example_dags/example_short_circuit_decorator.py
[2024-09-22T03:26:59.992+0000] {processor.py:925} INFO - DAG(s) 'example_short_circuit_decorator' retrieved from /home/airflow/.local/lib/python3.12/site-packages/airflow/example_dags/example_short_circuit_decorator.py
[2024-09-22T03:27:00.010+0000] {logging_mixin.py:190} INFO - [2024-09-22T03:27:00.009+0000] {dag.py:3239} INFO - Sync 1 DAGs
[2024-09-22T03:27:00.018+0000] {logging_mixin.py:190} INFO - [2024-09-22T03:27:00.018+0000] {dag.py:4180} INFO - Setting next_dagrun for example_short_circuit_decorator to None, run_after=None
[2024-09-22T03:27:00.029+0000] {processor.py:208} INFO - Processing /home/airflow/.local/lib/python3.12/site-packages/airflow/example_dags/example_short_circuit_decorator.py took 0.053 seconds
[2024-09-22T03:27:30.411+0000] {processor.py:186} INFO - Started process (PID=2381) to work on /home/airflow/.local/lib/python3.12/site-packages/airflow/example_dags/example_short_circuit_decorator.py
[2024-09-22T03:27:30.412+0000] {processor.py:914} INFO - Processing file /home/airflow/.local/lib/python3.12/site-packages/airflow/example_dags/example_short_circuit_decorator.py for tasks to queue
[2024-09-22T03:27:30.414+0000] {logging_mixin.py:190} INFO - [2024-09-22T03:27:30.413+0000] {dagbag.py:588} INFO - Filling up the DagBag from /home/airflow/.local/lib/python3.12/site-packages/airflow/example_dags/example_short_circuit_decorator.py
[2024-09-22T03:27:30.419+0000] {processor.py:925} INFO - DAG(s) 'example_short_circuit_decorator' retrieved from /home/airflow/.local/lib/python3.12/site-packages/airflow/example_dags/example_short_circuit_decorator.py
[2024-09-22T03:27:30.433+0000] {logging_mixin.py:190} INFO - [2024-09-22T03:27:30.433+0000] {dag.py:3239} INFO - Sync 1 DAGs
[2024-09-22T03:27:30.442+0000] {logging_mixin.py:190} INFO - [2024-09-22T03:27:30.442+0000] {dag.py:4180} INFO - Setting next_dagrun for example_short_circuit_decorator to None, run_after=None
[2024-09-22T03:27:30.453+0000] {processor.py:208} INFO - Processing /home/airflow/.local/lib/python3.12/site-packages/airflow/example_dags/example_short_circuit_decorator.py took 0.045 seconds
[2024-09-22T03:28:00.761+0000] {processor.py:186} INFO - Started process (PID=2665) to work on /home/airflow/.local/lib/python3.12/site-packages/airflow/example_dags/example_short_circuit_decorator.py
[2024-09-22T03:28:00.763+0000] {processor.py:914} INFO - Processing file /home/airflow/.local/lib/python3.12/site-packages/airflow/example_dags/example_short_circuit_decorator.py for tasks to queue
[2024-09-22T03:28:00.765+0000] {logging_mixin.py:190} INFO - [2024-09-22T03:28:00.765+0000] {dagbag.py:588} INFO - Filling up the DagBag from /home/airflow/.local/lib/python3.12/site-packages/airflow/example_dags/example_short_circuit_decorator.py
[2024-09-22T03:28:00.770+0000] {processor.py:925} INFO - DAG(s) 'example_short_circuit_decorator' retrieved from /home/airflow/.local/lib/python3.12/site-packages/airflow/example_dags/example_short_circuit_decorator.py
[2024-09-22T03:28:00.786+0000] {logging_mixin.py:190} INFO - [2024-09-22T03:28:00.786+0000] {dag.py:3239} INFO - Sync 1 DAGs
[2024-09-22T03:28:00.797+0000] {logging_mixin.py:190} INFO - [2024-09-22T03:28:00.797+0000] {dag.py:4180} INFO - Setting next_dagrun for example_short_circuit_decorator to None, run_after=None
[2024-09-22T03:28:00.806+0000] {processor.py:208} INFO - Processing /home/airflow/.local/lib/python3.12/site-packages/airflow/example_dags/example_short_circuit_decorator.py took 0.048 seconds
[2024-09-22T03:28:31.160+0000] {processor.py:186} INFO - Started process (PID=2953) to work on /home/airflow/.local/lib/python3.12/site-packages/airflow/example_dags/example_short_circuit_decorator.py
[2024-09-22T03:28:31.161+0000] {processor.py:914} INFO - Processing file /home/airflow/.local/lib/python3.12/site-packages/airflow/example_dags/example_short_circuit_decorator.py for tasks to queue
[2024-09-22T03:28:31.162+0000] {logging_mixin.py:190} INFO - [2024-09-22T03:28:31.162+0000] {dagbag.py:588} INFO - Filling up the DagBag from /home/airflow/.local/lib/python3.12/site-packages/airflow/example_dags/example_short_circuit_decorator.py
[2024-09-22T03:28:31.167+0000] {processor.py:925} INFO - DAG(s) 'example_short_circuit_decorator' retrieved from /home/airflow/.local/lib/python3.12/site-packages/airflow/example_dags/example_short_circuit_decorator.py
[2024-09-22T03:28:31.179+0000] {logging_mixin.py:190} INFO - [2024-09-22T03:28:31.178+0000] {dag.py:3239} INFO - Sync 1 DAGs
[2024-09-22T03:28:31.186+0000] {logging_mixin.py:190} INFO - [2024-09-22T03:28:31.185+0000] {dag.py:4180} INFO - Setting next_dagrun for example_short_circuit_decorator to None, run_after=None
[2024-09-22T03:28:31.194+0000] {processor.py:208} INFO - Processing /home/airflow/.local/lib/python3.12/site-packages/airflow/example_dags/example_short_circuit_decorator.py took 0.037 seconds
