[2024-09-22T03:23:58.766+0000] {processor.py:186} INFO - Started process (PID=408) to work on /home/airflow/.local/lib/python3.12/site-packages/airflow/example_dags/example_short_circuit_operator.py
[2024-09-22T03:23:58.766+0000] {processor.py:914} INFO - Processing file /home/airflow/.local/lib/python3.12/site-packages/airflow/example_dags/example_short_circuit_operator.py for tasks to queue
[2024-09-22T03:23:58.769+0000] {logging_mixin.py:190} INFO - [2024-09-22T03:23:58.769+0000] {dagbag.py:588} INFO - Filling up the DagBag from /home/airflow/.local/lib/python3.12/site-packages/airflow/example_dags/example_short_circuit_operator.py
[2024-09-22T03:23:58.785+0000] {processor.py:925} INFO - DAG(s) 'example_short_circuit_operator' retrieved from /home/airflow/.local/lib/python3.12/site-packages/airflow/example_dags/example_short_circuit_operator.py
[2024-09-22T03:23:58.975+0000] {logging_mixin.py:190} INFO - [2024-09-22T03:23:58.974+0000] {override.py:1900} INFO - Created Permission View: can read on DAG:example_short_circuit_operator
[2024-09-22T03:23:58.997+0000] {logging_mixin.py:190} INFO - [2024-09-22T03:23:58.995+0000] {override.py:1900} INFO - Created Permission View: can edit on DAG:example_short_circuit_operator
[2024-09-22T03:23:59.014+0000] {logging_mixin.py:190} INFO - [2024-09-22T03:23:59.014+0000] {override.py:1900} INFO - Created Permission View: can delete on DAG:example_short_circuit_operator
[2024-09-22T03:23:59.027+0000] {logging_mixin.py:190} INFO - [2024-09-22T03:23:59.027+0000] {override.py:1900} INFO - Created Permission View: can read on DAG Run:example_short_circuit_operator
[2024-09-22T03:23:59.033+0000] {logging_mixin.py:190} INFO - [2024-09-22T03:23:59.033+0000] {override.py:1900} INFO - Created Permission View: menu access on DAG Run:example_short_circuit_operator
[2024-09-22T03:23:59.047+0000] {logging_mixin.py:190} INFO - [2024-09-22T03:23:59.047+0000] {override.py:1900} INFO - Created Permission View: can delete on DAG Run:example_short_circuit_operator
[2024-09-22T03:23:59.071+0000] {logging_mixin.py:190} INFO - [2024-09-22T03:23:59.071+0000] {override.py:1900} INFO - Created Permission View: can create on DAG Run:example_short_circuit_operator
[2024-09-22T03:23:59.071+0000] {logging_mixin.py:190} INFO - [2024-09-22T03:23:59.071+0000] {dag.py:3239} INFO - Sync 1 DAGs
[2024-09-22T03:23:59.094+0000] {logging_mixin.py:190} INFO - [2024-09-22T03:23:59.093+0000] {dag.py:3262} INFO - Creating ORM DAG for example_short_circuit_operator
[2024-09-22T03:23:59.100+0000] {logging_mixin.py:190} INFO - [2024-09-22T03:23:59.100+0000] {dag.py:4180} INFO - Setting next_dagrun for example_short_circuit_operator to None, run_after=None
[2024-09-22T03:23:59.142+0000] {processor.py:208} INFO - Processing /home/airflow/.local/lib/python3.12/site-packages/airflow/example_dags/example_short_circuit_operator.py took 0.388 seconds
[2024-09-22T03:24:30.164+0000] {processor.py:186} INFO - Started process (PID=696) to work on /home/airflow/.local/lib/python3.12/site-packages/airflow/example_dags/example_short_circuit_operator.py
[2024-09-22T03:24:30.166+0000] {processor.py:914} INFO - Processing file /home/airflow/.local/lib/python3.12/site-packages/airflow/example_dags/example_short_circuit_operator.py for tasks to queue
[2024-09-22T03:24:30.169+0000] {logging_mixin.py:190} INFO - [2024-09-22T03:24:30.168+0000] {dagbag.py:588} INFO - Filling up the DagBag from /home/airflow/.local/lib/python3.12/site-packages/airflow/example_dags/example_short_circuit_operator.py
[2024-09-22T03:24:30.178+0000] {processor.py:925} INFO - DAG(s) 'example_short_circuit_operator' retrieved from /home/airflow/.local/lib/python3.12/site-packages/airflow/example_dags/example_short_circuit_operator.py
[2024-09-22T03:24:30.204+0000] {logging_mixin.py:190} INFO - [2024-09-22T03:24:30.204+0000] {dag.py:3239} INFO - Sync 1 DAGs
[2024-09-22T03:24:30.217+0000] {logging_mixin.py:190} INFO - [2024-09-22T03:24:30.217+0000] {dag.py:4180} INFO - Setting next_dagrun for example_short_circuit_operator to None, run_after=None
[2024-09-22T03:24:30.235+0000] {processor.py:208} INFO - Processing /home/airflow/.local/lib/python3.12/site-packages/airflow/example_dags/example_short_circuit_operator.py took 0.077 seconds
[2024-09-22T03:25:01.031+0000] {processor.py:186} INFO - Started process (PID=982) to work on /home/airflow/.local/lib/python3.12/site-packages/airflow/example_dags/example_short_circuit_operator.py
[2024-09-22T03:25:01.032+0000] {processor.py:914} INFO - Processing file /home/airflow/.local/lib/python3.12/site-packages/airflow/example_dags/example_short_circuit_operator.py for tasks to queue
[2024-09-22T03:25:01.035+0000] {logging_mixin.py:190} INFO - [2024-09-22T03:25:01.035+0000] {dagbag.py:588} INFO - Filling up the DagBag from /home/airflow/.local/lib/python3.12/site-packages/airflow/example_dags/example_short_circuit_operator.py
[2024-09-22T03:25:01.044+0000] {processor.py:925} INFO - DAG(s) 'example_short_circuit_operator' retrieved from /home/airflow/.local/lib/python3.12/site-packages/airflow/example_dags/example_short_circuit_operator.py
[2024-09-22T03:25:01.064+0000] {logging_mixin.py:190} INFO - [2024-09-22T03:25:01.064+0000] {dag.py:3239} INFO - Sync 1 DAGs
[2024-09-22T03:25:01.073+0000] {logging_mixin.py:190} INFO - [2024-09-22T03:25:01.073+0000] {dag.py:4180} INFO - Setting next_dagrun for example_short_circuit_operator to None, run_after=None
[2024-09-22T03:25:01.085+0000] {processor.py:208} INFO - Processing /home/airflow/.local/lib/python3.12/site-packages/airflow/example_dags/example_short_circuit_operator.py took 0.061 seconds
[2024-09-22T03:25:31.507+0000] {processor.py:186} INFO - Started process (PID=1268) to work on /home/airflow/.local/lib/python3.12/site-packages/airflow/example_dags/example_short_circuit_operator.py
[2024-09-22T03:25:31.508+0000] {processor.py:914} INFO - Processing file /home/airflow/.local/lib/python3.12/site-packages/airflow/example_dags/example_short_circuit_operator.py for tasks to queue
[2024-09-22T03:25:31.510+0000] {logging_mixin.py:190} INFO - [2024-09-22T03:25:31.509+0000] {dagbag.py:588} INFO - Filling up the DagBag from /home/airflow/.local/lib/python3.12/site-packages/airflow/example_dags/example_short_circuit_operator.py
[2024-09-22T03:25:31.518+0000] {processor.py:925} INFO - DAG(s) 'example_short_circuit_operator' retrieved from /home/airflow/.local/lib/python3.12/site-packages/airflow/example_dags/example_short_circuit_operator.py
[2024-09-22T03:25:31.537+0000] {logging_mixin.py:190} INFO - [2024-09-22T03:25:31.536+0000] {dag.py:3239} INFO - Sync 1 DAGs
[2024-09-22T03:25:31.544+0000] {logging_mixin.py:190} INFO - [2024-09-22T03:25:31.544+0000] {dag.py:4180} INFO - Setting next_dagrun for example_short_circuit_operator to None, run_after=None
[2024-09-22T03:25:31.557+0000] {processor.py:208} INFO - Processing /home/airflow/.local/lib/python3.12/site-packages/airflow/example_dags/example_short_circuit_operator.py took 0.057 seconds
[2024-09-22T03:26:02.102+0000] {processor.py:186} INFO - Started process (PID=1554) to work on /home/airflow/.local/lib/python3.12/site-packages/airflow/example_dags/example_short_circuit_operator.py
[2024-09-22T03:26:02.105+0000] {processor.py:914} INFO - Processing file /home/airflow/.local/lib/python3.12/site-packages/airflow/example_dags/example_short_circuit_operator.py for tasks to queue
[2024-09-22T03:26:02.108+0000] {logging_mixin.py:190} INFO - [2024-09-22T03:26:02.108+0000] {dagbag.py:588} INFO - Filling up the DagBag from /home/airflow/.local/lib/python3.12/site-packages/airflow/example_dags/example_short_circuit_operator.py
[2024-09-22T03:26:02.126+0000] {processor.py:925} INFO - DAG(s) 'example_short_circuit_operator' retrieved from /home/airflow/.local/lib/python3.12/site-packages/airflow/example_dags/example_short_circuit_operator.py
[2024-09-22T03:26:02.159+0000] {logging_mixin.py:190} INFO - [2024-09-22T03:26:02.159+0000] {dag.py:3239} INFO - Sync 1 DAGs
[2024-09-22T03:26:02.178+0000] {logging_mixin.py:190} INFO - [2024-09-22T03:26:02.178+0000] {dag.py:4180} INFO - Setting next_dagrun for example_short_circuit_operator to None, run_after=None
[2024-09-22T03:26:02.194+0000] {processor.py:208} INFO - Processing /home/airflow/.local/lib/python3.12/site-packages/airflow/example_dags/example_short_circuit_operator.py took 0.101 seconds
[2024-09-22T03:26:32.984+0000] {processor.py:186} INFO - Started process (PID=1840) to work on /home/airflow/.local/lib/python3.12/site-packages/airflow/example_dags/example_short_circuit_operator.py
[2024-09-22T03:26:32.987+0000] {processor.py:914} INFO - Processing file /home/airflow/.local/lib/python3.12/site-packages/airflow/example_dags/example_short_circuit_operator.py for tasks to queue
[2024-09-22T03:26:32.997+0000] {logging_mixin.py:190} INFO - [2024-09-22T03:26:32.997+0000] {dagbag.py:588} INFO - Filling up the DagBag from /home/airflow/.local/lib/python3.12/site-packages/airflow/example_dags/example_short_circuit_operator.py
[2024-09-22T03:26:33.011+0000] {processor.py:925} INFO - DAG(s) 'example_short_circuit_operator' retrieved from /home/airflow/.local/lib/python3.12/site-packages/airflow/example_dags/example_short_circuit_operator.py
[2024-09-22T03:26:33.062+0000] {logging_mixin.py:190} INFO - [2024-09-22T03:26:33.062+0000] {dag.py:3239} INFO - Sync 1 DAGs
[2024-09-22T03:26:33.093+0000] {logging_mixin.py:190} INFO - [2024-09-22T03:26:33.093+0000] {dag.py:4180} INFO - Setting next_dagrun for example_short_circuit_operator to None, run_after=None
[2024-09-22T03:26:33.146+0000] {processor.py:208} INFO - Processing /home/airflow/.local/lib/python3.12/site-packages/airflow/example_dags/example_short_circuit_operator.py took 0.177 seconds
[2024-09-22T03:27:03.376+0000] {processor.py:186} INFO - Started process (PID=2126) to work on /home/airflow/.local/lib/python3.12/site-packages/airflow/example_dags/example_short_circuit_operator.py
[2024-09-22T03:27:03.377+0000] {processor.py:914} INFO - Processing file /home/airflow/.local/lib/python3.12/site-packages/airflow/example_dags/example_short_circuit_operator.py for tasks to queue
[2024-09-22T03:27:03.379+0000] {logging_mixin.py:190} INFO - [2024-09-22T03:27:03.378+0000] {dagbag.py:588} INFO - Filling up the DagBag from /home/airflow/.local/lib/python3.12/site-packages/airflow/example_dags/example_short_circuit_operator.py
[2024-09-22T03:27:03.384+0000] {processor.py:925} INFO - DAG(s) 'example_short_circuit_operator' retrieved from /home/airflow/.local/lib/python3.12/site-packages/airflow/example_dags/example_short_circuit_operator.py
[2024-09-22T03:27:03.405+0000] {logging_mixin.py:190} INFO - [2024-09-22T03:27:03.405+0000] {dag.py:3239} INFO - Sync 1 DAGs
[2024-09-22T03:27:03.414+0000] {logging_mixin.py:190} INFO - [2024-09-22T03:27:03.414+0000] {dag.py:4180} INFO - Setting next_dagrun for example_short_circuit_operator to None, run_after=None
[2024-09-22T03:27:03.424+0000] {processor.py:208} INFO - Processing /home/airflow/.local/lib/python3.12/site-packages/airflow/example_dags/example_short_circuit_operator.py took 0.052 seconds
[2024-09-22T03:27:33.771+0000] {processor.py:186} INFO - Started process (PID=2411) to work on /home/airflow/.local/lib/python3.12/site-packages/airflow/example_dags/example_short_circuit_operator.py
[2024-09-22T03:27:33.771+0000] {processor.py:914} INFO - Processing file /home/airflow/.local/lib/python3.12/site-packages/airflow/example_dags/example_short_circuit_operator.py for tasks to queue
[2024-09-22T03:27:33.774+0000] {logging_mixin.py:190} INFO - [2024-09-22T03:27:33.773+0000] {dagbag.py:588} INFO - Filling up the DagBag from /home/airflow/.local/lib/python3.12/site-packages/airflow/example_dags/example_short_circuit_operator.py
[2024-09-22T03:27:33.781+0000] {processor.py:925} INFO - DAG(s) 'example_short_circuit_operator' retrieved from /home/airflow/.local/lib/python3.12/site-packages/airflow/example_dags/example_short_circuit_operator.py
[2024-09-22T03:27:33.804+0000] {logging_mixin.py:190} INFO - [2024-09-22T03:27:33.804+0000] {dag.py:3239} INFO - Sync 1 DAGs
[2024-09-22T03:27:33.812+0000] {logging_mixin.py:190} INFO - [2024-09-22T03:27:33.812+0000] {dag.py:4180} INFO - Setting next_dagrun for example_short_circuit_operator to None, run_after=None
[2024-09-22T03:27:33.826+0000] {processor.py:208} INFO - Processing /home/airflow/.local/lib/python3.12/site-packages/airflow/example_dags/example_short_circuit_operator.py took 0.059 seconds
[2024-09-22T03:28:04.167+0000] {processor.py:186} INFO - Started process (PID=2697) to work on /home/airflow/.local/lib/python3.12/site-packages/airflow/example_dags/example_short_circuit_operator.py
[2024-09-22T03:28:04.170+0000] {processor.py:914} INFO - Processing file /home/airflow/.local/lib/python3.12/site-packages/airflow/example_dags/example_short_circuit_operator.py for tasks to queue
[2024-09-22T03:28:04.173+0000] {logging_mixin.py:190} INFO - [2024-09-22T03:28:04.172+0000] {dagbag.py:588} INFO - Filling up the DagBag from /home/airflow/.local/lib/python3.12/site-packages/airflow/example_dags/example_short_circuit_operator.py
[2024-09-22T03:28:04.180+0000] {processor.py:925} INFO - DAG(s) 'example_short_circuit_operator' retrieved from /home/airflow/.local/lib/python3.12/site-packages/airflow/example_dags/example_short_circuit_operator.py
[2024-09-22T03:28:04.199+0000] {logging_mixin.py:190} INFO - [2024-09-22T03:28:04.199+0000] {dag.py:3239} INFO - Sync 1 DAGs
[2024-09-22T03:28:04.210+0000] {logging_mixin.py:190} INFO - [2024-09-22T03:28:04.210+0000] {dag.py:4180} INFO - Setting next_dagrun for example_short_circuit_operator to None, run_after=None
[2024-09-22T03:28:04.220+0000] {processor.py:208} INFO - Processing /home/airflow/.local/lib/python3.12/site-packages/airflow/example_dags/example_short_circuit_operator.py took 0.062 seconds
[2024-09-22T03:28:34.544+0000] {processor.py:186} INFO - Started process (PID=2983) to work on /home/airflow/.local/lib/python3.12/site-packages/airflow/example_dags/example_short_circuit_operator.py
[2024-09-22T03:28:34.544+0000] {processor.py:914} INFO - Processing file /home/airflow/.local/lib/python3.12/site-packages/airflow/example_dags/example_short_circuit_operator.py for tasks to queue
[2024-09-22T03:28:34.546+0000] {logging_mixin.py:190} INFO - [2024-09-22T03:28:34.546+0000] {dagbag.py:588} INFO - Filling up the DagBag from /home/airflow/.local/lib/python3.12/site-packages/airflow/example_dags/example_short_circuit_operator.py
[2024-09-22T03:28:34.551+0000] {processor.py:925} INFO - DAG(s) 'example_short_circuit_operator' retrieved from /home/airflow/.local/lib/python3.12/site-packages/airflow/example_dags/example_short_circuit_operator.py
[2024-09-22T03:28:34.566+0000] {logging_mixin.py:190} INFO - [2024-09-22T03:28:34.566+0000] {dag.py:3239} INFO - Sync 1 DAGs
[2024-09-22T03:28:34.582+0000] {logging_mixin.py:190} INFO - [2024-09-22T03:28:34.582+0000] {dag.py:4180} INFO - Setting next_dagrun for example_short_circuit_operator to None, run_after=None
[2024-09-22T03:28:34.592+0000] {processor.py:208} INFO - Processing /home/airflow/.local/lib/python3.12/site-packages/airflow/example_dags/example_short_circuit_operator.py took 0.053 seconds
