[2024-09-22T03:23:54.596+0000] {processor.py:186} INFO - Started process (PID=328) to work on /home/airflow/.local/lib/python3.12/site-packages/airflow/example_dags/example_sensors.py
[2024-09-22T03:23:54.598+0000] {processor.py:914} INFO - Processing file /home/airflow/.local/lib/python3.12/site-packages/airflow/example_dags/example_sensors.py for tasks to queue
[2024-09-22T03:23:54.606+0000] {logging_mixin.py:190} INFO - [2024-09-22T03:23:54.606+0000] {dagbag.py:588} INFO - Filling up the DagBag from /home/airflow/.local/lib/python3.12/site-packages/airflow/example_dags/example_sensors.py
[2024-09-22T03:23:54.628+0000] {processor.py:925} INFO - DAG(s) 'example_sensors' retrieved from /home/airflow/.local/lib/python3.12/site-packages/airflow/example_dags/example_sensors.py
[2024-09-22T03:23:54.800+0000] {logging_mixin.py:190} INFO - [2024-09-22T03:23:54.800+0000] {override.py:1900} INFO - Created Permission View: can read on DAG:example_sensors
[2024-09-22T03:23:54.821+0000] {logging_mixin.py:190} INFO - [2024-09-22T03:23:54.821+0000] {override.py:1900} INFO - Created Permission View: can edit on DAG:example_sensors
[2024-09-22T03:23:54.830+0000] {logging_mixin.py:190} INFO - [2024-09-22T03:23:54.830+0000] {override.py:1900} INFO - Created Permission View: can delete on DAG:example_sensors
[2024-09-22T03:23:54.841+0000] {logging_mixin.py:190} INFO - [2024-09-22T03:23:54.840+0000] {override.py:1900} INFO - Created Permission View: can read on DAG Run:example_sensors
[2024-09-22T03:23:54.851+0000] {logging_mixin.py:190} INFO - [2024-09-22T03:23:54.851+0000] {override.py:1900} INFO - Created Permission View: menu access on DAG Run:example_sensors
[2024-09-22T03:23:54.861+0000] {logging_mixin.py:190} INFO - [2024-09-22T03:23:54.861+0000] {override.py:1900} INFO - Created Permission View: can delete on DAG Run:example_sensors
[2024-09-22T03:23:54.884+0000] {logging_mixin.py:190} INFO - [2024-09-22T03:23:54.884+0000] {override.py:1900} INFO - Created Permission View: can create on DAG Run:example_sensors
[2024-09-22T03:23:54.887+0000] {logging_mixin.py:190} INFO - [2024-09-22T03:23:54.887+0000] {dag.py:3239} INFO - Sync 1 DAGs
[2024-09-22T03:23:54.906+0000] {logging_mixin.py:190} INFO - [2024-09-22T03:23:54.906+0000] {dag.py:3262} INFO - Creating ORM DAG for example_sensors
[2024-09-22T03:23:54.909+0000] {logging_mixin.py:190} INFO - [2024-09-22T03:23:54.909+0000] {dag.py:4180} INFO - Setting next_dagrun for example_sensors to None, run_after=None
[2024-09-22T03:23:54.938+0000] {processor.py:208} INFO - Processing /home/airflow/.local/lib/python3.12/site-packages/airflow/example_dags/example_sensors.py took 0.355 seconds
[2024-09-22T03:24:25.658+0000] {processor.py:186} INFO - Started process (PID=614) to work on /home/airflow/.local/lib/python3.12/site-packages/airflow/example_dags/example_sensors.py
[2024-09-22T03:24:25.661+0000] {processor.py:914} INFO - Processing file /home/airflow/.local/lib/python3.12/site-packages/airflow/example_dags/example_sensors.py for tasks to queue
[2024-09-22T03:24:25.664+0000] {logging_mixin.py:190} INFO - [2024-09-22T03:24:25.663+0000] {dagbag.py:588} INFO - Filling up the DagBag from /home/airflow/.local/lib/python3.12/site-packages/airflow/example_dags/example_sensors.py
[2024-09-22T03:24:25.684+0000] {processor.py:925} INFO - DAG(s) 'example_sensors' retrieved from /home/airflow/.local/lib/python3.12/site-packages/airflow/example_dags/example_sensors.py
[2024-09-22T03:24:25.752+0000] {logging_mixin.py:190} INFO - [2024-09-22T03:24:25.751+0000] {dag.py:3239} INFO - Sync 1 DAGs
[2024-09-22T03:24:25.786+0000] {logging_mixin.py:190} INFO - [2024-09-22T03:24:25.786+0000] {dag.py:4180} INFO - Setting next_dagrun for example_sensors to None, run_after=None
[2024-09-22T03:24:25.823+0000] {processor.py:208} INFO - Processing /home/airflow/.local/lib/python3.12/site-packages/airflow/example_dags/example_sensors.py took 0.180 seconds
[2024-09-22T03:24:56.179+0000] {processor.py:186} INFO - Started process (PID=900) to work on /home/airflow/.local/lib/python3.12/site-packages/airflow/example_dags/example_sensors.py
[2024-09-22T03:24:56.180+0000] {processor.py:914} INFO - Processing file /home/airflow/.local/lib/python3.12/site-packages/airflow/example_dags/example_sensors.py for tasks to queue
[2024-09-22T03:24:56.183+0000] {logging_mixin.py:190} INFO - [2024-09-22T03:24:56.182+0000] {dagbag.py:588} INFO - Filling up the DagBag from /home/airflow/.local/lib/python3.12/site-packages/airflow/example_dags/example_sensors.py
[2024-09-22T03:24:56.192+0000] {processor.py:925} INFO - DAG(s) 'example_sensors' retrieved from /home/airflow/.local/lib/python3.12/site-packages/airflow/example_dags/example_sensors.py
[2024-09-22T03:24:56.210+0000] {logging_mixin.py:190} INFO - [2024-09-22T03:24:56.210+0000] {dag.py:3239} INFO - Sync 1 DAGs
[2024-09-22T03:24:56.218+0000] {logging_mixin.py:190} INFO - [2024-09-22T03:24:56.218+0000] {dag.py:4180} INFO - Setting next_dagrun for example_sensors to None, run_after=None
[2024-09-22T03:24:56.228+0000] {processor.py:208} INFO - Processing /home/airflow/.local/lib/python3.12/site-packages/airflow/example_dags/example_sensors.py took 0.053 seconds
[2024-09-22T03:25:26.702+0000] {processor.py:186} INFO - Started process (PID=1186) to work on /home/airflow/.local/lib/python3.12/site-packages/airflow/example_dags/example_sensors.py
[2024-09-22T03:25:26.703+0000] {processor.py:914} INFO - Processing file /home/airflow/.local/lib/python3.12/site-packages/airflow/example_dags/example_sensors.py for tasks to queue
[2024-09-22T03:25:26.704+0000] {logging_mixin.py:190} INFO - [2024-09-22T03:25:26.704+0000] {dagbag.py:588} INFO - Filling up the DagBag from /home/airflow/.local/lib/python3.12/site-packages/airflow/example_dags/example_sensors.py
[2024-09-22T03:25:26.711+0000] {processor.py:925} INFO - DAG(s) 'example_sensors' retrieved from /home/airflow/.local/lib/python3.12/site-packages/airflow/example_dags/example_sensors.py
[2024-09-22T03:25:26.728+0000] {logging_mixin.py:190} INFO - [2024-09-22T03:25:26.728+0000] {dag.py:3239} INFO - Sync 1 DAGs
[2024-09-22T03:25:26.735+0000] {logging_mixin.py:190} INFO - [2024-09-22T03:25:26.735+0000] {dag.py:4180} INFO - Setting next_dagrun for example_sensors to None, run_after=None
[2024-09-22T03:25:26.748+0000] {processor.py:208} INFO - Processing /home/airflow/.local/lib/python3.12/site-packages/airflow/example_dags/example_sensors.py took 0.051 seconds
[2024-09-22T03:25:57.145+0000] {processor.py:186} INFO - Started process (PID=1472) to work on /home/airflow/.local/lib/python3.12/site-packages/airflow/example_dags/example_sensors.py
[2024-09-22T03:25:57.146+0000] {processor.py:914} INFO - Processing file /home/airflow/.local/lib/python3.12/site-packages/airflow/example_dags/example_sensors.py for tasks to queue
[2024-09-22T03:25:57.148+0000] {logging_mixin.py:190} INFO - [2024-09-22T03:25:57.148+0000] {dagbag.py:588} INFO - Filling up the DagBag from /home/airflow/.local/lib/python3.12/site-packages/airflow/example_dags/example_sensors.py
[2024-09-22T03:25:57.154+0000] {processor.py:925} INFO - DAG(s) 'example_sensors' retrieved from /home/airflow/.local/lib/python3.12/site-packages/airflow/example_dags/example_sensors.py
[2024-09-22T03:25:57.174+0000] {logging_mixin.py:190} INFO - [2024-09-22T03:25:57.174+0000] {dag.py:3239} INFO - Sync 1 DAGs
[2024-09-22T03:25:57.184+0000] {logging_mixin.py:190} INFO - [2024-09-22T03:25:57.184+0000] {dag.py:4180} INFO - Setting next_dagrun for example_sensors to None, run_after=None
[2024-09-22T03:25:57.193+0000] {processor.py:208} INFO - Processing /home/airflow/.local/lib/python3.12/site-packages/airflow/example_dags/example_sensors.py took 0.052 seconds
[2024-09-22T03:26:27.975+0000] {processor.py:186} INFO - Started process (PID=1758) to work on /home/airflow/.local/lib/python3.12/site-packages/airflow/example_dags/example_sensors.py
[2024-09-22T03:26:27.976+0000] {processor.py:914} INFO - Processing file /home/airflow/.local/lib/python3.12/site-packages/airflow/example_dags/example_sensors.py for tasks to queue
[2024-09-22T03:26:27.978+0000] {logging_mixin.py:190} INFO - [2024-09-22T03:26:27.978+0000] {dagbag.py:588} INFO - Filling up the DagBag from /home/airflow/.local/lib/python3.12/site-packages/airflow/example_dags/example_sensors.py
[2024-09-22T03:26:27.985+0000] {processor.py:925} INFO - DAG(s) 'example_sensors' retrieved from /home/airflow/.local/lib/python3.12/site-packages/airflow/example_dags/example_sensors.py
[2024-09-22T03:26:28.002+0000] {logging_mixin.py:190} INFO - [2024-09-22T03:26:28.001+0000] {dag.py:3239} INFO - Sync 1 DAGs
[2024-09-22T03:26:28.011+0000] {logging_mixin.py:190} INFO - [2024-09-22T03:26:28.011+0000] {dag.py:4180} INFO - Setting next_dagrun for example_sensors to None, run_after=None
[2024-09-22T03:26:28.023+0000] {processor.py:208} INFO - Processing /home/airflow/.local/lib/python3.12/site-packages/airflow/example_dags/example_sensors.py took 0.052 seconds
[2024-09-22T03:26:58.605+0000] {processor.py:186} INFO - Started process (PID=2044) to work on /home/airflow/.local/lib/python3.12/site-packages/airflow/example_dags/example_sensors.py
[2024-09-22T03:26:58.606+0000] {processor.py:914} INFO - Processing file /home/airflow/.local/lib/python3.12/site-packages/airflow/example_dags/example_sensors.py for tasks to queue
[2024-09-22T03:26:58.608+0000] {logging_mixin.py:190} INFO - [2024-09-22T03:26:58.608+0000] {dagbag.py:588} INFO - Filling up the DagBag from /home/airflow/.local/lib/python3.12/site-packages/airflow/example_dags/example_sensors.py
[2024-09-22T03:26:58.615+0000] {processor.py:925} INFO - DAG(s) 'example_sensors' retrieved from /home/airflow/.local/lib/python3.12/site-packages/airflow/example_dags/example_sensors.py
[2024-09-22T03:26:58.630+0000] {logging_mixin.py:190} INFO - [2024-09-22T03:26:58.630+0000] {dag.py:3239} INFO - Sync 1 DAGs
[2024-09-22T03:26:58.640+0000] {logging_mixin.py:190} INFO - [2024-09-22T03:26:58.640+0000] {dag.py:4180} INFO - Setting next_dagrun for example_sensors to None, run_after=None
[2024-09-22T03:26:58.653+0000] {processor.py:208} INFO - Processing /home/airflow/.local/lib/python3.12/site-packages/airflow/example_dags/example_sensors.py took 0.052 seconds
[2024-09-22T03:27:29.013+0000] {processor.py:186} INFO - Started process (PID=2329) to work on /home/airflow/.local/lib/python3.12/site-packages/airflow/example_dags/example_sensors.py
[2024-09-22T03:27:29.014+0000] {processor.py:914} INFO - Processing file /home/airflow/.local/lib/python3.12/site-packages/airflow/example_dags/example_sensors.py for tasks to queue
[2024-09-22T03:27:29.015+0000] {logging_mixin.py:190} INFO - [2024-09-22T03:27:29.015+0000] {dagbag.py:588} INFO - Filling up the DagBag from /home/airflow/.local/lib/python3.12/site-packages/airflow/example_dags/example_sensors.py
[2024-09-22T03:27:29.023+0000] {processor.py:925} INFO - DAG(s) 'example_sensors' retrieved from /home/airflow/.local/lib/python3.12/site-packages/airflow/example_dags/example_sensors.py
[2024-09-22T03:27:29.044+0000] {logging_mixin.py:190} INFO - [2024-09-22T03:27:29.044+0000] {dag.py:3239} INFO - Sync 1 DAGs
[2024-09-22T03:27:29.055+0000] {logging_mixin.py:190} INFO - [2024-09-22T03:27:29.055+0000] {dag.py:4180} INFO - Setting next_dagrun for example_sensors to None, run_after=None
[2024-09-22T03:27:29.068+0000] {processor.py:208} INFO - Processing /home/airflow/.local/lib/python3.12/site-packages/airflow/example_dags/example_sensors.py took 0.060 seconds
[2024-09-22T03:27:59.412+0000] {processor.py:186} INFO - Started process (PID=2615) to work on /home/airflow/.local/lib/python3.12/site-packages/airflow/example_dags/example_sensors.py
[2024-09-22T03:27:59.413+0000] {processor.py:914} INFO - Processing file /home/airflow/.local/lib/python3.12/site-packages/airflow/example_dags/example_sensors.py for tasks to queue
[2024-09-22T03:27:59.415+0000] {logging_mixin.py:190} INFO - [2024-09-22T03:27:59.414+0000] {dagbag.py:588} INFO - Filling up the DagBag from /home/airflow/.local/lib/python3.12/site-packages/airflow/example_dags/example_sensors.py
[2024-09-22T03:27:59.421+0000] {processor.py:925} INFO - DAG(s) 'example_sensors' retrieved from /home/airflow/.local/lib/python3.12/site-packages/airflow/example_dags/example_sensors.py
[2024-09-22T03:27:59.436+0000] {logging_mixin.py:190} INFO - [2024-09-22T03:27:59.436+0000] {dag.py:3239} INFO - Sync 1 DAGs
[2024-09-22T03:27:59.446+0000] {logging_mixin.py:190} INFO - [2024-09-22T03:27:59.446+0000] {dag.py:4180} INFO - Setting next_dagrun for example_sensors to None, run_after=None
[2024-09-22T03:27:59.455+0000] {processor.py:208} INFO - Processing /home/airflow/.local/lib/python3.12/site-packages/airflow/example_dags/example_sensors.py took 0.047 seconds
[2024-09-22T03:28:29.776+0000] {processor.py:186} INFO - Started process (PID=2901) to work on /home/airflow/.local/lib/python3.12/site-packages/airflow/example_dags/example_sensors.py
[2024-09-22T03:28:29.777+0000] {processor.py:914} INFO - Processing file /home/airflow/.local/lib/python3.12/site-packages/airflow/example_dags/example_sensors.py for tasks to queue
[2024-09-22T03:28:29.781+0000] {logging_mixin.py:190} INFO - [2024-09-22T03:28:29.781+0000] {dagbag.py:588} INFO - Filling up the DagBag from /home/airflow/.local/lib/python3.12/site-packages/airflow/example_dags/example_sensors.py
[2024-09-22T03:28:29.787+0000] {processor.py:925} INFO - DAG(s) 'example_sensors' retrieved from /home/airflow/.local/lib/python3.12/site-packages/airflow/example_dags/example_sensors.py
[2024-09-22T03:28:29.803+0000] {logging_mixin.py:190} INFO - [2024-09-22T03:28:29.803+0000] {dag.py:3239} INFO - Sync 1 DAGs
[2024-09-22T03:28:29.811+0000] {logging_mixin.py:190} INFO - [2024-09-22T03:28:29.811+0000] {dag.py:4180} INFO - Setting next_dagrun for example_sensors to None, run_after=None
[2024-09-22T03:28:29.821+0000] {processor.py:208} INFO - Processing /home/airflow/.local/lib/python3.12/site-packages/airflow/example_dags/example_sensors.py took 0.049 seconds
