[2024-09-22T03:23:47.609+0000] {processor.py:186} INFO - Started process (PID=184) to work on /home/airflow/.local/lib/python3.12/site-packages/airflow/example_dags/example_nested_branch_dag.py
[2024-09-22T03:23:47.612+0000] {processor.py:914} INFO - Processing file /home/airflow/.local/lib/python3.12/site-packages/airflow/example_dags/example_nested_branch_dag.py for tasks to queue
[2024-09-22T03:23:47.613+0000] {logging_mixin.py:190} INFO - [2024-09-22T03:23:47.613+0000] {dagbag.py:588} INFO - Filling up the DagBag from /home/airflow/.local/lib/python3.12/site-packages/airflow/example_dags/example_nested_branch_dag.py
[2024-09-22T03:23:47.652+0000] {processor.py:925} INFO - DAG(s) 'example_nested_branch_dag' retrieved from /home/airflow/.local/lib/python3.12/site-packages/airflow/example_dags/example_nested_branch_dag.py
[2024-09-22T03:23:48.059+0000] {logging_mixin.py:190} INFO - [2024-09-22T03:23:48.059+0000] {override.py:1900} INFO - Created Permission View: can read on DAG:example_nested_branch_dag
[2024-09-22T03:23:48.076+0000] {logging_mixin.py:190} INFO - [2024-09-22T03:23:48.075+0000] {override.py:1900} INFO - Created Permission View: can edit on DAG:example_nested_branch_dag
[2024-09-22T03:23:48.088+0000] {logging_mixin.py:190} INFO - [2024-09-22T03:23:48.088+0000] {override.py:1900} INFO - Created Permission View: can delete on DAG:example_nested_branch_dag
[2024-09-22T03:23:48.100+0000] {logging_mixin.py:190} INFO - [2024-09-22T03:23:48.100+0000] {override.py:1900} INFO - Created Permission View: can read on DAG Run:example_nested_branch_dag
[2024-09-22T03:23:48.107+0000] {logging_mixin.py:190} INFO - [2024-09-22T03:23:48.106+0000] {override.py:1900} INFO - Created Permission View: menu access on DAG Run:example_nested_branch_dag
[2024-09-22T03:23:48.122+0000] {logging_mixin.py:190} INFO - [2024-09-22T03:23:48.122+0000] {override.py:1900} INFO - Created Permission View: can delete on DAG Run:example_nested_branch_dag
[2024-09-22T03:23:48.130+0000] {logging_mixin.py:190} INFO - [2024-09-22T03:23:48.130+0000] {override.py:1900} INFO - Created Permission View: can create on DAG Run:example_nested_branch_dag
[2024-09-22T03:23:48.132+0000] {logging_mixin.py:190} INFO - [2024-09-22T03:23:48.132+0000] {dag.py:3239} INFO - Sync 1 DAGs
[2024-09-22T03:23:48.152+0000] {logging_mixin.py:190} INFO - [2024-09-22T03:23:48.150+0000] {dag.py:3262} INFO - Creating ORM DAG for example_nested_branch_dag
[2024-09-22T03:23:48.169+0000] {logging_mixin.py:190} INFO - [2024-09-22T03:23:48.169+0000] {dag.py:4180} INFO - Setting next_dagrun for example_nested_branch_dag to 2024-09-21 00:00:00+00:00, run_after=2024-09-22 00:00:00+00:00
[2024-09-22T03:23:48.201+0000] {processor.py:208} INFO - Processing /home/airflow/.local/lib/python3.12/site-packages/airflow/example_dags/example_nested_branch_dag.py took 0.605 seconds
[2024-09-22T03:24:19.054+0000] {processor.py:186} INFO - Started process (PID=470) to work on /home/airflow/.local/lib/python3.12/site-packages/airflow/example_dags/example_nested_branch_dag.py
[2024-09-22T03:24:19.058+0000] {processor.py:914} INFO - Processing file /home/airflow/.local/lib/python3.12/site-packages/airflow/example_dags/example_nested_branch_dag.py for tasks to queue
[2024-09-22T03:24:19.059+0000] {logging_mixin.py:190} INFO - [2024-09-22T03:24:19.059+0000] {dagbag.py:588} INFO - Filling up the DagBag from /home/airflow/.local/lib/python3.12/site-packages/airflow/example_dags/example_nested_branch_dag.py
[2024-09-22T03:24:19.071+0000] {processor.py:925} INFO - DAG(s) 'example_nested_branch_dag' retrieved from /home/airflow/.local/lib/python3.12/site-packages/airflow/example_dags/example_nested_branch_dag.py
[2024-09-22T03:24:19.096+0000] {logging_mixin.py:190} INFO - [2024-09-22T03:24:19.096+0000] {dag.py:3239} INFO - Sync 1 DAGs
[2024-09-22T03:24:19.120+0000] {logging_mixin.py:190} INFO - [2024-09-22T03:24:19.120+0000] {dag.py:4180} INFO - Setting next_dagrun for example_nested_branch_dag to 2024-09-21 00:00:00+00:00, run_after=2024-09-22 00:00:00+00:00
[2024-09-22T03:24:19.136+0000] {processor.py:208} INFO - Processing /home/airflow/.local/lib/python3.12/site-packages/airflow/example_dags/example_nested_branch_dag.py took 0.087 seconds
[2024-09-22T03:24:49.930+0000] {processor.py:186} INFO - Started process (PID=756) to work on /home/airflow/.local/lib/python3.12/site-packages/airflow/example_dags/example_nested_branch_dag.py
[2024-09-22T03:24:49.932+0000] {processor.py:914} INFO - Processing file /home/airflow/.local/lib/python3.12/site-packages/airflow/example_dags/example_nested_branch_dag.py for tasks to queue
[2024-09-22T03:24:49.934+0000] {logging_mixin.py:190} INFO - [2024-09-22T03:24:49.933+0000] {dagbag.py:588} INFO - Filling up the DagBag from /home/airflow/.local/lib/python3.12/site-packages/airflow/example_dags/example_nested_branch_dag.py
[2024-09-22T03:24:49.948+0000] {processor.py:925} INFO - DAG(s) 'example_nested_branch_dag' retrieved from /home/airflow/.local/lib/python3.12/site-packages/airflow/example_dags/example_nested_branch_dag.py
[2024-09-22T03:24:49.974+0000] {logging_mixin.py:190} INFO - [2024-09-22T03:24:49.974+0000] {dag.py:3239} INFO - Sync 1 DAGs
[2024-09-22T03:24:49.998+0000] {logging_mixin.py:190} INFO - [2024-09-22T03:24:49.998+0000] {dag.py:4180} INFO - Setting next_dagrun for example_nested_branch_dag to 2024-09-21 00:00:00+00:00, run_after=2024-09-22 00:00:00+00:00
[2024-09-22T03:24:50.017+0000] {processor.py:208} INFO - Processing /home/airflow/.local/lib/python3.12/site-packages/airflow/example_dags/example_nested_branch_dag.py took 0.096 seconds
[2024-09-22T03:25:20.583+0000] {processor.py:186} INFO - Started process (PID=1042) to work on /home/airflow/.local/lib/python3.12/site-packages/airflow/example_dags/example_nested_branch_dag.py
[2024-09-22T03:25:20.586+0000] {processor.py:914} INFO - Processing file /home/airflow/.local/lib/python3.12/site-packages/airflow/example_dags/example_nested_branch_dag.py for tasks to queue
[2024-09-22T03:25:20.589+0000] {logging_mixin.py:190} INFO - [2024-09-22T03:25:20.588+0000] {dagbag.py:588} INFO - Filling up the DagBag from /home/airflow/.local/lib/python3.12/site-packages/airflow/example_dags/example_nested_branch_dag.py
[2024-09-22T03:25:20.602+0000] {processor.py:925} INFO - DAG(s) 'example_nested_branch_dag' retrieved from /home/airflow/.local/lib/python3.12/site-packages/airflow/example_dags/example_nested_branch_dag.py
[2024-09-22T03:25:20.619+0000] {logging_mixin.py:190} INFO - [2024-09-22T03:25:20.619+0000] {dag.py:3239} INFO - Sync 1 DAGs
[2024-09-22T03:25:20.633+0000] {logging_mixin.py:190} INFO - [2024-09-22T03:25:20.633+0000] {dag.py:4180} INFO - Setting next_dagrun for example_nested_branch_dag to 2024-09-21 00:00:00+00:00, run_after=2024-09-22 00:00:00+00:00
[2024-09-22T03:25:20.645+0000] {processor.py:208} INFO - Processing /home/airflow/.local/lib/python3.12/site-packages/airflow/example_dags/example_nested_branch_dag.py took 0.069 seconds
[2024-09-22T03:25:51.094+0000] {processor.py:186} INFO - Started process (PID=1334) to work on /home/airflow/.local/lib/python3.12/site-packages/airflow/example_dags/example_nested_branch_dag.py
[2024-09-22T03:25:51.095+0000] {processor.py:914} INFO - Processing file /home/airflow/.local/lib/python3.12/site-packages/airflow/example_dags/example_nested_branch_dag.py for tasks to queue
[2024-09-22T03:25:51.097+0000] {logging_mixin.py:190} INFO - [2024-09-22T03:25:51.097+0000] {dagbag.py:588} INFO - Filling up the DagBag from /home/airflow/.local/lib/python3.12/site-packages/airflow/example_dags/example_nested_branch_dag.py
[2024-09-22T03:25:51.109+0000] {processor.py:925} INFO - DAG(s) 'example_nested_branch_dag' retrieved from /home/airflow/.local/lib/python3.12/site-packages/airflow/example_dags/example_nested_branch_dag.py
[2024-09-22T03:25:51.122+0000] {logging_mixin.py:190} INFO - [2024-09-22T03:25:51.122+0000] {dag.py:3239} INFO - Sync 1 DAGs
[2024-09-22T03:25:51.135+0000] {logging_mixin.py:190} INFO - [2024-09-22T03:25:51.135+0000] {dag.py:4180} INFO - Setting next_dagrun for example_nested_branch_dag to 2024-09-21 00:00:00+00:00, run_after=2024-09-22 00:00:00+00:00
[2024-09-22T03:25:51.146+0000] {processor.py:208} INFO - Processing /home/airflow/.local/lib/python3.12/site-packages/airflow/example_dags/example_nested_branch_dag.py took 0.059 seconds
[2024-09-22T03:26:21.847+0000] {processor.py:186} INFO - Started process (PID=1620) to work on /home/airflow/.local/lib/python3.12/site-packages/airflow/example_dags/example_nested_branch_dag.py
[2024-09-22T03:26:21.850+0000] {processor.py:914} INFO - Processing file /home/airflow/.local/lib/python3.12/site-packages/airflow/example_dags/example_nested_branch_dag.py for tasks to queue
[2024-09-22T03:26:21.853+0000] {logging_mixin.py:190} INFO - [2024-09-22T03:26:21.853+0000] {dagbag.py:588} INFO - Filling up the DagBag from /home/airflow/.local/lib/python3.12/site-packages/airflow/example_dags/example_nested_branch_dag.py
[2024-09-22T03:26:21.864+0000] {processor.py:925} INFO - DAG(s) 'example_nested_branch_dag' retrieved from /home/airflow/.local/lib/python3.12/site-packages/airflow/example_dags/example_nested_branch_dag.py
[2024-09-22T03:26:21.877+0000] {logging_mixin.py:190} INFO - [2024-09-22T03:26:21.876+0000] {dag.py:3239} INFO - Sync 1 DAGs
[2024-09-22T03:26:21.891+0000] {logging_mixin.py:190} INFO - [2024-09-22T03:26:21.891+0000] {dag.py:4180} INFO - Setting next_dagrun for example_nested_branch_dag to 2024-09-21 00:00:00+00:00, run_after=2024-09-22 00:00:00+00:00
[2024-09-22T03:26:21.903+0000] {processor.py:208} INFO - Processing /home/airflow/.local/lib/python3.12/site-packages/airflow/example_dags/example_nested_branch_dag.py took 0.062 seconds
[2024-09-22T03:26:52.505+0000] {processor.py:186} INFO - Started process (PID=1906) to work on /home/airflow/.local/lib/python3.12/site-packages/airflow/example_dags/example_nested_branch_dag.py
[2024-09-22T03:26:52.507+0000] {processor.py:914} INFO - Processing file /home/airflow/.local/lib/python3.12/site-packages/airflow/example_dags/example_nested_branch_dag.py for tasks to queue
[2024-09-22T03:26:52.510+0000] {logging_mixin.py:190} INFO - [2024-09-22T03:26:52.510+0000] {dagbag.py:588} INFO - Filling up the DagBag from /home/airflow/.local/lib/python3.12/site-packages/airflow/example_dags/example_nested_branch_dag.py
[2024-09-22T03:26:52.519+0000] {processor.py:925} INFO - DAG(s) 'example_nested_branch_dag' retrieved from /home/airflow/.local/lib/python3.12/site-packages/airflow/example_dags/example_nested_branch_dag.py
[2024-09-22T03:26:52.540+0000] {logging_mixin.py:190} INFO - [2024-09-22T03:26:52.540+0000] {dag.py:3239} INFO - Sync 1 DAGs
[2024-09-22T03:26:52.556+0000] {logging_mixin.py:190} INFO - [2024-09-22T03:26:52.555+0000] {dag.py:4180} INFO - Setting next_dagrun for example_nested_branch_dag to 2024-09-21 00:00:00+00:00, run_after=2024-09-22 00:00:00+00:00
[2024-09-22T03:26:52.566+0000] {processor.py:208} INFO - Processing /home/airflow/.local/lib/python3.12/site-packages/airflow/example_dags/example_nested_branch_dag.py took 0.066 seconds
[2024-09-22T03:27:22.954+0000] {processor.py:186} INFO - Started process (PID=2191) to work on /home/airflow/.local/lib/python3.12/site-packages/airflow/example_dags/example_nested_branch_dag.py
[2024-09-22T03:27:22.956+0000] {processor.py:914} INFO - Processing file /home/airflow/.local/lib/python3.12/site-packages/airflow/example_dags/example_nested_branch_dag.py for tasks to queue
[2024-09-22T03:27:22.959+0000] {logging_mixin.py:190} INFO - [2024-09-22T03:27:22.958+0000] {dagbag.py:588} INFO - Filling up the DagBag from /home/airflow/.local/lib/python3.12/site-packages/airflow/example_dags/example_nested_branch_dag.py
[2024-09-22T03:27:22.967+0000] {processor.py:925} INFO - DAG(s) 'example_nested_branch_dag' retrieved from /home/airflow/.local/lib/python3.12/site-packages/airflow/example_dags/example_nested_branch_dag.py
[2024-09-22T03:27:22.981+0000] {logging_mixin.py:190} INFO - [2024-09-22T03:27:22.980+0000] {dag.py:3239} INFO - Sync 1 DAGs
[2024-09-22T03:27:22.997+0000] {logging_mixin.py:190} INFO - [2024-09-22T03:27:22.996+0000] {dag.py:4180} INFO - Setting next_dagrun for example_nested_branch_dag to 2024-09-21 00:00:00+00:00, run_after=2024-09-22 00:00:00+00:00
[2024-09-22T03:27:23.010+0000] {processor.py:208} INFO - Processing /home/airflow/.local/lib/python3.12/site-packages/airflow/example_dags/example_nested_branch_dag.py took 0.063 seconds
[2024-09-22T03:27:53.344+0000] {processor.py:186} INFO - Started process (PID=2477) to work on /home/airflow/.local/lib/python3.12/site-packages/airflow/example_dags/example_nested_branch_dag.py
[2024-09-22T03:27:53.346+0000] {processor.py:914} INFO - Processing file /home/airflow/.local/lib/python3.12/site-packages/airflow/example_dags/example_nested_branch_dag.py for tasks to queue
[2024-09-22T03:27:53.348+0000] {logging_mixin.py:190} INFO - [2024-09-22T03:27:53.348+0000] {dagbag.py:588} INFO - Filling up the DagBag from /home/airflow/.local/lib/python3.12/site-packages/airflow/example_dags/example_nested_branch_dag.py
[2024-09-22T03:27:53.356+0000] {processor.py:925} INFO - DAG(s) 'example_nested_branch_dag' retrieved from /home/airflow/.local/lib/python3.12/site-packages/airflow/example_dags/example_nested_branch_dag.py
[2024-09-22T03:27:53.371+0000] {logging_mixin.py:190} INFO - [2024-09-22T03:27:53.371+0000] {dag.py:3239} INFO - Sync 1 DAGs
[2024-09-22T03:27:53.389+0000] {logging_mixin.py:190} INFO - [2024-09-22T03:27:53.388+0000] {dag.py:4180} INFO - Setting next_dagrun for example_nested_branch_dag to 2024-09-21 00:00:00+00:00, run_after=2024-09-22 00:00:00+00:00
[2024-09-22T03:27:53.400+0000] {processor.py:208} INFO - Processing /home/airflow/.local/lib/python3.12/site-packages/airflow/example_dags/example_nested_branch_dag.py took 0.061 seconds
[2024-09-22T03:28:23.765+0000] {processor.py:186} INFO - Started process (PID=2763) to work on /home/airflow/.local/lib/python3.12/site-packages/airflow/example_dags/example_nested_branch_dag.py
[2024-09-22T03:28:23.767+0000] {processor.py:914} INFO - Processing file /home/airflow/.local/lib/python3.12/site-packages/airflow/example_dags/example_nested_branch_dag.py for tasks to queue
[2024-09-22T03:28:23.772+0000] {logging_mixin.py:190} INFO - [2024-09-22T03:28:23.771+0000] {dagbag.py:588} INFO - Filling up the DagBag from /home/airflow/.local/lib/python3.12/site-packages/airflow/example_dags/example_nested_branch_dag.py
[2024-09-22T03:28:23.784+0000] {processor.py:925} INFO - DAG(s) 'example_nested_branch_dag' retrieved from /home/airflow/.local/lib/python3.12/site-packages/airflow/example_dags/example_nested_branch_dag.py
[2024-09-22T03:28:23.802+0000] {logging_mixin.py:190} INFO - [2024-09-22T03:28:23.802+0000] {dag.py:3239} INFO - Sync 1 DAGs
[2024-09-22T03:28:23.816+0000] {logging_mixin.py:190} INFO - [2024-09-22T03:28:23.816+0000] {dag.py:4180} INFO - Setting next_dagrun for example_nested_branch_dag to 2024-09-21 00:00:00+00:00, run_after=2024-09-22 00:00:00+00:00
[2024-09-22T03:28:23.829+0000] {processor.py:208} INFO - Processing /home/airflow/.local/lib/python3.12/site-packages/airflow/example_dags/example_nested_branch_dag.py took 0.070 seconds
