[2024-09-22T03:23:48.644+0000] {processor.py:186} INFO - Started process (PID=204) to work on /home/airflow/.local/lib/python3.12/site-packages/airflow/example_dags/tutorial.py
[2024-09-22T03:23:48.645+0000] {processor.py:914} INFO - Processing file /home/airflow/.local/lib/python3.12/site-packages/airflow/example_dags/tutorial.py for tasks to queue
[2024-09-22T03:23:48.646+0000] {logging_mixin.py:190} INFO - [2024-09-22T03:23:48.646+0000] {dagbag.py:588} INFO - Filling up the DagBag from /home/airflow/.local/lib/python3.12/site-packages/airflow/example_dags/tutorial.py
[2024-09-22T03:23:48.656+0000] {processor.py:925} INFO - DAG(s) 'tutorial' retrieved from /home/airflow/.local/lib/python3.12/site-packages/airflow/example_dags/tutorial.py
[2024-09-22T03:23:48.773+0000] {logging_mixin.py:190} INFO - [2024-09-22T03:23:48.773+0000] {override.py:1900} INFO - Created Permission View: can read on DAG:tutorial
[2024-09-22T03:23:48.783+0000] {logging_mixin.py:190} INFO - [2024-09-22T03:23:48.783+0000] {override.py:1900} INFO - Created Permission View: can edit on DAG:tutorial
[2024-09-22T03:23:48.791+0000] {logging_mixin.py:190} INFO - [2024-09-22T03:23:48.791+0000] {override.py:1900} INFO - Created Permission View: can delete on DAG:tutorial
[2024-09-22T03:23:48.800+0000] {logging_mixin.py:190} INFO - [2024-09-22T03:23:48.800+0000] {override.py:1900} INFO - Created Permission View: can read on DAG Run:tutorial
[2024-09-22T03:23:48.805+0000] {logging_mixin.py:190} INFO - [2024-09-22T03:23:48.805+0000] {override.py:1900} INFO - Created Permission View: menu access on DAG Run:tutorial
[2024-09-22T03:23:48.811+0000] {logging_mixin.py:190} INFO - [2024-09-22T03:23:48.811+0000] {override.py:1900} INFO - Created Permission View: can delete on DAG Run:tutorial
[2024-09-22T03:23:48.818+0000] {logging_mixin.py:190} INFO - [2024-09-22T03:23:48.818+0000] {override.py:1900} INFO - Created Permission View: can create on DAG Run:tutorial
[2024-09-22T03:23:48.819+0000] {logging_mixin.py:190} INFO - [2024-09-22T03:23:48.819+0000] {dag.py:3239} INFO - Sync 1 DAGs
[2024-09-22T03:23:48.828+0000] {logging_mixin.py:190} INFO - [2024-09-22T03:23:48.828+0000] {dag.py:3262} INFO - Creating ORM DAG for tutorial
[2024-09-22T03:23:48.839+0000] {logging_mixin.py:190} INFO - [2024-09-22T03:23:48.839+0000] {dag.py:4180} INFO - Setting next_dagrun for tutorial to 2024-09-21 00:00:00+00:00, run_after=2024-09-22 00:00:00+00:00
[2024-09-22T03:23:48.862+0000] {processor.py:208} INFO - Processing /home/airflow/.local/lib/python3.12/site-packages/airflow/example_dags/tutorial.py took 0.225 seconds
[2024-09-22T03:24:19.223+0000] {processor.py:186} INFO - Started process (PID=487) to work on /home/airflow/.local/lib/python3.12/site-packages/airflow/example_dags/tutorial.py
[2024-09-22T03:24:19.224+0000] {processor.py:914} INFO - Processing file /home/airflow/.local/lib/python3.12/site-packages/airflow/example_dags/tutorial.py for tasks to queue
[2024-09-22T03:24:19.226+0000] {logging_mixin.py:190} INFO - [2024-09-22T03:24:19.226+0000] {dagbag.py:588} INFO - Filling up the DagBag from /home/airflow/.local/lib/python3.12/site-packages/airflow/example_dags/tutorial.py
[2024-09-22T03:24:19.233+0000] {processor.py:925} INFO - DAG(s) 'tutorial' retrieved from /home/airflow/.local/lib/python3.12/site-packages/airflow/example_dags/tutorial.py
[2024-09-22T03:24:19.254+0000] {logging_mixin.py:190} INFO - [2024-09-22T03:24:19.254+0000] {dag.py:3239} INFO - Sync 1 DAGs
[2024-09-22T03:24:19.278+0000] {logging_mixin.py:190} INFO - [2024-09-22T03:24:19.278+0000] {dag.py:4180} INFO - Setting next_dagrun for tutorial to 2024-09-21 00:00:00+00:00, run_after=2024-09-22 00:00:00+00:00
[2024-09-22T03:24:19.299+0000] {processor.py:208} INFO - Processing /home/airflow/.local/lib/python3.12/site-packages/airflow/example_dags/tutorial.py took 0.081 seconds
[2024-09-22T03:24:50.167+0000] {processor.py:186} INFO - Started process (PID=776) to work on /home/airflow/.local/lib/python3.12/site-packages/airflow/example_dags/tutorial.py
[2024-09-22T03:24:50.168+0000] {processor.py:914} INFO - Processing file /home/airflow/.local/lib/python3.12/site-packages/airflow/example_dags/tutorial.py for tasks to queue
[2024-09-22T03:24:50.169+0000] {logging_mixin.py:190} INFO - [2024-09-22T03:24:50.169+0000] {dagbag.py:588} INFO - Filling up the DagBag from /home/airflow/.local/lib/python3.12/site-packages/airflow/example_dags/tutorial.py
[2024-09-22T03:24:50.173+0000] {processor.py:925} INFO - DAG(s) 'tutorial' retrieved from /home/airflow/.local/lib/python3.12/site-packages/airflow/example_dags/tutorial.py
[2024-09-22T03:24:50.183+0000] {logging_mixin.py:190} INFO - [2024-09-22T03:24:50.183+0000] {dag.py:3239} INFO - Sync 1 DAGs
[2024-09-22T03:24:50.195+0000] {logging_mixin.py:190} INFO - [2024-09-22T03:24:50.195+0000] {dag.py:4180} INFO - Setting next_dagrun for tutorial to 2024-09-21 00:00:00+00:00, run_after=2024-09-22 00:00:00+00:00
[2024-09-22T03:24:50.203+0000] {processor.py:208} INFO - Processing /home/airflow/.local/lib/python3.12/site-packages/airflow/example_dags/tutorial.py took 0.040 seconds
[2024-09-22T03:25:20.728+0000] {processor.py:186} INFO - Started process (PID=1060) to work on /home/airflow/.local/lib/python3.12/site-packages/airflow/example_dags/tutorial.py
[2024-09-22T03:25:20.729+0000] {processor.py:914} INFO - Processing file /home/airflow/.local/lib/python3.12/site-packages/airflow/example_dags/tutorial.py for tasks to queue
[2024-09-22T03:25:20.731+0000] {logging_mixin.py:190} INFO - [2024-09-22T03:25:20.731+0000] {dagbag.py:588} INFO - Filling up the DagBag from /home/airflow/.local/lib/python3.12/site-packages/airflow/example_dags/tutorial.py
[2024-09-22T03:25:20.739+0000] {processor.py:925} INFO - DAG(s) 'tutorial' retrieved from /home/airflow/.local/lib/python3.12/site-packages/airflow/example_dags/tutorial.py
[2024-09-22T03:25:20.753+0000] {logging_mixin.py:190} INFO - [2024-09-22T03:25:20.752+0000] {dag.py:3239} INFO - Sync 1 DAGs
[2024-09-22T03:25:20.768+0000] {logging_mixin.py:190} INFO - [2024-09-22T03:25:20.768+0000] {dag.py:4180} INFO - Setting next_dagrun for tutorial to 2024-09-21 00:00:00+00:00, run_after=2024-09-22 00:00:00+00:00
[2024-09-22T03:25:20.779+0000] {processor.py:208} INFO - Processing /home/airflow/.local/lib/python3.12/site-packages/airflow/example_dags/tutorial.py took 0.055 seconds
[2024-09-22T03:25:51.228+0000] {processor.py:186} INFO - Started process (PID=1352) to work on /home/airflow/.local/lib/python3.12/site-packages/airflow/example_dags/tutorial.py
[2024-09-22T03:25:51.229+0000] {processor.py:914} INFO - Processing file /home/airflow/.local/lib/python3.12/site-packages/airflow/example_dags/tutorial.py for tasks to queue
[2024-09-22T03:25:51.231+0000] {logging_mixin.py:190} INFO - [2024-09-22T03:25:51.230+0000] {dagbag.py:588} INFO - Filling up the DagBag from /home/airflow/.local/lib/python3.12/site-packages/airflow/example_dags/tutorial.py
[2024-09-22T03:25:51.236+0000] {processor.py:925} INFO - DAG(s) 'tutorial' retrieved from /home/airflow/.local/lib/python3.12/site-packages/airflow/example_dags/tutorial.py
[2024-09-22T03:25:51.249+0000] {logging_mixin.py:190} INFO - [2024-09-22T03:25:51.249+0000] {dag.py:3239} INFO - Sync 1 DAGs
[2024-09-22T03:25:51.262+0000] {logging_mixin.py:190} INFO - [2024-09-22T03:25:51.261+0000] {dag.py:4180} INFO - Setting next_dagrun for tutorial to 2024-09-21 00:00:00+00:00, run_after=2024-09-22 00:00:00+00:00
[2024-09-22T03:25:51.276+0000] {processor.py:208} INFO - Processing /home/airflow/.local/lib/python3.12/site-packages/airflow/example_dags/tutorial.py took 0.051 seconds
[2024-09-22T03:26:21.995+0000] {processor.py:186} INFO - Started process (PID=1638) to work on /home/airflow/.local/lib/python3.12/site-packages/airflow/example_dags/tutorial.py
[2024-09-22T03:26:21.997+0000] {processor.py:914} INFO - Processing file /home/airflow/.local/lib/python3.12/site-packages/airflow/example_dags/tutorial.py for tasks to queue
[2024-09-22T03:26:21.999+0000] {logging_mixin.py:190} INFO - [2024-09-22T03:26:21.998+0000] {dagbag.py:588} INFO - Filling up the DagBag from /home/airflow/.local/lib/python3.12/site-packages/airflow/example_dags/tutorial.py
[2024-09-22T03:26:22.004+0000] {processor.py:925} INFO - DAG(s) 'tutorial' retrieved from /home/airflow/.local/lib/python3.12/site-packages/airflow/example_dags/tutorial.py
[2024-09-22T03:26:22.018+0000] {logging_mixin.py:190} INFO - [2024-09-22T03:26:22.018+0000] {dag.py:3239} INFO - Sync 1 DAGs
[2024-09-22T03:26:22.035+0000] {logging_mixin.py:190} INFO - [2024-09-22T03:26:22.035+0000] {dag.py:4180} INFO - Setting next_dagrun for tutorial to 2024-09-21 00:00:00+00:00, run_after=2024-09-22 00:00:00+00:00
[2024-09-22T03:26:22.052+0000] {processor.py:208} INFO - Processing /home/airflow/.local/lib/python3.12/site-packages/airflow/example_dags/tutorial.py took 0.061 seconds
[2024-09-22T03:26:52.656+0000] {processor.py:186} INFO - Started process (PID=1924) to work on /home/airflow/.local/lib/python3.12/site-packages/airflow/example_dags/tutorial.py
[2024-09-22T03:26:52.656+0000] {processor.py:914} INFO - Processing file /home/airflow/.local/lib/python3.12/site-packages/airflow/example_dags/tutorial.py for tasks to queue
[2024-09-22T03:26:52.658+0000] {logging_mixin.py:190} INFO - [2024-09-22T03:26:52.658+0000] {dagbag.py:588} INFO - Filling up the DagBag from /home/airflow/.local/lib/python3.12/site-packages/airflow/example_dags/tutorial.py
[2024-09-22T03:26:52.664+0000] {processor.py:925} INFO - DAG(s) 'tutorial' retrieved from /home/airflow/.local/lib/python3.12/site-packages/airflow/example_dags/tutorial.py
[2024-09-22T03:26:52.677+0000] {logging_mixin.py:190} INFO - [2024-09-22T03:26:52.676+0000] {dag.py:3239} INFO - Sync 1 DAGs
[2024-09-22T03:26:52.689+0000] {logging_mixin.py:190} INFO - [2024-09-22T03:26:52.689+0000] {dag.py:4180} INFO - Setting next_dagrun for tutorial to 2024-09-21 00:00:00+00:00, run_after=2024-09-22 00:00:00+00:00
[2024-09-22T03:26:52.703+0000] {processor.py:208} INFO - Processing /home/airflow/.local/lib/python3.12/site-packages/airflow/example_dags/tutorial.py took 0.050 seconds
[2024-09-22T03:27:23.103+0000] {processor.py:186} INFO - Started process (PID=2209) to work on /home/airflow/.local/lib/python3.12/site-packages/airflow/example_dags/tutorial.py
[2024-09-22T03:27:23.106+0000] {processor.py:914} INFO - Processing file /home/airflow/.local/lib/python3.12/site-packages/airflow/example_dags/tutorial.py for tasks to queue
[2024-09-22T03:27:23.108+0000] {logging_mixin.py:190} INFO - [2024-09-22T03:27:23.108+0000] {dagbag.py:588} INFO - Filling up the DagBag from /home/airflow/.local/lib/python3.12/site-packages/airflow/example_dags/tutorial.py
[2024-09-22T03:27:23.113+0000] {processor.py:925} INFO - DAG(s) 'tutorial' retrieved from /home/airflow/.local/lib/python3.12/site-packages/airflow/example_dags/tutorial.py
[2024-09-22T03:27:23.126+0000] {logging_mixin.py:190} INFO - [2024-09-22T03:27:23.126+0000] {dag.py:3239} INFO - Sync 1 DAGs
[2024-09-22T03:27:23.141+0000] {logging_mixin.py:190} INFO - [2024-09-22T03:27:23.141+0000] {dag.py:4180} INFO - Setting next_dagrun for tutorial to 2024-09-21 00:00:00+00:00, run_after=2024-09-22 00:00:00+00:00
[2024-09-22T03:27:23.154+0000] {processor.py:208} INFO - Processing /home/airflow/.local/lib/python3.12/site-packages/airflow/example_dags/tutorial.py took 0.054 seconds
[2024-09-22T03:27:53.509+0000] {processor.py:186} INFO - Started process (PID=2497) to work on /home/airflow/.local/lib/python3.12/site-packages/airflow/example_dags/tutorial.py
[2024-09-22T03:27:53.510+0000] {processor.py:914} INFO - Processing file /home/airflow/.local/lib/python3.12/site-packages/airflow/example_dags/tutorial.py for tasks to queue
[2024-09-22T03:27:53.511+0000] {logging_mixin.py:190} INFO - [2024-09-22T03:27:53.511+0000] {dagbag.py:588} INFO - Filling up the DagBag from /home/airflow/.local/lib/python3.12/site-packages/airflow/example_dags/tutorial.py
[2024-09-22T03:27:53.516+0000] {processor.py:925} INFO - DAG(s) 'tutorial' retrieved from /home/airflow/.local/lib/python3.12/site-packages/airflow/example_dags/tutorial.py
[2024-09-22T03:27:53.527+0000] {logging_mixin.py:190} INFO - [2024-09-22T03:27:53.527+0000] {dag.py:3239} INFO - Sync 1 DAGs
[2024-09-22T03:27:53.541+0000] {logging_mixin.py:190} INFO - [2024-09-22T03:27:53.540+0000] {dag.py:4180} INFO - Setting next_dagrun for tutorial to 2024-09-21 00:00:00+00:00, run_after=2024-09-22 00:00:00+00:00
[2024-09-22T03:27:53.550+0000] {processor.py:208} INFO - Processing /home/airflow/.local/lib/python3.12/site-packages/airflow/example_dags/tutorial.py took 0.045 seconds
[2024-09-22T03:28:23.920+0000] {processor.py:186} INFO - Started process (PID=2783) to work on /home/airflow/.local/lib/python3.12/site-packages/airflow/example_dags/tutorial.py
[2024-09-22T03:28:23.920+0000] {processor.py:914} INFO - Processing file /home/airflow/.local/lib/python3.12/site-packages/airflow/example_dags/tutorial.py for tasks to queue
[2024-09-22T03:28:23.921+0000] {logging_mixin.py:190} INFO - [2024-09-22T03:28:23.921+0000] {dagbag.py:588} INFO - Filling up the DagBag from /home/airflow/.local/lib/python3.12/site-packages/airflow/example_dags/tutorial.py
[2024-09-22T03:28:23.925+0000] {processor.py:925} INFO - DAG(s) 'tutorial' retrieved from /home/airflow/.local/lib/python3.12/site-packages/airflow/example_dags/tutorial.py
[2024-09-22T03:28:23.936+0000] {logging_mixin.py:190} INFO - [2024-09-22T03:28:23.935+0000] {dag.py:3239} INFO - Sync 1 DAGs
[2024-09-22T03:28:23.947+0000] {logging_mixin.py:190} INFO - [2024-09-22T03:28:23.946+0000] {dag.py:4180} INFO - Setting next_dagrun for tutorial to 2024-09-21 00:00:00+00:00, run_after=2024-09-22 00:00:00+00:00
[2024-09-22T03:28:23.954+0000] {processor.py:208} INFO - Processing /home/airflow/.local/lib/python3.12/site-packages/airflow/example_dags/tutorial.py took 0.038 seconds
