[2024-09-22T03:23:53.653+0000] {processor.py:186} INFO - Started process (PID=315) to work on /home/airflow/.local/lib/python3.12/site-packages/airflow/example_dags/tutorial_dag.py
[2024-09-22T03:23:53.654+0000] {processor.py:914} INFO - Processing file /home/airflow/.local/lib/python3.12/site-packages/airflow/example_dags/tutorial_dag.py for tasks to queue
[2024-09-22T03:23:53.659+0000] {logging_mixin.py:190} INFO - [2024-09-22T03:23:53.659+0000] {dagbag.py:588} INFO - Filling up the DagBag from /home/airflow/.local/lib/python3.12/site-packages/airflow/example_dags/tutorial_dag.py
[2024-09-22T03:23:53.680+0000] {processor.py:925} INFO - DAG(s) 'tutorial_dag' retrieved from /home/airflow/.local/lib/python3.12/site-packages/airflow/example_dags/tutorial_dag.py
[2024-09-22T03:23:53.853+0000] {logging_mixin.py:190} INFO - [2024-09-22T03:23:53.853+0000] {override.py:1900} INFO - Created Permission View: can read on DAG:tutorial_dag
[2024-09-22T03:23:53.868+0000] {logging_mixin.py:190} INFO - [2024-09-22T03:23:53.868+0000] {override.py:1900} INFO - Created Permission View: can edit on DAG:tutorial_dag
[2024-09-22T03:23:53.880+0000] {logging_mixin.py:190} INFO - [2024-09-22T03:23:53.880+0000] {override.py:1900} INFO - Created Permission View: can delete on DAG:tutorial_dag
[2024-09-22T03:23:53.888+0000] {logging_mixin.py:190} INFO - [2024-09-22T03:23:53.888+0000] {override.py:1900} INFO - Created Permission View: can read on DAG Run:tutorial_dag
[2024-09-22T03:23:53.897+0000] {logging_mixin.py:190} INFO - [2024-09-22T03:23:53.897+0000] {override.py:1900} INFO - Created Permission View: menu access on DAG Run:tutorial_dag
[2024-09-22T03:23:53.904+0000] {logging_mixin.py:190} INFO - [2024-09-22T03:23:53.904+0000] {override.py:1900} INFO - Created Permission View: can delete on DAG Run:tutorial_dag
[2024-09-22T03:23:53.914+0000] {logging_mixin.py:190} INFO - [2024-09-22T03:23:53.914+0000] {override.py:1900} INFO - Created Permission View: can create on DAG Run:tutorial_dag
[2024-09-22T03:23:53.915+0000] {logging_mixin.py:190} INFO - [2024-09-22T03:23:53.915+0000] {dag.py:3239} INFO - Sync 1 DAGs
[2024-09-22T03:23:53.934+0000] {logging_mixin.py:190} INFO - [2024-09-22T03:23:53.934+0000] {dag.py:3262} INFO - Creating ORM DAG for tutorial_dag
[2024-09-22T03:23:53.937+0000] {logging_mixin.py:190} INFO - [2024-09-22T03:23:53.937+0000] {dag.py:4180} INFO - Setting next_dagrun for tutorial_dag to None, run_after=None
[2024-09-22T03:23:53.957+0000] {processor.py:208} INFO - Processing /home/airflow/.local/lib/python3.12/site-packages/airflow/example_dags/tutorial_dag.py took 0.315 seconds
[2024-09-22T03:24:24.296+0000] {processor.py:186} INFO - Started process (PID=599) to work on /home/airflow/.local/lib/python3.12/site-packages/airflow/example_dags/tutorial_dag.py
[2024-09-22T03:24:24.299+0000] {processor.py:914} INFO - Processing file /home/airflow/.local/lib/python3.12/site-packages/airflow/example_dags/tutorial_dag.py for tasks to queue
[2024-09-22T03:24:24.302+0000] {logging_mixin.py:190} INFO - [2024-09-22T03:24:24.301+0000] {dagbag.py:588} INFO - Filling up the DagBag from /home/airflow/.local/lib/python3.12/site-packages/airflow/example_dags/tutorial_dag.py
[2024-09-22T03:24:24.312+0000] {processor.py:925} INFO - DAG(s) 'tutorial_dag' retrieved from /home/airflow/.local/lib/python3.12/site-packages/airflow/example_dags/tutorial_dag.py
[2024-09-22T03:24:24.330+0000] {logging_mixin.py:190} INFO - [2024-09-22T03:24:24.330+0000] {dag.py:3239} INFO - Sync 1 DAGs
[2024-09-22T03:24:24.344+0000] {logging_mixin.py:190} INFO - [2024-09-22T03:24:24.344+0000] {dag.py:4180} INFO - Setting next_dagrun for tutorial_dag to None, run_after=None
[2024-09-22T03:24:24.360+0000] {processor.py:208} INFO - Processing /home/airflow/.local/lib/python3.12/site-packages/airflow/example_dags/tutorial_dag.py took 0.068 seconds
[2024-09-22T03:24:55.008+0000] {processor.py:186} INFO - Started process (PID=885) to work on /home/airflow/.local/lib/python3.12/site-packages/airflow/example_dags/tutorial_dag.py
[2024-09-22T03:24:55.010+0000] {processor.py:914} INFO - Processing file /home/airflow/.local/lib/python3.12/site-packages/airflow/example_dags/tutorial_dag.py for tasks to queue
[2024-09-22T03:24:55.014+0000] {logging_mixin.py:190} INFO - [2024-09-22T03:24:55.013+0000] {dagbag.py:588} INFO - Filling up the DagBag from /home/airflow/.local/lib/python3.12/site-packages/airflow/example_dags/tutorial_dag.py
[2024-09-22T03:24:55.023+0000] {processor.py:925} INFO - DAG(s) 'tutorial_dag' retrieved from /home/airflow/.local/lib/python3.12/site-packages/airflow/example_dags/tutorial_dag.py
[2024-09-22T03:24:55.041+0000] {logging_mixin.py:190} INFO - [2024-09-22T03:24:55.041+0000] {dag.py:3239} INFO - Sync 1 DAGs
[2024-09-22T03:24:55.053+0000] {logging_mixin.py:190} INFO - [2024-09-22T03:24:55.053+0000] {dag.py:4180} INFO - Setting next_dagrun for tutorial_dag to None, run_after=None
[2024-09-22T03:24:55.072+0000] {processor.py:208} INFO - Processing /home/airflow/.local/lib/python3.12/site-packages/airflow/example_dags/tutorial_dag.py took 0.070 seconds
[2024-09-22T03:25:25.554+0000] {processor.py:186} INFO - Started process (PID=1171) to work on /home/airflow/.local/lib/python3.12/site-packages/airflow/example_dags/tutorial_dag.py
[2024-09-22T03:25:25.554+0000] {processor.py:914} INFO - Processing file /home/airflow/.local/lib/python3.12/site-packages/airflow/example_dags/tutorial_dag.py for tasks to queue
[2024-09-22T03:25:25.556+0000] {logging_mixin.py:190} INFO - [2024-09-22T03:25:25.556+0000] {dagbag.py:588} INFO - Filling up the DagBag from /home/airflow/.local/lib/python3.12/site-packages/airflow/example_dags/tutorial_dag.py
[2024-09-22T03:25:25.561+0000] {processor.py:925} INFO - DAG(s) 'tutorial_dag' retrieved from /home/airflow/.local/lib/python3.12/site-packages/airflow/example_dags/tutorial_dag.py
[2024-09-22T03:25:25.574+0000] {logging_mixin.py:190} INFO - [2024-09-22T03:25:25.574+0000] {dag.py:3239} INFO - Sync 1 DAGs
[2024-09-22T03:25:25.581+0000] {logging_mixin.py:190} INFO - [2024-09-22T03:25:25.581+0000] {dag.py:4180} INFO - Setting next_dagrun for tutorial_dag to None, run_after=None
[2024-09-22T03:25:25.590+0000] {processor.py:208} INFO - Processing /home/airflow/.local/lib/python3.12/site-packages/airflow/example_dags/tutorial_dag.py took 0.040 seconds
[2024-09-22T03:25:55.990+0000] {processor.py:186} INFO - Started process (PID=1457) to work on /home/airflow/.local/lib/python3.12/site-packages/airflow/example_dags/tutorial_dag.py
[2024-09-22T03:25:55.991+0000] {processor.py:914} INFO - Processing file /home/airflow/.local/lib/python3.12/site-packages/airflow/example_dags/tutorial_dag.py for tasks to queue
[2024-09-22T03:25:55.992+0000] {logging_mixin.py:190} INFO - [2024-09-22T03:25:55.992+0000] {dagbag.py:588} INFO - Filling up the DagBag from /home/airflow/.local/lib/python3.12/site-packages/airflow/example_dags/tutorial_dag.py
[2024-09-22T03:25:56.001+0000] {processor.py:925} INFO - DAG(s) 'tutorial_dag' retrieved from /home/airflow/.local/lib/python3.12/site-packages/airflow/example_dags/tutorial_dag.py
[2024-09-22T03:25:56.014+0000] {logging_mixin.py:190} INFO - [2024-09-22T03:25:56.014+0000] {dag.py:3239} INFO - Sync 1 DAGs
[2024-09-22T03:25:56.022+0000] {logging_mixin.py:190} INFO - [2024-09-22T03:25:56.021+0000] {dag.py:4180} INFO - Setting next_dagrun for tutorial_dag to None, run_after=None
[2024-09-22T03:25:56.032+0000] {processor.py:208} INFO - Processing /home/airflow/.local/lib/python3.12/site-packages/airflow/example_dags/tutorial_dag.py took 0.048 seconds
[2024-09-22T03:26:26.847+0000] {processor.py:186} INFO - Started process (PID=1743) to work on /home/airflow/.local/lib/python3.12/site-packages/airflow/example_dags/tutorial_dag.py
[2024-09-22T03:26:26.848+0000] {processor.py:914} INFO - Processing file /home/airflow/.local/lib/python3.12/site-packages/airflow/example_dags/tutorial_dag.py for tasks to queue
[2024-09-22T03:26:26.849+0000] {logging_mixin.py:190} INFO - [2024-09-22T03:26:26.849+0000] {dagbag.py:588} INFO - Filling up the DagBag from /home/airflow/.local/lib/python3.12/site-packages/airflow/example_dags/tutorial_dag.py
[2024-09-22T03:26:26.854+0000] {processor.py:925} INFO - DAG(s) 'tutorial_dag' retrieved from /home/airflow/.local/lib/python3.12/site-packages/airflow/example_dags/tutorial_dag.py
[2024-09-22T03:26:26.867+0000] {logging_mixin.py:190} INFO - [2024-09-22T03:26:26.867+0000] {dag.py:3239} INFO - Sync 1 DAGs
[2024-09-22T03:26:26.876+0000] {logging_mixin.py:190} INFO - [2024-09-22T03:26:26.875+0000] {dag.py:4180} INFO - Setting next_dagrun for tutorial_dag to None, run_after=None
[2024-09-22T03:26:26.886+0000] {processor.py:208} INFO - Processing /home/airflow/.local/lib/python3.12/site-packages/airflow/example_dags/tutorial_dag.py took 0.043 seconds
[2024-09-22T03:26:57.472+0000] {processor.py:186} INFO - Started process (PID=2029) to work on /home/airflow/.local/lib/python3.12/site-packages/airflow/example_dags/tutorial_dag.py
[2024-09-22T03:26:57.472+0000] {processor.py:914} INFO - Processing file /home/airflow/.local/lib/python3.12/site-packages/airflow/example_dags/tutorial_dag.py for tasks to queue
[2024-09-22T03:26:57.473+0000] {logging_mixin.py:190} INFO - [2024-09-22T03:26:57.473+0000] {dagbag.py:588} INFO - Filling up the DagBag from /home/airflow/.local/lib/python3.12/site-packages/airflow/example_dags/tutorial_dag.py
[2024-09-22T03:26:57.478+0000] {processor.py:925} INFO - DAG(s) 'tutorial_dag' retrieved from /home/airflow/.local/lib/python3.12/site-packages/airflow/example_dags/tutorial_dag.py
[2024-09-22T03:26:57.490+0000] {logging_mixin.py:190} INFO - [2024-09-22T03:26:57.490+0000] {dag.py:3239} INFO - Sync 1 DAGs
[2024-09-22T03:26:57.499+0000] {logging_mixin.py:190} INFO - [2024-09-22T03:26:57.499+0000] {dag.py:4180} INFO - Setting next_dagrun for tutorial_dag to None, run_after=None
[2024-09-22T03:26:57.512+0000] {processor.py:208} INFO - Processing /home/airflow/.local/lib/python3.12/site-packages/airflow/example_dags/tutorial_dag.py took 0.047 seconds
[2024-09-22T03:27:27.855+0000] {processor.py:186} INFO - Started process (PID=2314) to work on /home/airflow/.local/lib/python3.12/site-packages/airflow/example_dags/tutorial_dag.py
[2024-09-22T03:27:27.856+0000] {processor.py:914} INFO - Processing file /home/airflow/.local/lib/python3.12/site-packages/airflow/example_dags/tutorial_dag.py for tasks to queue
[2024-09-22T03:27:27.857+0000] {logging_mixin.py:190} INFO - [2024-09-22T03:27:27.857+0000] {dagbag.py:588} INFO - Filling up the DagBag from /home/airflow/.local/lib/python3.12/site-packages/airflow/example_dags/tutorial_dag.py
[2024-09-22T03:27:27.862+0000] {processor.py:925} INFO - DAG(s) 'tutorial_dag' retrieved from /home/airflow/.local/lib/python3.12/site-packages/airflow/example_dags/tutorial_dag.py
[2024-09-22T03:27:27.877+0000] {logging_mixin.py:190} INFO - [2024-09-22T03:27:27.877+0000] {dag.py:3239} INFO - Sync 1 DAGs
[2024-09-22T03:27:27.886+0000] {logging_mixin.py:190} INFO - [2024-09-22T03:27:27.886+0000] {dag.py:4180} INFO - Setting next_dagrun for tutorial_dag to None, run_after=None
[2024-09-22T03:27:27.897+0000] {processor.py:208} INFO - Processing /home/airflow/.local/lib/python3.12/site-packages/airflow/example_dags/tutorial_dag.py took 0.046 seconds
[2024-09-22T03:27:58.279+0000] {processor.py:186} INFO - Started process (PID=2600) to work on /home/airflow/.local/lib/python3.12/site-packages/airflow/example_dags/tutorial_dag.py
[2024-09-22T03:27:58.280+0000] {processor.py:914} INFO - Processing file /home/airflow/.local/lib/python3.12/site-packages/airflow/example_dags/tutorial_dag.py for tasks to queue
[2024-09-22T03:27:58.281+0000] {logging_mixin.py:190} INFO - [2024-09-22T03:27:58.281+0000] {dagbag.py:588} INFO - Filling up the DagBag from /home/airflow/.local/lib/python3.12/site-packages/airflow/example_dags/tutorial_dag.py
[2024-09-22T03:27:58.287+0000] {processor.py:925} INFO - DAG(s) 'tutorial_dag' retrieved from /home/airflow/.local/lib/python3.12/site-packages/airflow/example_dags/tutorial_dag.py
[2024-09-22T03:27:58.299+0000] {logging_mixin.py:190} INFO - [2024-09-22T03:27:58.299+0000] {dag.py:3239} INFO - Sync 1 DAGs
[2024-09-22T03:27:58.309+0000] {logging_mixin.py:190} INFO - [2024-09-22T03:27:58.309+0000] {dag.py:4180} INFO - Setting next_dagrun for tutorial_dag to None, run_after=None
[2024-09-22T03:27:58.320+0000] {processor.py:208} INFO - Processing /home/airflow/.local/lib/python3.12/site-packages/airflow/example_dags/tutorial_dag.py took 0.045 seconds
[2024-09-22T03:28:28.638+0000] {processor.py:186} INFO - Started process (PID=2886) to work on /home/airflow/.local/lib/python3.12/site-packages/airflow/example_dags/tutorial_dag.py
[2024-09-22T03:28:28.639+0000] {processor.py:914} INFO - Processing file /home/airflow/.local/lib/python3.12/site-packages/airflow/example_dags/tutorial_dag.py for tasks to queue
[2024-09-22T03:28:28.641+0000] {logging_mixin.py:190} INFO - [2024-09-22T03:28:28.641+0000] {dagbag.py:588} INFO - Filling up the DagBag from /home/airflow/.local/lib/python3.12/site-packages/airflow/example_dags/tutorial_dag.py
[2024-09-22T03:28:28.645+0000] {processor.py:925} INFO - DAG(s) 'tutorial_dag' retrieved from /home/airflow/.local/lib/python3.12/site-packages/airflow/example_dags/tutorial_dag.py
[2024-09-22T03:28:28.657+0000] {logging_mixin.py:190} INFO - [2024-09-22T03:28:28.657+0000] {dag.py:3239} INFO - Sync 1 DAGs
[2024-09-22T03:28:28.667+0000] {logging_mixin.py:190} INFO - [2024-09-22T03:28:28.666+0000] {dag.py:4180} INFO - Setting next_dagrun for tutorial_dag to None, run_after=None
[2024-09-22T03:28:28.675+0000] {processor.py:208} INFO - Processing /home/airflow/.local/lib/python3.12/site-packages/airflow/example_dags/tutorial_dag.py took 0.041 seconds
