[2024-09-30T03:44:13.467+0000] {local_task_job_runner.py:120} INFO - ::group::Pre task execution logs
[2024-09-30T03:44:13.479+0000] {taskinstance.py:2073} INFO - Dependencies all met for dep_context=non-requeueable deps ti=<TaskInstance: AirCrashInvestigation_pipeline.scrape_LoadS3 manual__2024-09-30T03:44:12.950745+00:00 [queued]>
[2024-09-30T03:44:13.484+0000] {taskinstance.py:2073} INFO - Dependencies all met for dep_context=requeueable deps ti=<TaskInstance: AirCrashInvestigation_pipeline.scrape_LoadS3 manual__2024-09-30T03:44:12.950745+00:00 [queued]>
[2024-09-30T03:44:13.484+0000] {taskinstance.py:2303} INFO - Starting attempt 1 of 2
[2024-09-30T03:44:13.491+0000] {taskinstance.py:2327} INFO - Executing <Task(BashOperator): scrape_LoadS3> on 2024-09-30 03:44:12.950745+00:00
[2024-09-30T03:44:13.494+0000] {warnings.py:110} WARNING - /home/***/.local/lib/python3.12/site-packages/***/task/task_runner/standard_task_runner.py:61: DeprecationWarning: This process (pid=585) is multi-threaded, use of fork() may lead to deadlocks in the child.
  pid = os.fork()

[2024-09-30T03:44:13.495+0000] {standard_task_runner.py:63} INFO - Started process 586 to run task
[2024-09-30T03:44:13.495+0000] {standard_task_runner.py:90} INFO - Running: ['***', 'tasks', 'run', 'AirCrashInvestigation_pipeline', 'scrape_LoadS3', 'manual__2024-09-30T03:44:12.950745+00:00', '--job-id', '17', '--raw', '--subdir', 'DAGS_FOLDER/main_dag.py', '--cfg-path', '/tmp/tmp3f1us0al']
[2024-09-30T03:44:13.497+0000] {standard_task_runner.py:91} INFO - Job 17: Subtask scrape_LoadS3
[2024-09-30T03:44:13.524+0000] {task_command.py:426} INFO - Running <TaskInstance: AirCrashInvestigation_pipeline.scrape_LoadS3 manual__2024-09-30T03:44:12.950745+00:00 [running]> on host 60abf2d32f6d
[2024-09-30T03:44:13.567+0000] {taskinstance.py:2644} INFO - Exporting env vars: AIRFLOW_CTX_DAG_OWNER='***' AIRFLOW_CTX_DAG_ID='AirCrashInvestigation_pipeline' AIRFLOW_CTX_TASK_ID='scrape_LoadS3' AIRFLOW_CTX_EXECUTION_DATE='2024-09-30T03:44:12.950745+00:00' AIRFLOW_CTX_TRY_NUMBER='1' AIRFLOW_CTX_DAG_RUN_ID='manual__2024-09-30T03:44:12.950745+00:00'
[2024-09-30T03:44:13.567+0000] {taskinstance.py:430} INFO - ::endgroup::
[2024-09-30T03:44:13.574+0000] {subprocess.py:63} INFO - Tmp dir root location: /tmp
[2024-09-30T03:44:13.575+0000] {subprocess.py:75} INFO - Running command: ['/usr/bin/bash', '-c', 'python3 /opt/***/tasks/flightDataWebScrape.py']
[2024-09-30T03:44:13.579+0000] {subprocess.py:86} INFO - Output:
[2024-09-30T03:47:01.660+0000] {subprocess.py:93} INFO - 1920 fetched
[2024-09-30T03:47:01.660+0000] {subprocess.py:93} INFO - 1921 fetched
[2024-09-30T03:47:01.664+0000] {subprocess.py:93} INFO - 1922 fetched
[2024-09-30T03:47:01.664+0000] {subprocess.py:93} INFO - 1923 fetched
[2024-09-30T03:47:01.664+0000] {subprocess.py:93} INFO - 1924 fetched
[2024-09-30T03:47:01.664+0000] {subprocess.py:93} INFO - 1925 fetched
[2024-09-30T03:47:01.664+0000] {subprocess.py:93} INFO - 1926 fetched
[2024-09-30T03:47:01.665+0000] {subprocess.py:93} INFO - Data saved to S3
[2024-09-30T03:47:01.724+0000] {subprocess.py:97} INFO - Command exited with return code 0
[2024-09-30T03:47:01.724+0000] {taskinstance.py:441} INFO - ::group::Post task execution logs
[2024-09-30T03:47:01.737+0000] {taskinstance.py:1205} INFO - Marking task as SUCCESS. dag_id=AirCrashInvestigation_pipeline, task_id=scrape_LoadS3, execution_date=20240930T034412, start_date=20240930T034413, end_date=20240930T034701
[2024-09-30T03:47:01.772+0000] {local_task_job_runner.py:240} INFO - Task exited with return code 0
[2024-09-30T03:47:01.784+0000] {taskinstance.py:3482} INFO - 1 downstream tasks scheduled from follow-on schedule check
[2024-09-30T03:47:01.784+0000] {local_task_job_runner.py:222} INFO - ::endgroup::
