[2024-09-30T03:11:41.132+0000] {local_task_job_runner.py:120} INFO - ::group::Pre task execution logs
[2024-09-30T03:11:41.150+0000] {taskinstance.py:2073} INFO - Dependencies all met for dep_context=non-requeueable deps ti=<TaskInstance: AirCrashInvestigation_pipeline.scrape_LoadS3 scheduled__2024-09-29T00:00:00+00:00 [queued]>
[2024-09-30T03:11:41.164+0000] {taskinstance.py:2073} INFO - Dependencies all met for dep_context=requeueable deps ti=<TaskInstance: AirCrashInvestigation_pipeline.scrape_LoadS3 scheduled__2024-09-29T00:00:00+00:00 [queued]>
[2024-09-30T03:11:41.164+0000] {taskinstance.py:2303} INFO - Starting attempt 2 of 2
[2024-09-30T03:11:41.179+0000] {taskinstance.py:2327} INFO - Executing <Task(BashOperator): scrape_LoadS3> on 2024-09-29 00:00:00+00:00
[2024-09-30T03:11:41.186+0000] {warnings.py:110} WARNING - /home/***/.local/lib/python3.12/site-packages/***/task/task_runner/standard_task_runner.py:61: DeprecationWarning: This process (pid=138) is multi-threaded, use of fork() may lead to deadlocks in the child.
  pid = os.fork()

[2024-09-30T03:11:41.188+0000] {standard_task_runner.py:63} INFO - Started process 146 to run task
[2024-09-30T03:11:41.187+0000] {standard_task_runner.py:90} INFO - Running: ['***', 'tasks', 'run', 'AirCrashInvestigation_pipeline', 'scrape_LoadS3', 'scheduled__2024-09-29T00:00:00+00:00', '--job-id', '12', '--raw', '--subdir', 'DAGS_FOLDER/main_dag.py', '--cfg-path', '/tmp/tmp96yxnlvf']
[2024-09-30T03:11:41.192+0000] {standard_task_runner.py:91} INFO - Job 12: Subtask scrape_LoadS3
[2024-09-30T03:11:41.227+0000] {task_command.py:426} INFO - Running <TaskInstance: AirCrashInvestigation_pipeline.scrape_LoadS3 scheduled__2024-09-29T00:00:00+00:00 [running]> on host 60abf2d32f6d
[2024-09-30T03:11:41.309+0000] {taskinstance.py:2644} INFO - Exporting env vars: AIRFLOW_CTX_DAG_OWNER='***' AIRFLOW_CTX_DAG_ID='AirCrashInvestigation_pipeline' AIRFLOW_CTX_TASK_ID='scrape_LoadS3' AIRFLOW_CTX_EXECUTION_DATE='2024-09-29T00:00:00+00:00' AIRFLOW_CTX_TRY_NUMBER='2' AIRFLOW_CTX_DAG_RUN_ID='scheduled__2024-09-29T00:00:00+00:00'
[2024-09-30T03:11:41.310+0000] {taskinstance.py:430} INFO - ::endgroup::
[2024-09-30T03:11:41.341+0000] {subprocess.py:63} INFO - Tmp dir root location: /tmp
[2024-09-30T03:11:41.345+0000] {subprocess.py:75} INFO - Running command: ['/usr/bin/bash', '-c', 'python3 /opt/***/tasks/flightDataWebScrape.py']
[2024-09-30T03:11:41.372+0000] {subprocess.py:86} INFO - Output:
[2024-09-30T03:11:42.483+0000] {subprocess.py:93} INFO - Traceback (most recent call last):
[2024-09-30T03:11:42.484+0000] {subprocess.py:93} INFO -   File "/opt/***/tasks/flightDataWebScrape.py", line 5, in <module>
[2024-09-30T03:11:42.484+0000] {subprocess.py:93} INFO -     from pipelineActions import *
[2024-09-30T03:11:42.485+0000] {subprocess.py:93} INFO -   File "/opt/***/tasks/pipelineActions.py", line 13, in <module>
[2024-09-30T03:11:42.485+0000] {subprocess.py:93} INFO -     config.read(config_file_path)
[2024-09-30T03:11:42.485+0000] {subprocess.py:93} INFO -   File "/usr/local/lib/python3.12/configparser.py", line 684, in read
[2024-09-30T03:11:42.485+0000] {subprocess.py:93} INFO -     self._read(fp, filename)
[2024-09-30T03:11:42.486+0000] {subprocess.py:93} INFO -   File "/usr/local/lib/python3.12/configparser.py", line 1063, in _read
[2024-09-30T03:11:42.488+0000] {subprocess.py:93} INFO -     raise MissingSectionHeaderError(fpname, lineno, line)
[2024-09-30T03:11:42.489+0000] {subprocess.py:93} INFO - configparser.MissingSectionHeaderError: File contains no section headers.
[2024-09-30T03:11:42.489+0000] {subprocess.py:93} INFO - file: PosixPath('/opt/***/tasks/pipeline.conf'), line: 1
[2024-09-30T03:11:42.489+0000] {subprocess.py:93} INFO - 'bucket_name = "flightcrashbucket"\n'
[2024-09-30T03:11:42.527+0000] {subprocess.py:97} INFO - Command exited with return code 1
[2024-09-30T03:11:42.527+0000] {taskinstance.py:441} INFO - ::group::Post task execution logs
[2024-09-30T03:11:42.535+0000] {taskinstance.py:2890} ERROR - Task failed with exception
Traceback (most recent call last):
  File "/home/airflow/.local/lib/python3.12/site-packages/airflow/models/taskinstance.py", line 465, in _execute_task
    result = _execute_callable(context=context, **execute_callable_kwargs)
             ^^^^^^^^^^^^^^^^^^^^^^^^^^^^^^^^^^^^^^^^^^^^^^^^^^^^^^^^^^^^^
  File "/home/airflow/.local/lib/python3.12/site-packages/airflow/models/taskinstance.py", line 432, in _execute_callable
    return execute_callable(context=context, **execute_callable_kwargs)
           ^^^^^^^^^^^^^^^^^^^^^^^^^^^^^^^^^^^^^^^^^^^^^^^^^^^^^^^^^^^^
  File "/home/airflow/.local/lib/python3.12/site-packages/airflow/models/baseoperator.py", line 400, in wrapper
    return func(self, *args, **kwargs)
           ^^^^^^^^^^^^^^^^^^^^^^^^^^^
  File "/home/airflow/.local/lib/python3.12/site-packages/airflow/operators/bash.py", line 243, in execute
    raise AirflowException(
airflow.exceptions.AirflowException: Bash command failed. The command returned a non-zero exit code 1.
[2024-09-30T03:11:42.538+0000] {taskinstance.py:1205} INFO - Marking task as FAILED. dag_id=AirCrashInvestigation_pipeline, task_id=scrape_LoadS3, execution_date=20240929T000000, start_date=20240930T031141, end_date=20240930T031142
[2024-09-30T03:11:42.547+0000] {standard_task_runner.py:110} ERROR - Failed to execute job 12 for task scrape_LoadS3 (Bash command failed. The command returned a non-zero exit code 1.; 146)
[2024-09-30T03:11:42.591+0000] {local_task_job_runner.py:240} INFO - Task exited with return code 1
[2024-09-30T03:11:42.605+0000] {taskinstance.py:3482} INFO - 0 downstream tasks scheduled from follow-on schedule check
[2024-09-30T03:11:42.607+0000] {local_task_job_runner.py:222} INFO - ::endgroup::
[2024-10-02T02:13:45.603+0000] {local_task_job_runner.py:120} INFO - ::group::Pre task execution logs
[2024-10-02T02:13:45.629+0000] {taskinstance.py:2073} INFO - Dependencies all met for dep_context=non-requeueable deps ti=<TaskInstance: AirCrashInvestigation_pipeline.scrape_LoadS3 scheduled__2024-09-29T00:00:00+00:00 [queued]>
[2024-10-02T02:13:45.637+0000] {taskinstance.py:2073} INFO - Dependencies all met for dep_context=requeueable deps ti=<TaskInstance: AirCrashInvestigation_pipeline.scrape_LoadS3 scheduled__2024-09-29T00:00:00+00:00 [queued]>
[2024-10-02T02:13:45.639+0000] {taskinstance.py:2303} INFO - Starting attempt 2 of 2
[2024-10-02T02:13:45.657+0000] {taskinstance.py:2327} INFO - Executing <Task(BashOperator): scrape_LoadS3> on 2024-09-29 00:00:00+00:00
[2024-10-02T02:13:45.665+0000] {warnings.py:110} WARNING - /home/***/.local/lib/python3.12/site-packages/***/task/task_runner/standard_task_runner.py:61: DeprecationWarning: This process (pid=166) is multi-threaded, use of fork() may lead to deadlocks in the child.
  pid = os.fork()

[2024-10-02T02:13:45.668+0000] {standard_task_runner.py:63} INFO - Started process 175 to run task
[2024-10-02T02:13:45.667+0000] {standard_task_runner.py:90} INFO - Running: ['***', 'tasks', 'run', 'AirCrashInvestigation_pipeline', 'scrape_LoadS3', 'scheduled__2024-09-29T00:00:00+00:00', '--job-id', '21', '--raw', '--subdir', 'DAGS_FOLDER/main_dag.py', '--cfg-path', '/tmp/tmp27gcg1qc']
[2024-10-02T02:13:45.674+0000] {standard_task_runner.py:91} INFO - Job 21: Subtask scrape_LoadS3
[2024-10-02T02:13:45.741+0000] {task_command.py:426} INFO - Running <TaskInstance: AirCrashInvestigation_pipeline.scrape_LoadS3 scheduled__2024-09-29T00:00:00+00:00 [running]> on host ac8ffcfe4778
[2024-10-02T02:13:45.843+0000] {taskinstance.py:2644} INFO - Exporting env vars: AIRFLOW_CTX_DAG_OWNER='***' AIRFLOW_CTX_DAG_ID='AirCrashInvestigation_pipeline' AIRFLOW_CTX_TASK_ID='scrape_LoadS3' AIRFLOW_CTX_EXECUTION_DATE='2024-09-29T00:00:00+00:00' AIRFLOW_CTX_TRY_NUMBER='2' AIRFLOW_CTX_DAG_RUN_ID='scheduled__2024-09-29T00:00:00+00:00'
[2024-10-02T02:13:45.845+0000] {taskinstance.py:430} INFO - ::endgroup::
[2024-10-02T02:13:45.874+0000] {subprocess.py:63} INFO - Tmp dir root location: /tmp
[2024-10-02T02:13:45.880+0000] {subprocess.py:75} INFO - Running command: ['/usr/bin/bash', '-c', 'python3 /opt/***/tasks/flightDataWebScrape.py']
[2024-10-02T02:13:45.888+0000] {subprocess.py:86} INFO - Output:
[2024-10-02T02:15:01.978+0000] {subprocess.py:93} INFO - HTTPSConnectionPool(host='www.planecrashinfo.com', port=443): Max retries exceeded with url: /1920/1920.htm (Caused by NewConnectionError('<urllib3.connection.HTTPSConnection object at 0xffff92f51c10>: Failed to establish a new connection: [Errno 111] Connection refused'))
[2024-10-02T02:15:02.032+0000] {subprocess.py:97} INFO - Command exited with return code 1
[2024-10-02T02:15:02.033+0000] {taskinstance.py:441} INFO - ::group::Post task execution logs
[2024-10-02T02:15:02.049+0000] {taskinstance.py:2890} ERROR - Task failed with exception
Traceback (most recent call last):
  File "/home/airflow/.local/lib/python3.12/site-packages/airflow/models/taskinstance.py", line 465, in _execute_task
    result = _execute_callable(context=context, **execute_callable_kwargs)
             ^^^^^^^^^^^^^^^^^^^^^^^^^^^^^^^^^^^^^^^^^^^^^^^^^^^^^^^^^^^^^
  File "/home/airflow/.local/lib/python3.12/site-packages/airflow/models/taskinstance.py", line 432, in _execute_callable
    return execute_callable(context=context, **execute_callable_kwargs)
           ^^^^^^^^^^^^^^^^^^^^^^^^^^^^^^^^^^^^^^^^^^^^^^^^^^^^^^^^^^^^
  File "/home/airflow/.local/lib/python3.12/site-packages/airflow/models/baseoperator.py", line 400, in wrapper
    return func(self, *args, **kwargs)
           ^^^^^^^^^^^^^^^^^^^^^^^^^^^
  File "/home/airflow/.local/lib/python3.12/site-packages/airflow/operators/bash.py", line 243, in execute
    raise AirflowException(
airflow.exceptions.AirflowException: Bash command failed. The command returned a non-zero exit code 1.
[2024-10-02T02:15:02.054+0000] {taskinstance.py:1205} INFO - Marking task as FAILED. dag_id=AirCrashInvestigation_pipeline, task_id=scrape_LoadS3, execution_date=20240929T000000, start_date=20241002T021345, end_date=20241002T021502
[2024-10-02T02:15:02.064+0000] {standard_task_runner.py:110} ERROR - Failed to execute job 21 for task scrape_LoadS3 (Bash command failed. The command returned a non-zero exit code 1.; 175)
[2024-10-02T02:15:02.100+0000] {local_task_job_runner.py:240} INFO - Task exited with return code 1
[2024-10-02T02:15:02.114+0000] {taskinstance.py:3482} INFO - 0 downstream tasks scheduled from follow-on schedule check
[2024-10-02T02:15:02.119+0000] {local_task_job_runner.py:222} INFO - ::endgroup::
