[2024-09-30T03:09:38.570+0000] {local_task_job_runner.py:120} INFO - ::group::Pre task execution logs
[2024-09-30T03:09:38.601+0000] {taskinstance.py:2073} INFO - Dependencies all met for dep_context=non-requeueable deps ti=<TaskInstance: AirCrashInvestigation_pipeline.scrape_LoadS3 scheduled__2024-09-29T00:00:00+00:00 [queued]>
[2024-09-30T03:09:38.617+0000] {taskinstance.py:2073} INFO - Dependencies all met for dep_context=requeueable deps ti=<TaskInstance: AirCrashInvestigation_pipeline.scrape_LoadS3 scheduled__2024-09-29T00:00:00+00:00 [queued]>
[2024-09-30T03:09:38.617+0000] {taskinstance.py:2303} INFO - Starting attempt 1 of 2
[2024-09-30T03:09:38.640+0000] {taskinstance.py:2327} INFO - Executing <Task(BashOperator): scrape_LoadS3> on 2024-09-29 00:00:00+00:00
[2024-09-30T03:09:38.653+0000] {warnings.py:110} WARNING - /home/***/.local/lib/python3.12/site-packages/***/task/task_runner/standard_task_runner.py:61: DeprecationWarning: This process (pid=96) is multi-threaded, use of fork() may lead to deadlocks in the child.
  pid = os.fork()

[2024-09-30T03:09:38.660+0000] {standard_task_runner.py:63} INFO - Started process 105 to run task
[2024-09-30T03:09:38.659+0000] {standard_task_runner.py:90} INFO - Running: ['***', 'tasks', 'run', 'AirCrashInvestigation_pipeline', 'scrape_LoadS3', 'scheduled__2024-09-29T00:00:00+00:00', '--job-id', '9', '--raw', '--subdir', 'DAGS_FOLDER/main_dag.py', '--cfg-path', '/tmp/tmpg6p797i0']
[2024-09-30T03:09:38.668+0000] {standard_task_runner.py:91} INFO - Job 9: Subtask scrape_LoadS3
[2024-09-30T03:09:38.779+0000] {task_command.py:426} INFO - Running <TaskInstance: AirCrashInvestigation_pipeline.scrape_LoadS3 scheduled__2024-09-29T00:00:00+00:00 [running]> on host 60abf2d32f6d
[2024-09-30T03:09:38.956+0000] {taskinstance.py:2644} INFO - Exporting env vars: AIRFLOW_CTX_DAG_OWNER='***' AIRFLOW_CTX_DAG_ID='AirCrashInvestigation_pipeline' AIRFLOW_CTX_TASK_ID='scrape_LoadS3' AIRFLOW_CTX_EXECUTION_DATE='2024-09-29T00:00:00+00:00' AIRFLOW_CTX_TRY_NUMBER='1' AIRFLOW_CTX_DAG_RUN_ID='scheduled__2024-09-29T00:00:00+00:00'
[2024-09-30T03:09:38.957+0000] {taskinstance.py:430} INFO - ::endgroup::
[2024-09-30T03:09:38.994+0000] {subprocess.py:63} INFO - Tmp dir root location: /tmp
[2024-09-30T03:09:38.997+0000] {subprocess.py:75} INFO - Running command: ['/usr/bin/bash', '-c', 'python3 /opt/***/tasks/flightDataWebScrape.py']
[2024-09-30T03:09:39.020+0000] {subprocess.py:86} INFO - Output:
[2024-09-30T03:09:40.107+0000] {subprocess.py:93} INFO - Traceback (most recent call last):
[2024-09-30T03:09:40.108+0000] {subprocess.py:93} INFO -   File "/opt/***/tasks/flightDataWebScrape.py", line 5, in <module>
[2024-09-30T03:09:40.108+0000] {subprocess.py:93} INFO -     from pipelineActions import *
[2024-09-30T03:09:40.110+0000] {subprocess.py:93} INFO -   File "/opt/***/tasks/pipelineActions.py", line 13, in <module>
[2024-09-30T03:09:40.112+0000] {subprocess.py:93} INFO -     config.read(config_file_path)
[2024-09-30T03:09:40.112+0000] {subprocess.py:93} INFO -   File "/usr/local/lib/python3.12/configparser.py", line 684, in read
[2024-09-30T03:09:40.112+0000] {subprocess.py:93} INFO -     self._read(fp, filename)
[2024-09-30T03:09:40.113+0000] {subprocess.py:93} INFO -   File "/usr/local/lib/python3.12/configparser.py", line 1063, in _read
[2024-09-30T03:09:40.113+0000] {subprocess.py:93} INFO -     raise MissingSectionHeaderError(fpname, lineno, line)
[2024-09-30T03:09:40.113+0000] {subprocess.py:93} INFO - configparser.MissingSectionHeaderError: File contains no section headers.
[2024-09-30T03:09:40.114+0000] {subprocess.py:93} INFO - file: PosixPath('/opt/***/tasks/pipeline.conf'), line: 1
[2024-09-30T03:09:40.114+0000] {subprocess.py:93} INFO - 'bucket_name = "flightcrashbucket"\n'
[2024-09-30T03:09:40.162+0000] {subprocess.py:97} INFO - Command exited with return code 1
[2024-09-30T03:09:40.162+0000] {taskinstance.py:441} INFO - ::group::Post task execution logs
[2024-09-30T03:09:40.179+0000] {taskinstance.py:2890} ERROR - Task failed with exception
Traceback (most recent call last):
  File "/home/airflow/.local/lib/python3.12/site-packages/airflow/models/taskinstance.py", line 465, in _execute_task
    result = _execute_callable(context=context, **execute_callable_kwargs)
             ^^^^^^^^^^^^^^^^^^^^^^^^^^^^^^^^^^^^^^^^^^^^^^^^^^^^^^^^^^^^^
  File "/home/airflow/.local/lib/python3.12/site-packages/airflow/models/taskinstance.py", line 432, in _execute_callable
    return execute_callable(context=context, **execute_callable_kwargs)
           ^^^^^^^^^^^^^^^^^^^^^^^^^^^^^^^^^^^^^^^^^^^^^^^^^^^^^^^^^^^^
  File "/home/airflow/.local/lib/python3.12/site-packages/airflow/models/baseoperator.py", line 400, in wrapper
    return func(self, *args, **kwargs)
           ^^^^^^^^^^^^^^^^^^^^^^^^^^^
  File "/home/airflow/.local/lib/python3.12/site-packages/airflow/operators/bash.py", line 243, in execute
    raise AirflowException(
airflow.exceptions.AirflowException: Bash command failed. The command returned a non-zero exit code 1.
[2024-09-30T03:09:40.185+0000] {taskinstance.py:1205} INFO - Marking task as UP_FOR_RETRY. dag_id=AirCrashInvestigation_pipeline, task_id=scrape_LoadS3, execution_date=20240929T000000, start_date=20240930T030938, end_date=20240930T030940
[2024-09-30T03:09:40.195+0000] {standard_task_runner.py:110} ERROR - Failed to execute job 9 for task scrape_LoadS3 (Bash command failed. The command returned a non-zero exit code 1.; 105)
[2024-09-30T03:09:40.206+0000] {local_task_job_runner.py:240} INFO - Task exited with return code 1
[2024-09-30T03:09:40.233+0000] {taskinstance.py:3482} INFO - 0 downstream tasks scheduled from follow-on schedule check
[2024-09-30T03:09:40.234+0000] {local_task_job_runner.py:222} INFO - ::endgroup::
[2024-10-02T00:38:31.756+0000] {local_task_job_runner.py:120} INFO - ::group::Pre task execution logs
[2024-10-02T00:38:31.814+0000] {taskinstance.py:2073} INFO - Dependencies all met for dep_context=non-requeueable deps ti=<TaskInstance: AirCrashInvestigation_pipeline.scrape_LoadS3 scheduled__2024-09-29T00:00:00+00:00 [queued]>
[2024-10-02T00:38:31.855+0000] {taskinstance.py:2073} INFO - Dependencies all met for dep_context=requeueable deps ti=<TaskInstance: AirCrashInvestigation_pipeline.scrape_LoadS3 scheduled__2024-09-29T00:00:00+00:00 [queued]>
[2024-10-02T00:38:31.856+0000] {taskinstance.py:2303} INFO - Starting attempt 1 of 2
[2024-10-02T00:38:31.880+0000] {taskinstance.py:2327} INFO - Executing <Task(BashOperator): scrape_LoadS3> on 2024-09-29 00:00:00+00:00
[2024-10-02T00:38:31.897+0000] {warnings.py:110} WARNING - /home/***/.local/lib/python3.12/site-packages/***/task/task_runner/standard_task_runner.py:61: DeprecationWarning: This process (pid=73) is multi-threaded, use of fork() may lead to deadlocks in the child.
  pid = os.fork()

[2024-10-02T00:38:31.909+0000] {standard_task_runner.py:63} INFO - Started process 83 to run task
[2024-10-02T00:38:31.896+0000] {standard_task_runner.py:90} INFO - Running: ['***', 'tasks', 'run', 'AirCrashInvestigation_pipeline', 'scrape_LoadS3', 'scheduled__2024-09-29T00:00:00+00:00', '--job-id', '7', '--raw', '--subdir', 'DAGS_FOLDER/main_dag.py', '--cfg-path', '/tmp/tmpg_vvmzw3']
[2024-10-02T00:38:31.914+0000] {standard_task_runner.py:91} INFO - Job 7: Subtask scrape_LoadS3
[2024-10-02T00:38:31.986+0000] {task_command.py:426} INFO - Running <TaskInstance: AirCrashInvestigation_pipeline.scrape_LoadS3 scheduled__2024-09-29T00:00:00+00:00 [running]> on host 5050c2f305ab
[2024-10-02T00:38:32.100+0000] {taskinstance.py:2644} INFO - Exporting env vars: AIRFLOW_CTX_DAG_OWNER='***' AIRFLOW_CTX_DAG_ID='AirCrashInvestigation_pipeline' AIRFLOW_CTX_TASK_ID='scrape_LoadS3' AIRFLOW_CTX_EXECUTION_DATE='2024-09-29T00:00:00+00:00' AIRFLOW_CTX_TRY_NUMBER='1' AIRFLOW_CTX_DAG_RUN_ID='scheduled__2024-09-29T00:00:00+00:00'
[2024-10-02T00:38:32.101+0000] {taskinstance.py:430} INFO - ::endgroup::
[2024-10-02T00:38:32.125+0000] {subprocess.py:63} INFO - Tmp dir root location: /tmp
[2024-10-02T00:38:32.127+0000] {subprocess.py:75} INFO - Running command: ['/usr/bin/bash', '-c', 'python3 /opt/***/tasks/flightDataWebScrape.py']
[2024-10-02T00:38:32.139+0000] {subprocess.py:86} INFO - Output:
[2024-10-02T00:38:52.075+0000] {local_task_job_runner.py:310} WARNING - State of this instance has been externally set to failed. Terminating instance.
[2024-10-02T00:38:52.077+0000] {local_task_job_runner.py:222} INFO - ::endgroup::
[2024-10-02T00:38:52.078+0000] {process_utils.py:132} INFO - Sending 15 to group 83. PIDs of all processes in the group: [86, 83]
[2024-10-02T00:38:52.079+0000] {process_utils.py:87} INFO - Sending the signal 15 to group 83
[2024-10-02T00:38:52.079+0000] {taskinstance.py:2607} ERROR - Received SIGTERM. Terminating subprocesses.
[2024-10-02T00:38:52.079+0000] {subprocess.py:104} INFO - Sending SIGTERM signal to process group
[2024-10-02T00:38:52.080+0000] {taskinstance.py:441} INFO - ::group::Post task execution logs
[2024-10-02T00:38:52.096+0000] {process_utils.py:80} INFO - Process psutil.Process(pid=83, status='terminated', exitcode=0, started='00:38:31') (83) terminated with exit code 0
[2024-10-02T00:38:52.097+0000] {process_utils.py:80} INFO - Process psutil.Process(pid=86, status='terminated', started='00:38:32') (86) terminated with exit code None
[2024-10-02T02:09:34.722+0000] {local_task_job_runner.py:120} INFO - ::group::Pre task execution logs
[2024-10-02T02:09:34.768+0000] {taskinstance.py:2073} INFO - Dependencies all met for dep_context=non-requeueable deps ti=<TaskInstance: AirCrashInvestigation_pipeline.scrape_LoadS3 scheduled__2024-09-29T00:00:00+00:00 [queued]>
[2024-10-02T02:09:34.792+0000] {taskinstance.py:2073} INFO - Dependencies all met for dep_context=requeueable deps ti=<TaskInstance: AirCrashInvestigation_pipeline.scrape_LoadS3 scheduled__2024-09-29T00:00:00+00:00 [queued]>
[2024-10-02T02:09:34.794+0000] {taskinstance.py:2303} INFO - Starting attempt 1 of 2
[2024-10-02T02:09:34.816+0000] {taskinstance.py:2327} INFO - Executing <Task(BashOperator): scrape_LoadS3> on 2024-09-29 00:00:00+00:00
[2024-10-02T02:09:34.823+0000] {standard_task_runner.py:90} INFO - Running: ['***', 'tasks', 'run', 'AirCrashInvestigation_pipeline', 'scrape_LoadS3', 'scheduled__2024-09-29T00:00:00+00:00', '--job-id', '9', '--raw', '--subdir', 'DAGS_FOLDER/main_dag.py', '--cfg-path', '/tmp/tmpgk8tirle']
[2024-10-02T02:09:34.822+0000] {warnings.py:110} WARNING - /home/***/.local/lib/python3.12/site-packages/***/task/task_runner/standard_task_runner.py:61: DeprecationWarning: This process (pid=83) is multi-threaded, use of fork() may lead to deadlocks in the child.
  pid = os.fork()

[2024-10-02T02:09:34.827+0000] {standard_task_runner.py:63} INFO - Started process 93 to run task
[2024-10-02T02:09:34.827+0000] {standard_task_runner.py:91} INFO - Job 9: Subtask scrape_LoadS3
[2024-10-02T02:09:34.906+0000] {task_command.py:426} INFO - Running <TaskInstance: AirCrashInvestigation_pipeline.scrape_LoadS3 scheduled__2024-09-29T00:00:00+00:00 [running]> on host ac8ffcfe4778
[2024-10-02T02:09:35.063+0000] {taskinstance.py:2644} INFO - Exporting env vars: AIRFLOW_CTX_DAG_OWNER='***' AIRFLOW_CTX_DAG_ID='AirCrashInvestigation_pipeline' AIRFLOW_CTX_TASK_ID='scrape_LoadS3' AIRFLOW_CTX_EXECUTION_DATE='2024-09-29T00:00:00+00:00' AIRFLOW_CTX_TRY_NUMBER='1' AIRFLOW_CTX_DAG_RUN_ID='scheduled__2024-09-29T00:00:00+00:00'
[2024-10-02T02:09:35.064+0000] {taskinstance.py:430} INFO - ::endgroup::
[2024-10-02T02:09:35.093+0000] {subprocess.py:63} INFO - Tmp dir root location: /tmp
[2024-10-02T02:09:35.094+0000] {subprocess.py:75} INFO - Running command: ['/usr/bin/bash', '-c', 'python3 /opt/***/tasks/flightDataWebScrape.py']
[2024-10-02T02:09:35.105+0000] {subprocess.py:86} INFO - Output:
[2024-10-02T02:11:44.206+0000] {subprocess.py:93} INFO - 1920 data accessed
[2024-10-02T02:11:44.206+0000] {subprocess.py:93} INFO - fetched empty data in1920
[2024-10-02T02:11:44.209+0000] {subprocess.py:93} INFO - fetched empty data in1920
[2024-10-02T02:11:44.209+0000] {subprocess.py:93} INFO - fetched empty data in1920
[2024-10-02T02:11:44.209+0000] {subprocess.py:93} INFO - fetched empty data in1920
[2024-10-02T02:11:44.209+0000] {subprocess.py:93} INFO - fetched empty data in1920
[2024-10-02T02:11:44.210+0000] {subprocess.py:93} INFO - fetched empty data in1920
[2024-10-02T02:11:44.210+0000] {subprocess.py:93} INFO - fetched empty data in1920
[2024-10-02T02:11:44.212+0000] {subprocess.py:93} INFO - fetched empty data in1920
[2024-10-02T02:11:44.213+0000] {subprocess.py:93} INFO - fetched empty data in1920
[2024-10-02T02:11:44.213+0000] {subprocess.py:93} INFO - fetched empty data in1920
[2024-10-02T02:11:44.213+0000] {subprocess.py:93} INFO - fetched empty data in1920
[2024-10-02T02:11:44.214+0000] {subprocess.py:93} INFO - fetched empty data in1920
[2024-10-02T02:11:44.214+0000] {subprocess.py:93} INFO - fetched empty data in1920
[2024-10-02T02:11:44.214+0000] {subprocess.py:93} INFO - fetched empty data in1920
[2024-10-02T02:11:44.214+0000] {subprocess.py:93} INFO - fetched empty data in1920
[2024-10-02T02:11:44.214+0000] {subprocess.py:93} INFO - Traceback (most recent call last):
[2024-10-02T02:11:44.215+0000] {subprocess.py:93} INFO -   File "/home/***/.local/lib/python3.12/site-packages/urllib3/connection.py", line 174, in _new_conn
[2024-10-02T02:11:44.216+0000] {subprocess.py:93} INFO -     conn = connection.create_connection(
[2024-10-02T02:11:44.216+0000] {subprocess.py:93} INFO -            ^^^^^^^^^^^^^^^^^^^^^^^^^^^^^
[2024-10-02T02:11:44.216+0000] {subprocess.py:93} INFO -   File "/home/***/.local/lib/python3.12/site-packages/urllib3/util/connection.py", line 95, in create_connection
[2024-10-02T02:11:44.216+0000] {subprocess.py:93} INFO -     raise err
[2024-10-02T02:11:44.217+0000] {subprocess.py:93} INFO -   File "/home/***/.local/lib/python3.12/site-packages/urllib3/util/connection.py", line 85, in create_connection
[2024-10-02T02:11:44.217+0000] {subprocess.py:93} INFO -     sock.connect(sa)
[2024-10-02T02:11:44.218+0000] {subprocess.py:93} INFO - ConnectionRefusedError: [Errno 111] Connection refused
[2024-10-02T02:11:44.218+0000] {subprocess.py:93} INFO - 
[2024-10-02T02:11:44.218+0000] {subprocess.py:93} INFO - During handling of the above exception, another exception occurred:
[2024-10-02T02:11:44.218+0000] {subprocess.py:93} INFO - 
[2024-10-02T02:11:44.219+0000] {subprocess.py:93} INFO - Traceback (most recent call last):
[2024-10-02T02:11:44.219+0000] {subprocess.py:93} INFO -   File "/home/***/.local/lib/python3.12/site-packages/urllib3/connectionpool.py", line 715, in urlopen
[2024-10-02T02:11:44.219+0000] {subprocess.py:93} INFO -     httplib_response = self._make_request(
[2024-10-02T02:11:44.219+0000] {subprocess.py:93} INFO -                        ^^^^^^^^^^^^^^^^^^^
[2024-10-02T02:11:44.219+0000] {subprocess.py:93} INFO -   File "/home/***/.local/lib/python3.12/site-packages/urllib3/connectionpool.py", line 404, in _make_request
[2024-10-02T02:11:44.219+0000] {subprocess.py:93} INFO -     self._validate_conn(conn)
[2024-10-02T02:11:44.220+0000] {subprocess.py:93} INFO -   File "/home/***/.local/lib/python3.12/site-packages/urllib3/connectionpool.py", line 1058, in _validate_conn
[2024-10-02T02:11:44.220+0000] {subprocess.py:93} INFO -     conn.connect()
[2024-10-02T02:11:44.220+0000] {subprocess.py:93} INFO -   File "/home/***/.local/lib/python3.12/site-packages/urllib3/connection.py", line 363, in connect
[2024-10-02T02:11:44.220+0000] {subprocess.py:93} INFO -     self.sock = conn = self._new_conn()
[2024-10-02T02:11:44.220+0000] {subprocess.py:93} INFO -                        ^^^^^^^^^^^^^^^^
[2024-10-02T02:11:44.220+0000] {subprocess.py:93} INFO -   File "/home/***/.local/lib/python3.12/site-packages/urllib3/connection.py", line 186, in _new_conn
[2024-10-02T02:11:44.220+0000] {subprocess.py:93} INFO -     raise NewConnectionError(
[2024-10-02T02:11:44.221+0000] {subprocess.py:93} INFO - urllib3.exceptions.NewConnectionError: <urllib3.connection.HTTPSConnection object at 0xffffb80db1a0>: Failed to establish a new connection: [Errno 111] Connection refused
[2024-10-02T02:11:44.222+0000] {subprocess.py:93} INFO - 
[2024-10-02T02:11:44.222+0000] {subprocess.py:93} INFO - During handling of the above exception, another exception occurred:
[2024-10-02T02:11:44.222+0000] {subprocess.py:93} INFO - 
[2024-10-02T02:11:44.222+0000] {subprocess.py:93} INFO - Traceback (most recent call last):
[2024-10-02T02:11:44.223+0000] {subprocess.py:93} INFO -   File "/home/***/.local/lib/python3.12/site-packages/requests/adapters.py", line 486, in send
[2024-10-02T02:11:44.223+0000] {subprocess.py:93} INFO -     resp = conn.urlopen(
[2024-10-02T02:11:44.223+0000] {subprocess.py:93} INFO -            ^^^^^^^^^^^^^
[2024-10-02T02:11:44.223+0000] {subprocess.py:93} INFO -   File "/home/***/.local/lib/python3.12/site-packages/urllib3/connectionpool.py", line 799, in urlopen
[2024-10-02T02:11:44.223+0000] {subprocess.py:93} INFO -     retries = retries.increment(
[2024-10-02T02:11:44.223+0000] {subprocess.py:93} INFO -               ^^^^^^^^^^^^^^^^^^
[2024-10-02T02:11:44.223+0000] {subprocess.py:93} INFO -   File "/home/***/.local/lib/python3.12/site-packages/urllib3/util/retry.py", line 592, in increment
[2024-10-02T02:11:44.223+0000] {subprocess.py:93} INFO -     raise MaxRetryError(_pool, url, error or ResponseError(cause))
[2024-10-02T02:11:44.224+0000] {subprocess.py:93} INFO - urllib3.exceptions.MaxRetryError: HTTPSConnectionPool(host='www.planecrashinfo.com', port=443): Max retries exceeded with url: /1920/1920-25.htm (Caused by NewConnectionError('<urllib3.connection.HTTPSConnection object at 0xffffb80db1a0>: Failed to establish a new connection: [Errno 111] Connection refused'))
[2024-10-02T02:11:44.224+0000] {subprocess.py:93} INFO - 
[2024-10-02T02:11:44.224+0000] {subprocess.py:93} INFO - During handling of the above exception, another exception occurred:
[2024-10-02T02:11:44.224+0000] {subprocess.py:93} INFO - 
[2024-10-02T02:11:44.224+0000] {subprocess.py:93} INFO - Traceback (most recent call last):
[2024-10-02T02:11:44.224+0000] {subprocess.py:93} INFO -   File "/opt/***/tasks/flightDataWebScrape.py", line 91, in <module>
[2024-10-02T02:11:44.225+0000] {subprocess.py:93} INFO -     main()
[2024-10-02T02:11:44.225+0000] {subprocess.py:93} INFO -     ^^^^^^
[2024-10-02T02:11:44.225+0000] {subprocess.py:93} INFO -   File "/opt/***/tasks/flightDataWebScrape.py", line 37, in main
[2024-10-02T02:11:44.225+0000] {subprocess.py:93} INFO -     r = requests.get(url + str(year) + s + end2)
[2024-10-02T02:11:44.226+0000] {subprocess.py:93} INFO -         ^^^^^^^^^^^^^^^^^^^^^^^^^^^^^^^^^^^^^^^^
[2024-10-02T02:11:44.226+0000] {subprocess.py:93} INFO -   File "/home/***/.local/lib/python3.12/site-packages/requests/api.py", line 73, in get
[2024-10-02T02:11:44.226+0000] {subprocess.py:93} INFO -     return request("get", url, params=params, **kwargs)
[2024-10-02T02:11:44.226+0000] {subprocess.py:93} INFO -            ^^^^^^^^^^^^^^^^^^^^^^^^^^^^^^^^^^^^^^^^^^^^
[2024-10-02T02:11:44.226+0000] {subprocess.py:93} INFO -   File "/home/***/.local/lib/python3.12/site-packages/requests/api.py", line 59, in request
[2024-10-02T02:11:44.226+0000] {subprocess.py:93} INFO -     return session.request(method=method, url=url, **kwargs)
[2024-10-02T02:11:44.227+0000] {subprocess.py:93} INFO -            ^^^^^^^^^^^^^^^^^^^^^^^^^^^^^^^^^^^^^^^^^^^^^^^^^
[2024-10-02T02:11:44.227+0000] {subprocess.py:93} INFO -   File "/home/***/.local/lib/python3.12/site-packages/requests/sessions.py", line 589, in request
[2024-10-02T02:11:44.228+0000] {subprocess.py:93} INFO -     resp = self.send(prep, **send_kwargs)
[2024-10-02T02:11:44.229+0000] {subprocess.py:93} INFO -            ^^^^^^^^^^^^^^^^^^^^^^^^^^^^^^
[2024-10-02T02:11:44.229+0000] {subprocess.py:93} INFO -   File "/home/***/.local/lib/python3.12/site-packages/requests/sessions.py", line 703, in send
[2024-10-02T02:11:44.232+0000] {subprocess.py:93} INFO -     r = adapter.send(request, **kwargs)
[2024-10-02T02:11:44.232+0000] {subprocess.py:93} INFO -         ^^^^^^^^^^^^^^^^^^^^^^^^^^^^^^^
[2024-10-02T02:11:44.232+0000] {subprocess.py:93} INFO -   File "/home/***/.local/lib/python3.12/site-packages/requests/adapters.py", line 519, in send
[2024-10-02T02:11:44.233+0000] {subprocess.py:93} INFO -     raise ConnectionError(e, request=request)
[2024-10-02T02:11:44.233+0000] {subprocess.py:93} INFO - requests.exceptions.ConnectionError: HTTPSConnectionPool(host='www.planecrashinfo.com', port=443): Max retries exceeded with url: /1920/1920-25.htm (Caused by NewConnectionError('<urllib3.connection.HTTPSConnection object at 0xffffb80db1a0>: Failed to establish a new connection: [Errno 111] Connection refused'))
[2024-10-02T02:11:44.255+0000] {subprocess.py:97} INFO - Command exited with return code 1
[2024-10-02T02:11:44.255+0000] {taskinstance.py:441} INFO - ::group::Post task execution logs
[2024-10-02T02:11:44.261+0000] {taskinstance.py:2890} ERROR - Task failed with exception
Traceback (most recent call last):
  File "/home/airflow/.local/lib/python3.12/site-packages/airflow/models/taskinstance.py", line 465, in _execute_task
    result = _execute_callable(context=context, **execute_callable_kwargs)
             ^^^^^^^^^^^^^^^^^^^^^^^^^^^^^^^^^^^^^^^^^^^^^^^^^^^^^^^^^^^^^
  File "/home/airflow/.local/lib/python3.12/site-packages/airflow/models/taskinstance.py", line 432, in _execute_callable
    return execute_callable(context=context, **execute_callable_kwargs)
           ^^^^^^^^^^^^^^^^^^^^^^^^^^^^^^^^^^^^^^^^^^^^^^^^^^^^^^^^^^^^
  File "/home/airflow/.local/lib/python3.12/site-packages/airflow/models/baseoperator.py", line 400, in wrapper
    return func(self, *args, **kwargs)
           ^^^^^^^^^^^^^^^^^^^^^^^^^^^
  File "/home/airflow/.local/lib/python3.12/site-packages/airflow/operators/bash.py", line 243, in execute
    raise AirflowException(
airflow.exceptions.AirflowException: Bash command failed. The command returned a non-zero exit code 1.
[2024-10-02T02:11:44.263+0000] {taskinstance.py:1205} INFO - Marking task as UP_FOR_RETRY. dag_id=AirCrashInvestigation_pipeline, task_id=scrape_LoadS3, execution_date=20240929T000000, start_date=20241002T020934, end_date=20241002T021144
[2024-10-02T02:11:44.270+0000] {standard_task_runner.py:110} ERROR - Failed to execute job 9 for task scrape_LoadS3 (Bash command failed. The command returned a non-zero exit code 1.; 93)
[2024-10-02T02:11:44.281+0000] {local_task_job_runner.py:240} INFO - Task exited with return code 1
[2024-10-02T02:11:44.291+0000] {taskinstance.py:3482} INFO - 0 downstream tasks scheduled from follow-on schedule check
[2024-10-02T02:11:44.292+0000] {local_task_job_runner.py:222} INFO - ::endgroup::
