[2024-09-29T03:39:50.835+0000] {local_task_job_runner.py:120} INFO - ::group::Pre task execution logs
[2024-09-29T03:39:50.850+0000] {taskinstance.py:2073} INFO - Dependencies all met for dep_context=non-requeueable deps ti=<TaskInstance: AirCrashInvestigation_pipeline.loadRedshift manual__2024-09-29T03:18:00.637923+00:00 [queued]>
[2024-09-29T03:39:50.854+0000] {taskinstance.py:2073} INFO - Dependencies all met for dep_context=requeueable deps ti=<TaskInstance: AirCrashInvestigation_pipeline.loadRedshift manual__2024-09-29T03:18:00.637923+00:00 [queued]>
[2024-09-29T03:39:50.854+0000] {taskinstance.py:2303} INFO - Starting attempt 3 of 4
[2024-09-29T03:39:50.862+0000] {taskinstance.py:2327} INFO - Executing <Task(BashOperator): loadRedshift> on 2024-09-29 03:18:00.637923+00:00
[2024-09-29T03:39:50.865+0000] {warnings.py:110} WARNING - /home/***/.local/lib/python3.12/site-packages/***/task/task_runner/standard_task_runner.py:61: DeprecationWarning: This process (pid=770) is multi-threaded, use of fork() may lead to deadlocks in the child.
  pid = os.fork()

[2024-09-29T03:39:50.866+0000] {standard_task_runner.py:63} INFO - Started process 771 to run task
[2024-09-29T03:39:50.866+0000] {standard_task_runner.py:90} INFO - Running: ['***', 'tasks', 'run', 'AirCrashInvestigation_pipeline', 'loadRedshift', 'manual__2024-09-29T03:18:00.637923+00:00', '--job-id', '43', '--raw', '--subdir', 'DAGS_FOLDER/main_dag.py', '--cfg-path', '/tmp/tmp8eeeoupd']
[2024-09-29T03:39:50.868+0000] {standard_task_runner.py:91} INFO - Job 43: Subtask loadRedshift
[2024-09-29T03:39:50.888+0000] {task_command.py:426} INFO - Running <TaskInstance: AirCrashInvestigation_pipeline.loadRedshift manual__2024-09-29T03:18:00.637923+00:00 [running]> on host 2e7d9707a826
[2024-09-29T03:39:50.933+0000] {taskinstance.py:2644} INFO - Exporting env vars: AIRFLOW_CTX_DAG_OWNER='***' AIRFLOW_CTX_DAG_ID='AirCrashInvestigation_pipeline' AIRFLOW_CTX_TASK_ID='loadRedshift' AIRFLOW_CTX_EXECUTION_DATE='2024-09-29T03:18:00.637923+00:00' AIRFLOW_CTX_TRY_NUMBER='3' AIRFLOW_CTX_DAG_RUN_ID='manual__2024-09-29T03:18:00.637923+00:00'
[2024-09-29T03:39:50.934+0000] {taskinstance.py:430} INFO - ::endgroup::
[2024-09-29T03:39:50.943+0000] {subprocess.py:63} INFO - Tmp dir root location: /tmp
[2024-09-29T03:39:50.943+0000] {subprocess.py:75} INFO - Running command: ['/usr/bin/bash', '-c', 'python3 /opt/***/tasks/loadRedshift.py']
[2024-09-29T03:39:50.949+0000] {subprocess.py:86} INFO - Output:
[2024-09-29T03:39:54.861+0000] {subprocess.py:93} INFO - Connected to Redshift
[2024-09-29T03:39:54.862+0000] {subprocess.py:93} INFO - Created table
[2024-09-29T03:39:54.863+0000] {subprocess.py:93} INFO - Data copied onto table
[2024-09-29T03:39:54.863+0000] {subprocess.py:93} INFO - Data loaded successfully!
[2024-09-29T03:39:54.864+0000] {subprocess.py:93} INFO - Redshift connection closed
[2024-09-29T03:39:54.904+0000] {subprocess.py:97} INFO - Command exited with return code 0
[2024-09-29T03:39:54.905+0000] {taskinstance.py:441} INFO - ::group::Post task execution logs
[2024-09-29T03:39:54.923+0000] {taskinstance.py:1205} INFO - Marking task as SUCCESS. dag_id=AirCrashInvestigation_pipeline, task_id=loadRedshift, execution_date=20240929T031800, start_date=20240929T033950, end_date=20240929T033954
[2024-09-29T03:39:54.944+0000] {local_task_job_runner.py:240} INFO - Task exited with return code 0
[2024-09-29T03:39:54.953+0000] {taskinstance.py:3482} INFO - 0 downstream tasks scheduled from follow-on schedule check
[2024-09-29T03:39:54.954+0000] {local_task_job_runner.py:222} INFO - ::endgroup::
