[2024-09-29T03:47:02.279+0000] {local_task_job_runner.py:120} INFO - ::group::Pre task execution logs
[2024-09-29T03:47:02.291+0000] {taskinstance.py:2073} INFO - Dependencies all met for dep_context=non-requeueable deps ti=<TaskInstance: AirCrashInvestigation_pipeline.loadRedshift manual__2024-09-29T03:18:00.637923+00:00 [queued]>
[2024-09-29T03:47:02.296+0000] {taskinstance.py:2073} INFO - Dependencies all met for dep_context=requeueable deps ti=<TaskInstance: AirCrashInvestigation_pipeline.loadRedshift manual__2024-09-29T03:18:00.637923+00:00 [queued]>
[2024-09-29T03:47:02.296+0000] {taskinstance.py:2303} INFO - Starting attempt 4 of 5
[2024-09-29T03:47:02.303+0000] {taskinstance.py:2327} INFO - Executing <Task(BashOperator): loadRedshift> on 2024-09-29 03:18:00.637923+00:00
[2024-09-29T03:47:02.306+0000] {warnings.py:110} WARNING - /home/***/.local/lib/python3.12/site-packages/***/task/task_runner/standard_task_runner.py:61: DeprecationWarning: This process (pid=865) is multi-threaded, use of fork() may lead to deadlocks in the child.
  pid = os.fork()

[2024-09-29T03:47:02.307+0000] {standard_task_runner.py:63} INFO - Started process 866 to run task
[2024-09-29T03:47:02.307+0000] {standard_task_runner.py:90} INFO - Running: ['***', 'tasks', 'run', 'AirCrashInvestigation_pipeline', 'loadRedshift', 'manual__2024-09-29T03:18:00.637923+00:00', '--job-id', '44', '--raw', '--subdir', 'DAGS_FOLDER/main_dag.py', '--cfg-path', '/tmp/tmpxqocydug']
[2024-09-29T03:47:02.309+0000] {standard_task_runner.py:91} INFO - Job 44: Subtask loadRedshift
[2024-09-29T03:47:02.332+0000] {task_command.py:426} INFO - Running <TaskInstance: AirCrashInvestigation_pipeline.loadRedshift manual__2024-09-29T03:18:00.637923+00:00 [running]> on host 2e7d9707a826
[2024-09-29T03:47:02.375+0000] {taskinstance.py:2644} INFO - Exporting env vars: AIRFLOW_CTX_DAG_OWNER='***' AIRFLOW_CTX_DAG_ID='AirCrashInvestigation_pipeline' AIRFLOW_CTX_TASK_ID='loadRedshift' AIRFLOW_CTX_EXECUTION_DATE='2024-09-29T03:18:00.637923+00:00' AIRFLOW_CTX_TRY_NUMBER='4' AIRFLOW_CTX_DAG_RUN_ID='manual__2024-09-29T03:18:00.637923+00:00'
[2024-09-29T03:47:02.376+0000] {taskinstance.py:430} INFO - ::endgroup::
[2024-09-29T03:47:02.382+0000] {subprocess.py:63} INFO - Tmp dir root location: /tmp
[2024-09-29T03:47:02.383+0000] {subprocess.py:75} INFO - Running command: ['/usr/bin/bash', '-c', 'python3 /opt/***/tasks/loadRedshift.py']
[2024-09-29T03:47:02.387+0000] {subprocess.py:86} INFO - Output:
[2024-09-29T03:47:03.616+0000] {subprocess.py:93} INFO - Connected to Redshift
[2024-09-29T03:47:03.624+0000] {subprocess.py:93} INFO - Created table
[2024-09-29T03:47:03.625+0000] {subprocess.py:93} INFO - Data copied onto table
[2024-09-29T03:47:03.627+0000] {subprocess.py:93} INFO - Data loaded successfully!
[2024-09-29T03:47:03.628+0000] {subprocess.py:93} INFO - Redshift connection closed
[2024-09-29T03:47:03.665+0000] {subprocess.py:97} INFO - Command exited with return code 0
[2024-09-29T03:47:03.666+0000] {taskinstance.py:441} INFO - ::group::Post task execution logs
[2024-09-29T03:47:03.682+0000] {taskinstance.py:1205} INFO - Marking task as SUCCESS. dag_id=AirCrashInvestigation_pipeline, task_id=loadRedshift, execution_date=20240929T031800, start_date=20240929T034702, end_date=20240929T034703
[2024-09-29T03:47:03.707+0000] {local_task_job_runner.py:240} INFO - Task exited with return code 0
[2024-09-29T03:47:03.715+0000] {taskinstance.py:3482} INFO - 0 downstream tasks scheduled from follow-on schedule check
[2024-09-29T03:47:03.716+0000] {local_task_job_runner.py:222} INFO - ::endgroup::
