[2024-09-25T19:56:06.635+0000] {local_task_job_runner.py:120} INFO - ::group::Pre task execution logs
[2024-09-25T19:56:06.646+0000] {taskinstance.py:2073} INFO - Dependencies all met for dep_context=non-requeueable deps ti=<TaskInstance: AirCrashInvestigation_pipeline.scrape manual__2024-09-25T19:54:04.202846+00:00 [queued]>
[2024-09-25T19:56:06.649+0000] {taskinstance.py:2073} INFO - Dependencies all met for dep_context=requeueable deps ti=<TaskInstance: AirCrashInvestigation_pipeline.scrape manual__2024-09-25T19:54:04.202846+00:00 [queued]>
[2024-09-25T19:56:06.650+0000] {taskinstance.py:2303} INFO - Starting attempt 2 of 2
[2024-09-25T19:56:06.655+0000] {taskinstance.py:2327} INFO - Executing <Task(BashOperator): scrape> on 2024-09-25 19:54:04.202846+00:00
[2024-09-25T19:56:06.658+0000] {warnings.py:110} WARNING - /home/***/.local/lib/python3.12/site-packages/***/task/task_runner/standard_task_runner.py:61: DeprecationWarning: This process (pid=324) is multi-threaded, use of fork() may lead to deadlocks in the child.
  pid = os.fork()

[2024-09-25T19:56:06.659+0000] {standard_task_runner.py:63} INFO - Started process 325 to run task
[2024-09-25T19:56:06.661+0000] {standard_task_runner.py:90} INFO - Running: ['***', 'tasks', 'run', 'AirCrashInvestigation_pipeline', 'scrape', 'manual__2024-09-25T19:54:04.202846+00:00', '--job-id', '11', '--raw', '--subdir', 'DAGS_FOLDER/main_dag.py', '--cfg-path', '/tmp/tmpxa_rnx21']
[2024-09-25T19:56:06.664+0000] {standard_task_runner.py:91} INFO - Job 11: Subtask scrape
[2024-09-25T19:56:06.689+0000] {task_command.py:426} INFO - Running <TaskInstance: AirCrashInvestigation_pipeline.scrape manual__2024-09-25T19:54:04.202846+00:00 [running]> on host a5905166bf2e
[2024-09-25T19:56:06.741+0000] {taskinstance.py:2644} INFO - Exporting env vars: AIRFLOW_CTX_DAG_OWNER='***' AIRFLOW_CTX_DAG_ID='AirCrashInvestigation_pipeline' AIRFLOW_CTX_TASK_ID='scrape' AIRFLOW_CTX_EXECUTION_DATE='2024-09-25T19:54:04.202846+00:00' AIRFLOW_CTX_TRY_NUMBER='2' AIRFLOW_CTX_DAG_RUN_ID='manual__2024-09-25T19:54:04.202846+00:00'
[2024-09-25T19:56:06.742+0000] {taskinstance.py:430} INFO - ::endgroup::
[2024-09-25T19:56:06.749+0000] {subprocess.py:63} INFO - Tmp dir root location: /tmp
[2024-09-25T19:56:06.749+0000] {subprocess.py:75} INFO - Running command: ['/usr/bin/bash', '-c', 'python3 /opt/***/tasks/flightDataWebScrape.py']
[2024-09-25T19:56:06.754+0000] {subprocess.py:86} INFO - Output:
[2024-09-25T19:58:17.611+0000] {local_task_job_runner.py:310} WARNING - State of this instance has been externally set to removed. Terminating instance.
[2024-09-25T19:58:17.611+0000] {local_task_job_runner.py:222} INFO - ::endgroup::
[2024-09-25T19:58:17.613+0000] {process_utils.py:132} INFO - Sending 15 to group 325. PIDs of all processes in the group: [326, 325]
[2024-09-25T19:58:17.613+0000] {process_utils.py:87} INFO - Sending the signal 15 to group 325
[2024-09-25T19:58:17.613+0000] {taskinstance.py:2607} ERROR - Received SIGTERM. Terminating subprocesses.
[2024-09-25T19:58:17.614+0000] {subprocess.py:104} INFO - Sending SIGTERM signal to process group
[2024-09-25T19:58:17.614+0000] {taskinstance.py:441} INFO - ::group::Post task execution logs
[2024-09-25T19:58:17.643+0000] {process_utils.py:80} INFO - Process psutil.Process(pid=325, status='terminated', exitcode=0, started='19:56:05') (325) terminated with exit code 0
[2024-09-25T19:58:17.643+0000] {process_utils.py:80} INFO - Process psutil.Process(pid=326, status='terminated', started='19:56:05') (326) terminated with exit code None
