[2024-09-25T19:54:05.406+0000] {local_task_job_runner.py:120} INFO - ::group::Pre task execution logs
[2024-09-25T19:54:05.417+0000] {taskinstance.py:2073} INFO - Dependencies all met for dep_context=non-requeueable deps ti=<TaskInstance: AirCrashInvestigation_pipeline.scrape manual__2024-09-25T19:54:04.202846+00:00 [queued]>
[2024-09-25T19:54:05.421+0000] {taskinstance.py:2073} INFO - Dependencies all met for dep_context=requeueable deps ti=<TaskInstance: AirCrashInvestigation_pipeline.scrape manual__2024-09-25T19:54:04.202846+00:00 [queued]>
[2024-09-25T19:54:05.421+0000] {taskinstance.py:2303} INFO - Starting attempt 1 of 2
[2024-09-25T19:54:05.427+0000] {taskinstance.py:2327} INFO - Executing <Task(BashOperator): scrape> on 2024-09-25 19:54:04.202846+00:00
[2024-09-25T19:54:05.429+0000] {warnings.py:110} WARNING - /home/***/.local/lib/python3.12/site-packages/***/task/task_runner/standard_task_runner.py:61: DeprecationWarning: This process (pid=291) is multi-threaded, use of fork() may lead to deadlocks in the child.
  pid = os.fork()

[2024-09-25T19:54:05.430+0000] {standard_task_runner.py:63} INFO - Started process 292 to run task
[2024-09-25T19:54:05.431+0000] {standard_task_runner.py:90} INFO - Running: ['***', 'tasks', 'run', 'AirCrashInvestigation_pipeline', 'scrape', 'manual__2024-09-25T19:54:04.202846+00:00', '--job-id', '9', '--raw', '--subdir', 'DAGS_FOLDER/main_dag.py', '--cfg-path', '/tmp/tmp1ucqls81']
[2024-09-25T19:54:05.432+0000] {standard_task_runner.py:91} INFO - Job 9: Subtask scrape
[2024-09-25T19:54:05.456+0000] {task_command.py:426} INFO - Running <TaskInstance: AirCrashInvestigation_pipeline.scrape manual__2024-09-25T19:54:04.202846+00:00 [running]> on host a5905166bf2e
[2024-09-25T19:54:05.491+0000] {taskinstance.py:2644} INFO - Exporting env vars: AIRFLOW_CTX_DAG_OWNER='***' AIRFLOW_CTX_DAG_ID='AirCrashInvestigation_pipeline' AIRFLOW_CTX_TASK_ID='scrape' AIRFLOW_CTX_EXECUTION_DATE='2024-09-25T19:54:04.202846+00:00' AIRFLOW_CTX_TRY_NUMBER='1' AIRFLOW_CTX_DAG_RUN_ID='manual__2024-09-25T19:54:04.202846+00:00'
[2024-09-25T19:54:05.492+0000] {taskinstance.py:430} INFO - ::endgroup::
[2024-09-25T19:54:05.498+0000] {subprocess.py:63} INFO - Tmp dir root location: /tmp
[2024-09-25T19:54:05.499+0000] {subprocess.py:75} INFO - Running command: ['/usr/bin/bash', '-c', 'python3 /opt/***/tasks/flightDataWebScrape.py']
[2024-09-25T19:54:05.503+0000] {subprocess.py:86} INFO - Output:
[2024-09-25T19:54:05.953+0000] {subprocess.py:93} INFO - Traceback (most recent call last):
[2024-09-25T19:54:05.953+0000] {subprocess.py:93} INFO -   File "/opt/***/tasks/flightDataWebScrape.py", line 88, in <module>
[2024-09-25T19:54:05.953+0000] {subprocess.py:93} INFO -     main()
[2024-09-25T19:54:05.954+0000] {subprocess.py:93} INFO -     ^^^^^^
[2024-09-25T19:54:05.954+0000] {subprocess.py:93} INFO -   File "/opt/***/tasks/flightDataWebScrape.py", line 19, in main
[2024-09-25T19:54:05.956+0000] {subprocess.py:93} INFO -     for year in tqdm(range(1920,2024+1)):
[2024-09-25T19:54:05.956+0000] {subprocess.py:93} INFO -                 ^^^^
[2024-09-25T19:54:05.956+0000] {subprocess.py:93} INFO - NameError: name 'tqdm' is not defined
[2024-09-25T19:54:05.981+0000] {subprocess.py:97} INFO - Command exited with return code 1
[2024-09-25T19:54:05.982+0000] {taskinstance.py:441} INFO - ::group::Post task execution logs
[2024-09-25T19:54:05.988+0000] {taskinstance.py:2890} ERROR - Task failed with exception
Traceback (most recent call last):
  File "/home/airflow/.local/lib/python3.12/site-packages/airflow/models/taskinstance.py", line 465, in _execute_task
    result = _execute_callable(context=context, **execute_callable_kwargs)
             ^^^^^^^^^^^^^^^^^^^^^^^^^^^^^^^^^^^^^^^^^^^^^^^^^^^^^^^^^^^^^
  File "/home/airflow/.local/lib/python3.12/site-packages/airflow/models/taskinstance.py", line 432, in _execute_callable
    return execute_callable(context=context, **execute_callable_kwargs)
           ^^^^^^^^^^^^^^^^^^^^^^^^^^^^^^^^^^^^^^^^^^^^^^^^^^^^^^^^^^^^
  File "/home/airflow/.local/lib/python3.12/site-packages/airflow/models/baseoperator.py", line 400, in wrapper
    return func(self, *args, **kwargs)
           ^^^^^^^^^^^^^^^^^^^^^^^^^^^
  File "/home/airflow/.local/lib/python3.12/site-packages/airflow/operators/bash.py", line 243, in execute
    raise AirflowException(
airflow.exceptions.AirflowException: Bash command failed. The command returned a non-zero exit code 1.
[2024-09-25T19:54:05.990+0000] {taskinstance.py:1205} INFO - Marking task as UP_FOR_RETRY. dag_id=AirCrashInvestigation_pipeline, task_id=scrape, execution_date=20240925T195404, start_date=20240925T195405, end_date=20240925T195405
[2024-09-25T19:54:05.996+0000] {standard_task_runner.py:110} ERROR - Failed to execute job 9 for task scrape (Bash command failed. The command returned a non-zero exit code 1.; 292)
[2024-09-25T19:54:06.022+0000] {local_task_job_runner.py:240} INFO - Task exited with return code 1
[2024-09-25T19:54:06.032+0000] {taskinstance.py:3482} INFO - 0 downstream tasks scheduled from follow-on schedule check
[2024-09-25T19:54:06.033+0000] {local_task_job_runner.py:222} INFO - ::endgroup::
