[2024-09-25T19:19:34.648+0000] {local_task_job_runner.py:120} INFO - ::group::Pre task execution logs
[2024-09-25T19:19:34.662+0000] {taskinstance.py:2073} INFO - Dependencies all met for dep_context=non-requeueable deps ti=<TaskInstance: AirCrashInvestigation_pipeline.scrape scheduled__2024-09-23T00:00:00+00:00 [queued]>
[2024-09-25T19:19:34.667+0000] {taskinstance.py:2073} INFO - Dependencies all met for dep_context=requeueable deps ti=<TaskInstance: AirCrashInvestigation_pipeline.scrape scheduled__2024-09-23T00:00:00+00:00 [queued]>
[2024-09-25T19:19:34.668+0000] {taskinstance.py:2303} INFO - Starting attempt 2 of 2
[2024-09-25T19:19:34.678+0000] {taskinstance.py:2327} INFO - Executing <Task(BashOperator): scrape> on 2024-09-23 00:00:00+00:00
[2024-09-25T19:19:34.681+0000] {warnings.py:110} WARNING - /home/***/.local/lib/python3.12/site-packages/***/task/task_runner/standard_task_runner.py:61: DeprecationWarning: This process (pid=106) is multi-threaded, use of fork() may lead to deadlocks in the child.
  pid = os.fork()

[2024-09-25T19:19:34.683+0000] {standard_task_runner.py:63} INFO - Started process 108 to run task
[2024-09-25T19:19:34.683+0000] {standard_task_runner.py:90} INFO - Running: ['***', 'tasks', 'run', 'AirCrashInvestigation_pipeline', 'scrape', 'scheduled__2024-09-23T00:00:00+00:00', '--job-id', '8', '--raw', '--subdir', 'DAGS_FOLDER/main_dag.py', '--cfg-path', '/tmp/tmpd90dq298']
[2024-09-25T19:19:34.686+0000] {standard_task_runner.py:91} INFO - Job 8: Subtask scrape
[2024-09-25T19:19:34.720+0000] {task_command.py:426} INFO - Running <TaskInstance: AirCrashInvestigation_pipeline.scrape scheduled__2024-09-23T00:00:00+00:00 [running]> on host 3e7c0ef0cbf3
[2024-09-25T19:19:34.772+0000] {taskinstance.py:2644} INFO - Exporting env vars: AIRFLOW_CTX_DAG_OWNER='***' AIRFLOW_CTX_DAG_ID='AirCrashInvestigation_pipeline' AIRFLOW_CTX_TASK_ID='scrape' AIRFLOW_CTX_EXECUTION_DATE='2024-09-23T00:00:00+00:00' AIRFLOW_CTX_TRY_NUMBER='2' AIRFLOW_CTX_DAG_RUN_ID='scheduled__2024-09-23T00:00:00+00:00'
[2024-09-25T19:19:34.773+0000] {taskinstance.py:430} INFO - ::endgroup::
[2024-09-25T19:19:34.779+0000] {subprocess.py:63} INFO - Tmp dir root location: /tmp
[2024-09-25T19:19:34.780+0000] {subprocess.py:75} INFO - Running command: ['/usr/bin/bash', '-c', 'python ../tasks/testcode.py']
[2024-09-25T19:19:34.785+0000] {subprocess.py:86} INFO - Output:
[2024-09-25T19:19:34.803+0000] {subprocess.py:93} INFO - python: can't open file '/tmp/***tmpugr7garq/../tasks/testcode.py': [Errno 2] No such file or directory
[2024-09-25T19:19:34.806+0000] {subprocess.py:97} INFO - Command exited with return code 2
[2024-09-25T19:19:34.806+0000] {taskinstance.py:441} INFO - ::group::Post task execution logs
[2024-09-25T19:19:34.812+0000] {taskinstance.py:2890} ERROR - Task failed with exception
Traceback (most recent call last):
  File "/home/airflow/.local/lib/python3.12/site-packages/airflow/models/taskinstance.py", line 465, in _execute_task
    result = _execute_callable(context=context, **execute_callable_kwargs)
             ^^^^^^^^^^^^^^^^^^^^^^^^^^^^^^^^^^^^^^^^^^^^^^^^^^^^^^^^^^^^^
  File "/home/airflow/.local/lib/python3.12/site-packages/airflow/models/taskinstance.py", line 432, in _execute_callable
    return execute_callable(context=context, **execute_callable_kwargs)
           ^^^^^^^^^^^^^^^^^^^^^^^^^^^^^^^^^^^^^^^^^^^^^^^^^^^^^^^^^^^^
  File "/home/airflow/.local/lib/python3.12/site-packages/airflow/models/baseoperator.py", line 400, in wrapper
    return func(self, *args, **kwargs)
           ^^^^^^^^^^^^^^^^^^^^^^^^^^^
  File "/home/airflow/.local/lib/python3.12/site-packages/airflow/operators/bash.py", line 243, in execute
    raise AirflowException(
airflow.exceptions.AirflowException: Bash command failed. The command returned a non-zero exit code 2.
[2024-09-25T19:19:34.815+0000] {taskinstance.py:1205} INFO - Marking task as FAILED. dag_id=AirCrashInvestigation_pipeline, task_id=scrape, execution_date=20240923T000000, start_date=20240925T191934, end_date=20240925T191934
[2024-09-25T19:19:34.824+0000] {standard_task_runner.py:110} ERROR - Failed to execute job 8 for task scrape (Bash command failed. The command returned a non-zero exit code 2.; 108)
[2024-09-25T19:19:34.865+0000] {local_task_job_runner.py:240} INFO - Task exited with return code 1
[2024-09-25T19:19:34.874+0000] {taskinstance.py:3482} INFO - 0 downstream tasks scheduled from follow-on schedule check
[2024-09-25T19:19:34.875+0000] {local_task_job_runner.py:222} INFO - ::endgroup::
[2024-09-25T19:25:01.243+0000] {local_task_job_runner.py:120} INFO - ::group::Pre task execution logs
[2024-09-25T19:25:01.256+0000] {taskinstance.py:2073} INFO - Dependencies all met for dep_context=non-requeueable deps ti=<TaskInstance: AirCrashInvestigation_pipeline.scrape scheduled__2024-09-23T00:00:00+00:00 [queued]>
[2024-09-25T19:25:01.265+0000] {taskinstance.py:2073} INFO - Dependencies all met for dep_context=requeueable deps ti=<TaskInstance: AirCrashInvestigation_pipeline.scrape scheduled__2024-09-23T00:00:00+00:00 [queued]>
[2024-09-25T19:25:01.267+0000] {taskinstance.py:2303} INFO - Starting attempt 2 of 2
[2024-09-25T19:25:01.280+0000] {taskinstance.py:2327} INFO - Executing <Task(BashOperator): scrape> on 2024-09-23 00:00:00+00:00
[2024-09-25T19:25:01.287+0000] {warnings.py:110} WARNING - /home/***/.local/lib/python3.12/site-packages/***/task/task_runner/standard_task_runner.py:61: DeprecationWarning: This process (pid=122) is multi-threaded, use of fork() may lead to deadlocks in the child.
  pid = os.fork()

[2024-09-25T19:25:01.288+0000] {standard_task_runner.py:63} INFO - Started process 124 to run task
[2024-09-25T19:25:01.288+0000] {standard_task_runner.py:90} INFO - Running: ['***', 'tasks', 'run', 'AirCrashInvestigation_pipeline', 'scrape', 'scheduled__2024-09-23T00:00:00+00:00', '--job-id', '8', '--raw', '--subdir', 'DAGS_FOLDER/main_dag.py', '--cfg-path', '/tmp/tmp4bk_d59g']
[2024-09-25T19:25:01.298+0000] {standard_task_runner.py:91} INFO - Job 8: Subtask scrape
[2024-09-25T19:25:01.417+0000] {task_command.py:426} INFO - Running <TaskInstance: AirCrashInvestigation_pipeline.scrape scheduled__2024-09-23T00:00:00+00:00 [running]> on host 8445e15c9faf
[2024-09-25T19:25:01.494+0000] {taskinstance.py:2644} INFO - Exporting env vars: AIRFLOW_CTX_DAG_OWNER='***' AIRFLOW_CTX_DAG_ID='AirCrashInvestigation_pipeline' AIRFLOW_CTX_TASK_ID='scrape' AIRFLOW_CTX_EXECUTION_DATE='2024-09-23T00:00:00+00:00' AIRFLOW_CTX_TRY_NUMBER='2' AIRFLOW_CTX_DAG_RUN_ID='scheduled__2024-09-23T00:00:00+00:00'
[2024-09-25T19:25:01.496+0000] {taskinstance.py:430} INFO - ::endgroup::
[2024-09-25T19:25:01.504+0000] {subprocess.py:63} INFO - Tmp dir root location: /tmp
[2024-09-25T19:25:01.506+0000] {subprocess.py:75} INFO - Running command: ['/usr/bin/bash', '-c', 'python ../tasks/testcode.py']
[2024-09-25T19:25:01.513+0000] {subprocess.py:86} INFO - Output:
[2024-09-25T19:25:01.535+0000] {subprocess.py:93} INFO - python: can't open file '/tmp/***tmpuntth7ns/../tasks/testcode.py': [Errno 2] No such file or directory
[2024-09-25T19:25:01.537+0000] {subprocess.py:97} INFO - Command exited with return code 2
[2024-09-25T19:25:01.538+0000] {taskinstance.py:441} INFO - ::group::Post task execution logs
[2024-09-25T19:25:01.544+0000] {taskinstance.py:2890} ERROR - Task failed with exception
Traceback (most recent call last):
  File "/home/airflow/.local/lib/python3.12/site-packages/airflow/models/taskinstance.py", line 465, in _execute_task
    result = _execute_callable(context=context, **execute_callable_kwargs)
             ^^^^^^^^^^^^^^^^^^^^^^^^^^^^^^^^^^^^^^^^^^^^^^^^^^^^^^^^^^^^^
  File "/home/airflow/.local/lib/python3.12/site-packages/airflow/models/taskinstance.py", line 432, in _execute_callable
    return execute_callable(context=context, **execute_callable_kwargs)
           ^^^^^^^^^^^^^^^^^^^^^^^^^^^^^^^^^^^^^^^^^^^^^^^^^^^^^^^^^^^^
  File "/home/airflow/.local/lib/python3.12/site-packages/airflow/models/baseoperator.py", line 400, in wrapper
    return func(self, *args, **kwargs)
           ^^^^^^^^^^^^^^^^^^^^^^^^^^^
  File "/home/airflow/.local/lib/python3.12/site-packages/airflow/operators/bash.py", line 243, in execute
    raise AirflowException(
airflow.exceptions.AirflowException: Bash command failed. The command returned a non-zero exit code 2.
[2024-09-25T19:25:01.547+0000] {taskinstance.py:1205} INFO - Marking task as FAILED. dag_id=AirCrashInvestigation_pipeline, task_id=scrape, execution_date=20240923T000000, start_date=20240925T192501, end_date=20240925T192501
[2024-09-25T19:25:01.553+0000] {standard_task_runner.py:110} ERROR - Failed to execute job 8 for task scrape (Bash command failed. The command returned a non-zero exit code 2.; 124)
[2024-09-25T19:25:01.598+0000] {local_task_job_runner.py:240} INFO - Task exited with return code 1
[2024-09-25T19:25:01.608+0000] {taskinstance.py:3482} INFO - 0 downstream tasks scheduled from follow-on schedule check
[2024-09-25T19:25:01.609+0000] {local_task_job_runner.py:222} INFO - ::endgroup::
[2024-09-25T19:39:55.707+0000] {local_task_job_runner.py:120} INFO - ::group::Pre task execution logs
[2024-09-25T19:39:55.719+0000] {taskinstance.py:2073} INFO - Dependencies all met for dep_context=non-requeueable deps ti=<TaskInstance: AirCrashInvestigation_pipeline.scrape scheduled__2024-09-23T00:00:00+00:00 [queued]>
[2024-09-25T19:39:55.723+0000] {taskinstance.py:2073} INFO - Dependencies all met for dep_context=requeueable deps ti=<TaskInstance: AirCrashInvestigation_pipeline.scrape scheduled__2024-09-23T00:00:00+00:00 [queued]>
[2024-09-25T19:39:55.723+0000] {taskinstance.py:2303} INFO - Starting attempt 2 of 2
[2024-09-25T19:39:55.729+0000] {taskinstance.py:2327} INFO - Executing <Task(BashOperator): scrape> on 2024-09-23 00:00:00+00:00
[2024-09-25T19:39:55.738+0000] {warnings.py:110} WARNING - /home/***/.local/lib/python3.12/site-packages/***/task/task_runner/standard_task_runner.py:61: DeprecationWarning: This process (pid=100) is multi-threaded, use of fork() may lead to deadlocks in the child.
  pid = os.fork()

[2024-09-25T19:39:55.739+0000] {standard_task_runner.py:63} INFO - Started process 102 to run task
[2024-09-25T19:39:55.737+0000] {standard_task_runner.py:90} INFO - Running: ['***', 'tasks', 'run', 'AirCrashInvestigation_pipeline', 'scrape', 'scheduled__2024-09-23T00:00:00+00:00', '--job-id', '6', '--raw', '--subdir', 'DAGS_FOLDER/main_dag.py', '--cfg-path', '/tmp/tmpii26g1_z']
[2024-09-25T19:39:55.744+0000] {standard_task_runner.py:91} INFO - Job 6: Subtask scrape
[2024-09-25T19:39:55.780+0000] {task_command.py:426} INFO - Running <TaskInstance: AirCrashInvestigation_pipeline.scrape scheduled__2024-09-23T00:00:00+00:00 [running]> on host a5905166bf2e
[2024-09-25T19:39:55.823+0000] {taskinstance.py:2644} INFO - Exporting env vars: AIRFLOW_CTX_DAG_OWNER='***' AIRFLOW_CTX_DAG_ID='AirCrashInvestigation_pipeline' AIRFLOW_CTX_TASK_ID='scrape' AIRFLOW_CTX_EXECUTION_DATE='2024-09-23T00:00:00+00:00' AIRFLOW_CTX_TRY_NUMBER='2' AIRFLOW_CTX_DAG_RUN_ID='scheduled__2024-09-23T00:00:00+00:00'
[2024-09-25T19:39:55.824+0000] {taskinstance.py:430} INFO - ::endgroup::
[2024-09-25T19:39:55.833+0000] {subprocess.py:63} INFO - Tmp dir root location: /tmp
[2024-09-25T19:39:55.833+0000] {subprocess.py:75} INFO - Running command: ['/usr/bin/bash', '-c', 'python3 /opt/***/tasks/flightDataWebScrape.py']
[2024-09-25T19:39:55.841+0000] {subprocess.py:86} INFO - Output:
[2024-09-25T19:39:56.340+0000] {subprocess.py:93} INFO - Traceback (most recent call last):
[2024-09-25T19:39:56.341+0000] {subprocess.py:93} INFO -   File "/opt/***/tasks/flightDataWebScrape.py", line 7, in <module>
[2024-09-25T19:39:56.343+0000] {subprocess.py:93} INFO -     from pipelineActions import *
[2024-09-25T19:39:56.343+0000] {subprocess.py:93} INFO -   File "/opt/***/tasks/pipelineActions.py", line 9, in <module>
[2024-09-25T19:39:56.344+0000] {subprocess.py:93} INFO -     access = config.get('aws_boto_credentials', 'access_key')
[2024-09-25T19:39:56.344+0000] {subprocess.py:93} INFO -              ^^^^^^^^^^^^^^^^^^^^^^^^^^^^^^^^^^^^^^^^^^^^^^^^
[2024-09-25T19:39:56.344+0000] {subprocess.py:93} INFO -   File "/usr/local/lib/python3.12/configparser.py", line 759, in get
[2024-09-25T19:39:56.345+0000] {subprocess.py:93} INFO -     d = self._unify_values(section, vars)
[2024-09-25T19:39:56.345+0000] {subprocess.py:93} INFO -         ^^^^^^^^^^^^^^^^^^^^^^^^^^^^^^^^^
[2024-09-25T19:39:56.345+0000] {subprocess.py:93} INFO -   File "/usr/local/lib/python3.12/configparser.py", line 1130, in _unify_values
[2024-09-25T19:39:56.345+0000] {subprocess.py:93} INFO -     raise NoSectionError(section) from None
[2024-09-25T19:39:56.345+0000] {subprocess.py:93} INFO - configparser.NoSectionError: No section: 'aws_boto_credentials'
[2024-09-25T19:39:56.378+0000] {subprocess.py:97} INFO - Command exited with return code 1
[2024-09-25T19:39:56.379+0000] {taskinstance.py:441} INFO - ::group::Post task execution logs
[2024-09-25T19:39:56.388+0000] {taskinstance.py:2890} ERROR - Task failed with exception
Traceback (most recent call last):
  File "/home/airflow/.local/lib/python3.12/site-packages/airflow/models/taskinstance.py", line 465, in _execute_task
    result = _execute_callable(context=context, **execute_callable_kwargs)
             ^^^^^^^^^^^^^^^^^^^^^^^^^^^^^^^^^^^^^^^^^^^^^^^^^^^^^^^^^^^^^
  File "/home/airflow/.local/lib/python3.12/site-packages/airflow/models/taskinstance.py", line 432, in _execute_callable
    return execute_callable(context=context, **execute_callable_kwargs)
           ^^^^^^^^^^^^^^^^^^^^^^^^^^^^^^^^^^^^^^^^^^^^^^^^^^^^^^^^^^^^
  File "/home/airflow/.local/lib/python3.12/site-packages/airflow/models/baseoperator.py", line 400, in wrapper
    return func(self, *args, **kwargs)
           ^^^^^^^^^^^^^^^^^^^^^^^^^^^
  File "/home/airflow/.local/lib/python3.12/site-packages/airflow/operators/bash.py", line 243, in execute
    raise AirflowException(
airflow.exceptions.AirflowException: Bash command failed. The command returned a non-zero exit code 1.
[2024-09-25T19:39:56.391+0000] {taskinstance.py:1205} INFO - Marking task as FAILED. dag_id=AirCrashInvestigation_pipeline, task_id=scrape, execution_date=20240923T000000, start_date=20240925T193955, end_date=20240925T193956
[2024-09-25T19:39:56.411+0000] {standard_task_runner.py:110} ERROR - Failed to execute job 6 for task scrape (Bash command failed. The command returned a non-zero exit code 1.; 102)
[2024-09-25T19:39:56.456+0000] {local_task_job_runner.py:240} INFO - Task exited with return code 1
[2024-09-25T19:39:56.471+0000] {taskinstance.py:3482} INFO - 0 downstream tasks scheduled from follow-on schedule check
[2024-09-25T19:39:56.472+0000] {local_task_job_runner.py:222} INFO - ::endgroup::
