[2024-09-26T00:00:03.724+0000] {processor.py:186} INFO - Started process (PID=1210) to work on /opt/airflow/dags/main_dag.py
[2024-09-26T00:00:03.725+0000] {processor.py:914} INFO - Processing file /opt/airflow/dags/main_dag.py for tasks to queue
[2024-09-26T00:00:03.728+0000] {logging_mixin.py:190} INFO - [2024-09-26T00:00:03.728+0000] {dagbag.py:588} INFO - Filling up the DagBag from /opt/airflow/dags/main_dag.py
[2024-09-26T00:00:03.740+0000] {processor.py:925} INFO - DAG(s) 'AirCrashInvestigation_pipeline' retrieved from /opt/airflow/dags/main_dag.py
[2024-09-26T00:00:03.761+0000] {logging_mixin.py:190} INFO - [2024-09-26T00:00:03.761+0000] {dag.py:3239} INFO - Sync 1 DAGs
[2024-09-26T00:00:03.772+0000] {logging_mixin.py:190} INFO - [2024-09-26T00:00:03.772+0000] {dag.py:4180} INFO - Setting next_dagrun for AirCrashInvestigation_pipeline to 2024-09-26 00:00:00+00:00, run_after=2024-09-27 00:00:00+00:00
[2024-09-26T00:00:03.780+0000] {processor.py:208} INFO - Processing /opt/airflow/dags/main_dag.py took 0.062 seconds
[2024-09-26T00:00:34.015+0000] {processor.py:186} INFO - Started process (PID=1221) to work on /opt/airflow/dags/main_dag.py
[2024-09-26T00:00:34.017+0000] {processor.py:914} INFO - Processing file /opt/airflow/dags/main_dag.py for tasks to queue
[2024-09-26T00:00:34.020+0000] {logging_mixin.py:190} INFO - [2024-09-26T00:00:34.020+0000] {dagbag.py:588} INFO - Filling up the DagBag from /opt/airflow/dags/main_dag.py
[2024-09-26T00:00:34.033+0000] {processor.py:925} INFO - DAG(s) 'AirCrashInvestigation_pipeline' retrieved from /opt/airflow/dags/main_dag.py
[2024-09-26T00:00:34.053+0000] {logging_mixin.py:190} INFO - [2024-09-26T00:00:34.052+0000] {dag.py:3239} INFO - Sync 1 DAGs
[2024-09-26T00:00:34.064+0000] {logging_mixin.py:190} INFO - [2024-09-26T00:00:34.064+0000] {dag.py:4180} INFO - Setting next_dagrun for AirCrashInvestigation_pipeline to 2024-09-26 00:00:00+00:00, run_after=2024-09-27 00:00:00+00:00
[2024-09-26T00:00:34.073+0000] {processor.py:208} INFO - Processing /opt/airflow/dags/main_dag.py took 0.064 seconds
[2024-09-26T00:01:04.329+0000] {processor.py:186} INFO - Started process (PID=1232) to work on /opt/airflow/dags/main_dag.py
[2024-09-26T00:01:04.329+0000] {processor.py:914} INFO - Processing file /opt/airflow/dags/main_dag.py for tasks to queue
[2024-09-26T00:01:04.331+0000] {logging_mixin.py:190} INFO - [2024-09-26T00:01:04.330+0000] {dagbag.py:588} INFO - Filling up the DagBag from /opt/airflow/dags/main_dag.py
[2024-09-26T00:01:04.337+0000] {processor.py:925} INFO - DAG(s) 'AirCrashInvestigation_pipeline' retrieved from /opt/airflow/dags/main_dag.py
[2024-09-26T00:01:04.349+0000] {logging_mixin.py:190} INFO - [2024-09-26T00:01:04.349+0000] {dag.py:3239} INFO - Sync 1 DAGs
[2024-09-26T00:01:04.360+0000] {logging_mixin.py:190} INFO - [2024-09-26T00:01:04.360+0000] {dag.py:4180} INFO - Setting next_dagrun for AirCrashInvestigation_pipeline to 2024-09-26 00:00:00+00:00, run_after=2024-09-27 00:00:00+00:00
[2024-09-26T00:01:04.367+0000] {processor.py:208} INFO - Processing /opt/airflow/dags/main_dag.py took 0.041 seconds
[2024-09-26T00:01:34.600+0000] {processor.py:186} INFO - Started process (PID=1243) to work on /opt/airflow/dags/main_dag.py
[2024-09-26T00:01:34.602+0000] {processor.py:914} INFO - Processing file /opt/airflow/dags/main_dag.py for tasks to queue
[2024-09-26T00:01:34.603+0000] {logging_mixin.py:190} INFO - [2024-09-26T00:01:34.603+0000] {dagbag.py:588} INFO - Filling up the DagBag from /opt/airflow/dags/main_dag.py
[2024-09-26T00:01:34.611+0000] {processor.py:925} INFO - DAG(s) 'AirCrashInvestigation_pipeline' retrieved from /opt/airflow/dags/main_dag.py
[2024-09-26T00:01:34.624+0000] {logging_mixin.py:190} INFO - [2024-09-26T00:01:34.624+0000] {dag.py:3239} INFO - Sync 1 DAGs
[2024-09-26T00:01:34.635+0000] {logging_mixin.py:190} INFO - [2024-09-26T00:01:34.634+0000] {dag.py:4180} INFO - Setting next_dagrun for AirCrashInvestigation_pipeline to 2024-09-26 00:00:00+00:00, run_after=2024-09-27 00:00:00+00:00
[2024-09-26T00:01:34.641+0000] {processor.py:208} INFO - Processing /opt/airflow/dags/main_dag.py took 0.044 seconds
[2024-09-26T00:02:04.969+0000] {processor.py:186} INFO - Started process (PID=1264) to work on /opt/airflow/dags/main_dag.py
[2024-09-26T00:02:04.970+0000] {processor.py:914} INFO - Processing file /opt/airflow/dags/main_dag.py for tasks to queue
[2024-09-26T00:02:04.973+0000] {logging_mixin.py:190} INFO - [2024-09-26T00:02:04.973+0000] {dagbag.py:588} INFO - Filling up the DagBag from /opt/airflow/dags/main_dag.py
[2024-09-26T00:02:04.986+0000] {processor.py:925} INFO - DAG(s) 'AirCrashInvestigation_pipeline' retrieved from /opt/airflow/dags/main_dag.py
[2024-09-26T00:02:05.006+0000] {logging_mixin.py:190} INFO - [2024-09-26T00:02:05.006+0000] {dag.py:3239} INFO - Sync 1 DAGs
[2024-09-26T00:02:05.018+0000] {logging_mixin.py:190} INFO - [2024-09-26T00:02:05.017+0000] {dag.py:4180} INFO - Setting next_dagrun for AirCrashInvestigation_pipeline to 2024-09-26 00:00:00+00:00, run_after=2024-09-27 00:00:00+00:00
[2024-09-26T00:02:05.025+0000] {processor.py:208} INFO - Processing /opt/airflow/dags/main_dag.py took 0.062 seconds
[2024-09-26T00:02:35.291+0000] {processor.py:186} INFO - Started process (PID=1275) to work on /opt/airflow/dags/main_dag.py
[2024-09-26T00:02:35.292+0000] {processor.py:914} INFO - Processing file /opt/airflow/dags/main_dag.py for tasks to queue
[2024-09-26T00:02:35.295+0000] {logging_mixin.py:190} INFO - [2024-09-26T00:02:35.295+0000] {dagbag.py:588} INFO - Filling up the DagBag from /opt/airflow/dags/main_dag.py
[2024-09-26T00:02:35.308+0000] {processor.py:925} INFO - DAG(s) 'AirCrashInvestigation_pipeline' retrieved from /opt/airflow/dags/main_dag.py
[2024-09-26T00:02:35.327+0000] {logging_mixin.py:190} INFO - [2024-09-26T00:02:35.327+0000] {dag.py:3239} INFO - Sync 1 DAGs
[2024-09-26T00:02:35.338+0000] {logging_mixin.py:190} INFO - [2024-09-26T00:02:35.338+0000] {dag.py:4180} INFO - Setting next_dagrun for AirCrashInvestigation_pipeline to 2024-09-26 00:00:00+00:00, run_after=2024-09-27 00:00:00+00:00
[2024-09-26T00:02:35.346+0000] {processor.py:208} INFO - Processing /opt/airflow/dags/main_dag.py took 0.063 seconds
[2024-09-26T00:03:05.749+0000] {processor.py:186} INFO - Started process (PID=1286) to work on /opt/airflow/dags/main_dag.py
[2024-09-26T00:03:05.749+0000] {processor.py:914} INFO - Processing file /opt/airflow/dags/main_dag.py for tasks to queue
[2024-09-26T00:03:05.751+0000] {logging_mixin.py:190} INFO - [2024-09-26T00:03:05.751+0000] {dagbag.py:588} INFO - Filling up the DagBag from /opt/airflow/dags/main_dag.py
[2024-09-26T00:03:05.759+0000] {processor.py:925} INFO - DAG(s) 'AirCrashInvestigation_pipeline' retrieved from /opt/airflow/dags/main_dag.py
[2024-09-26T00:03:05.773+0000] {logging_mixin.py:190} INFO - [2024-09-26T00:03:05.773+0000] {dag.py:3239} INFO - Sync 1 DAGs
[2024-09-26T00:03:05.784+0000] {logging_mixin.py:190} INFO - [2024-09-26T00:03:05.784+0000] {dag.py:4180} INFO - Setting next_dagrun for AirCrashInvestigation_pipeline to 2024-09-26 00:00:00+00:00, run_after=2024-09-27 00:00:00+00:00
[2024-09-26T00:03:05.793+0000] {processor.py:208} INFO - Processing /opt/airflow/dags/main_dag.py took 0.050 seconds
[2024-09-26T00:03:36.162+0000] {processor.py:186} INFO - Started process (PID=1297) to work on /opt/airflow/dags/main_dag.py
[2024-09-26T00:03:36.163+0000] {processor.py:914} INFO - Processing file /opt/airflow/dags/main_dag.py for tasks to queue
[2024-09-26T00:03:36.166+0000] {logging_mixin.py:190} INFO - [2024-09-26T00:03:36.166+0000] {dagbag.py:588} INFO - Filling up the DagBag from /opt/airflow/dags/main_dag.py
[2024-09-26T00:03:36.177+0000] {processor.py:925} INFO - DAG(s) 'AirCrashInvestigation_pipeline' retrieved from /opt/airflow/dags/main_dag.py
[2024-09-26T00:03:36.197+0000] {logging_mixin.py:190} INFO - [2024-09-26T00:03:36.196+0000] {dag.py:3239} INFO - Sync 1 DAGs
[2024-09-26T00:03:36.207+0000] {logging_mixin.py:190} INFO - [2024-09-26T00:03:36.207+0000] {dag.py:4180} INFO - Setting next_dagrun for AirCrashInvestigation_pipeline to 2024-09-26 00:00:00+00:00, run_after=2024-09-27 00:00:00+00:00
[2024-09-26T00:03:36.214+0000] {processor.py:208} INFO - Processing /opt/airflow/dags/main_dag.py took 0.058 seconds
[2024-09-26T00:04:06.573+0000] {processor.py:186} INFO - Started process (PID=1308) to work on /opt/airflow/dags/main_dag.py
[2024-09-26T00:04:06.574+0000] {processor.py:914} INFO - Processing file /opt/airflow/dags/main_dag.py for tasks to queue
[2024-09-26T00:04:06.577+0000] {logging_mixin.py:190} INFO - [2024-09-26T00:04:06.576+0000] {dagbag.py:588} INFO - Filling up the DagBag from /opt/airflow/dags/main_dag.py
[2024-09-26T00:04:06.588+0000] {processor.py:925} INFO - DAG(s) 'AirCrashInvestigation_pipeline' retrieved from /opt/airflow/dags/main_dag.py
[2024-09-26T00:04:06.608+0000] {logging_mixin.py:190} INFO - [2024-09-26T00:04:06.608+0000] {dag.py:3239} INFO - Sync 1 DAGs
[2024-09-26T00:04:06.623+0000] {logging_mixin.py:190} INFO - [2024-09-26T00:04:06.623+0000] {dag.py:4180} INFO - Setting next_dagrun for AirCrashInvestigation_pipeline to 2024-09-26 00:00:00+00:00, run_after=2024-09-27 00:00:00+00:00
[2024-09-26T00:04:06.631+0000] {processor.py:208} INFO - Processing /opt/airflow/dags/main_dag.py took 0.065 seconds
[2024-09-26T00:04:36.992+0000] {processor.py:186} INFO - Started process (PID=1319) to work on /opt/airflow/dags/main_dag.py
[2024-09-26T00:04:36.993+0000] {processor.py:914} INFO - Processing file /opt/airflow/dags/main_dag.py for tasks to queue
[2024-09-26T00:04:36.996+0000] {logging_mixin.py:190} INFO - [2024-09-26T00:04:36.995+0000] {dagbag.py:588} INFO - Filling up the DagBag from /opt/airflow/dags/main_dag.py
[2024-09-26T00:04:37.007+0000] {processor.py:925} INFO - DAG(s) 'AirCrashInvestigation_pipeline' retrieved from /opt/airflow/dags/main_dag.py
[2024-09-26T00:04:37.022+0000] {logging_mixin.py:190} INFO - [2024-09-26T00:04:37.021+0000] {dag.py:3239} INFO - Sync 1 DAGs
[2024-09-26T00:04:37.033+0000] {logging_mixin.py:190} INFO - [2024-09-26T00:04:37.033+0000] {dag.py:4180} INFO - Setting next_dagrun for AirCrashInvestigation_pipeline to 2024-09-26 00:00:00+00:00, run_after=2024-09-27 00:00:00+00:00
[2024-09-26T00:04:37.040+0000] {processor.py:208} INFO - Processing /opt/airflow/dags/main_dag.py took 0.054 seconds
[2024-09-26T00:05:07.381+0000] {processor.py:186} INFO - Started process (PID=1330) to work on /opt/airflow/dags/main_dag.py
[2024-09-26T00:05:07.382+0000] {processor.py:914} INFO - Processing file /opt/airflow/dags/main_dag.py for tasks to queue
[2024-09-26T00:05:07.385+0000] {logging_mixin.py:190} INFO - [2024-09-26T00:05:07.384+0000] {dagbag.py:588} INFO - Filling up the DagBag from /opt/airflow/dags/main_dag.py
[2024-09-26T00:05:07.397+0000] {processor.py:925} INFO - DAG(s) 'AirCrashInvestigation_pipeline' retrieved from /opt/airflow/dags/main_dag.py
[2024-09-26T00:05:07.418+0000] {logging_mixin.py:190} INFO - [2024-09-26T00:05:07.418+0000] {dag.py:3239} INFO - Sync 1 DAGs
[2024-09-26T00:05:07.430+0000] {logging_mixin.py:190} INFO - [2024-09-26T00:05:07.430+0000] {dag.py:4180} INFO - Setting next_dagrun for AirCrashInvestigation_pipeline to 2024-09-26 00:00:00+00:00, run_after=2024-09-27 00:00:00+00:00
[2024-09-26T00:05:07.438+0000] {processor.py:208} INFO - Processing /opt/airflow/dags/main_dag.py took 0.063 seconds
[2024-09-26T00:05:37.733+0000] {processor.py:186} INFO - Started process (PID=1341) to work on /opt/airflow/dags/main_dag.py
[2024-09-26T00:05:37.734+0000] {processor.py:914} INFO - Processing file /opt/airflow/dags/main_dag.py for tasks to queue
[2024-09-26T00:05:37.737+0000] {logging_mixin.py:190} INFO - [2024-09-26T00:05:37.736+0000] {dagbag.py:588} INFO - Filling up the DagBag from /opt/airflow/dags/main_dag.py
[2024-09-26T00:05:37.749+0000] {processor.py:925} INFO - DAG(s) 'AirCrashInvestigation_pipeline' retrieved from /opt/airflow/dags/main_dag.py
[2024-09-26T00:05:37.768+0000] {logging_mixin.py:190} INFO - [2024-09-26T00:05:37.768+0000] {dag.py:3239} INFO - Sync 1 DAGs
[2024-09-26T00:05:37.779+0000] {logging_mixin.py:190} INFO - [2024-09-26T00:05:37.779+0000] {dag.py:4180} INFO - Setting next_dagrun for AirCrashInvestigation_pipeline to 2024-09-26 00:00:00+00:00, run_after=2024-09-27 00:00:00+00:00
[2024-09-26T00:05:37.786+0000] {processor.py:208} INFO - Processing /opt/airflow/dags/main_dag.py took 0.059 seconds
[2024-09-26T00:06:08.245+0000] {processor.py:186} INFO - Started process (PID=1352) to work on /opt/airflow/dags/main_dag.py
[2024-09-26T00:06:08.246+0000] {processor.py:914} INFO - Processing file /opt/airflow/dags/main_dag.py for tasks to queue
[2024-09-26T00:06:08.248+0000] {logging_mixin.py:190} INFO - [2024-09-26T00:06:08.248+0000] {dagbag.py:588} INFO - Filling up the DagBag from /opt/airflow/dags/main_dag.py
[2024-09-26T00:06:08.261+0000] {processor.py:925} INFO - DAG(s) 'AirCrashInvestigation_pipeline' retrieved from /opt/airflow/dags/main_dag.py
[2024-09-26T00:06:08.282+0000] {logging_mixin.py:190} INFO - [2024-09-26T00:06:08.282+0000] {dag.py:3239} INFO - Sync 1 DAGs
[2024-09-26T00:06:08.293+0000] {logging_mixin.py:190} INFO - [2024-09-26T00:06:08.293+0000] {dag.py:4180} INFO - Setting next_dagrun for AirCrashInvestigation_pipeline to 2024-09-26 00:00:00+00:00, run_after=2024-09-27 00:00:00+00:00
[2024-09-26T00:06:08.301+0000] {processor.py:208} INFO - Processing /opt/airflow/dags/main_dag.py took 0.063 seconds
[2024-09-26T00:06:38.662+0000] {processor.py:186} INFO - Started process (PID=1363) to work on /opt/airflow/dags/main_dag.py
[2024-09-26T00:06:38.663+0000] {processor.py:914} INFO - Processing file /opt/airflow/dags/main_dag.py for tasks to queue
[2024-09-26T00:06:38.665+0000] {logging_mixin.py:190} INFO - [2024-09-26T00:06:38.665+0000] {dagbag.py:588} INFO - Filling up the DagBag from /opt/airflow/dags/main_dag.py
[2024-09-26T00:06:38.677+0000] {processor.py:925} INFO - DAG(s) 'AirCrashInvestigation_pipeline' retrieved from /opt/airflow/dags/main_dag.py
[2024-09-26T00:06:38.698+0000] {logging_mixin.py:190} INFO - [2024-09-26T00:06:38.698+0000] {dag.py:3239} INFO - Sync 1 DAGs
[2024-09-26T00:06:38.709+0000] {logging_mixin.py:190} INFO - [2024-09-26T00:06:38.709+0000] {dag.py:4180} INFO - Setting next_dagrun for AirCrashInvestigation_pipeline to 2024-09-26 00:00:00+00:00, run_after=2024-09-27 00:00:00+00:00
[2024-09-26T00:06:38.717+0000] {processor.py:208} INFO - Processing /opt/airflow/dags/main_dag.py took 0.061 seconds
[2024-09-26T00:07:09.082+0000] {processor.py:186} INFO - Started process (PID=1374) to work on /opt/airflow/dags/main_dag.py
[2024-09-26T00:07:09.083+0000] {processor.py:914} INFO - Processing file /opt/airflow/dags/main_dag.py for tasks to queue
[2024-09-26T00:07:09.086+0000] {logging_mixin.py:190} INFO - [2024-09-26T00:07:09.085+0000] {dagbag.py:588} INFO - Filling up the DagBag from /opt/airflow/dags/main_dag.py
[2024-09-26T00:07:09.098+0000] {processor.py:925} INFO - DAG(s) 'AirCrashInvestigation_pipeline' retrieved from /opt/airflow/dags/main_dag.py
[2024-09-26T00:07:09.119+0000] {logging_mixin.py:190} INFO - [2024-09-26T00:07:09.118+0000] {dag.py:3239} INFO - Sync 1 DAGs
[2024-09-26T00:07:09.129+0000] {logging_mixin.py:190} INFO - [2024-09-26T00:07:09.129+0000] {dag.py:4180} INFO - Setting next_dagrun for AirCrashInvestigation_pipeline to 2024-09-26 00:00:00+00:00, run_after=2024-09-27 00:00:00+00:00
[2024-09-26T00:07:09.138+0000] {processor.py:208} INFO - Processing /opt/airflow/dags/main_dag.py took 0.062 seconds
[2024-09-26T00:07:39.433+0000] {processor.py:186} INFO - Started process (PID=1385) to work on /opt/airflow/dags/main_dag.py
[2024-09-26T00:07:39.435+0000] {processor.py:914} INFO - Processing file /opt/airflow/dags/main_dag.py for tasks to queue
[2024-09-26T00:07:39.439+0000] {logging_mixin.py:190} INFO - [2024-09-26T00:07:39.439+0000] {dagbag.py:588} INFO - Filling up the DagBag from /opt/airflow/dags/main_dag.py
[2024-09-26T00:07:39.451+0000] {processor.py:925} INFO - DAG(s) 'AirCrashInvestigation_pipeline' retrieved from /opt/airflow/dags/main_dag.py
[2024-09-26T00:07:39.467+0000] {logging_mixin.py:190} INFO - [2024-09-26T00:07:39.467+0000] {dag.py:3239} INFO - Sync 1 DAGs
[2024-09-26T00:07:39.478+0000] {logging_mixin.py:190} INFO - [2024-09-26T00:07:39.478+0000] {dag.py:4180} INFO - Setting next_dagrun for AirCrashInvestigation_pipeline to 2024-09-26 00:00:00+00:00, run_after=2024-09-27 00:00:00+00:00
[2024-09-26T00:07:39.486+0000] {processor.py:208} INFO - Processing /opt/airflow/dags/main_dag.py took 0.060 seconds
[2024-09-26T00:08:09.861+0000] {processor.py:186} INFO - Started process (PID=1396) to work on /opt/airflow/dags/main_dag.py
[2024-09-26T00:08:09.862+0000] {processor.py:914} INFO - Processing file /opt/airflow/dags/main_dag.py for tasks to queue
[2024-09-26T00:08:09.863+0000] {logging_mixin.py:190} INFO - [2024-09-26T00:08:09.863+0000] {dagbag.py:588} INFO - Filling up the DagBag from /opt/airflow/dags/main_dag.py
[2024-09-26T00:08:09.869+0000] {processor.py:925} INFO - DAG(s) 'AirCrashInvestigation_pipeline' retrieved from /opt/airflow/dags/main_dag.py
[2024-09-26T00:08:09.881+0000] {logging_mixin.py:190} INFO - [2024-09-26T00:08:09.881+0000] {dag.py:3239} INFO - Sync 1 DAGs
[2024-09-26T00:08:09.891+0000] {logging_mixin.py:190} INFO - [2024-09-26T00:08:09.891+0000] {dag.py:4180} INFO - Setting next_dagrun for AirCrashInvestigation_pipeline to 2024-09-26 00:00:00+00:00, run_after=2024-09-27 00:00:00+00:00
[2024-09-26T00:08:09.899+0000] {processor.py:208} INFO - Processing /opt/airflow/dags/main_dag.py took 0.041 seconds
[2024-09-26T00:08:40.184+0000] {processor.py:186} INFO - Started process (PID=1407) to work on /opt/airflow/dags/main_dag.py
[2024-09-26T00:08:40.184+0000] {processor.py:914} INFO - Processing file /opt/airflow/dags/main_dag.py for tasks to queue
[2024-09-26T00:08:40.185+0000] {logging_mixin.py:190} INFO - [2024-09-26T00:08:40.185+0000] {dagbag.py:588} INFO - Filling up the DagBag from /opt/airflow/dags/main_dag.py
[2024-09-26T00:08:40.191+0000] {processor.py:925} INFO - DAG(s) 'AirCrashInvestigation_pipeline' retrieved from /opt/airflow/dags/main_dag.py
[2024-09-26T00:08:40.203+0000] {logging_mixin.py:190} INFO - [2024-09-26T00:08:40.202+0000] {dag.py:3239} INFO - Sync 1 DAGs
[2024-09-26T00:08:40.214+0000] {logging_mixin.py:190} INFO - [2024-09-26T00:08:40.213+0000] {dag.py:4180} INFO - Setting next_dagrun for AirCrashInvestigation_pipeline to 2024-09-26 00:00:00+00:00, run_after=2024-09-27 00:00:00+00:00
[2024-09-26T00:08:40.221+0000] {processor.py:208} INFO - Processing /opt/airflow/dags/main_dag.py took 0.040 seconds
[2024-09-26T00:09:10.595+0000] {processor.py:186} INFO - Started process (PID=1418) to work on /opt/airflow/dags/main_dag.py
[2024-09-26T00:09:10.595+0000] {processor.py:914} INFO - Processing file /opt/airflow/dags/main_dag.py for tasks to queue
[2024-09-26T00:09:10.597+0000] {logging_mixin.py:190} INFO - [2024-09-26T00:09:10.596+0000] {dagbag.py:588} INFO - Filling up the DagBag from /opt/airflow/dags/main_dag.py
[2024-09-26T00:09:10.603+0000] {processor.py:925} INFO - DAG(s) 'AirCrashInvestigation_pipeline' retrieved from /opt/airflow/dags/main_dag.py
[2024-09-26T00:09:10.616+0000] {logging_mixin.py:190} INFO - [2024-09-26T00:09:10.616+0000] {dag.py:3239} INFO - Sync 1 DAGs
[2024-09-26T00:09:10.627+0000] {logging_mixin.py:190} INFO - [2024-09-26T00:09:10.627+0000] {dag.py:4180} INFO - Setting next_dagrun for AirCrashInvestigation_pipeline to 2024-09-26 00:00:00+00:00, run_after=2024-09-27 00:00:00+00:00
[2024-09-26T00:09:10.634+0000] {processor.py:208} INFO - Processing /opt/airflow/dags/main_dag.py took 0.043 seconds
[2024-09-26T00:09:40.981+0000] {processor.py:186} INFO - Started process (PID=1428) to work on /opt/airflow/dags/main_dag.py
[2024-09-26T00:09:40.982+0000] {processor.py:914} INFO - Processing file /opt/airflow/dags/main_dag.py for tasks to queue
[2024-09-26T00:09:40.984+0000] {logging_mixin.py:190} INFO - [2024-09-26T00:09:40.984+0000] {dagbag.py:588} INFO - Filling up the DagBag from /opt/airflow/dags/main_dag.py
[2024-09-26T00:09:40.997+0000] {processor.py:925} INFO - DAG(s) 'AirCrashInvestigation_pipeline' retrieved from /opt/airflow/dags/main_dag.py
[2024-09-26T00:09:41.018+0000] {logging_mixin.py:190} INFO - [2024-09-26T00:09:41.017+0000] {dag.py:3239} INFO - Sync 1 DAGs
[2024-09-26T00:09:41.028+0000] {logging_mixin.py:190} INFO - [2024-09-26T00:09:41.028+0000] {dag.py:4180} INFO - Setting next_dagrun for AirCrashInvestigation_pipeline to 2024-09-26 00:00:00+00:00, run_after=2024-09-27 00:00:00+00:00
[2024-09-26T00:09:41.037+0000] {processor.py:208} INFO - Processing /opt/airflow/dags/main_dag.py took 0.062 seconds
[2024-09-26T00:10:11.379+0000] {processor.py:186} INFO - Started process (PID=1438) to work on /opt/airflow/dags/main_dag.py
[2024-09-26T00:10:11.380+0000] {processor.py:914} INFO - Processing file /opt/airflow/dags/main_dag.py for tasks to queue
[2024-09-26T00:10:11.383+0000] {logging_mixin.py:190} INFO - [2024-09-26T00:10:11.382+0000] {dagbag.py:588} INFO - Filling up the DagBag from /opt/airflow/dags/main_dag.py
[2024-09-26T00:10:11.396+0000] {processor.py:925} INFO - DAG(s) 'AirCrashInvestigation_pipeline' retrieved from /opt/airflow/dags/main_dag.py
[2024-09-26T00:10:11.414+0000] {logging_mixin.py:190} INFO - [2024-09-26T00:10:11.414+0000] {dag.py:3239} INFO - Sync 1 DAGs
[2024-09-26T00:10:11.426+0000] {logging_mixin.py:190} INFO - [2024-09-26T00:10:11.426+0000] {dag.py:4180} INFO - Setting next_dagrun for AirCrashInvestigation_pipeline to 2024-09-26 00:00:00+00:00, run_after=2024-09-27 00:00:00+00:00
[2024-09-26T00:10:11.435+0000] {processor.py:208} INFO - Processing /opt/airflow/dags/main_dag.py took 0.062 seconds
