[2024-09-25T18:49:49.500+0000] {local_task_job_runner.py:120} INFO - ::group::Pre task execution logs
[2024-09-25T18:49:49.510+0000] {taskinstance.py:2073} INFO - Dependencies all met for dep_context=non-requeueable deps ti=<TaskInstance: AirCrashInvestigation_pipeline.scrape manual__2024-09-25T18:49:49.009439+00:00 [queued]>
[2024-09-25T18:49:49.514+0000] {taskinstance.py:2073} INFO - Dependencies all met for dep_context=requeueable deps ti=<TaskInstance: AirCrashInvestigation_pipeline.scrape manual__2024-09-25T18:49:49.009439+00:00 [queued]>
[2024-09-25T18:49:49.514+0000] {taskinstance.py:2303} INFO - Starting attempt 1 of 2
[2024-09-25T18:49:49.521+0000] {taskinstance.py:2327} INFO - Executing <Task(BashOperator): scrape> on 2024-09-25 18:49:49.009439+00:00
[2024-09-25T18:49:49.524+0000] {warnings.py:110} WARNING - /home/***/.local/lib/python3.12/site-packages/***/task/task_runner/standard_task_runner.py:61: DeprecationWarning: This process (pid=893) is multi-threaded, use of fork() may lead to deadlocks in the child.
  pid = os.fork()

[2024-09-25T18:49:49.524+0000] {standard_task_runner.py:63} INFO - Started process 894 to run task
[2024-09-25T18:49:49.525+0000] {standard_task_runner.py:90} INFO - Running: ['***', 'tasks', 'run', 'AirCrashInvestigation_pipeline', 'scrape', 'manual__2024-09-25T18:49:49.009439+00:00', '--job-id', '32', '--raw', '--subdir', 'DAGS_FOLDER/main_dag.py', '--cfg-path', '/tmp/tmp80lm8a6f']
[2024-09-25T18:49:49.526+0000] {standard_task_runner.py:91} INFO - Job 32: Subtask scrape
[2024-09-25T18:49:49.547+0000] {task_command.py:426} INFO - Running <TaskInstance: AirCrashInvestigation_pipeline.scrape manual__2024-09-25T18:49:49.009439+00:00 [running]> on host 233e233591d2
[2024-09-25T18:49:49.586+0000] {taskinstance.py:2644} INFO - Exporting env vars: AIRFLOW_CTX_DAG_OWNER='***' AIRFLOW_CTX_DAG_ID='AirCrashInvestigation_pipeline' AIRFLOW_CTX_TASK_ID='scrape' AIRFLOW_CTX_EXECUTION_DATE='2024-09-25T18:49:49.009439+00:00' AIRFLOW_CTX_TRY_NUMBER='1' AIRFLOW_CTX_DAG_RUN_ID='manual__2024-09-25T18:49:49.009439+00:00'
[2024-09-25T18:49:49.587+0000] {taskinstance.py:430} INFO - ::endgroup::
[2024-09-25T18:49:49.593+0000] {subprocess.py:63} INFO - Tmp dir root location: /tmp
[2024-09-25T18:49:49.594+0000] {subprocess.py:75} INFO - Running command: ['/usr/bin/bash', '-c', 'ls']
[2024-09-25T18:49:49.598+0000] {subprocess.py:86} INFO - Output:
[2024-09-25T18:49:49.599+0000] {subprocess.py:97} INFO - Command exited with return code 0
[2024-09-25T18:49:49.600+0000] {taskinstance.py:441} INFO - ::group::Post task execution logs
[2024-09-25T18:49:49.612+0000] {taskinstance.py:1205} INFO - Marking task as SUCCESS. dag_id=AirCrashInvestigation_pipeline, task_id=scrape, execution_date=20240925T184949, start_date=20240925T184949, end_date=20240925T184949
[2024-09-25T18:49:49.624+0000] {local_task_job_runner.py:240} INFO - Task exited with return code 0
[2024-09-25T18:49:49.632+0000] {taskinstance.py:3482} INFO - 0 downstream tasks scheduled from follow-on schedule check
[2024-09-25T18:49:49.633+0000] {local_task_job_runner.py:222} INFO - ::endgroup::
