[2024-09-29T02:37:26.113+0000] {local_task_job_runner.py:120} INFO - ::group::Pre task execution logs
[2024-09-29T02:37:26.126+0000] {taskinstance.py:2073} INFO - Dependencies all met for dep_context=non-requeueable deps ti=<TaskInstance: AirCrashInvestigation_pipeline.scrape_LoadS3 manual__2024-09-29T02:37:25.601695+00:00 [queued]>
[2024-09-29T02:37:26.130+0000] {taskinstance.py:2073} INFO - Dependencies all met for dep_context=requeueable deps ti=<TaskInstance: AirCrashInvestigation_pipeline.scrape_LoadS3 manual__2024-09-29T02:37:25.601695+00:00 [queued]>
[2024-09-29T02:37:26.130+0000] {taskinstance.py:2303} INFO - Starting attempt 1 of 2
[2024-09-29T02:37:26.138+0000] {taskinstance.py:2327} INFO - Executing <Task(BashOperator): scrape_LoadS3> on 2024-09-29 02:37:25.601695+00:00
[2024-09-29T02:37:26.141+0000] {warnings.py:110} WARNING - /home/***/.local/lib/python3.12/site-packages/***/task/task_runner/standard_task_runner.py:61: DeprecationWarning: This process (pid=485) is multi-threaded, use of fork() may lead to deadlocks in the child.
  pid = os.fork()

[2024-09-29T02:37:26.141+0000] {standard_task_runner.py:63} INFO - Started process 486 to run task
[2024-09-29T02:37:26.143+0000] {standard_task_runner.py:90} INFO - Running: ['***', 'tasks', 'run', 'AirCrashInvestigation_pipeline', 'scrape_LoadS3', 'manual__2024-09-29T02:37:25.601695+00:00', '--job-id', '28', '--raw', '--subdir', 'DAGS_FOLDER/main_dag.py', '--cfg-path', '/tmp/tmpvh5poeqi']
[2024-09-29T02:37:26.145+0000] {standard_task_runner.py:91} INFO - Job 28: Subtask scrape_LoadS3
[2024-09-29T02:37:26.169+0000] {task_command.py:426} INFO - Running <TaskInstance: AirCrashInvestigation_pipeline.scrape_LoadS3 manual__2024-09-29T02:37:25.601695+00:00 [running]> on host 7b437d7ff517
[2024-09-29T02:37:26.216+0000] {taskinstance.py:2644} INFO - Exporting env vars: AIRFLOW_CTX_DAG_OWNER='***' AIRFLOW_CTX_DAG_ID='AirCrashInvestigation_pipeline' AIRFLOW_CTX_TASK_ID='scrape_LoadS3' AIRFLOW_CTX_EXECUTION_DATE='2024-09-29T02:37:25.601695+00:00' AIRFLOW_CTX_TRY_NUMBER='1' AIRFLOW_CTX_DAG_RUN_ID='manual__2024-09-29T02:37:25.601695+00:00'
[2024-09-29T02:37:26.216+0000] {taskinstance.py:430} INFO - ::endgroup::
[2024-09-29T02:37:26.223+0000] {subprocess.py:63} INFO - Tmp dir root location: /tmp
[2024-09-29T02:37:26.224+0000] {subprocess.py:75} INFO - Running command: ['/usr/bin/bash', '-c', 'python3 /opt/***/tasks/flightDataWebScrape.py']
[2024-09-29T02:37:26.230+0000] {subprocess.py:86} INFO - Output:
[2024-09-29T02:38:59.029+0000] {subprocess.py:93} INFO - 1920 fetched
[2024-09-29T02:38:59.029+0000] {subprocess.py:93} INFO - 1921 fetched
[2024-09-29T02:38:59.030+0000] {subprocess.py:93} INFO - 1922 fetched
[2024-09-29T02:38:59.030+0000] {subprocess.py:93} INFO - Data saved to S3
[2024-09-29T02:38:59.100+0000] {subprocess.py:97} INFO - Command exited with return code 0
[2024-09-29T02:38:59.101+0000] {taskinstance.py:441} INFO - ::group::Post task execution logs
[2024-09-29T02:38:59.115+0000] {taskinstance.py:1205} INFO - Marking task as SUCCESS. dag_id=AirCrashInvestigation_pipeline, task_id=scrape_LoadS3, execution_date=20240929T023725, start_date=20240929T023726, end_date=20240929T023859
[2024-09-29T02:38:59.147+0000] {local_task_job_runner.py:240} INFO - Task exited with return code 0
[2024-09-29T02:38:59.160+0000] {taskinstance.py:3482} INFO - 1 downstream tasks scheduled from follow-on schedule check
[2024-09-29T02:38:59.161+0000] {local_task_job_runner.py:222} INFO - ::endgroup::
