[2024-09-25T18:50:36.751+0000] {local_task_job_runner.py:120} INFO - ::group::Pre task execution logs
[2024-09-25T18:50:36.761+0000] {taskinstance.py:2073} INFO - Dependencies all met for dep_context=non-requeueable deps ti=<TaskInstance: AirCrashInvestigation_pipeline.scrape manual__2024-09-25T18:48:34.878882+00:00 [queued]>
[2024-09-25T18:50:36.764+0000] {taskinstance.py:2073} INFO - Dependencies all met for dep_context=requeueable deps ti=<TaskInstance: AirCrashInvestigation_pipeline.scrape manual__2024-09-25T18:48:34.878882+00:00 [queued]>
[2024-09-25T18:50:36.764+0000] {taskinstance.py:2303} INFO - Starting attempt 2 of 2
[2024-09-25T18:50:36.771+0000] {taskinstance.py:2327} INFO - Executing <Task(BashOperator): scrape> on 2024-09-25 18:48:34.878882+00:00
[2024-09-25T18:50:36.774+0000] {warnings.py:110} WARNING - /home/***/.local/lib/python3.12/site-packages/***/task/task_runner/standard_task_runner.py:61: DeprecationWarning: This process (pid=913) is multi-threaded, use of fork() may lead to deadlocks in the child.
  pid = os.fork()

[2024-09-25T18:50:36.774+0000] {standard_task_runner.py:63} INFO - Started process 914 to run task
[2024-09-25T18:50:36.775+0000] {standard_task_runner.py:90} INFO - Running: ['***', 'tasks', 'run', 'AirCrashInvestigation_pipeline', 'scrape', 'manual__2024-09-25T18:48:34.878882+00:00', '--job-id', '34', '--raw', '--subdir', 'DAGS_FOLDER/main_dag.py', '--cfg-path', '/tmp/tmps3vkyop4']
[2024-09-25T18:50:36.776+0000] {standard_task_runner.py:91} INFO - Job 34: Subtask scrape
[2024-09-25T18:50:36.796+0000] {task_command.py:426} INFO - Running <TaskInstance: AirCrashInvestigation_pipeline.scrape manual__2024-09-25T18:48:34.878882+00:00 [running]> on host 233e233591d2
[2024-09-25T18:50:36.835+0000] {taskinstance.py:2644} INFO - Exporting env vars: AIRFLOW_CTX_DAG_OWNER='***' AIRFLOW_CTX_DAG_ID='AirCrashInvestigation_pipeline' AIRFLOW_CTX_TASK_ID='scrape' AIRFLOW_CTX_EXECUTION_DATE='2024-09-25T18:48:34.878882+00:00' AIRFLOW_CTX_TRY_NUMBER='2' AIRFLOW_CTX_DAG_RUN_ID='manual__2024-09-25T18:48:34.878882+00:00'
[2024-09-25T18:50:36.835+0000] {taskinstance.py:430} INFO - ::endgroup::
[2024-09-25T18:50:36.842+0000] {subprocess.py:63} INFO - Tmp dir root location: /tmp
[2024-09-25T18:50:36.842+0000] {subprocess.py:75} INFO - Running command: ['/usr/bin/bash', '-c', 'ls']
[2024-09-25T18:50:36.846+0000] {subprocess.py:86} INFO - Output:
[2024-09-25T18:50:36.848+0000] {subprocess.py:97} INFO - Command exited with return code 0
[2024-09-25T18:50:36.848+0000] {taskinstance.py:441} INFO - ::group::Post task execution logs
[2024-09-25T18:50:36.861+0000] {taskinstance.py:1205} INFO - Marking task as SUCCESS. dag_id=AirCrashInvestigation_pipeline, task_id=scrape, execution_date=20240925T184834, start_date=20240925T185036, end_date=20240925T185036
[2024-09-25T18:50:36.874+0000] {local_task_job_runner.py:240} INFO - Task exited with return code 0
[2024-09-25T18:50:36.883+0000] {taskinstance.py:3482} INFO - 0 downstream tasks scheduled from follow-on schedule check
[2024-09-25T18:50:36.883+0000] {local_task_job_runner.py:222} INFO - ::endgroup::
