[2024-10-02T00:02:49.484+0000] {local_task_job_runner.py:120} INFO - ::group::Pre task execution logs
[2024-10-02T00:02:49.496+0000] {taskinstance.py:2073} INFO - Dependencies all met for dep_context=non-requeueable deps ti=<TaskInstance: AirCrashInvestigation_pipeline.loadRedshift scheduled__2024-10-01T00:00:00+00:00 [queued]>
[2024-10-02T00:02:49.502+0000] {taskinstance.py:2073} INFO - Dependencies all met for dep_context=requeueable deps ti=<TaskInstance: AirCrashInvestigation_pipeline.loadRedshift scheduled__2024-10-01T00:00:00+00:00 [queued]>
[2024-10-02T00:02:49.502+0000] {taskinstance.py:2303} INFO - Starting attempt 1 of 2
[2024-10-02T00:02:49.510+0000] {taskinstance.py:2327} INFO - Executing <Task(BashOperator): loadRedshift> on 2024-10-01 00:00:00+00:00
[2024-10-02T00:02:49.513+0000] {warnings.py:110} WARNING - /home/***/.local/lib/python3.12/site-packages/***/task/task_runner/standard_task_runner.py:61: DeprecationWarning: This process (pid=7733) is multi-threaded, use of fork() may lead to deadlocks in the child.
  pid = os.fork()

[2024-10-02T00:02:49.514+0000] {standard_task_runner.py:63} INFO - Started process 7734 to run task
[2024-10-02T00:02:49.514+0000] {standard_task_runner.py:90} INFO - Running: ['***', 'tasks', 'run', 'AirCrashInvestigation_pipeline', 'loadRedshift', 'scheduled__2024-10-01T00:00:00+00:00', '--job-id', '23', '--raw', '--subdir', 'DAGS_FOLDER/main_dag.py', '--cfg-path', '/tmp/tmpd735cglk']
[2024-10-02T00:02:49.516+0000] {standard_task_runner.py:91} INFO - Job 23: Subtask loadRedshift
[2024-10-02T00:02:49.542+0000] {task_command.py:426} INFO - Running <TaskInstance: AirCrashInvestigation_pipeline.loadRedshift scheduled__2024-10-01T00:00:00+00:00 [running]> on host 60abf2d32f6d
[2024-10-02T00:02:49.589+0000] {taskinstance.py:2644} INFO - Exporting env vars: AIRFLOW_CTX_DAG_OWNER='***' AIRFLOW_CTX_DAG_ID='AirCrashInvestigation_pipeline' AIRFLOW_CTX_TASK_ID='loadRedshift' AIRFLOW_CTX_EXECUTION_DATE='2024-10-01T00:00:00+00:00' AIRFLOW_CTX_TRY_NUMBER='1' AIRFLOW_CTX_DAG_RUN_ID='scheduled__2024-10-01T00:00:00+00:00'
[2024-10-02T00:02:49.590+0000] {taskinstance.py:430} INFO - ::endgroup::
[2024-10-02T00:02:49.597+0000] {subprocess.py:63} INFO - Tmp dir root location: /tmp
[2024-10-02T00:02:49.598+0000] {subprocess.py:75} INFO - Running command: ['/usr/bin/bash', '-c', 'python3 /opt/***/tasks/loadRedshift.py']
[2024-10-02T00:02:49.602+0000] {subprocess.py:86} INFO - Output:
[2024-10-02T00:03:06.475+0000] {subprocess.py:93} INFO - Connected to Redshift
[2024-10-02T00:03:06.476+0000] {subprocess.py:93} INFO - Data loaded successfully!
[2024-10-02T00:03:06.477+0000] {subprocess.py:93} INFO - Redshift connection closed
[2024-10-02T00:03:06.494+0000] {subprocess.py:97} INFO - Command exited with return code 0
[2024-10-02T00:03:06.495+0000] {taskinstance.py:441} INFO - ::group::Post task execution logs
[2024-10-02T00:03:06.520+0000] {taskinstance.py:1205} INFO - Marking task as SUCCESS. dag_id=AirCrashInvestigation_pipeline, task_id=loadRedshift, execution_date=20241001T000000, start_date=20241002T000249, end_date=20241002T000306
[2024-10-02T00:03:06.558+0000] {local_task_job_runner.py:240} INFO - Task exited with return code 0
[2024-10-02T00:03:06.567+0000] {taskinstance.py:3482} INFO - 0 downstream tasks scheduled from follow-on schedule check
[2024-10-02T00:03:06.568+0000] {local_task_job_runner.py:222} INFO - ::endgroup::
