[2024-09-29T03:18:01.816+0000] {local_task_job_runner.py:120} INFO - ::group::Pre task execution logs
[2024-09-29T03:18:01.826+0000] {taskinstance.py:2073} INFO - Dependencies all met for dep_context=non-requeueable deps ti=<TaskInstance: AirCrashInvestigation_pipeline.scrape_LoadS3 manual__2024-09-29T03:18:00.637923+00:00 [queued]>
[2024-09-29T03:18:01.830+0000] {taskinstance.py:2073} INFO - Dependencies all met for dep_context=requeueable deps ti=<TaskInstance: AirCrashInvestigation_pipeline.scrape_LoadS3 manual__2024-09-29T03:18:00.637923+00:00 [queued]>
[2024-09-29T03:18:01.830+0000] {taskinstance.py:2303} INFO - Starting attempt 1 of 2
[2024-09-29T03:18:01.838+0000] {taskinstance.py:2327} INFO - Executing <Task(BashOperator): scrape_LoadS3> on 2024-09-29 03:18:00.637923+00:00
[2024-09-29T03:18:01.841+0000] {warnings.py:110} WARNING - /home/***/.local/lib/python3.12/site-packages/***/task/task_runner/standard_task_runner.py:61: DeprecationWarning: This process (pid=478) is multi-threaded, use of fork() may lead to deadlocks in the child.
  pid = os.fork()

[2024-09-29T03:18:01.842+0000] {standard_task_runner.py:63} INFO - Started process 479 to run task
[2024-09-29T03:18:01.843+0000] {standard_task_runner.py:90} INFO - Running: ['***', 'tasks', 'run', 'AirCrashInvestigation_pipeline', 'scrape_LoadS3', 'manual__2024-09-29T03:18:00.637923+00:00', '--job-id', '39', '--raw', '--subdir', 'DAGS_FOLDER/main_dag.py', '--cfg-path', '/tmp/tmp5sschm1q']
[2024-09-29T03:18:01.844+0000] {standard_task_runner.py:91} INFO - Job 39: Subtask scrape_LoadS3
[2024-09-29T03:18:01.868+0000] {task_command.py:426} INFO - Running <TaskInstance: AirCrashInvestigation_pipeline.scrape_LoadS3 manual__2024-09-29T03:18:00.637923+00:00 [running]> on host 2e7d9707a826
[2024-09-29T03:18:01.913+0000] {taskinstance.py:2644} INFO - Exporting env vars: AIRFLOW_CTX_DAG_OWNER='***' AIRFLOW_CTX_DAG_ID='AirCrashInvestigation_pipeline' AIRFLOW_CTX_TASK_ID='scrape_LoadS3' AIRFLOW_CTX_EXECUTION_DATE='2024-09-29T03:18:00.637923+00:00' AIRFLOW_CTX_TRY_NUMBER='1' AIRFLOW_CTX_DAG_RUN_ID='manual__2024-09-29T03:18:00.637923+00:00'
[2024-09-29T03:18:01.914+0000] {taskinstance.py:430} INFO - ::endgroup::
[2024-09-29T03:18:01.920+0000] {subprocess.py:63} INFO - Tmp dir root location: /tmp
[2024-09-29T03:18:01.921+0000] {subprocess.py:75} INFO - Running command: ['/usr/bin/bash', '-c', 'python3 /opt/***/tasks/flightDataWebScrape.py']
[2024-09-29T03:18:01.925+0000] {subprocess.py:86} INFO - Output:
[2024-09-29T03:19:59.849+0000] {subprocess.py:93} INFO - 1920 fetched
[2024-09-29T03:19:59.852+0000] {subprocess.py:93} INFO - 1921 fetched
[2024-09-29T03:19:59.853+0000] {subprocess.py:93} INFO - 1922 fetched
[2024-09-29T03:19:59.854+0000] {subprocess.py:93} INFO - 1923 fetched
[2024-09-29T03:19:59.854+0000] {subprocess.py:93} INFO - 1924 fetched
[2024-09-29T03:19:59.854+0000] {subprocess.py:93} INFO - Data saved to S3
[2024-09-29T03:19:59.924+0000] {subprocess.py:97} INFO - Command exited with return code 0
[2024-09-29T03:19:59.924+0000] {taskinstance.py:441} INFO - ::group::Post task execution logs
[2024-09-29T03:19:59.941+0000] {taskinstance.py:1205} INFO - Marking task as SUCCESS. dag_id=AirCrashInvestigation_pipeline, task_id=scrape_LoadS3, execution_date=20240929T031800, start_date=20240929T031801, end_date=20240929T031959
[2024-09-29T03:19:59.951+0000] {local_task_job_runner.py:240} INFO - Task exited with return code 0
[2024-09-29T03:19:59.963+0000] {taskinstance.py:3482} INFO - 1 downstream tasks scheduled from follow-on schedule check
[2024-09-29T03:19:59.964+0000] {local_task_job_runner.py:222} INFO - ::endgroup::
