[2024-09-25T02:34:46.751+0000] {local_task_job_runner.py:120} INFO - ::group::Pre task execution logs
[2024-09-25T02:34:46.765+0000] {taskinstance.py:2073} INFO - Dependencies all met for dep_context=non-requeueable deps ti=<TaskInstance: AirCrashInvestigation_pipeline.scrape manual__2024-09-25T02:34:45.443219+00:00 [queued]>
[2024-09-25T02:34:46.768+0000] {taskinstance.py:2073} INFO - Dependencies all met for dep_context=requeueable deps ti=<TaskInstance: AirCrashInvestigation_pipeline.scrape manual__2024-09-25T02:34:45.443219+00:00 [queued]>
[2024-09-25T02:34:46.769+0000] {taskinstance.py:2303} INFO - Starting attempt 1 of 2
[2024-09-25T02:34:46.776+0000] {taskinstance.py:2327} INFO - Executing <Task(BashOperator): scrape> on 2024-09-25 02:34:45.443219+00:00
[2024-09-25T02:34:46.780+0000] {warnings.py:110} WARNING - /home/***/.local/lib/python3.12/site-packages/***/task/task_runner/standard_task_runner.py:61: DeprecationWarning: This process (pid=228) is multi-threaded, use of fork() may lead to deadlocks in the child.
  pid = os.fork()

[2024-09-25T02:34:46.782+0000] {standard_task_runner.py:63} INFO - Started process 229 to run task
[2024-09-25T02:34:46.782+0000] {standard_task_runner.py:90} INFO - Running: ['***', 'tasks', 'run', 'AirCrashInvestigation_pipeline', 'scrape', 'manual__2024-09-25T02:34:45.443219+00:00', '--job-id', '9', '--raw', '--subdir', 'DAGS_FOLDER/main_dag.py', '--cfg-path', '/tmp/tmpoddq_ay5']
[2024-09-25T02:34:46.784+0000] {standard_task_runner.py:91} INFO - Job 9: Subtask scrape
[2024-09-25T02:34:46.812+0000] {task_command.py:426} INFO - Running <TaskInstance: AirCrashInvestigation_pipeline.scrape manual__2024-09-25T02:34:45.443219+00:00 [running]> on host 3d91334001db
[2024-09-25T02:34:46.871+0000] {taskinstance.py:2644} INFO - Exporting env vars: AIRFLOW_CTX_DAG_OWNER='***' AIRFLOW_CTX_DAG_ID='AirCrashInvestigation_pipeline' AIRFLOW_CTX_TASK_ID='scrape' AIRFLOW_CTX_EXECUTION_DATE='2024-09-25T02:34:45.443219+00:00' AIRFLOW_CTX_TRY_NUMBER='1' AIRFLOW_CTX_DAG_RUN_ID='manual__2024-09-25T02:34:45.443219+00:00'
[2024-09-25T02:34:46.872+0000] {taskinstance.py:430} INFO - ::endgroup::
[2024-09-25T02:34:46.885+0000] {subprocess.py:63} INFO - Tmp dir root location: /tmp
[2024-09-25T02:34:46.886+0000] {subprocess.py:75} INFO - Running command: ['/usr/bin/bash', '-c', 'echo hello world']
[2024-09-25T02:34:46.892+0000] {subprocess.py:86} INFO - Output:
[2024-09-25T02:34:46.893+0000] {subprocess.py:93} INFO - hello world
[2024-09-25T02:34:46.893+0000] {subprocess.py:97} INFO - Command exited with return code 0
[2024-09-25T02:34:46.893+0000] {taskinstance.py:441} INFO - ::group::Post task execution logs
[2024-09-25T02:34:46.911+0000] {taskinstance.py:1205} INFO - Marking task as SUCCESS. dag_id=AirCrashInvestigation_pipeline, task_id=scrape, execution_date=20240925T023445, start_date=20240925T023446, end_date=20240925T023446
[2024-09-25T02:34:46.923+0000] {local_task_job_runner.py:240} INFO - Task exited with return code 0
[2024-09-25T02:34:46.934+0000] {taskinstance.py:3482} INFO - 0 downstream tasks scheduled from follow-on schedule check
[2024-09-25T02:34:46.935+0000] {local_task_job_runner.py:222} INFO - ::endgroup::
