[2024-09-25T21:43:19.295+0000] {local_task_job_runner.py:123} INFO - ::group::Pre task execution logs
[2024-09-25T21:43:19.304+0000] {taskinstance.py:2612} INFO - Dependencies all met for dep_context=non-requeueable deps ti=<TaskInstance: AirCrashInvestigation_pipeline.scrape_LoadS3 manual__2024-09-25T21:43:18.890246+00:00 [queued]>
[2024-09-25T21:43:19.308+0000] {taskinstance.py:2612} INFO - Dependencies all met for dep_context=requeueable deps ti=<TaskInstance: AirCrashInvestigation_pipeline.scrape_LoadS3 manual__2024-09-25T21:43:18.890246+00:00 [queued]>
[2024-09-25T21:43:19.308+0000] {taskinstance.py:2865} INFO - Starting attempt 1 of 2
[2024-09-25T21:43:19.314+0000] {taskinstance.py:2888} INFO - Executing <Task(BashOperator): scrape_LoadS3> on 2024-09-25 21:43:18.890246+00:00
[2024-09-25T21:43:19.318+0000] {logging_mixin.py:190} WARNING - /home/***/.local/lib/python3.12/site-packages/***/task/task_runner/standard_task_runner.py:70 DeprecationWarning: This process (pid=560) is multi-threaded, use of fork() may lead to deadlocks in the child.
[2024-09-25T21:43:19.319+0000] {standard_task_runner.py:72} INFO - Started process 561 to run task
[2024-09-25T21:43:19.318+0000] {standard_task_runner.py:104} INFO - Running: ['***', 'tasks', 'run', 'AirCrashInvestigation_pipeline', 'scrape_LoadS3', 'manual__2024-09-25T21:43:18.890246+00:00', '--job-id', '35', '--raw', '--subdir', 'DAGS_FOLDER/main_dag.py', '--cfg-path', '/tmp/tmpe7n1h1js']
[2024-09-25T21:43:19.320+0000] {standard_task_runner.py:105} INFO - Job 35: Subtask scrape_LoadS3
[2024-09-25T21:43:19.346+0000] {task_command.py:467} INFO - Running <TaskInstance: AirCrashInvestigation_pipeline.scrape_LoadS3 manual__2024-09-25T21:43:18.890246+00:00 [running]> on host fa5d07744004
[2024-09-25T21:43:19.383+0000] {taskinstance.py:3131} INFO - Exporting env vars: AIRFLOW_CTX_DAG_OWNER='***' AIRFLOW_CTX_DAG_ID='AirCrashInvestigation_pipeline' AIRFLOW_CTX_TASK_ID='scrape_LoadS3' AIRFLOW_CTX_EXECUTION_DATE='2024-09-25T21:43:18.890246+00:00' AIRFLOW_CTX_TRY_NUMBER='1' AIRFLOW_CTX_DAG_RUN_ID='manual__2024-09-25T21:43:18.890246+00:00'
[2024-09-25T21:43:19.383+0000] {taskinstance.py:731} INFO - ::endgroup::
[2024-09-25T21:43:19.392+0000] {subprocess.py:63} INFO - Tmp dir root location: /tmp
[2024-09-25T21:43:19.393+0000] {subprocess.py:75} INFO - Running command: ['/usr/bin/bash', '-c', 'python3 /opt/***/tasks/flightDataWebScrape.py']
[2024-09-25T21:43:19.397+0000] {subprocess.py:86} INFO - Output:
[2024-09-25T21:44:21.399+0000] {subprocess.py:97} INFO - Command exited with return code 0
[2024-09-25T21:44:21.413+0000] {taskinstance.py:340} INFO - ::group::Post task execution logs
[2024-09-25T21:44:21.413+0000] {taskinstance.py:352} INFO - Marking task as SUCCESS. dag_id=AirCrashInvestigation_pipeline, task_id=scrape_LoadS3, run_id=manual__2024-09-25T21:43:18.890246+00:00, execution_date=20240925T214318, start_date=20240925T214319, end_date=20240925T214421
[2024-09-25T21:44:21.438+0000] {local_task_job_runner.py:266} INFO - Task exited with return code 0
[2024-09-25T21:44:21.445+0000] {taskinstance.py:3900} INFO - 0 downstream tasks scheduled from follow-on schedule check
[2024-09-25T21:44:21.446+0000] {local_task_job_runner.py:245} INFO - ::endgroup::
