[2024-09-25T02:29:30.385+0000] {local_task_job_runner.py:120} INFO - ::group::Pre task execution logs
[2024-09-25T02:29:30.400+0000] {taskinstance.py:2073} INFO - Dependencies all met for dep_context=non-requeueable deps ti=<TaskInstance: AirCrashInvestigation_pipeline.scrape manual__2024-09-25T02:29:29.751853+00:00 [queued]>
[2024-09-25T02:29:30.407+0000] {taskinstance.py:2073} INFO - Dependencies all met for dep_context=requeueable deps ti=<TaskInstance: AirCrashInvestigation_pipeline.scrape manual__2024-09-25T02:29:29.751853+00:00 [queued]>
[2024-09-25T02:29:30.408+0000] {taskinstance.py:2303} INFO - Starting attempt 1 of 2
[2024-09-25T02:29:30.417+0000] {taskinstance.py:2327} INFO - Executing <Task(BashOperator): scrape> on 2024-09-25 02:29:29.751853+00:00
[2024-09-25T02:29:30.420+0000] {warnings.py:110} WARNING - /home/***/.local/lib/python3.12/site-packages/***/task/task_runner/standard_task_runner.py:61: DeprecationWarning: This process (pid=144) is multi-threaded, use of fork() may lead to deadlocks in the child.
  pid = os.fork()

[2024-09-25T02:29:30.421+0000] {standard_task_runner.py:63} INFO - Started process 145 to run task
[2024-09-25T02:29:30.421+0000] {standard_task_runner.py:90} INFO - Running: ['***', 'tasks', 'run', 'AirCrashInvestigation_pipeline', 'scrape', 'manual__2024-09-25T02:29:29.751853+00:00', '--job-id', '6', '--raw', '--subdir', 'DAGS_FOLDER/main_dag.py', '--cfg-path', '/tmp/tmpsr27jotm']
[2024-09-25T02:29:30.423+0000] {standard_task_runner.py:91} INFO - Job 6: Subtask scrape
[2024-09-25T02:29:30.452+0000] {task_command.py:426} INFO - Running <TaskInstance: AirCrashInvestigation_pipeline.scrape manual__2024-09-25T02:29:29.751853+00:00 [running]> on host 3d91334001db
[2024-09-25T02:29:30.503+0000] {taskinstance.py:2644} INFO - Exporting env vars: AIRFLOW_CTX_DAG_OWNER='***' AIRFLOW_CTX_DAG_ID='AirCrashInvestigation_pipeline' AIRFLOW_CTX_TASK_ID='scrape' AIRFLOW_CTX_EXECUTION_DATE='2024-09-25T02:29:29.751853+00:00' AIRFLOW_CTX_TRY_NUMBER='1' AIRFLOW_CTX_DAG_RUN_ID='manual__2024-09-25T02:29:29.751853+00:00'
[2024-09-25T02:29:30.504+0000] {taskinstance.py:430} INFO - ::endgroup::
[2024-09-25T02:29:30.511+0000] {subprocess.py:63} INFO - Tmp dir root location: /tmp
[2024-09-25T02:29:30.512+0000] {subprocess.py:75} INFO - Running command: ['/usr/bin/bash', '-c', 'echo hello']
[2024-09-25T02:29:30.516+0000] {subprocess.py:86} INFO - Output:
[2024-09-25T02:29:30.517+0000] {subprocess.py:93} INFO - hello
[2024-09-25T02:29:30.517+0000] {subprocess.py:97} INFO - Command exited with return code 0
[2024-09-25T02:29:30.518+0000] {taskinstance.py:441} INFO - ::group::Post task execution logs
[2024-09-25T02:29:30.533+0000] {taskinstance.py:1205} INFO - Marking task as SUCCESS. dag_id=AirCrashInvestigation_pipeline, task_id=scrape, execution_date=20240925T022929, start_date=20240925T022930, end_date=20240925T022930
[2024-09-25T02:29:30.562+0000] {local_task_job_runner.py:240} INFO - Task exited with return code 0
[2024-09-25T02:29:30.572+0000] {taskinstance.py:3482} INFO - 0 downstream tasks scheduled from follow-on schedule check
[2024-09-25T02:29:30.573+0000] {local_task_job_runner.py:222} INFO - ::endgroup::
