[2024-09-25T21:50:20.609+0000] {local_task_job_runner.py:123} INFO - ::group::Pre task execution logs
[2024-09-25T21:50:20.618+0000] {taskinstance.py:2612} INFO - Dependencies all met for dep_context=non-requeueable deps ti=<TaskInstance: AirCrashInvestigation_pipeline.loadRedshift manual__2024-09-25T21:47:14.361468+00:00 [queued]>
[2024-09-25T21:50:20.622+0000] {taskinstance.py:2612} INFO - Dependencies all met for dep_context=requeueable deps ti=<TaskInstance: AirCrashInvestigation_pipeline.loadRedshift manual__2024-09-25T21:47:14.361468+00:00 [queued]>
[2024-09-25T21:50:20.622+0000] {taskinstance.py:2865} INFO - Starting attempt 2 of 2
[2024-09-25T21:50:20.629+0000] {taskinstance.py:2888} INFO - Executing <Task(BashOperator): loadRedshift> on 2024-09-25 21:47:14.361468+00:00
[2024-09-25T21:50:20.634+0000] {logging_mixin.py:190} WARNING - /home/***/.local/lib/python3.12/site-packages/***/task/task_runner/standard_task_runner.py:70 DeprecationWarning: This process (pid=745) is multi-threaded, use of fork() may lead to deadlocks in the child.
[2024-09-25T21:50:20.634+0000] {standard_task_runner.py:104} INFO - Running: ['***', 'tasks', 'run', 'AirCrashInvestigation_pipeline', 'loadRedshift', 'manual__2024-09-25T21:47:14.361468+00:00', '--job-id', '41', '--raw', '--subdir', 'DAGS_FOLDER/main_dag.py', '--cfg-path', '/tmp/tmp2541fo97']
[2024-09-25T21:50:20.635+0000] {standard_task_runner.py:72} INFO - Started process 746 to run task
[2024-09-25T21:50:20.635+0000] {standard_task_runner.py:105} INFO - Job 41: Subtask loadRedshift
[2024-09-25T21:50:20.656+0000] {task_command.py:467} INFO - Running <TaskInstance: AirCrashInvestigation_pipeline.loadRedshift manual__2024-09-25T21:47:14.361468+00:00 [running]> on host fa5d07744004
[2024-09-25T21:50:20.692+0000] {taskinstance.py:3131} INFO - Exporting env vars: AIRFLOW_CTX_DAG_OWNER='***' AIRFLOW_CTX_DAG_ID='AirCrashInvestigation_pipeline' AIRFLOW_CTX_TASK_ID='loadRedshift' AIRFLOW_CTX_EXECUTION_DATE='2024-09-25T21:47:14.361468+00:00' AIRFLOW_CTX_TRY_NUMBER='2' AIRFLOW_CTX_DAG_RUN_ID='manual__2024-09-25T21:47:14.361468+00:00'
[2024-09-25T21:50:20.692+0000] {taskinstance.py:731} INFO - ::endgroup::
[2024-09-25T21:50:20.701+0000] {subprocess.py:63} INFO - Tmp dir root location: /tmp
[2024-09-25T21:50:20.701+0000] {subprocess.py:75} INFO - Running command: ['/usr/bin/bash', '-c', 'python3 /opt/***/tasks/loadRedshift.py']
[2024-09-25T21:50:20.706+0000] {subprocess.py:86} INFO - Output:
[2024-09-25T21:50:41.512+0000] {subprocess.py:93} INFO - Connected to Redshift
[2024-09-25T21:50:41.516+0000] {subprocess.py:93} INFO - Data loaded successfully!
[2024-09-25T21:50:41.517+0000] {subprocess.py:93} INFO - Redshift connection closed
[2024-09-25T21:50:41.557+0000] {subprocess.py:97} INFO - Command exited with return code 0
[2024-09-25T21:50:41.575+0000] {taskinstance.py:340} INFO - ::group::Post task execution logs
[2024-09-25T21:50:41.575+0000] {taskinstance.py:352} INFO - Marking task as SUCCESS. dag_id=AirCrashInvestigation_pipeline, task_id=loadRedshift, run_id=manual__2024-09-25T21:47:14.361468+00:00, execution_date=20240925T214714, start_date=20240925T215020, end_date=20240925T215041
[2024-09-25T21:50:41.595+0000] {local_task_job_runner.py:266} INFO - Task exited with return code 0
[2024-09-25T21:50:41.603+0000] {taskinstance.py:3900} INFO - 0 downstream tasks scheduled from follow-on schedule check
[2024-09-25T21:50:41.604+0000] {local_task_job_runner.py:245} INFO - ::endgroup::
