[2024-09-29T02:53:58.021+0000] {local_task_job_runner.py:120} INFO - ::group::Pre task execution logs
[2024-09-29T02:53:58.032+0000] {taskinstance.py:2073} INFO - Dependencies all met for dep_context=non-requeueable deps ti=<TaskInstance: AirCrashInvestigation_pipeline.loadRedshift manual__2024-09-29T02:52:18.692048+00:00 [queued]>
[2024-09-29T02:53:58.036+0000] {taskinstance.py:2073} INFO - Dependencies all met for dep_context=requeueable deps ti=<TaskInstance: AirCrashInvestigation_pipeline.loadRedshift manual__2024-09-29T02:52:18.692048+00:00 [queued]>
[2024-09-29T02:53:58.037+0000] {taskinstance.py:2303} INFO - Starting attempt 1 of 2
[2024-09-29T02:53:58.044+0000] {taskinstance.py:2327} INFO - Executing <Task(BashOperator): loadRedshift> on 2024-09-29 02:52:18.692048+00:00
[2024-09-29T02:53:58.047+0000] {warnings.py:110} WARNING - /home/***/.local/lib/python3.12/site-packages/***/task/task_runner/standard_task_runner.py:61: DeprecationWarning: This process (pid=153) is multi-threaded, use of fork() may lead to deadlocks in the child.
  pid = os.fork()

[2024-09-29T02:53:58.048+0000] {standard_task_runner.py:63} INFO - Started process 154 to run task
[2024-09-29T02:53:58.049+0000] {standard_task_runner.py:90} INFO - Running: ['***', 'tasks', 'run', 'AirCrashInvestigation_pipeline', 'loadRedshift', 'manual__2024-09-29T02:52:18.692048+00:00', '--job-id', '35', '--raw', '--subdir', 'DAGS_FOLDER/main_dag.py', '--cfg-path', '/tmp/tmpzf6_2r1v']
[2024-09-29T02:53:58.050+0000] {standard_task_runner.py:91} INFO - Job 35: Subtask loadRedshift
[2024-09-29T02:53:58.074+0000] {task_command.py:426} INFO - Running <TaskInstance: AirCrashInvestigation_pipeline.loadRedshift manual__2024-09-29T02:52:18.692048+00:00 [running]> on host 2e7d9707a826
[2024-09-29T02:53:58.117+0000] {taskinstance.py:2644} INFO - Exporting env vars: AIRFLOW_CTX_DAG_OWNER='***' AIRFLOW_CTX_DAG_ID='AirCrashInvestigation_pipeline' AIRFLOW_CTX_TASK_ID='loadRedshift' AIRFLOW_CTX_EXECUTION_DATE='2024-09-29T02:52:18.692048+00:00' AIRFLOW_CTX_TRY_NUMBER='1' AIRFLOW_CTX_DAG_RUN_ID='manual__2024-09-29T02:52:18.692048+00:00'
[2024-09-29T02:53:58.117+0000] {taskinstance.py:430} INFO - ::endgroup::
[2024-09-29T02:53:58.124+0000] {subprocess.py:63} INFO - Tmp dir root location: /tmp
[2024-09-29T02:53:58.124+0000] {subprocess.py:75} INFO - Running command: ['/usr/bin/bash', '-c', 'python3 /opt/***/tasks/loadRedshift.py']
[2024-09-29T02:53:58.128+0000] {subprocess.py:86} INFO - Output:
[2024-09-29T02:53:59.482+0000] {subprocess.py:93} INFO - Connected to Redshift
[2024-09-29T02:53:59.483+0000] {subprocess.py:93} INFO - Data loaded successfully!
[2024-09-29T02:53:59.483+0000] {subprocess.py:93} INFO - Redshift connection closed
[2024-09-29T02:53:59.521+0000] {subprocess.py:97} INFO - Command exited with return code 0
[2024-09-29T02:53:59.522+0000] {taskinstance.py:441} INFO - ::group::Post task execution logs
[2024-09-29T02:53:59.538+0000] {taskinstance.py:1205} INFO - Marking task as SUCCESS. dag_id=AirCrashInvestigation_pipeline, task_id=loadRedshift, execution_date=20240929T025218, start_date=20240929T025358, end_date=20240929T025359
[2024-09-29T02:53:59.571+0000] {local_task_job_runner.py:240} INFO - Task exited with return code 0
[2024-09-29T02:53:59.580+0000] {taskinstance.py:3482} INFO - 0 downstream tasks scheduled from follow-on schedule check
[2024-09-29T02:53:59.581+0000] {local_task_job_runner.py:222} INFO - ::endgroup::
