[2024-09-25T21:33:00.313+0000] {local_task_job_runner.py:123} INFO - ::group::Pre task execution logs
[2024-09-25T21:33:00.383+0000] {taskinstance.py:2612} INFO - Dependencies all met for dep_context=non-requeueable deps ti=<TaskInstance: AirCrashInvestigation_pipeline.scrape_LoadS3 scheduled__2024-09-24T00:00:00+00:00 [queued]>
[2024-09-25T21:33:00.423+0000] {taskinstance.py:2612} INFO - Dependencies all met for dep_context=requeueable deps ti=<TaskInstance: AirCrashInvestigation_pipeline.scrape_LoadS3 scheduled__2024-09-24T00:00:00+00:00 [queued]>
[2024-09-25T21:33:00.425+0000] {taskinstance.py:2865} INFO - Starting attempt 1 of 2
[2024-09-25T21:33:00.483+0000] {taskinstance.py:2888} INFO - Executing <Task(BashOperator): scrape_LoadS3> on 2024-09-24 00:00:00+00:00
[2024-09-25T21:33:00.509+0000] {standard_task_runner.py:104} INFO - Running: ['***', 'tasks', 'run', 'AirCrashInvestigation_pipeline', 'scrape_LoadS3', 'scheduled__2024-09-24T00:00:00+00:00', '--job-id', '8', '--raw', '--subdir', 'DAGS_FOLDER/main_dag.py', '--cfg-path', '/tmp/tmparr0sy2g']
[2024-09-25T21:33:00.520+0000] {standard_task_runner.py:105} INFO - Job 8: Subtask scrape_LoadS3
[2024-09-25T21:33:00.536+0000] {logging_mixin.py:190} WARNING - /home/***/.local/lib/python3.12/site-packages/***/task/task_runner/standard_task_runner.py:70 DeprecationWarning: This process (pid=194) is multi-threaded, use of fork() may lead to deadlocks in the child.
[2024-09-25T21:33:00.539+0000] {standard_task_runner.py:72} INFO - Started process 205 to run task
[2024-09-25T21:33:00.701+0000] {task_command.py:467} INFO - Running <TaskInstance: AirCrashInvestigation_pipeline.scrape_LoadS3 scheduled__2024-09-24T00:00:00+00:00 [running]> on host fa5d07744004
[2024-09-25T21:33:00.936+0000] {taskinstance.py:3131} INFO - Exporting env vars: AIRFLOW_CTX_DAG_OWNER='***' AIRFLOW_CTX_DAG_ID='AirCrashInvestigation_pipeline' AIRFLOW_CTX_TASK_ID='scrape_LoadS3' AIRFLOW_CTX_EXECUTION_DATE='2024-09-24T00:00:00+00:00' AIRFLOW_CTX_TRY_NUMBER='1' AIRFLOW_CTX_DAG_RUN_ID='scheduled__2024-09-24T00:00:00+00:00'
[2024-09-25T21:33:00.936+0000] {taskinstance.py:731} INFO - ::endgroup::
[2024-09-25T21:33:01.032+0000] {subprocess.py:63} INFO - Tmp dir root location: /tmp
[2024-09-25T21:33:01.041+0000] {subprocess.py:75} INFO - Running command: ['/usr/bin/bash', '-c', 'python3 opt/***/tasks/flightDataWebScrape.py']
[2024-09-25T21:33:01.080+0000] {subprocess.py:86} INFO - Output:
[2024-09-25T21:33:01.179+0000] {subprocess.py:93} INFO - python3: can't open file '/tmp/***tmpr72x90q8/opt/***/tasks/flightDataWebScrape.py': [Errno 2] No such file or directory
[2024-09-25T21:33:01.190+0000] {subprocess.py:97} INFO - Command exited with return code 2
[2024-09-25T21:33:01.225+0000] {taskinstance.py:3310} ERROR - Task failed with exception
Traceback (most recent call last):
  File "/home/airflow/.local/lib/python3.12/site-packages/airflow/models/taskinstance.py", line 767, in _execute_task
    result = _execute_callable(context=context, **execute_callable_kwargs)
             ^^^^^^^^^^^^^^^^^^^^^^^^^^^^^^^^^^^^^^^^^^^^^^^^^^^^^^^^^^^^^
  File "/home/airflow/.local/lib/python3.12/site-packages/airflow/models/taskinstance.py", line 733, in _execute_callable
    return ExecutionCallableRunner(
           ^^^^^^^^^^^^^^^^^^^^^^^^
  File "/home/airflow/.local/lib/python3.12/site-packages/airflow/utils/operator_helpers.py", line 252, in run
    return self.func(*args, **kwargs)
           ^^^^^^^^^^^^^^^^^^^^^^^^^^
  File "/home/airflow/.local/lib/python3.12/site-packages/airflow/models/baseoperator.py", line 406, in wrapper
    return func(self, *args, **kwargs)
           ^^^^^^^^^^^^^^^^^^^^^^^^^^^
  File "/home/airflow/.local/lib/python3.12/site-packages/airflow/operators/bash.py", line 249, in execute
    raise AirflowException(
airflow.exceptions.AirflowException: Bash command failed. The command returned a non-zero exit code 2.
[2024-09-25T21:33:01.233+0000] {taskinstance.py:1225} INFO - Marking task as UP_FOR_RETRY. dag_id=AirCrashInvestigation_pipeline, task_id=scrape_LoadS3, run_id=scheduled__2024-09-24T00:00:00+00:00, execution_date=20240924T000000, start_date=20240925T213300, end_date=20240925T213301
[2024-09-25T21:33:01.266+0000] {taskinstance.py:340} INFO - ::group::Post task execution logs
[2024-09-25T21:33:01.269+0000] {standard_task_runner.py:124} ERROR - Failed to execute job 8 for task scrape_LoadS3 (Bash command failed. The command returned a non-zero exit code 2.; 205)
Traceback (most recent call last):
  File "/home/airflow/.local/lib/python3.12/site-packages/airflow/task/task_runner/standard_task_runner.py", line 117, in _start_by_fork
    ret = args.func(args, dag=self.dag)
          ^^^^^^^^^^^^^^^^^^^^^^^^^^^^^
  File "/home/airflow/.local/lib/python3.12/site-packages/airflow/cli/cli_config.py", line 49, in command
    return func(*args, **kwargs)
           ^^^^^^^^^^^^^^^^^^^^^
  File "/home/airflow/.local/lib/python3.12/site-packages/airflow/utils/cli.py", line 115, in wrapper
    return f(*args, **kwargs)
           ^^^^^^^^^^^^^^^^^^
  File "/home/airflow/.local/lib/python3.12/site-packages/airflow/cli/commands/task_command.py", line 483, in task_run
    task_return_code = _run_task_by_selected_method(args, _dag, ti)
                       ^^^^^^^^^^^^^^^^^^^^^^^^^^^^^^^^^^^^^^^^^^^^
  File "/home/airflow/.local/lib/python3.12/site-packages/airflow/cli/commands/task_command.py", line 256, in _run_task_by_selected_method
    return _run_raw_task(args, ti)
           ^^^^^^^^^^^^^^^^^^^^^^^
  File "/home/airflow/.local/lib/python3.12/site-packages/airflow/cli/commands/task_command.py", line 341, in _run_raw_task
    return ti._run_raw_task(
           ^^^^^^^^^^^^^^^^^
  File "/home/airflow/.local/lib/python3.12/site-packages/airflow/utils/session.py", line 97, in wrapper
    return func(*args, session=session, **kwargs)
           ^^^^^^^^^^^^^^^^^^^^^^^^^^^^^^^^^^^^^^
  File "/home/airflow/.local/lib/python3.12/site-packages/airflow/models/taskinstance.py", line 3004, in _run_raw_task
    return _run_raw_task(
           ^^^^^^^^^^^^^^
  File "/home/airflow/.local/lib/python3.12/site-packages/airflow/models/taskinstance.py", line 273, in _run_raw_task
    TaskInstance._execute_task_with_callbacks(
  File "/home/airflow/.local/lib/python3.12/site-packages/airflow/models/taskinstance.py", line 3158, in _execute_task_with_callbacks
    result = self._execute_task(context, task_orig)
             ^^^^^^^^^^^^^^^^^^^^^^^^^^^^^^^^^^^^^^
  File "/home/airflow/.local/lib/python3.12/site-packages/airflow/models/taskinstance.py", line 3182, in _execute_task
    return _execute_task(self, context, task_orig)
           ^^^^^^^^^^^^^^^^^^^^^^^^^^^^^^^^^^^^^^^
  File "/home/airflow/.local/lib/python3.12/site-packages/airflow/models/taskinstance.py", line 767, in _execute_task
    result = _execute_callable(context=context, **execute_callable_kwargs)
             ^^^^^^^^^^^^^^^^^^^^^^^^^^^^^^^^^^^^^^^^^^^^^^^^^^^^^^^^^^^^^
  File "/home/airflow/.local/lib/python3.12/site-packages/airflow/models/taskinstance.py", line 733, in _execute_callable
    return ExecutionCallableRunner(
           ^^^^^^^^^^^^^^^^^^^^^^^^
  File "/home/airflow/.local/lib/python3.12/site-packages/airflow/utils/operator_helpers.py", line 252, in run
    return self.func(*args, **kwargs)
           ^^^^^^^^^^^^^^^^^^^^^^^^^^
  File "/home/airflow/.local/lib/python3.12/site-packages/airflow/models/baseoperator.py", line 406, in wrapper
    return func(self, *args, **kwargs)
           ^^^^^^^^^^^^^^^^^^^^^^^^^^^
  File "/home/airflow/.local/lib/python3.12/site-packages/airflow/operators/bash.py", line 249, in execute
    raise AirflowException(
airflow.exceptions.AirflowException: Bash command failed. The command returned a non-zero exit code 2.
[2024-09-25T21:33:01.309+0000] {local_task_job_runner.py:266} INFO - Task exited with return code 1
[2024-09-25T21:33:01.322+0000] {taskinstance.py:3900} INFO - 0 downstream tasks scheduled from follow-on schedule check
[2024-09-25T21:33:01.323+0000] {local_task_job_runner.py:245} INFO - ::endgroup::
[2024-09-25T21:39:03.028+0000] {local_task_job_runner.py:123} INFO - ::group::Pre task execution logs
[2024-09-25T21:39:03.041+0000] {taskinstance.py:2612} INFO - Dependencies all met for dep_context=non-requeueable deps ti=<TaskInstance: AirCrashInvestigation_pipeline.scrape_LoadS3 scheduled__2024-09-24T00:00:00+00:00 [queued]>
[2024-09-25T21:39:03.046+0000] {taskinstance.py:2612} INFO - Dependencies all met for dep_context=requeueable deps ti=<TaskInstance: AirCrashInvestigation_pipeline.scrape_LoadS3 scheduled__2024-09-24T00:00:00+00:00 [queued]>
[2024-09-25T21:39:03.046+0000] {taskinstance.py:2865} INFO - Starting attempt 1 of 2
[2024-09-25T21:39:03.054+0000] {taskinstance.py:2888} INFO - Executing <Task(BashOperator): scrape_LoadS3> on 2024-09-24 00:00:00+00:00
[2024-09-25T21:39:03.058+0000] {standard_task_runner.py:104} INFO - Running: ['***', 'tasks', 'run', 'AirCrashInvestigation_pipeline', 'scrape_LoadS3', 'scheduled__2024-09-24T00:00:00+00:00', '--job-id', '23', '--raw', '--subdir', 'DAGS_FOLDER/main_dag.py', '--cfg-path', '/tmp/tmpza259shl']
[2024-09-25T21:39:03.062+0000] {standard_task_runner.py:105} INFO - Job 23: Subtask scrape_LoadS3
[2024-09-25T21:39:03.069+0000] {logging_mixin.py:190} WARNING - /home/***/.local/lib/python3.12/site-packages/***/task/task_runner/standard_task_runner.py:70 DeprecationWarning: This process (pid=406) is multi-threaded, use of fork() may lead to deadlocks in the child.
[2024-09-25T21:39:03.069+0000] {standard_task_runner.py:72} INFO - Started process 409 to run task
[2024-09-25T21:39:03.092+0000] {task_command.py:467} INFO - Running <TaskInstance: AirCrashInvestigation_pipeline.scrape_LoadS3 scheduled__2024-09-24T00:00:00+00:00 [running]> on host fa5d07744004
[2024-09-25T21:39:03.134+0000] {taskinstance.py:3131} INFO - Exporting env vars: AIRFLOW_CTX_DAG_OWNER='***' AIRFLOW_CTX_DAG_ID='AirCrashInvestigation_pipeline' AIRFLOW_CTX_TASK_ID='scrape_LoadS3' AIRFLOW_CTX_EXECUTION_DATE='2024-09-24T00:00:00+00:00' AIRFLOW_CTX_TRY_NUMBER='1' AIRFLOW_CTX_DAG_RUN_ID='scheduled__2024-09-24T00:00:00+00:00'
[2024-09-25T21:39:03.136+0000] {taskinstance.py:731} INFO - ::endgroup::
[2024-09-25T21:39:03.144+0000] {subprocess.py:63} INFO - Tmp dir root location: /tmp
[2024-09-25T21:39:03.145+0000] {subprocess.py:75} INFO - Running command: ['/usr/bin/bash', '-c', 'python3 ./opt/***/tasks/flightDataWebScrape.py']
[2024-09-25T21:39:03.152+0000] {subprocess.py:86} INFO - Output:
[2024-09-25T21:39:03.183+0000] {subprocess.py:93} INFO - python3: can't open file '/tmp/***tmp3r529dgu/./opt/***/tasks/flightDataWebScrape.py': [Errno 2] No such file or directory
[2024-09-25T21:39:03.184+0000] {subprocess.py:97} INFO - Command exited with return code 2
[2024-09-25T21:39:03.193+0000] {taskinstance.py:3310} ERROR - Task failed with exception
Traceback (most recent call last):
  File "/home/airflow/.local/lib/python3.12/site-packages/airflow/models/taskinstance.py", line 767, in _execute_task
    result = _execute_callable(context=context, **execute_callable_kwargs)
             ^^^^^^^^^^^^^^^^^^^^^^^^^^^^^^^^^^^^^^^^^^^^^^^^^^^^^^^^^^^^^
  File "/home/airflow/.local/lib/python3.12/site-packages/airflow/models/taskinstance.py", line 733, in _execute_callable
    return ExecutionCallableRunner(
           ^^^^^^^^^^^^^^^^^^^^^^^^
  File "/home/airflow/.local/lib/python3.12/site-packages/airflow/utils/operator_helpers.py", line 252, in run
    return self.func(*args, **kwargs)
           ^^^^^^^^^^^^^^^^^^^^^^^^^^
  File "/home/airflow/.local/lib/python3.12/site-packages/airflow/models/baseoperator.py", line 406, in wrapper
    return func(self, *args, **kwargs)
           ^^^^^^^^^^^^^^^^^^^^^^^^^^^
  File "/home/airflow/.local/lib/python3.12/site-packages/airflow/operators/bash.py", line 249, in execute
    raise AirflowException(
airflow.exceptions.AirflowException: Bash command failed. The command returned a non-zero exit code 2.
[2024-09-25T21:39:03.198+0000] {taskinstance.py:1225} INFO - Marking task as UP_FOR_RETRY. dag_id=AirCrashInvestigation_pipeline, task_id=scrape_LoadS3, run_id=scheduled__2024-09-24T00:00:00+00:00, execution_date=20240924T000000, start_date=20240925T213903, end_date=20240925T213903
[2024-09-25T21:39:03.205+0000] {taskinstance.py:340} INFO - ::group::Post task execution logs
[2024-09-25T21:39:03.205+0000] {standard_task_runner.py:124} ERROR - Failed to execute job 23 for task scrape_LoadS3 (Bash command failed. The command returned a non-zero exit code 2.; 409)
Traceback (most recent call last):
  File "/home/airflow/.local/lib/python3.12/site-packages/airflow/task/task_runner/standard_task_runner.py", line 117, in _start_by_fork
    ret = args.func(args, dag=self.dag)
          ^^^^^^^^^^^^^^^^^^^^^^^^^^^^^
  File "/home/airflow/.local/lib/python3.12/site-packages/airflow/cli/cli_config.py", line 49, in command
    return func(*args, **kwargs)
           ^^^^^^^^^^^^^^^^^^^^^
  File "/home/airflow/.local/lib/python3.12/site-packages/airflow/utils/cli.py", line 115, in wrapper
    return f(*args, **kwargs)
           ^^^^^^^^^^^^^^^^^^
  File "/home/airflow/.local/lib/python3.12/site-packages/airflow/cli/commands/task_command.py", line 483, in task_run
    task_return_code = _run_task_by_selected_method(args, _dag, ti)
                       ^^^^^^^^^^^^^^^^^^^^^^^^^^^^^^^^^^^^^^^^^^^^
  File "/home/airflow/.local/lib/python3.12/site-packages/airflow/cli/commands/task_command.py", line 256, in _run_task_by_selected_method
    return _run_raw_task(args, ti)
           ^^^^^^^^^^^^^^^^^^^^^^^
  File "/home/airflow/.local/lib/python3.12/site-packages/airflow/cli/commands/task_command.py", line 341, in _run_raw_task
    return ti._run_raw_task(
           ^^^^^^^^^^^^^^^^^
  File "/home/airflow/.local/lib/python3.12/site-packages/airflow/utils/session.py", line 97, in wrapper
    return func(*args, session=session, **kwargs)
           ^^^^^^^^^^^^^^^^^^^^^^^^^^^^^^^^^^^^^^
  File "/home/airflow/.local/lib/python3.12/site-packages/airflow/models/taskinstance.py", line 3004, in _run_raw_task
    return _run_raw_task(
           ^^^^^^^^^^^^^^
  File "/home/airflow/.local/lib/python3.12/site-packages/airflow/models/taskinstance.py", line 273, in _run_raw_task
    TaskInstance._execute_task_with_callbacks(
  File "/home/airflow/.local/lib/python3.12/site-packages/airflow/models/taskinstance.py", line 3158, in _execute_task_with_callbacks
    result = self._execute_task(context, task_orig)
             ^^^^^^^^^^^^^^^^^^^^^^^^^^^^^^^^^^^^^^
  File "/home/airflow/.local/lib/python3.12/site-packages/airflow/models/taskinstance.py", line 3182, in _execute_task
    return _execute_task(self, context, task_orig)
           ^^^^^^^^^^^^^^^^^^^^^^^^^^^^^^^^^^^^^^^
  File "/home/airflow/.local/lib/python3.12/site-packages/airflow/models/taskinstance.py", line 767, in _execute_task
    result = _execute_callable(context=context, **execute_callable_kwargs)
             ^^^^^^^^^^^^^^^^^^^^^^^^^^^^^^^^^^^^^^^^^^^^^^^^^^^^^^^^^^^^^
  File "/home/airflow/.local/lib/python3.12/site-packages/airflow/models/taskinstance.py", line 733, in _execute_callable
    return ExecutionCallableRunner(
           ^^^^^^^^^^^^^^^^^^^^^^^^
  File "/home/airflow/.local/lib/python3.12/site-packages/airflow/utils/operator_helpers.py", line 252, in run
    return self.func(*args, **kwargs)
           ^^^^^^^^^^^^^^^^^^^^^^^^^^
  File "/home/airflow/.local/lib/python3.12/site-packages/airflow/models/baseoperator.py", line 406, in wrapper
    return func(self, *args, **kwargs)
           ^^^^^^^^^^^^^^^^^^^^^^^^^^^
  File "/home/airflow/.local/lib/python3.12/site-packages/airflow/operators/bash.py", line 249, in execute
    raise AirflowException(
airflow.exceptions.AirflowException: Bash command failed. The command returned a non-zero exit code 2.
[2024-09-25T21:39:03.248+0000] {local_task_job_runner.py:266} INFO - Task exited with return code 1
[2024-09-25T21:39:03.256+0000] {taskinstance.py:3900} INFO - 0 downstream tasks scheduled from follow-on schedule check
[2024-09-25T21:39:03.257+0000] {local_task_job_runner.py:245} INFO - ::endgroup::
[2024-09-29T02:10:37.687+0000] {local_task_job_runner.py:120} INFO - ::group::Pre task execution logs
[2024-09-29T02:10:37.711+0000] {taskinstance.py:2073} INFO - Dependencies all met for dep_context=non-requeueable deps ti=<TaskInstance: AirCrashInvestigation_pipeline.scrape_LoadS3 scheduled__2024-09-24T00:00:00+00:00 [queued]>
[2024-09-29T02:10:37.721+0000] {taskinstance.py:2073} INFO - Dependencies all met for dep_context=requeueable deps ti=<TaskInstance: AirCrashInvestigation_pipeline.scrape_LoadS3 scheduled__2024-09-24T00:00:00+00:00 [queued]>
[2024-09-29T02:10:37.722+0000] {taskinstance.py:2303} INFO - Starting attempt 1 of 2
[2024-09-29T02:10:37.745+0000] {taskinstance.py:2327} INFO - Executing <Task(BashOperator): scrape_LoadS3> on 2024-09-24 00:00:00+00:00
[2024-09-29T02:10:37.771+0000] {warnings.py:110} WARNING - /home/***/.local/lib/python3.12/site-packages/***/task/task_runner/standard_task_runner.py:61: DeprecationWarning: This process (pid=66) is multi-threaded, use of fork() may lead to deadlocks in the child.
  pid = os.fork()

[2024-09-29T02:10:37.774+0000] {standard_task_runner.py:63} INFO - Started process 72 to run task
[2024-09-29T02:10:37.773+0000] {standard_task_runner.py:90} INFO - Running: ['***', 'tasks', 'run', 'AirCrashInvestigation_pipeline', 'scrape_LoadS3', 'scheduled__2024-09-24T00:00:00+00:00', '--job-id', '6', '--raw', '--subdir', 'DAGS_FOLDER/main_dag.py', '--cfg-path', '/tmp/tmpi92gtznp']
[2024-09-29T02:10:37.781+0000] {standard_task_runner.py:91} INFO - Job 6: Subtask scrape_LoadS3
[2024-09-29T02:10:37.854+0000] {task_command.py:426} INFO - Running <TaskInstance: AirCrashInvestigation_pipeline.scrape_LoadS3 scheduled__2024-09-24T00:00:00+00:00 [running]> on host 7b437d7ff517
[2024-09-29T02:10:38.078+0000] {taskinstance.py:2644} INFO - Exporting env vars: AIRFLOW_CTX_DAG_OWNER='***' AIRFLOW_CTX_DAG_ID='AirCrashInvestigation_pipeline' AIRFLOW_CTX_TASK_ID='scrape_LoadS3' AIRFLOW_CTX_EXECUTION_DATE='2024-09-24T00:00:00+00:00' AIRFLOW_CTX_TRY_NUMBER='1' AIRFLOW_CTX_DAG_RUN_ID='scheduled__2024-09-24T00:00:00+00:00'
[2024-09-29T02:10:38.080+0000] {taskinstance.py:430} INFO - ::endgroup::
[2024-09-29T02:10:38.147+0000] {subprocess.py:63} INFO - Tmp dir root location: /tmp
[2024-09-29T02:10:38.149+0000] {subprocess.py:75} INFO - Running command: ['/usr/bin/bash', '-c', 'python3 /opt/***/tasks/flightDataWebScrape.py']
[2024-09-29T02:10:38.172+0000] {subprocess.py:86} INFO - Output:
[2024-09-29T02:11:23.130+0000] {local_task_job_runner.py:310} WARNING - State of this instance has been externally set to queued. Terminating instance.
[2024-09-29T02:11:23.130+0000] {local_task_job_runner.py:222} INFO - ::endgroup::
[2024-09-29T02:11:23.132+0000] {process_utils.py:132} INFO - Sending 15 to group 72. PIDs of all processes in the group: [78, 72]
[2024-09-29T02:11:23.132+0000] {process_utils.py:87} INFO - Sending the signal 15 to group 72
[2024-09-29T02:11:23.132+0000] {taskinstance.py:2607} ERROR - Received SIGTERM. Terminating subprocesses.
[2024-09-29T02:11:23.133+0000] {subprocess.py:104} INFO - Sending SIGTERM signal to process group
[2024-09-29T02:11:23.133+0000] {taskinstance.py:441} INFO - ::group::Post task execution logs
[2024-09-29T02:11:23.148+0000] {taskinstance.py:2890} ERROR - Task failed with exception
Traceback (most recent call last):
  File "/home/airflow/.local/lib/python3.12/site-packages/airflow/models/taskinstance.py", line 465, in _execute_task
    result = _execute_callable(context=context, **execute_callable_kwargs)
             ^^^^^^^^^^^^^^^^^^^^^^^^^^^^^^^^^^^^^^^^^^^^^^^^^^^^^^^^^^^^^
  File "/home/airflow/.local/lib/python3.12/site-packages/airflow/models/taskinstance.py", line 432, in _execute_callable
    return execute_callable(context=context, **execute_callable_kwargs)
           ^^^^^^^^^^^^^^^^^^^^^^^^^^^^^^^^^^^^^^^^^^^^^^^^^^^^^^^^^^^^
  File "/home/airflow/.local/lib/python3.12/site-packages/airflow/models/baseoperator.py", line 400, in wrapper
    return func(self, *args, **kwargs)
           ^^^^^^^^^^^^^^^^^^^^^^^^^^^
  File "/home/airflow/.local/lib/python3.12/site-packages/airflow/operators/bash.py", line 234, in execute
    result = self.subprocess_hook.run_command(
             ^^^^^^^^^^^^^^^^^^^^^^^^^^^^^^^^^
  File "/home/airflow/.local/lib/python3.12/site-packages/airflow/hooks/subprocess.py", line 91, in run_command
    for raw_line in iter(self.sub_process.stdout.readline, b""):
  File "/home/airflow/.local/lib/python3.12/site-packages/airflow/models/taskinstance.py", line 2609, in signal_handler
    raise AirflowTaskTerminated("Task received SIGTERM signal")
airflow.exceptions.AirflowTaskTerminated: Task received SIGTERM signal
[2024-09-29T02:11:23.155+0000] {taskinstance.py:1205} INFO - Marking task as UP_FOR_RETRY. dag_id=AirCrashInvestigation_pipeline, task_id=scrape_LoadS3, execution_date=20240924T000000, start_date=, end_date=20240929T021123
[2024-09-29T02:11:23.168+0000] {standard_task_runner.py:110} ERROR - Failed to execute job 6 for task scrape_LoadS3 ((psycopg2.errors.UniqueViolation) duplicate key value violates unique constraint "dag_run_dag_id_execution_date_key"
DETAIL:  Key (dag_id, execution_date)=(AirCrashInvestigation_pipeline, 2024-09-24 00:00:00+00) already exists.

[SQL: INSERT INTO dag_run (id, dag_id, queued_at, execution_date, start_date, end_date, state, run_id, creating_job_id, external_trigger, run_type, conf, data_interval_start, data_interval_end, last_scheduling_decision, dag_hash, log_template_id, updated_at, clear_number) VALUES (%(id)s, %(dag_id)s, %(queued_at)s, %(execution_date)s, %(start_date)s, %(end_date)s, %(state)s, %(run_id)s, %(creating_job_id)s, %(external_trigger)s, %(run_type)s, %(conf)s, %(data_interval_start)s, %(data_interval_end)s, %(last_scheduling_decision)s, %(dag_hash)s, %(log_template_id)s, %(updated_at)s, %(clear_number)s)]
[parameters: {'id': 2, 'dag_id': 'AirCrashInvestigation_pipeline', 'queued_at': datetime.datetime(2024, 9, 29, 2, 10, 36, 343793, tzinfo=Timezone('UTC')), 'execution_date': datetime.datetime(2024, 9, 24, 0, 0, tzinfo=Timezone('UTC')), 'start_date': datetime.datetime(2024, 9, 29, 2, 10, 36, 350343, tzinfo=Timezone('UTC')), 'end_date': None, 'state': 'running', 'run_id': 'scheduled__2024-09-24T00:00:00+00:00', 'creating_job_id': 2, 'external_trigger': False, 'run_type': 'scheduled', 'conf': <psycopg2.extensions.Binary object at 0xffffa0d9bc90>, 'data_interval_start': datetime.datetime(2024, 9, 24, 0, 0, tzinfo=Timezone('UTC')), 'data_interval_end': datetime.datetime(2024, 9, 25, 0, 0, tzinfo=Timezone('UTC')), 'last_scheduling_decision': datetime.datetime(2024, 9, 29, 2, 10, 36, 849189, tzinfo=Timezone('UTC')), 'dag_hash': '430e9cf2cc72fa71822c5198d39b3e9d', 'log_template_id': 2, 'updated_at': datetime.datetime(2024, 9, 29, 2, 10, 36, 857053, tzinfo=Timezone('UTC')), 'clear_number': 0}]
(Background on this error at: https://sqlalche.me/e/14/gkpj); 72)
[2024-09-29T02:11:23.189+0000] {process_utils.py:80} INFO - Process psutil.Process(pid=72, status='terminated', exitcode=1, started='02:10:36') (72) terminated with exit code 1
[2024-09-29T02:11:23.190+0000] {process_utils.py:80} INFO - Process psutil.Process(pid=78, status='terminated', started='02:10:37') (78) terminated with exit code None
[2024-09-29T02:11:24.896+0000] {local_task_job_runner.py:120} INFO - ::group::Pre task execution logs
[2024-09-29T02:11:24.973+0000] {taskinstance.py:2073} INFO - Dependencies all met for dep_context=non-requeueable deps ti=<TaskInstance: AirCrashInvestigation_pipeline.scrape_LoadS3 scheduled__2024-09-24T00:00:00+00:00 [queued]>
[2024-09-29T02:11:24.997+0000] {taskinstance.py:2073} INFO - Dependencies all met for dep_context=requeueable deps ti=<TaskInstance: AirCrashInvestigation_pipeline.scrape_LoadS3 scheduled__2024-09-24T00:00:00+00:00 [queued]>
[2024-09-29T02:11:24.998+0000] {taskinstance.py:2303} INFO - Starting attempt 1 of 2
[2024-09-29T02:11:25.024+0000] {taskinstance.py:2327} INFO - Executing <Task(BashOperator): scrape_LoadS3> on 2024-09-24 00:00:00+00:00
[2024-09-29T02:11:25.043+0000] {warnings.py:110} WARNING - /home/***/.local/lib/python3.12/site-packages/***/task/task_runner/standard_task_runner.py:61: DeprecationWarning: This process (pid=92) is multi-threaded, use of fork() may lead to deadlocks in the child.
  pid = os.fork()

[2024-09-29T02:11:25.038+0000] {standard_task_runner.py:90} INFO - Running: ['***', 'tasks', 'run', 'AirCrashInvestigation_pipeline', 'scrape_LoadS3', 'scheduled__2024-09-24T00:00:00+00:00', '--job-id', '9', '--raw', '--subdir', 'DAGS_FOLDER/main_dag.py', '--cfg-path', '/tmp/tmp2r_kcspr']
[2024-09-29T02:11:25.056+0000] {standard_task_runner.py:91} INFO - Job 9: Subtask scrape_LoadS3
[2024-09-29T02:11:25.053+0000] {standard_task_runner.py:63} INFO - Started process 96 to run task
[2024-09-29T02:11:26.562+0000] {local_task_job_runner.py:240} INFO - Task exited with return code 0
[2024-09-29T02:11:26.577+0000] {taskinstance.py:3482} INFO - 1 downstream tasks scheduled from follow-on schedule check
[2024-09-29T02:11:26.578+0000] {local_task_job_runner.py:222} INFO - ::endgroup::
[2024-09-30T03:09:37.915+0000] {local_task_job_runner.py:120} INFO - ::group::Pre task execution logs
[2024-09-30T03:09:37.939+0000] {taskinstance.py:2073} INFO - Dependencies all met for dep_context=non-requeueable deps ti=<TaskInstance: AirCrashInvestigation_pipeline.scrape_LoadS3 scheduled__2024-09-24T00:00:00+00:00 [queued]>
[2024-09-30T03:09:37.948+0000] {taskinstance.py:2073} INFO - Dependencies all met for dep_context=requeueable deps ti=<TaskInstance: AirCrashInvestigation_pipeline.scrape_LoadS3 scheduled__2024-09-24T00:00:00+00:00 [queued]>
[2024-09-30T03:09:37.952+0000] {taskinstance.py:2303} INFO - Starting attempt 1 of 2
[2024-09-30T03:09:37.963+0000] {taskinstance.py:2327} INFO - Executing <Task(BashOperator): scrape_LoadS3> on 2024-09-24 00:00:00+00:00
[2024-09-30T03:09:37.967+0000] {warnings.py:110} WARNING - /home/***/.local/lib/python3.12/site-packages/***/task/task_runner/standard_task_runner.py:61: DeprecationWarning: This process (pid=89) is multi-threaded, use of fork() may lead to deadlocks in the child.
  pid = os.fork()

[2024-09-30T03:09:37.978+0000] {standard_task_runner.py:63} INFO - Started process 93 to run task
[2024-09-30T03:09:37.973+0000] {standard_task_runner.py:90} INFO - Running: ['***', 'tasks', 'run', 'AirCrashInvestigation_pipeline', 'scrape_LoadS3', 'scheduled__2024-09-24T00:00:00+00:00', '--job-id', '3', '--raw', '--subdir', 'DAGS_FOLDER/main_dag.py', '--cfg-path', '/tmp/tmp2gwj66km']
[2024-09-30T03:09:37.982+0000] {standard_task_runner.py:91} INFO - Job 3: Subtask scrape_LoadS3
[2024-09-30T03:09:38.054+0000] {task_command.py:426} INFO - Running <TaskInstance: AirCrashInvestigation_pipeline.scrape_LoadS3 scheduled__2024-09-24T00:00:00+00:00 [running]> on host 60abf2d32f6d
[2024-09-30T03:09:38.163+0000] {taskinstance.py:2644} INFO - Exporting env vars: AIRFLOW_CTX_DAG_OWNER='***' AIRFLOW_CTX_DAG_ID='AirCrashInvestigation_pipeline' AIRFLOW_CTX_TASK_ID='scrape_LoadS3' AIRFLOW_CTX_EXECUTION_DATE='2024-09-24T00:00:00+00:00' AIRFLOW_CTX_TRY_NUMBER='1' AIRFLOW_CTX_DAG_RUN_ID='scheduled__2024-09-24T00:00:00+00:00'
[2024-09-30T03:09:38.163+0000] {taskinstance.py:430} INFO - ::endgroup::
[2024-09-30T03:09:38.203+0000] {subprocess.py:63} INFO - Tmp dir root location: /tmp
[2024-09-30T03:09:38.205+0000] {subprocess.py:75} INFO - Running command: ['/usr/bin/bash', '-c', 'python3 /opt/***/tasks/flightDataWebScrape.py']
[2024-09-30T03:09:38.214+0000] {subprocess.py:86} INFO - Output:
[2024-09-30T03:09:39.853+0000] {subprocess.py:93} INFO - Traceback (most recent call last):
[2024-09-30T03:09:39.854+0000] {subprocess.py:93} INFO -   File "/opt/***/tasks/flightDataWebScrape.py", line 5, in <module>
[2024-09-30T03:09:39.854+0000] {subprocess.py:93} INFO -     from pipelineActions import *
[2024-09-30T03:09:39.855+0000] {subprocess.py:93} INFO -   File "/opt/***/tasks/pipelineActions.py", line 13, in <module>
[2024-09-30T03:09:39.857+0000] {subprocess.py:93} INFO -     config.read(config_file_path)
[2024-09-30T03:09:39.857+0000] {subprocess.py:93} INFO -   File "/usr/local/lib/python3.12/configparser.py", line 684, in read
[2024-09-30T03:09:39.858+0000] {subprocess.py:93} INFO -     self._read(fp, filename)
[2024-09-30T03:09:39.859+0000] {subprocess.py:93} INFO -   File "/usr/local/lib/python3.12/configparser.py", line 1063, in _read
[2024-09-30T03:09:39.859+0000] {subprocess.py:93} INFO -     raise MissingSectionHeaderError(fpname, lineno, line)
[2024-09-30T03:09:39.860+0000] {subprocess.py:93} INFO - configparser.MissingSectionHeaderError: File contains no section headers.
[2024-09-30T03:09:39.860+0000] {subprocess.py:93} INFO - file: PosixPath('/opt/***/tasks/pipeline.conf'), line: 1
[2024-09-30T03:09:39.860+0000] {subprocess.py:93} INFO - 'bucket_name = "flightcrashbucket"\n'
[2024-09-30T03:09:39.952+0000] {subprocess.py:97} INFO - Command exited with return code 1
[2024-09-30T03:09:39.955+0000] {taskinstance.py:441} INFO - ::group::Post task execution logs
[2024-09-30T03:09:39.979+0000] {taskinstance.py:2890} ERROR - Task failed with exception
Traceback (most recent call last):
  File "/home/airflow/.local/lib/python3.12/site-packages/airflow/models/taskinstance.py", line 465, in _execute_task
    result = _execute_callable(context=context, **execute_callable_kwargs)
             ^^^^^^^^^^^^^^^^^^^^^^^^^^^^^^^^^^^^^^^^^^^^^^^^^^^^^^^^^^^^^
  File "/home/airflow/.local/lib/python3.12/site-packages/airflow/models/taskinstance.py", line 432, in _execute_callable
    return execute_callable(context=context, **execute_callable_kwargs)
           ^^^^^^^^^^^^^^^^^^^^^^^^^^^^^^^^^^^^^^^^^^^^^^^^^^^^^^^^^^^^
  File "/home/airflow/.local/lib/python3.12/site-packages/airflow/models/baseoperator.py", line 400, in wrapper
    return func(self, *args, **kwargs)
           ^^^^^^^^^^^^^^^^^^^^^^^^^^^
  File "/home/airflow/.local/lib/python3.12/site-packages/airflow/operators/bash.py", line 243, in execute
    raise AirflowException(
airflow.exceptions.AirflowException: Bash command failed. The command returned a non-zero exit code 1.
[2024-09-30T03:09:39.984+0000] {taskinstance.py:1205} INFO - Marking task as UP_FOR_RETRY. dag_id=AirCrashInvestigation_pipeline, task_id=scrape_LoadS3, execution_date=20240924T000000, start_date=20240930T030937, end_date=20240930T030939
[2024-09-30T03:09:40.011+0000] {standard_task_runner.py:110} ERROR - Failed to execute job 3 for task scrape_LoadS3 (Bash command failed. The command returned a non-zero exit code 1.; 93)
[2024-09-30T03:09:40.024+0000] {local_task_job_runner.py:240} INFO - Task exited with return code 1
[2024-09-30T03:09:40.052+0000] {taskinstance.py:3482} INFO - 0 downstream tasks scheduled from follow-on schedule check
[2024-09-30T03:09:40.057+0000] {local_task_job_runner.py:222} INFO - ::endgroup::
[2024-10-02T00:38:30.980+0000] {local_task_job_runner.py:120} INFO - ::group::Pre task execution logs
[2024-10-02T00:38:31.094+0000] {taskinstance.py:2073} INFO - Dependencies all met for dep_context=non-requeueable deps ti=<TaskInstance: AirCrashInvestigation_pipeline.scrape_LoadS3 scheduled__2024-09-24T00:00:00+00:00 [queued]>
[2024-10-02T00:38:31.133+0000] {taskinstance.py:2073} INFO - Dependencies all met for dep_context=requeueable deps ti=<TaskInstance: AirCrashInvestigation_pipeline.scrape_LoadS3 scheduled__2024-09-24T00:00:00+00:00 [queued]>
[2024-10-02T00:38:31.134+0000] {taskinstance.py:2303} INFO - Starting attempt 1 of 2
[2024-10-02T00:38:31.182+0000] {taskinstance.py:2327} INFO - Executing <Task(BashOperator): scrape_LoadS3> on 2024-09-24 00:00:00+00:00
[2024-10-02T00:38:31.193+0000] {standard_task_runner.py:90} INFO - Running: ['***', 'tasks', 'run', 'AirCrashInvestigation_pipeline', 'scrape_LoadS3', 'scheduled__2024-09-24T00:00:00+00:00', '--job-id', '3', '--raw', '--subdir', 'DAGS_FOLDER/main_dag.py', '--cfg-path', '/tmp/tmpvhvyy_xo']
[2024-10-02T00:38:31.206+0000] {standard_task_runner.py:91} INFO - Job 3: Subtask scrape_LoadS3
[2024-10-02T00:38:31.203+0000] {warnings.py:110} WARNING - /home/***/.local/lib/python3.12/site-packages/***/task/task_runner/standard_task_runner.py:61: DeprecationWarning: This process (pid=67) is multi-threaded, use of fork() may lead to deadlocks in the child.
  pid = os.fork()

[2024-10-02T00:38:31.212+0000] {standard_task_runner.py:63} INFO - Started process 72 to run task
[2024-10-02T00:38:31.318+0000] {task_command.py:426} INFO - Running <TaskInstance: AirCrashInvestigation_pipeline.scrape_LoadS3 scheduled__2024-09-24T00:00:00+00:00 [running]> on host 5050c2f305ab
[2024-10-02T00:38:31.612+0000] {taskinstance.py:2644} INFO - Exporting env vars: AIRFLOW_CTX_DAG_OWNER='***' AIRFLOW_CTX_DAG_ID='AirCrashInvestigation_pipeline' AIRFLOW_CTX_TASK_ID='scrape_LoadS3' AIRFLOW_CTX_EXECUTION_DATE='2024-09-24T00:00:00+00:00' AIRFLOW_CTX_TRY_NUMBER='1' AIRFLOW_CTX_DAG_RUN_ID='scheduled__2024-09-24T00:00:00+00:00'
[2024-10-02T00:38:31.612+0000] {taskinstance.py:430} INFO - ::endgroup::
[2024-10-02T00:38:31.669+0000] {subprocess.py:63} INFO - Tmp dir root location: /tmp
[2024-10-02T00:38:31.676+0000] {subprocess.py:75} INFO - Running command: ['/usr/bin/bash', '-c', 'python3 /opt/***/tasks/flightDataWebScrape.py']
[2024-10-02T00:38:31.689+0000] {subprocess.py:86} INFO - Output:
[2024-10-02T00:38:51.418+0000] {local_task_job_runner.py:310} WARNING - State of this instance has been externally set to failed. Terminating instance.
[2024-10-02T00:38:51.420+0000] {local_task_job_runner.py:222} INFO - ::endgroup::
[2024-10-02T00:38:51.421+0000] {process_utils.py:132} INFO - Sending 15 to group 72. PIDs of all processes in the group: [80, 72]
[2024-10-02T00:38:51.421+0000] {process_utils.py:87} INFO - Sending the signal 15 to group 72
[2024-10-02T00:38:51.421+0000] {taskinstance.py:2607} ERROR - Received SIGTERM. Terminating subprocesses.
[2024-10-02T00:38:51.422+0000] {subprocess.py:104} INFO - Sending SIGTERM signal to process group
[2024-10-02T00:38:51.422+0000] {taskinstance.py:441} INFO - ::group::Post task execution logs
[2024-10-02T00:38:51.439+0000] {process_utils.py:80} INFO - Process psutil.Process(pid=80, status='terminated', started='00:38:31') (80) terminated with exit code None
[2024-10-02T00:38:51.439+0000] {process_utils.py:80} INFO - Process psutil.Process(pid=72, status='terminated', exitcode=0, started='00:38:31') (72) terminated with exit code 0
[2024-10-02T02:09:33.633+0000] {local_task_job_runner.py:120} INFO - ::group::Pre task execution logs
[2024-10-02T02:09:33.659+0000] {taskinstance.py:2073} INFO - Dependencies all met for dep_context=non-requeueable deps ti=<TaskInstance: AirCrashInvestigation_pipeline.scrape_LoadS3 scheduled__2024-09-24T00:00:00+00:00 [queued]>
[2024-10-02T02:09:33.664+0000] {taskinstance.py:2073} INFO - Dependencies all met for dep_context=requeueable deps ti=<TaskInstance: AirCrashInvestigation_pipeline.scrape_LoadS3 scheduled__2024-09-24T00:00:00+00:00 [queued]>
[2024-10-02T02:09:33.664+0000] {taskinstance.py:2303} INFO - Starting attempt 1 of 2
[2024-10-02T02:09:33.691+0000] {taskinstance.py:2327} INFO - Executing <Task(BashOperator): scrape_LoadS3> on 2024-09-24 00:00:00+00:00
[2024-10-02T02:09:33.697+0000] {warnings.py:110} WARNING - /home/***/.local/lib/python3.12/site-packages/***/task/task_runner/standard_task_runner.py:61: DeprecationWarning: This process (pid=73) is multi-threaded, use of fork() may lead to deadlocks in the child.
  pid = os.fork()

[2024-10-02T02:09:33.704+0000] {standard_task_runner.py:63} INFO - Started process 78 to run task
[2024-10-02T02:09:33.703+0000] {standard_task_runner.py:90} INFO - Running: ['***', 'tasks', 'run', 'AirCrashInvestigation_pipeline', 'scrape_LoadS3', 'scheduled__2024-09-24T00:00:00+00:00', '--job-id', '4', '--raw', '--subdir', 'DAGS_FOLDER/main_dag.py', '--cfg-path', '/tmp/tmpoibsdf8h']
[2024-10-02T02:09:33.710+0000] {standard_task_runner.py:91} INFO - Job 4: Subtask scrape_LoadS3
[2024-10-02T02:09:33.771+0000] {task_command.py:426} INFO - Running <TaskInstance: AirCrashInvestigation_pipeline.scrape_LoadS3 scheduled__2024-09-24T00:00:00+00:00 [running]> on host ac8ffcfe4778
[2024-10-02T02:09:33.850+0000] {taskinstance.py:2644} INFO - Exporting env vars: AIRFLOW_CTX_DAG_OWNER='***' AIRFLOW_CTX_DAG_ID='AirCrashInvestigation_pipeline' AIRFLOW_CTX_TASK_ID='scrape_LoadS3' AIRFLOW_CTX_EXECUTION_DATE='2024-09-24T00:00:00+00:00' AIRFLOW_CTX_TRY_NUMBER='1' AIRFLOW_CTX_DAG_RUN_ID='scheduled__2024-09-24T00:00:00+00:00'
[2024-10-02T02:09:33.851+0000] {taskinstance.py:430} INFO - ::endgroup::
[2024-10-02T02:09:33.876+0000] {subprocess.py:63} INFO - Tmp dir root location: /tmp
[2024-10-02T02:09:33.879+0000] {subprocess.py:75} INFO - Running command: ['/usr/bin/bash', '-c', 'python3 /opt/***/tasks/flightDataWebScrape.py']
[2024-10-02T02:09:33.890+0000] {subprocess.py:86} INFO - Output:
[2024-10-02T02:11:44.094+0000] {subprocess.py:93} INFO - 1920 data accessed
[2024-10-02T02:11:44.095+0000] {subprocess.py:93} INFO - fetched empty data in1920
[2024-10-02T02:11:44.096+0000] {subprocess.py:93} INFO - fetched empty data in1920
[2024-10-02T02:11:44.099+0000] {subprocess.py:93} INFO - fetched empty data in1920
[2024-10-02T02:11:44.099+0000] {subprocess.py:93} INFO - fetched empty data in1920
[2024-10-02T02:11:44.099+0000] {subprocess.py:93} INFO - fetched empty data in1920
[2024-10-02T02:11:44.099+0000] {subprocess.py:93} INFO - fetched empty data in1920
[2024-10-02T02:11:44.100+0000] {subprocess.py:93} INFO - fetched empty data in1920
[2024-10-02T02:11:44.100+0000] {subprocess.py:93} INFO - fetched empty data in1920
[2024-10-02T02:11:44.100+0000] {subprocess.py:93} INFO - fetched empty data in1920
[2024-10-02T02:11:44.100+0000] {subprocess.py:93} INFO - fetched empty data in1920
[2024-10-02T02:11:44.100+0000] {subprocess.py:93} INFO - fetched empty data in1920
[2024-10-02T02:11:44.101+0000] {subprocess.py:93} INFO - fetched empty data in1920
[2024-10-02T02:11:44.101+0000] {subprocess.py:93} INFO - fetched empty data in1920
[2024-10-02T02:11:44.101+0000] {subprocess.py:93} INFO - fetched empty data in1920
[2024-10-02T02:11:44.101+0000] {subprocess.py:93} INFO - fetched empty data in1920
[2024-10-02T02:11:44.101+0000] {subprocess.py:93} INFO - Traceback (most recent call last):
[2024-10-02T02:11:44.101+0000] {subprocess.py:93} INFO -   File "/home/***/.local/lib/python3.12/site-packages/urllib3/connection.py", line 174, in _new_conn
[2024-10-02T02:11:44.102+0000] {subprocess.py:93} INFO -     conn = connection.create_connection(
[2024-10-02T02:11:44.102+0000] {subprocess.py:93} INFO -            ^^^^^^^^^^^^^^^^^^^^^^^^^^^^^
[2024-10-02T02:11:44.102+0000] {subprocess.py:93} INFO -   File "/home/***/.local/lib/python3.12/site-packages/urllib3/util/connection.py", line 95, in create_connection
[2024-10-02T02:11:44.102+0000] {subprocess.py:93} INFO -     raise err
[2024-10-02T02:11:44.102+0000] {subprocess.py:93} INFO -   File "/home/***/.local/lib/python3.12/site-packages/urllib3/util/connection.py", line 85, in create_connection
[2024-10-02T02:11:44.102+0000] {subprocess.py:93} INFO -     sock.connect(sa)
[2024-10-02T02:11:44.103+0000] {subprocess.py:93} INFO - ConnectionRefusedError: [Errno 111] Connection refused
[2024-10-02T02:11:44.103+0000] {subprocess.py:93} INFO - 
[2024-10-02T02:11:44.103+0000] {subprocess.py:93} INFO - During handling of the above exception, another exception occurred:
[2024-10-02T02:11:44.103+0000] {subprocess.py:93} INFO - 
[2024-10-02T02:11:44.103+0000] {subprocess.py:93} INFO - Traceback (most recent call last):
[2024-10-02T02:11:44.103+0000] {subprocess.py:93} INFO -   File "/home/***/.local/lib/python3.12/site-packages/urllib3/connectionpool.py", line 715, in urlopen
[2024-10-02T02:11:44.103+0000] {subprocess.py:93} INFO -     httplib_response = self._make_request(
[2024-10-02T02:11:44.104+0000] {subprocess.py:93} INFO -                        ^^^^^^^^^^^^^^^^^^^
[2024-10-02T02:11:44.104+0000] {subprocess.py:93} INFO -   File "/home/***/.local/lib/python3.12/site-packages/urllib3/connectionpool.py", line 404, in _make_request
[2024-10-02T02:11:44.104+0000] {subprocess.py:93} INFO -     self._validate_conn(conn)
[2024-10-02T02:11:44.104+0000] {subprocess.py:93} INFO -   File "/home/***/.local/lib/python3.12/site-packages/urllib3/connectionpool.py", line 1058, in _validate_conn
[2024-10-02T02:11:44.104+0000] {subprocess.py:93} INFO -     conn.connect()
[2024-10-02T02:11:44.104+0000] {subprocess.py:93} INFO -   File "/home/***/.local/lib/python3.12/site-packages/urllib3/connection.py", line 363, in connect
[2024-10-02T02:11:44.105+0000] {subprocess.py:93} INFO -     self.sock = conn = self._new_conn()
[2024-10-02T02:11:44.105+0000] {subprocess.py:93} INFO -                        ^^^^^^^^^^^^^^^^
[2024-10-02T02:11:44.105+0000] {subprocess.py:93} INFO -   File "/home/***/.local/lib/python3.12/site-packages/urllib3/connection.py", line 186, in _new_conn
[2024-10-02T02:11:44.105+0000] {subprocess.py:93} INFO -     raise NewConnectionError(
[2024-10-02T02:11:44.105+0000] {subprocess.py:93} INFO - urllib3.exceptions.NewConnectionError: <urllib3.connection.HTTPSConnection object at 0xffff7d14dd00>: Failed to establish a new connection: [Errno 111] Connection refused
[2024-10-02T02:11:44.105+0000] {subprocess.py:93} INFO - 
[2024-10-02T02:11:44.106+0000] {subprocess.py:93} INFO - During handling of the above exception, another exception occurred:
[2024-10-02T02:11:44.106+0000] {subprocess.py:93} INFO - 
[2024-10-02T02:11:44.106+0000] {subprocess.py:93} INFO - Traceback (most recent call last):
[2024-10-02T02:11:44.106+0000] {subprocess.py:93} INFO -   File "/home/***/.local/lib/python3.12/site-packages/requests/adapters.py", line 486, in send
[2024-10-02T02:11:44.106+0000] {subprocess.py:93} INFO -     resp = conn.urlopen(
[2024-10-02T02:11:44.106+0000] {subprocess.py:93} INFO -            ^^^^^^^^^^^^^
[2024-10-02T02:11:44.106+0000] {subprocess.py:93} INFO -   File "/home/***/.local/lib/python3.12/site-packages/urllib3/connectionpool.py", line 799, in urlopen
[2024-10-02T02:11:44.107+0000] {subprocess.py:93} INFO -     retries = retries.increment(
[2024-10-02T02:11:44.107+0000] {subprocess.py:93} INFO -               ^^^^^^^^^^^^^^^^^^
[2024-10-02T02:11:44.107+0000] {subprocess.py:93} INFO -   File "/home/***/.local/lib/python3.12/site-packages/urllib3/util/retry.py", line 592, in increment
[2024-10-02T02:11:44.107+0000] {subprocess.py:93} INFO -     raise MaxRetryError(_pool, url, error or ResponseError(cause))
[2024-10-02T02:11:44.107+0000] {subprocess.py:93} INFO - urllib3.exceptions.MaxRetryError: HTTPSConnectionPool(host='www.planecrashinfo.com', port=443): Max retries exceeded with url: /1920/1920-25.htm (Caused by NewConnectionError('<urllib3.connection.HTTPSConnection object at 0xffff7d14dd00>: Failed to establish a new connection: [Errno 111] Connection refused'))
[2024-10-02T02:11:44.107+0000] {subprocess.py:93} INFO - 
[2024-10-02T02:11:44.107+0000] {subprocess.py:93} INFO - During handling of the above exception, another exception occurred:
[2024-10-02T02:11:44.108+0000] {subprocess.py:93} INFO - 
[2024-10-02T02:11:44.108+0000] {subprocess.py:93} INFO - Traceback (most recent call last):
[2024-10-02T02:11:44.108+0000] {subprocess.py:93} INFO -   File "/opt/***/tasks/flightDataWebScrape.py", line 91, in <module>
[2024-10-02T02:11:44.108+0000] {subprocess.py:93} INFO -     main()
[2024-10-02T02:11:44.108+0000] {subprocess.py:93} INFO -     ^^^^^^
[2024-10-02T02:11:44.108+0000] {subprocess.py:93} INFO -   File "/opt/***/tasks/flightDataWebScrape.py", line 37, in main
[2024-10-02T02:11:44.108+0000] {subprocess.py:93} INFO -     r = requests.get(url + str(year) + s + end2)
[2024-10-02T02:11:44.109+0000] {subprocess.py:93} INFO -         ^^^^^^^^^^^^^^^^^^^^^^^^^^^^^^^^^^^^^^^^
[2024-10-02T02:11:44.109+0000] {subprocess.py:93} INFO -   File "/home/***/.local/lib/python3.12/site-packages/requests/api.py", line 73, in get
[2024-10-02T02:11:44.109+0000] {subprocess.py:93} INFO -     return request("get", url, params=params, **kwargs)
[2024-10-02T02:11:44.109+0000] {subprocess.py:93} INFO -            ^^^^^^^^^^^^^^^^^^^^^^^^^^^^^^^^^^^^^^^^^^^^
[2024-10-02T02:11:44.109+0000] {subprocess.py:93} INFO -   File "/home/***/.local/lib/python3.12/site-packages/requests/api.py", line 59, in request
[2024-10-02T02:11:44.109+0000] {subprocess.py:93} INFO -     return session.request(method=method, url=url, **kwargs)
[2024-10-02T02:11:44.109+0000] {subprocess.py:93} INFO -            ^^^^^^^^^^^^^^^^^^^^^^^^^^^^^^^^^^^^^^^^^^^^^^^^^
[2024-10-02T02:11:44.109+0000] {subprocess.py:93} INFO -   File "/home/***/.local/lib/python3.12/site-packages/requests/sessions.py", line 589, in request
[2024-10-02T02:11:44.110+0000] {subprocess.py:93} INFO -     resp = self.send(prep, **send_kwargs)
[2024-10-02T02:11:44.110+0000] {subprocess.py:93} INFO -            ^^^^^^^^^^^^^^^^^^^^^^^^^^^^^^
[2024-10-02T02:11:44.110+0000] {subprocess.py:93} INFO -   File "/home/***/.local/lib/python3.12/site-packages/requests/sessions.py", line 703, in send
[2024-10-02T02:11:44.110+0000] {subprocess.py:93} INFO -     r = adapter.send(request, **kwargs)
[2024-10-02T02:11:44.110+0000] {subprocess.py:93} INFO -         ^^^^^^^^^^^^^^^^^^^^^^^^^^^^^^^
[2024-10-02T02:11:44.110+0000] {subprocess.py:93} INFO -   File "/home/***/.local/lib/python3.12/site-packages/requests/adapters.py", line 519, in send
[2024-10-02T02:11:44.110+0000] {subprocess.py:93} INFO -     raise ConnectionError(e, request=request)
[2024-10-02T02:11:44.111+0000] {subprocess.py:93} INFO - requests.exceptions.ConnectionError: HTTPSConnectionPool(host='www.planecrashinfo.com', port=443): Max retries exceeded with url: /1920/1920-25.htm (Caused by NewConnectionError('<urllib3.connection.HTTPSConnection object at 0xffff7d14dd00>: Failed to establish a new connection: [Errno 111] Connection refused'))
[2024-10-02T02:11:44.149+0000] {subprocess.py:97} INFO - Command exited with return code 1
[2024-10-02T02:11:44.150+0000] {taskinstance.py:441} INFO - ::group::Post task execution logs
[2024-10-02T02:11:44.157+0000] {taskinstance.py:2890} ERROR - Task failed with exception
Traceback (most recent call last):
  File "/home/airflow/.local/lib/python3.12/site-packages/airflow/models/taskinstance.py", line 465, in _execute_task
    result = _execute_callable(context=context, **execute_callable_kwargs)
             ^^^^^^^^^^^^^^^^^^^^^^^^^^^^^^^^^^^^^^^^^^^^^^^^^^^^^^^^^^^^^
  File "/home/airflow/.local/lib/python3.12/site-packages/airflow/models/taskinstance.py", line 432, in _execute_callable
    return execute_callable(context=context, **execute_callable_kwargs)
           ^^^^^^^^^^^^^^^^^^^^^^^^^^^^^^^^^^^^^^^^^^^^^^^^^^^^^^^^^^^^
  File "/home/airflow/.local/lib/python3.12/site-packages/airflow/models/baseoperator.py", line 400, in wrapper
    return func(self, *args, **kwargs)
           ^^^^^^^^^^^^^^^^^^^^^^^^^^^
  File "/home/airflow/.local/lib/python3.12/site-packages/airflow/operators/bash.py", line 243, in execute
    raise AirflowException(
airflow.exceptions.AirflowException: Bash command failed. The command returned a non-zero exit code 1.
[2024-10-02T02:11:44.160+0000] {taskinstance.py:1205} INFO - Marking task as UP_FOR_RETRY. dag_id=AirCrashInvestigation_pipeline, task_id=scrape_LoadS3, execution_date=20240924T000000, start_date=20241002T020933, end_date=20241002T021144
[2024-10-02T02:11:44.169+0000] {standard_task_runner.py:110} ERROR - Failed to execute job 4 for task scrape_LoadS3 (Bash command failed. The command returned a non-zero exit code 1.; 78)
[2024-10-02T02:11:44.200+0000] {local_task_job_runner.py:240} INFO - Task exited with return code 1
[2024-10-02T02:11:44.212+0000] {taskinstance.py:3482} INFO - 0 downstream tasks scheduled from follow-on schedule check
[2024-10-02T02:11:44.214+0000] {local_task_job_runner.py:222} INFO - ::endgroup::
