[2024-09-25T20:07:58.202+0000] {local_task_job_runner.py:120} INFO - ::group::Pre task execution logs
[2024-09-25T20:07:58.215+0000] {taskinstance.py:2073} INFO - Dependencies all met for dep_context=non-requeueable deps ti=<TaskInstance: AirCrashInvestigation_pipeline.scrape_loadS3 manual__2024-09-25T20:07:57.412500+00:00 [queued]>
[2024-09-25T20:07:58.219+0000] {taskinstance.py:2073} INFO - Dependencies all met for dep_context=requeueable deps ti=<TaskInstance: AirCrashInvestigation_pipeline.scrape_loadS3 manual__2024-09-25T20:07:57.412500+00:00 [queued]>
[2024-09-25T20:07:58.220+0000] {taskinstance.py:2303} INFO - Starting attempt 1 of 2
[2024-09-25T20:07:58.226+0000] {taskinstance.py:2327} INFO - Executing <Task(BashOperator): scrape_loadS3> on 2024-09-25 20:07:57.412500+00:00
[2024-09-25T20:07:58.230+0000] {warnings.py:110} WARNING - /home/***/.local/lib/python3.12/site-packages/***/task/task_runner/standard_task_runner.py:61: DeprecationWarning: This process (pid=485) is multi-threaded, use of fork() may lead to deadlocks in the child.
  pid = os.fork()

[2024-09-25T20:07:58.231+0000] {standard_task_runner.py:63} INFO - Started process 486 to run task
[2024-09-25T20:07:58.233+0000] {standard_task_runner.py:90} INFO - Running: ['***', 'tasks', 'run', 'AirCrashInvestigation_pipeline', 'scrape_loadS3', 'manual__2024-09-25T20:07:57.412500+00:00', '--job-id', '15', '--raw', '--subdir', 'DAGS_FOLDER/main_dag.py', '--cfg-path', '/tmp/tmph40cuoz5']
[2024-09-25T20:07:58.234+0000] {standard_task_runner.py:91} INFO - Job 15: Subtask scrape_loadS3
[2024-09-25T20:07:58.271+0000] {task_command.py:426} INFO - Running <TaskInstance: AirCrashInvestigation_pipeline.scrape_loadS3 manual__2024-09-25T20:07:57.412500+00:00 [running]> on host a5905166bf2e
[2024-09-25T20:07:58.318+0000] {taskinstance.py:2644} INFO - Exporting env vars: AIRFLOW_CTX_DAG_OWNER='***' AIRFLOW_CTX_DAG_ID='AirCrashInvestigation_pipeline' AIRFLOW_CTX_TASK_ID='scrape_loadS3' AIRFLOW_CTX_EXECUTION_DATE='2024-09-25T20:07:57.412500+00:00' AIRFLOW_CTX_TRY_NUMBER='1' AIRFLOW_CTX_DAG_RUN_ID='manual__2024-09-25T20:07:57.412500+00:00'
[2024-09-25T20:07:58.318+0000] {taskinstance.py:430} INFO - ::endgroup::
[2024-09-25T20:07:58.325+0000] {subprocess.py:63} INFO - Tmp dir root location: /tmp
[2024-09-25T20:07:58.326+0000] {subprocess.py:75} INFO - Running command: ['/usr/bin/bash', '-c', 'python3 /opt/***/tasks/flightDataWebScrape.py']
[2024-09-25T20:07:58.330+0000] {subprocess.py:86} INFO - Output:
[2024-09-25T20:07:58.942+0000] {subprocess.py:93} INFO - Traceback (most recent call last):
[2024-09-25T20:07:58.942+0000] {subprocess.py:93} INFO -   File "/opt/***/tasks/flightDataWebScrape.py", line 89, in <module>
[2024-09-25T20:07:58.942+0000] {subprocess.py:93} INFO -     saveToS3([1,2,3], 'bronze1.csv')
[2024-09-25T20:07:58.942+0000] {subprocess.py:93} INFO -   File "/opt/***/tasks/pipelineActions.py", line 51, in saveToS3
[2024-09-25T20:07:58.942+0000] {subprocess.py:93} INFO -     fieldnames = data[0].keys()
[2024-09-25T20:07:58.943+0000] {subprocess.py:93} INFO -                  ^^^^^^^^^^^^
[2024-09-25T20:07:58.943+0000] {subprocess.py:93} INFO - AttributeError: 'int' object has no attribute 'keys'
[2024-09-25T20:07:58.993+0000] {subprocess.py:97} INFO - Command exited with return code 1
[2024-09-25T20:07:58.994+0000] {taskinstance.py:441} INFO - ::group::Post task execution logs
[2024-09-25T20:07:59.000+0000] {taskinstance.py:2890} ERROR - Task failed with exception
Traceback (most recent call last):
  File "/home/airflow/.local/lib/python3.12/site-packages/airflow/models/taskinstance.py", line 465, in _execute_task
    result = _execute_callable(context=context, **execute_callable_kwargs)
             ^^^^^^^^^^^^^^^^^^^^^^^^^^^^^^^^^^^^^^^^^^^^^^^^^^^^^^^^^^^^^
  File "/home/airflow/.local/lib/python3.12/site-packages/airflow/models/taskinstance.py", line 432, in _execute_callable
    return execute_callable(context=context, **execute_callable_kwargs)
           ^^^^^^^^^^^^^^^^^^^^^^^^^^^^^^^^^^^^^^^^^^^^^^^^^^^^^^^^^^^^
  File "/home/airflow/.local/lib/python3.12/site-packages/airflow/models/baseoperator.py", line 400, in wrapper
    return func(self, *args, **kwargs)
           ^^^^^^^^^^^^^^^^^^^^^^^^^^^
  File "/home/airflow/.local/lib/python3.12/site-packages/airflow/operators/bash.py", line 243, in execute
    raise AirflowException(
airflow.exceptions.AirflowException: Bash command failed. The command returned a non-zero exit code 1.
[2024-09-25T20:07:59.003+0000] {taskinstance.py:1205} INFO - Marking task as UP_FOR_RETRY. dag_id=AirCrashInvestigation_pipeline, task_id=scrape_loadS3, execution_date=20240925T200757, start_date=20240925T200758, end_date=20240925T200759
[2024-09-25T20:07:59.010+0000] {standard_task_runner.py:110} ERROR - Failed to execute job 15 for task scrape_loadS3 (Bash command failed. The command returned a non-zero exit code 1.; 486)
[2024-09-25T20:07:59.032+0000] {local_task_job_runner.py:240} INFO - Task exited with return code 1
[2024-09-25T20:07:59.047+0000] {taskinstance.py:3482} INFO - 0 downstream tasks scheduled from follow-on schedule check
[2024-09-25T20:07:59.048+0000] {local_task_job_runner.py:222} INFO - ::endgroup::
