[2024-09-25T19:19:34.637+0000] {local_task_job_runner.py:120} INFO - ::group::Pre task execution logs
[2024-09-25T19:19:34.650+0000] {taskinstance.py:2073} INFO - Dependencies all met for dep_context=non-requeueable deps ti=<TaskInstance: AirCrashInvestigation_pipeline.scrape scheduled__2024-09-24T00:00:00+00:00 [queued]>
[2024-09-25T19:19:34.655+0000] {taskinstance.py:2073} INFO - Dependencies all met for dep_context=requeueable deps ti=<TaskInstance: AirCrashInvestigation_pipeline.scrape scheduled__2024-09-24T00:00:00+00:00 [queued]>
[2024-09-25T19:19:34.655+0000] {taskinstance.py:2303} INFO - Starting attempt 2 of 2
[2024-09-25T19:19:34.662+0000] {taskinstance.py:2327} INFO - Executing <Task(BashOperator): scrape> on 2024-09-24 00:00:00+00:00
[2024-09-25T19:19:34.666+0000] {warnings.py:110} WARNING - /home/***/.local/lib/python3.12/site-packages/***/task/task_runner/standard_task_runner.py:61: DeprecationWarning: This process (pid=105) is multi-threaded, use of fork() may lead to deadlocks in the child.
  pid = os.fork()

[2024-09-25T19:19:34.667+0000] {standard_task_runner.py:63} INFO - Started process 107 to run task
[2024-09-25T19:19:34.667+0000] {standard_task_runner.py:90} INFO - Running: ['***', 'tasks', 'run', 'AirCrashInvestigation_pipeline', 'scrape', 'scheduled__2024-09-24T00:00:00+00:00', '--job-id', '7', '--raw', '--subdir', 'DAGS_FOLDER/main_dag.py', '--cfg-path', '/tmp/tmpwfw4d8_z']
[2024-09-25T19:19:34.668+0000] {standard_task_runner.py:91} INFO - Job 7: Subtask scrape
[2024-09-25T19:19:34.700+0000] {task_command.py:426} INFO - Running <TaskInstance: AirCrashInvestigation_pipeline.scrape scheduled__2024-09-24T00:00:00+00:00 [running]> on host 3e7c0ef0cbf3
[2024-09-25T19:19:34.748+0000] {taskinstance.py:2644} INFO - Exporting env vars: AIRFLOW_CTX_DAG_OWNER='***' AIRFLOW_CTX_DAG_ID='AirCrashInvestigation_pipeline' AIRFLOW_CTX_TASK_ID='scrape' AIRFLOW_CTX_EXECUTION_DATE='2024-09-24T00:00:00+00:00' AIRFLOW_CTX_TRY_NUMBER='2' AIRFLOW_CTX_DAG_RUN_ID='scheduled__2024-09-24T00:00:00+00:00'
[2024-09-25T19:19:34.751+0000] {taskinstance.py:430} INFO - ::endgroup::
[2024-09-25T19:19:34.759+0000] {subprocess.py:63} INFO - Tmp dir root location: /tmp
[2024-09-25T19:19:34.760+0000] {subprocess.py:75} INFO - Running command: ['/usr/bin/bash', '-c', 'python ../tasks/testcode.py']
[2024-09-25T19:19:34.766+0000] {subprocess.py:86} INFO - Output:
[2024-09-25T19:19:34.788+0000] {subprocess.py:93} INFO - python: can't open file '/tmp/***tmp_30t6ffo/../tasks/testcode.py': [Errno 2] No such file or directory
[2024-09-25T19:19:34.789+0000] {subprocess.py:97} INFO - Command exited with return code 2
[2024-09-25T19:19:34.789+0000] {taskinstance.py:441} INFO - ::group::Post task execution logs
[2024-09-25T19:19:34.796+0000] {taskinstance.py:2890} ERROR - Task failed with exception
Traceback (most recent call last):
  File "/home/airflow/.local/lib/python3.12/site-packages/airflow/models/taskinstance.py", line 465, in _execute_task
    result = _execute_callable(context=context, **execute_callable_kwargs)
             ^^^^^^^^^^^^^^^^^^^^^^^^^^^^^^^^^^^^^^^^^^^^^^^^^^^^^^^^^^^^^
  File "/home/airflow/.local/lib/python3.12/site-packages/airflow/models/taskinstance.py", line 432, in _execute_callable
    return execute_callable(context=context, **execute_callable_kwargs)
           ^^^^^^^^^^^^^^^^^^^^^^^^^^^^^^^^^^^^^^^^^^^^^^^^^^^^^^^^^^^^
  File "/home/airflow/.local/lib/python3.12/site-packages/airflow/models/baseoperator.py", line 400, in wrapper
    return func(self, *args, **kwargs)
           ^^^^^^^^^^^^^^^^^^^^^^^^^^^
  File "/home/airflow/.local/lib/python3.12/site-packages/airflow/operators/bash.py", line 243, in execute
    raise AirflowException(
airflow.exceptions.AirflowException: Bash command failed. The command returned a non-zero exit code 2.
[2024-09-25T19:19:34.798+0000] {taskinstance.py:1205} INFO - Marking task as FAILED. dag_id=AirCrashInvestigation_pipeline, task_id=scrape, execution_date=20240924T000000, start_date=20240925T191934, end_date=20240925T191934
[2024-09-25T19:19:34.804+0000] {standard_task_runner.py:110} ERROR - Failed to execute job 7 for task scrape (Bash command failed. The command returned a non-zero exit code 2.; 107)
[2024-09-25T19:19:34.812+0000] {local_task_job_runner.py:240} INFO - Task exited with return code 1
[2024-09-25T19:19:34.822+0000] {taskinstance.py:3482} INFO - 0 downstream tasks scheduled from follow-on schedule check
[2024-09-25T19:19:34.823+0000] {local_task_job_runner.py:222} INFO - ::endgroup::
[2024-09-25T19:25:01.237+0000] {local_task_job_runner.py:120} INFO - ::group::Pre task execution logs
[2024-09-25T19:25:01.261+0000] {taskinstance.py:2073} INFO - Dependencies all met for dep_context=non-requeueable deps ti=<TaskInstance: AirCrashInvestigation_pipeline.scrape scheduled__2024-09-24T00:00:00+00:00 [queued]>
[2024-09-25T19:25:01.267+0000] {taskinstance.py:2073} INFO - Dependencies all met for dep_context=requeueable deps ti=<TaskInstance: AirCrashInvestigation_pipeline.scrape scheduled__2024-09-24T00:00:00+00:00 [queued]>
[2024-09-25T19:25:01.269+0000] {taskinstance.py:2303} INFO - Starting attempt 2 of 2
[2024-09-25T19:25:01.286+0000] {taskinstance.py:2327} INFO - Executing <Task(BashOperator): scrape> on 2024-09-24 00:00:00+00:00
[2024-09-25T19:25:01.292+0000] {warnings.py:110} WARNING - /home/***/.local/lib/python3.12/site-packages/***/task/task_runner/standard_task_runner.py:61: DeprecationWarning: This process (pid=123) is multi-threaded, use of fork() may lead to deadlocks in the child.
  pid = os.fork()

[2024-09-25T19:25:01.293+0000] {standard_task_runner.py:63} INFO - Started process 125 to run task
[2024-09-25T19:25:01.294+0000] {standard_task_runner.py:90} INFO - Running: ['***', 'tasks', 'run', 'AirCrashInvestigation_pipeline', 'scrape', 'scheduled__2024-09-24T00:00:00+00:00', '--job-id', '7', '--raw', '--subdir', 'DAGS_FOLDER/main_dag.py', '--cfg-path', '/tmp/tmpvumx76m2']
[2024-09-25T19:25:01.297+0000] {standard_task_runner.py:91} INFO - Job 7: Subtask scrape
[2024-09-25T19:25:01.332+0000] {task_command.py:426} INFO - Running <TaskInstance: AirCrashInvestigation_pipeline.scrape scheduled__2024-09-24T00:00:00+00:00 [running]> on host 8445e15c9faf
[2024-09-25T19:25:01.454+0000] {taskinstance.py:2644} INFO - Exporting env vars: AIRFLOW_CTX_DAG_OWNER='***' AIRFLOW_CTX_DAG_ID='AirCrashInvestigation_pipeline' AIRFLOW_CTX_TASK_ID='scrape' AIRFLOW_CTX_EXECUTION_DATE='2024-09-24T00:00:00+00:00' AIRFLOW_CTX_TRY_NUMBER='2' AIRFLOW_CTX_DAG_RUN_ID='scheduled__2024-09-24T00:00:00+00:00'
[2024-09-25T19:25:01.455+0000] {taskinstance.py:430} INFO - ::endgroup::
[2024-09-25T19:25:01.462+0000] {subprocess.py:63} INFO - Tmp dir root location: /tmp
[2024-09-25T19:25:01.463+0000] {subprocess.py:75} INFO - Running command: ['/usr/bin/bash', '-c', 'python ../tasks/testcode.py']
[2024-09-25T19:25:01.469+0000] {subprocess.py:86} INFO - Output:
[2024-09-25T19:25:01.493+0000] {subprocess.py:93} INFO - python: can't open file '/tmp/***tmp_5u597ti/../tasks/testcode.py': [Errno 2] No such file or directory
[2024-09-25T19:25:01.497+0000] {subprocess.py:97} INFO - Command exited with return code 2
[2024-09-25T19:25:01.497+0000] {taskinstance.py:441} INFO - ::group::Post task execution logs
[2024-09-25T19:25:01.505+0000] {taskinstance.py:2890} ERROR - Task failed with exception
Traceback (most recent call last):
  File "/home/airflow/.local/lib/python3.12/site-packages/airflow/models/taskinstance.py", line 465, in _execute_task
    result = _execute_callable(context=context, **execute_callable_kwargs)
             ^^^^^^^^^^^^^^^^^^^^^^^^^^^^^^^^^^^^^^^^^^^^^^^^^^^^^^^^^^^^^
  File "/home/airflow/.local/lib/python3.12/site-packages/airflow/models/taskinstance.py", line 432, in _execute_callable
    return execute_callable(context=context, **execute_callable_kwargs)
           ^^^^^^^^^^^^^^^^^^^^^^^^^^^^^^^^^^^^^^^^^^^^^^^^^^^^^^^^^^^^
  File "/home/airflow/.local/lib/python3.12/site-packages/airflow/models/baseoperator.py", line 400, in wrapper
    return func(self, *args, **kwargs)
           ^^^^^^^^^^^^^^^^^^^^^^^^^^^
  File "/home/airflow/.local/lib/python3.12/site-packages/airflow/operators/bash.py", line 243, in execute
    raise AirflowException(
airflow.exceptions.AirflowException: Bash command failed. The command returned a non-zero exit code 2.
[2024-09-25T19:25:01.510+0000] {taskinstance.py:1205} INFO - Marking task as FAILED. dag_id=AirCrashInvestigation_pipeline, task_id=scrape, execution_date=20240924T000000, start_date=20240925T192501, end_date=20240925T192501
[2024-09-25T19:25:01.518+0000] {standard_task_runner.py:110} ERROR - Failed to execute job 7 for task scrape (Bash command failed. The command returned a non-zero exit code 2.; 125)
[2024-09-25T19:25:01.557+0000] {local_task_job_runner.py:240} INFO - Task exited with return code 1
[2024-09-25T19:25:01.565+0000] {taskinstance.py:3482} INFO - 0 downstream tasks scheduled from follow-on schedule check
[2024-09-25T19:25:01.566+0000] {local_task_job_runner.py:222} INFO - ::endgroup::
[2024-09-25T19:39:55.727+0000] {local_task_job_runner.py:120} INFO - ::group::Pre task execution logs
[2024-09-25T19:39:55.750+0000] {taskinstance.py:2073} INFO - Dependencies all met for dep_context=non-requeueable deps ti=<TaskInstance: AirCrashInvestigation_pipeline.scrape scheduled__2024-09-24T00:00:00+00:00 [queued]>
[2024-09-25T19:39:55.756+0000] {taskinstance.py:2073} INFO - Dependencies all met for dep_context=requeueable deps ti=<TaskInstance: AirCrashInvestigation_pipeline.scrape scheduled__2024-09-24T00:00:00+00:00 [queued]>
[2024-09-25T19:39:55.756+0000] {taskinstance.py:2303} INFO - Starting attempt 2 of 2
[2024-09-25T19:39:55.763+0000] {taskinstance.py:2327} INFO - Executing <Task(BashOperator): scrape> on 2024-09-24 00:00:00+00:00
[2024-09-25T19:39:55.766+0000] {warnings.py:110} WARNING - /home/***/.local/lib/python3.12/site-packages/***/task/task_runner/standard_task_runner.py:61: DeprecationWarning: This process (pid=101) is multi-threaded, use of fork() may lead to deadlocks in the child.
  pid = os.fork()

[2024-09-25T19:39:55.770+0000] {standard_task_runner.py:63} INFO - Started process 103 to run task
[2024-09-25T19:39:55.769+0000] {standard_task_runner.py:90} INFO - Running: ['***', 'tasks', 'run', 'AirCrashInvestigation_pipeline', 'scrape', 'scheduled__2024-09-24T00:00:00+00:00', '--job-id', '7', '--raw', '--subdir', 'DAGS_FOLDER/main_dag.py', '--cfg-path', '/tmp/tmpb5nymvwy']
[2024-09-25T19:39:55.771+0000] {standard_task_runner.py:91} INFO - Job 7: Subtask scrape
[2024-09-25T19:39:55.799+0000] {task_command.py:426} INFO - Running <TaskInstance: AirCrashInvestigation_pipeline.scrape scheduled__2024-09-24T00:00:00+00:00 [running]> on host a5905166bf2e
[2024-09-25T19:39:55.847+0000] {taskinstance.py:2644} INFO - Exporting env vars: AIRFLOW_CTX_DAG_OWNER='***' AIRFLOW_CTX_DAG_ID='AirCrashInvestigation_pipeline' AIRFLOW_CTX_TASK_ID='scrape' AIRFLOW_CTX_EXECUTION_DATE='2024-09-24T00:00:00+00:00' AIRFLOW_CTX_TRY_NUMBER='2' AIRFLOW_CTX_DAG_RUN_ID='scheduled__2024-09-24T00:00:00+00:00'
[2024-09-25T19:39:55.848+0000] {taskinstance.py:430} INFO - ::endgroup::
[2024-09-25T19:39:55.855+0000] {subprocess.py:63} INFO - Tmp dir root location: /tmp
[2024-09-25T19:39:55.855+0000] {subprocess.py:75} INFO - Running command: ['/usr/bin/bash', '-c', 'python3 /opt/***/tasks/flightDataWebScrape.py']
[2024-09-25T19:39:55.861+0000] {subprocess.py:86} INFO - Output:
[2024-09-25T19:39:56.339+0000] {subprocess.py:93} INFO - Traceback (most recent call last):
[2024-09-25T19:39:56.340+0000] {subprocess.py:93} INFO -   File "/opt/***/tasks/flightDataWebScrape.py", line 7, in <module>
[2024-09-25T19:39:56.341+0000] {subprocess.py:93} INFO -     from pipelineActions import *
[2024-09-25T19:39:56.341+0000] {subprocess.py:93} INFO -   File "/opt/***/tasks/pipelineActions.py", line 9, in <module>
[2024-09-25T19:39:56.343+0000] {subprocess.py:93} INFO -     access = config.get('aws_boto_credentials', 'access_key')
[2024-09-25T19:39:56.343+0000] {subprocess.py:93} INFO -              ^^^^^^^^^^^^^^^^^^^^^^^^^^^^^^^^^^^^^^^^^^^^^^^^
[2024-09-25T19:39:56.343+0000] {subprocess.py:93} INFO -   File "/usr/local/lib/python3.12/configparser.py", line 759, in get
[2024-09-25T19:39:56.344+0000] {subprocess.py:93} INFO -     d = self._unify_values(section, vars)
[2024-09-25T19:39:56.344+0000] {subprocess.py:93} INFO -         ^^^^^^^^^^^^^^^^^^^^^^^^^^^^^^^^^
[2024-09-25T19:39:56.344+0000] {subprocess.py:93} INFO -   File "/usr/local/lib/python3.12/configparser.py", line 1130, in _unify_values
[2024-09-25T19:39:56.344+0000] {subprocess.py:93} INFO -     raise NoSectionError(section) from None
[2024-09-25T19:39:56.344+0000] {subprocess.py:93} INFO - configparser.NoSectionError: No section: 'aws_boto_credentials'
[2024-09-25T19:39:56.381+0000] {subprocess.py:97} INFO - Command exited with return code 1
[2024-09-25T19:39:56.381+0000] {taskinstance.py:441} INFO - ::group::Post task execution logs
[2024-09-25T19:39:56.389+0000] {taskinstance.py:2890} ERROR - Task failed with exception
Traceback (most recent call last):
  File "/home/airflow/.local/lib/python3.12/site-packages/airflow/models/taskinstance.py", line 465, in _execute_task
    result = _execute_callable(context=context, **execute_callable_kwargs)
             ^^^^^^^^^^^^^^^^^^^^^^^^^^^^^^^^^^^^^^^^^^^^^^^^^^^^^^^^^^^^^
  File "/home/airflow/.local/lib/python3.12/site-packages/airflow/models/taskinstance.py", line 432, in _execute_callable
    return execute_callable(context=context, **execute_callable_kwargs)
           ^^^^^^^^^^^^^^^^^^^^^^^^^^^^^^^^^^^^^^^^^^^^^^^^^^^^^^^^^^^^
  File "/home/airflow/.local/lib/python3.12/site-packages/airflow/models/baseoperator.py", line 400, in wrapper
    return func(self, *args, **kwargs)
           ^^^^^^^^^^^^^^^^^^^^^^^^^^^
  File "/home/airflow/.local/lib/python3.12/site-packages/airflow/operators/bash.py", line 243, in execute
    raise AirflowException(
airflow.exceptions.AirflowException: Bash command failed. The command returned a non-zero exit code 1.
[2024-09-25T19:39:56.394+0000] {taskinstance.py:1205} INFO - Marking task as FAILED. dag_id=AirCrashInvestigation_pipeline, task_id=scrape, execution_date=20240924T000000, start_date=20240925T193955, end_date=20240925T193956
[2024-09-25T19:39:56.412+0000] {standard_task_runner.py:110} ERROR - Failed to execute job 7 for task scrape (Bash command failed. The command returned a non-zero exit code 1.; 103)
[2024-09-25T19:39:56.443+0000] {local_task_job_runner.py:240} INFO - Task exited with return code 1
[2024-09-25T19:39:56.451+0000] {taskinstance.py:3482} INFO - 0 downstream tasks scheduled from follow-on schedule check
[2024-09-25T19:39:56.452+0000] {local_task_job_runner.py:222} INFO - ::endgroup::
