[2024-09-29T02:11:34.778+0000] {local_task_job_runner.py:120} INFO - ::group::Pre task execution logs
[2024-09-29T02:11:34.796+0000] {taskinstance.py:2073} INFO - Dependencies all met for dep_context=non-requeueable deps ti=<TaskInstance: AirCrashInvestigation_pipeline.scrape_LoadS3 manual__2024-09-29T02:11:34.375907+00:00 [queued]>
[2024-09-29T02:11:34.801+0000] {taskinstance.py:2073} INFO - Dependencies all met for dep_context=requeueable deps ti=<TaskInstance: AirCrashInvestigation_pipeline.scrape_LoadS3 manual__2024-09-29T02:11:34.375907+00:00 [queued]>
[2024-09-29T02:11:34.801+0000] {taskinstance.py:2303} INFO - Starting attempt 1 of 2
[2024-09-29T02:11:34.809+0000] {taskinstance.py:2327} INFO - Executing <Task(BashOperator): scrape_LoadS3> on 2024-09-29 02:11:34.375907+00:00
[2024-09-29T02:11:34.812+0000] {warnings.py:110} WARNING - /home/***/.local/lib/python3.12/site-packages/***/task/task_runner/standard_task_runner.py:61: DeprecationWarning: This process (pid=104) is multi-threaded, use of fork() may lead to deadlocks in the child.
  pid = os.fork()

[2024-09-29T02:11:34.812+0000] {standard_task_runner.py:63} INFO - Started process 105 to run task
[2024-09-29T02:11:34.813+0000] {standard_task_runner.py:90} INFO - Running: ['***', 'tasks', 'run', 'AirCrashInvestigation_pipeline', 'scrape_LoadS3', 'manual__2024-09-29T02:11:34.375907+00:00', '--job-id', '15', '--raw', '--subdir', 'DAGS_FOLDER/main_dag.py', '--cfg-path', '/tmp/tmpl462u7k5']
[2024-09-29T02:11:34.814+0000] {standard_task_runner.py:91} INFO - Job 15: Subtask scrape_LoadS3
[2024-09-29T02:11:34.843+0000] {task_command.py:426} INFO - Running <TaskInstance: AirCrashInvestigation_pipeline.scrape_LoadS3 manual__2024-09-29T02:11:34.375907+00:00 [running]> on host 7b437d7ff517
[2024-09-29T02:11:34.888+0000] {taskinstance.py:2644} INFO - Exporting env vars: AIRFLOW_CTX_DAG_OWNER='***' AIRFLOW_CTX_DAG_ID='AirCrashInvestigation_pipeline' AIRFLOW_CTX_TASK_ID='scrape_LoadS3' AIRFLOW_CTX_EXECUTION_DATE='2024-09-29T02:11:34.375907+00:00' AIRFLOW_CTX_TRY_NUMBER='1' AIRFLOW_CTX_DAG_RUN_ID='manual__2024-09-29T02:11:34.375907+00:00'
[2024-09-29T02:11:34.889+0000] {taskinstance.py:430} INFO - ::endgroup::
[2024-09-29T02:11:34.896+0000] {subprocess.py:63} INFO - Tmp dir root location: /tmp
[2024-09-29T02:11:34.897+0000] {subprocess.py:75} INFO - Running command: ['/usr/bin/bash', '-c', 'python3 /opt/***/tasks/flightDataWebScrape.py']
[2024-09-29T02:11:34.901+0000] {subprocess.py:86} INFO - Output:
[2024-09-29T02:11:35.769+0000] {subprocess.py:93} INFO - Error scraping source web
[2024-09-29T02:11:35.834+0000] {subprocess.py:97} INFO - Command exited with return code 0
[2024-09-29T02:11:35.834+0000] {taskinstance.py:441} INFO - ::group::Post task execution logs
[2024-09-29T02:11:35.848+0000] {taskinstance.py:1205} INFO - Marking task as SUCCESS. dag_id=AirCrashInvestigation_pipeline, task_id=scrape_LoadS3, execution_date=20240929T021134, start_date=20240929T021134, end_date=20240929T021135
[2024-09-29T02:11:35.859+0000] {local_task_job_runner.py:240} INFO - Task exited with return code 0
[2024-09-29T02:11:35.874+0000] {taskinstance.py:3482} INFO - 1 downstream tasks scheduled from follow-on schedule check
[2024-09-29T02:11:35.875+0000] {local_task_job_runner.py:222} INFO - ::endgroup::
