[2024-09-25T02:39:12.018+0000] {local_task_job_runner.py:120} INFO - ::group::Pre task execution logs
[2024-09-25T02:39:12.030+0000] {taskinstance.py:2073} INFO - Dependencies all met for dep_context=non-requeueable deps ti=<TaskInstance: AirCrashInvestigation_pipeline.scrape manual__2024-09-25T02:39:11.585945+00:00 [queued]>
[2024-09-25T02:39:12.035+0000] {taskinstance.py:2073} INFO - Dependencies all met for dep_context=requeueable deps ti=<TaskInstance: AirCrashInvestigation_pipeline.scrape manual__2024-09-25T02:39:11.585945+00:00 [queued]>
[2024-09-25T02:39:12.035+0000] {taskinstance.py:2303} INFO - Starting attempt 1 of 2
[2024-09-25T02:39:12.043+0000] {taskinstance.py:2327} INFO - Executing <Task(BashOperator): scrape> on 2024-09-25 02:39:11.585945+00:00
[2024-09-25T02:39:12.045+0000] {warnings.py:110} WARNING - /home/***/.local/lib/python3.12/site-packages/***/task/task_runner/standard_task_runner.py:61: DeprecationWarning: This process (pid=283) is multi-threaded, use of fork() may lead to deadlocks in the child.
  pid = os.fork()

[2024-09-25T02:39:12.046+0000] {standard_task_runner.py:63} INFO - Started process 284 to run task
[2024-09-25T02:39:12.047+0000] {standard_task_runner.py:90} INFO - Running: ['***', 'tasks', 'run', 'AirCrashInvestigation_pipeline', 'scrape', 'manual__2024-09-25T02:39:11.585945+00:00', '--job-id', '10', '--raw', '--subdir', 'DAGS_FOLDER/main_dag.py', '--cfg-path', '/tmp/tmpntwqlz5p']
[2024-09-25T02:39:12.048+0000] {standard_task_runner.py:91} INFO - Job 10: Subtask scrape
[2024-09-25T02:39:12.072+0000] {task_command.py:426} INFO - Running <TaskInstance: AirCrashInvestigation_pipeline.scrape manual__2024-09-25T02:39:11.585945+00:00 [running]> on host 3d91334001db
[2024-09-25T02:39:12.118+0000] {taskinstance.py:2644} INFO - Exporting env vars: AIRFLOW_CTX_DAG_OWNER='***' AIRFLOW_CTX_DAG_ID='AirCrashInvestigation_pipeline' AIRFLOW_CTX_TASK_ID='scrape' AIRFLOW_CTX_EXECUTION_DATE='2024-09-25T02:39:11.585945+00:00' AIRFLOW_CTX_TRY_NUMBER='1' AIRFLOW_CTX_DAG_RUN_ID='manual__2024-09-25T02:39:11.585945+00:00'
[2024-09-25T02:39:12.118+0000] {taskinstance.py:430} INFO - ::endgroup::
[2024-09-25T02:39:12.126+0000] {subprocess.py:63} INFO - Tmp dir root location: /tmp
[2024-09-25T02:39:12.126+0000] {subprocess.py:75} INFO - Running command: ['/usr/bin/bash', '-c', 'echo hello world']
[2024-09-25T02:39:12.131+0000] {subprocess.py:86} INFO - Output:
[2024-09-25T02:39:12.132+0000] {subprocess.py:93} INFO - hello world
[2024-09-25T02:39:12.132+0000] {subprocess.py:97} INFO - Command exited with return code 0
[2024-09-25T02:39:12.133+0000] {taskinstance.py:441} INFO - ::group::Post task execution logs
[2024-09-25T02:39:12.149+0000] {taskinstance.py:1205} INFO - Marking task as SUCCESS. dag_id=AirCrashInvestigation_pipeline, task_id=scrape, execution_date=20240925T023911, start_date=20240925T023912, end_date=20240925T023912
[2024-09-25T02:39:12.186+0000] {local_task_job_runner.py:240} INFO - Task exited with return code 0
[2024-09-25T02:39:12.196+0000] {taskinstance.py:3482} INFO - 0 downstream tasks scheduled from follow-on schedule check
[2024-09-25T02:39:12.198+0000] {local_task_job_runner.py:222} INFO - ::endgroup::
