[2024-10-02T02:27:01.766+0000] {local_task_job_runner.py:120} INFO - ::group::Pre task execution logs
[2024-10-02T02:27:01.777+0000] {taskinstance.py:2073} INFO - Dependencies all met for dep_context=non-requeueable deps ti=<TaskInstance: AirCrashInvestigation_pipeline.scrape_LoadS3 manual__2024-10-02T02:27:00.487065+00:00 [queued]>
[2024-10-02T02:27:01.780+0000] {taskinstance.py:2073} INFO - Dependencies all met for dep_context=requeueable deps ti=<TaskInstance: AirCrashInvestigation_pipeline.scrape_LoadS3 manual__2024-10-02T02:27:00.487065+00:00 [queued]>
[2024-10-02T02:27:01.781+0000] {taskinstance.py:2303} INFO - Starting attempt 1 of 2
[2024-10-02T02:27:01.786+0000] {taskinstance.py:2327} INFO - Executing <Task(BashOperator): scrape_LoadS3> on 2024-10-02 02:27:00.487065+00:00
[2024-10-02T02:27:01.789+0000] {warnings.py:110} WARNING - /home/***/.local/lib/python3.12/site-packages/***/task/task_runner/standard_task_runner.py:61: DeprecationWarning: This process (pid=357) is multi-threaded, use of fork() may lead to deadlocks in the child.
  pid = os.fork()

[2024-10-02T02:27:01.790+0000] {standard_task_runner.py:63} INFO - Started process 358 to run task
[2024-10-02T02:27:01.790+0000] {standard_task_runner.py:90} INFO - Running: ['***', 'tasks', 'run', 'AirCrashInvestigation_pipeline', 'scrape_LoadS3', 'manual__2024-10-02T02:27:00.487065+00:00', '--job-id', '23', '--raw', '--subdir', 'DAGS_FOLDER/main_dag.py', '--cfg-path', '/tmp/tmpq77uvr80']
[2024-10-02T02:27:01.792+0000] {standard_task_runner.py:91} INFO - Job 23: Subtask scrape_LoadS3
[2024-10-02T02:27:01.814+0000] {task_command.py:426} INFO - Running <TaskInstance: AirCrashInvestigation_pipeline.scrape_LoadS3 manual__2024-10-02T02:27:00.487065+00:00 [running]> on host ac8ffcfe4778
[2024-10-02T02:27:01.849+0000] {taskinstance.py:2644} INFO - Exporting env vars: AIRFLOW_CTX_DAG_OWNER='***' AIRFLOW_CTX_DAG_ID='AirCrashInvestigation_pipeline' AIRFLOW_CTX_TASK_ID='scrape_LoadS3' AIRFLOW_CTX_EXECUTION_DATE='2024-10-02T02:27:00.487065+00:00' AIRFLOW_CTX_TRY_NUMBER='1' AIRFLOW_CTX_DAG_RUN_ID='manual__2024-10-02T02:27:00.487065+00:00'
[2024-10-02T02:27:01.850+0000] {taskinstance.py:430} INFO - ::endgroup::
[2024-10-02T02:27:01.856+0000] {subprocess.py:63} INFO - Tmp dir root location: /tmp
[2024-10-02T02:27:01.857+0000] {subprocess.py:75} INFO - Running command: ['/usr/bin/bash', '-c', 'python3 /opt/***/tasks/flightDataWebScrape.py']
[2024-10-02T02:27:01.860+0000] {subprocess.py:86} INFO - Output:
[2024-10-02T02:27:37.062+0000] {local_task_job_runner.py:310} WARNING - State of this instance has been externally set to failed. Terminating instance.
[2024-10-02T02:27:37.063+0000] {local_task_job_runner.py:222} INFO - ::endgroup::
[2024-10-02T02:27:37.064+0000] {process_utils.py:132} INFO - Sending 15 to group 358. PIDs of all processes in the group: [359, 358]
[2024-10-02T02:27:37.065+0000] {process_utils.py:87} INFO - Sending the signal 15 to group 358
[2024-10-02T02:27:37.065+0000] {taskinstance.py:2607} ERROR - Received SIGTERM. Terminating subprocesses.
[2024-10-02T02:27:37.066+0000] {subprocess.py:104} INFO - Sending SIGTERM signal to process group
[2024-10-02T02:27:37.066+0000] {taskinstance.py:441} INFO - ::group::Post task execution logs
[2024-10-02T02:27:37.095+0000] {process_utils.py:80} INFO - Process psutil.Process(pid=358, status='terminated', exitcode=0, started='02:27:01') (358) terminated with exit code 0
[2024-10-02T02:27:37.096+0000] {process_utils.py:80} INFO - Process psutil.Process(pid=359, status='terminated', started='02:27:01') (359) terminated with exit code None
