[2024-09-25T20:07:14.131+0000] {local_task_job_runner.py:120} INFO - ::group::Pre task execution logs
[2024-09-25T20:07:14.146+0000] {taskinstance.py:2073} INFO - Dependencies all met for dep_context=non-requeueable deps ti=<TaskInstance: AirCrashInvestigation_pipeline.scrape_loadS3 manual__2024-09-25T20:07:12.768731+00:00 [queued]>
[2024-09-25T20:07:14.151+0000] {taskinstance.py:2073} INFO - Dependencies all met for dep_context=requeueable deps ti=<TaskInstance: AirCrashInvestigation_pipeline.scrape_loadS3 manual__2024-09-25T20:07:12.768731+00:00 [queued]>
[2024-09-25T20:07:14.151+0000] {taskinstance.py:2303} INFO - Starting attempt 1 of 2
[2024-09-25T20:07:14.158+0000] {taskinstance.py:2327} INFO - Executing <Task(BashOperator): scrape_loadS3> on 2024-09-25 20:07:12.768731+00:00
[2024-09-25T20:07:14.161+0000] {warnings.py:110} WARNING - /home/***/.local/lib/python3.12/site-packages/***/task/task_runner/standard_task_runner.py:61: DeprecationWarning: This process (pid=475) is multi-threaded, use of fork() may lead to deadlocks in the child.
  pid = os.fork()

[2024-09-25T20:07:14.162+0000] {standard_task_runner.py:63} INFO - Started process 476 to run task
[2024-09-25T20:07:14.162+0000] {standard_task_runner.py:90} INFO - Running: ['***', 'tasks', 'run', 'AirCrashInvestigation_pipeline', 'scrape_loadS3', 'manual__2024-09-25T20:07:12.768731+00:00', '--job-id', '14', '--raw', '--subdir', 'DAGS_FOLDER/main_dag.py', '--cfg-path', '/tmp/tmpols5hvrk']
[2024-09-25T20:07:14.163+0000] {standard_task_runner.py:91} INFO - Job 14: Subtask scrape_loadS3
[2024-09-25T20:07:14.187+0000] {task_command.py:426} INFO - Running <TaskInstance: AirCrashInvestigation_pipeline.scrape_loadS3 manual__2024-09-25T20:07:12.768731+00:00 [running]> on host a5905166bf2e
[2024-09-25T20:07:14.225+0000] {taskinstance.py:2644} INFO - Exporting env vars: AIRFLOW_CTX_DAG_OWNER='***' AIRFLOW_CTX_DAG_ID='AirCrashInvestigation_pipeline' AIRFLOW_CTX_TASK_ID='scrape_loadS3' AIRFLOW_CTX_EXECUTION_DATE='2024-09-25T20:07:12.768731+00:00' AIRFLOW_CTX_TRY_NUMBER='1' AIRFLOW_CTX_DAG_RUN_ID='manual__2024-09-25T20:07:12.768731+00:00'
[2024-09-25T20:07:14.225+0000] {taskinstance.py:430} INFO - ::endgroup::
[2024-09-25T20:07:14.233+0000] {subprocess.py:63} INFO - Tmp dir root location: /tmp
[2024-09-25T20:07:14.234+0000] {subprocess.py:75} INFO - Running command: ['/usr/bin/bash', '-c', 'python3 /opt/***/tasks/flightDataWebScrape.py']
[2024-09-25T20:07:14.239+0000] {subprocess.py:86} INFO - Output:
[2024-09-25T20:08:04.659+0000] {local_task_job_runner.py:310} WARNING - State of this instance has been externally set to failed. Terminating instance.
[2024-09-25T20:08:04.660+0000] {local_task_job_runner.py:222} INFO - ::endgroup::
[2024-09-25T20:08:04.661+0000] {process_utils.py:132} INFO - Sending 15 to group 476. PIDs of all processes in the group: [477, 476]
[2024-09-25T20:08:04.662+0000] {process_utils.py:87} INFO - Sending the signal 15 to group 476
[2024-09-25T20:08:04.662+0000] {taskinstance.py:2607} ERROR - Received SIGTERM. Terminating subprocesses.
[2024-09-25T20:08:04.663+0000] {subprocess.py:104} INFO - Sending SIGTERM signal to process group
[2024-09-25T20:08:04.663+0000] {taskinstance.py:441} INFO - ::group::Post task execution logs
[2024-09-25T20:08:04.693+0000] {process_utils.py:80} INFO - Process psutil.Process(pid=477, status='terminated', started='20:07:13') (477) terminated with exit code None
[2024-09-25T20:08:04.694+0000] {process_utils.py:80} INFO - Process psutil.Process(pid=476, status='terminated', exitcode=0, started='20:07:13') (476) terminated with exit code 0
