[2024-09-25T02:29:33.358+0000] {local_task_job_runner.py:120} INFO - ::group::Pre task execution logs
[2024-09-25T02:29:33.370+0000] {taskinstance.py:2073} INFO - Dependencies all met for dep_context=non-requeueable deps ti=<TaskInstance: AirCrashInvestigation_pipeline.scrape manual__2024-09-25T02:29:32.949263+00:00 [queued]>
[2024-09-25T02:29:33.375+0000] {taskinstance.py:2073} INFO - Dependencies all met for dep_context=requeueable deps ti=<TaskInstance: AirCrashInvestigation_pipeline.scrape manual__2024-09-25T02:29:32.949263+00:00 [queued]>
[2024-09-25T02:29:33.375+0000] {taskinstance.py:2303} INFO - Starting attempt 1 of 2
[2024-09-25T02:29:33.384+0000] {taskinstance.py:2327} INFO - Executing <Task(BashOperator): scrape> on 2024-09-25 02:29:32.949263+00:00
[2024-09-25T02:29:33.389+0000] {warnings.py:110} WARNING - /home/***/.local/lib/python3.12/site-packages/***/task/task_runner/standard_task_runner.py:61: DeprecationWarning: This process (pid=154) is multi-threaded, use of fork() may lead to deadlocks in the child.
  pid = os.fork()

[2024-09-25T02:29:33.390+0000] {standard_task_runner.py:63} INFO - Started process 155 to run task
[2024-09-25T02:29:33.391+0000] {standard_task_runner.py:90} INFO - Running: ['***', 'tasks', 'run', 'AirCrashInvestigation_pipeline', 'scrape', 'manual__2024-09-25T02:29:32.949263+00:00', '--job-id', '7', '--raw', '--subdir', 'DAGS_FOLDER/main_dag.py', '--cfg-path', '/tmp/tmpej0_bpcl']
[2024-09-25T02:29:33.395+0000] {standard_task_runner.py:91} INFO - Job 7: Subtask scrape
[2024-09-25T02:29:33.429+0000] {task_command.py:426} INFO - Running <TaskInstance: AirCrashInvestigation_pipeline.scrape manual__2024-09-25T02:29:32.949263+00:00 [running]> on host 3d91334001db
[2024-09-25T02:29:33.492+0000] {taskinstance.py:2644} INFO - Exporting env vars: AIRFLOW_CTX_DAG_OWNER='***' AIRFLOW_CTX_DAG_ID='AirCrashInvestigation_pipeline' AIRFLOW_CTX_TASK_ID='scrape' AIRFLOW_CTX_EXECUTION_DATE='2024-09-25T02:29:32.949263+00:00' AIRFLOW_CTX_TRY_NUMBER='1' AIRFLOW_CTX_DAG_RUN_ID='manual__2024-09-25T02:29:32.949263+00:00'
[2024-09-25T02:29:33.494+0000] {taskinstance.py:430} INFO - ::endgroup::
[2024-09-25T02:29:33.501+0000] {subprocess.py:63} INFO - Tmp dir root location: /tmp
[2024-09-25T02:29:33.502+0000] {subprocess.py:75} INFO - Running command: ['/usr/bin/bash', '-c', 'echo hello']
[2024-09-25T02:29:33.509+0000] {subprocess.py:86} INFO - Output:
[2024-09-25T02:29:33.511+0000] {subprocess.py:93} INFO - hello
[2024-09-25T02:29:33.512+0000] {subprocess.py:97} INFO - Command exited with return code 0
[2024-09-25T02:29:33.513+0000] {taskinstance.py:441} INFO - ::group::Post task execution logs
[2024-09-25T02:29:33.540+0000] {taskinstance.py:1205} INFO - Marking task as SUCCESS. dag_id=AirCrashInvestigation_pipeline, task_id=scrape, execution_date=20240925T022932, start_date=20240925T022933, end_date=20240925T022933
[2024-09-25T02:29:33.573+0000] {local_task_job_runner.py:240} INFO - Task exited with return code 0
[2024-09-25T02:29:33.584+0000] {taskinstance.py:3482} INFO - 0 downstream tasks scheduled from follow-on schedule check
[2024-09-25T02:29:33.585+0000] {local_task_job_runner.py:222} INFO - ::endgroup::
